/* -*- Mode: c -*- */
####################################################################################################
Core 0
####################################################################################################
Cumulative:        Cycles: 79222154              Instructions: 100000000             IPC: 1.26227

PREF_DL0REQ_QUEUE_HIT_BY_DEMAND                      0                              0              

PREF_UMLC_REQ_QUEUE_HIT_BY_DEMAND                    0                              0              

PREF_UL1REQ_QUEUE_HIT_BY_DEMAND                      0                              0              

PREF_DL0REQ_QUEUE_FULL                               0                              0              

PREF_UMLC_REQ_QUEUE_FULL                             0                              0              

PREF_UL1REQ_QUEUE_FULL                               0                              0              

PREF_DC_HIT_NOSEND                                   0                              0              

PREF_WBQDC_HIT_NOSEND                                0                              0              

PREF_MLCQ_STALL                                      0                              0              

PREF_L1Q_STALL                                       0                              0              

PREF_UMLC_REQ_SEND_QUEUE_STALL                       0                              0              

PREF_UL1REQ_SEND_QUEUE_STALL                       155                            155              

PREF_UMLC_REQ_QUEUE_SENTREQ                          0                              0              

PREF_UL1REQ_QUEUE_SENTREQ                        95202                          95202              

PREF_NEWREQ_MATCHED                               6286                           6286              

PREF_UMLC_REQ_QUEUE_MATCHED_REQ                      0                              0              

PREF_UL1REQ_QUEUE_MATCHED_REQ                     1601                           1601              

PREF_DL0REQ_QUEUE_MATCHED_REQ                        0                              0              

L1_PREF_HIT                                      33886                          33886              

L1_PREF_UNIQUE_HIT                               23969                          23969              

L1_PREF_LATE                                      3605                           3605              

L1_LATE_PREF_CYCLES                             279464                         279464              

L1_LATE_PREF_CYCLES_DIST_0                        2983       82.746%             2983       82.746%
L1_LATE_PREF_CYCLES_DIST_100                       367       10.180%              367       10.180%
L1_LATE_PREF_CYCLES_DIST_200                        38        1.054%               38        1.054%
L1_LATE_PREF_CYCLES_DIST_300                        16        0.444%               16        0.444%
L1_LATE_PREF_CYCLES_DIST_400                        25        0.693%               25        0.693%
L1_LATE_PREF_CYCLES_DIST_500                        59        1.637%               59        1.637%
L1_LATE_PREF_CYCLES_DIST_600                        68        1.886%               68        1.886%
L1_LATE_PREF_CYCLES_DIST_700                        31        0.860%               31        0.860%
L1_LATE_PREF_CYCLES_DIST_800                         2        0.055%                2        0.055%
L1_LATE_PREF_CYCLES_DIST_900                         0        0.000%                0        0.000%
L1_LATE_PREF_CYCLES_DIST_1000                        1        0.028%                1        0.028%
L1_LATE_PREF_CYCLES_DIST_1100                        1        0.028%                1        0.028%
L1_LATE_PREF_CYCLES_DIST_1200                        6        0.166%                6        0.166%
L1_LATE_PREF_CYCLES_DIST_1300                        3        0.083%                3        0.083%
L1_LATE_PREF_CYCLES_DIST_1400                        1        0.028%                1        0.028%
L1_LATE_PREF_CYCLES_DIST_1500                        0        0.000%                0        0.000%
L1_LATE_PREF_CYCLES_DIST_1600                        0        0.000%                0        0.000%
L1_LATE_PREF_CYCLES_DIST_1700                        1        0.028%                1        0.028%
L1_LATE_PREF_CYCLES_DIST_1800                        2        0.055%                2        0.055%
L1_LATE_PREF_CYCLES_DIST_1900                        1        0.028%                1        0.028%
L1_LATE_PREF_CYCLES_DIST_2000                        0        0.000%                0        0.000%
                                                  3605      100.000%             3605      100.000%
                                                  0.48         1.51              0.48         1.51

MLC_PREF_HIT                                         0                              0              

MLC_PREF_UNIQUE_HIT                                  0                              0              

MLC_PREF_LATE                                        0                              0              

PREF_HYBRID_SEL_0                                    0         -nan%                0         -nan%
PREF_HYBRID_SEL_1                                    0         -nan%                0         -nan%
PREF_HYBRID_SEL_2                                    0         -nan%                0         -nan%
PREF_HYBRID_SEL_3                                    0         -nan%                0         -nan%
PREF_HYBRID_SEL_4                                    0         -nan%                0         -nan%
PREF_HYBRID_SEL_5                                    0         -nan%                0         -nan%
PREF_HYBRID_SEL_6                                    0         -nan%                0         -nan%
                                                     0         -nan%                0         -nan%
                                                  -nan         -nan              -nan         -nan

PREF_DISTANCE_1                                     22       31.429%               22       31.429%
PREF_DISTANCE_2                                     26       37.143%               26       37.143%
PREF_DISTANCE_3                                     19       27.143%               19       27.143%
PREF_DISTANCE_4                                      3        4.286%                3        4.286%
PREF_DISTANCE_5                                      0        0.000%                0        0.000%
PREF_DISTANCE_6                                      0        0.000%                0        0.000%
PREF_DISTANCE_7                                      0        0.000%                0        0.000%
PREF_DISTANCE_8                                      0        0.000%                0        0.000%
PREF_DISTANCE_9                                      0        0.000%                0        0.000%
PREF_DISTANCE_10                                     0        0.000%                0        0.000%
                                                    70      100.000%               70      100.000%
                                                  1.04         0.65              1.04         0.65

PREF_REPL_MRU                                        0         -nan%                0         -nan%
PREF_REPL_MID                                        0         -nan%                0         -nan%
PREF_REPL_LOWQTR                                     0         -nan%                0         -nan%
PREF_REPL_LRU                                        0         -nan%                0         -nan%
                                                     0         -nan%                0         -nan%
                                                  -nan         -nan              -nan         -nan

PREF_REPL_MOVEDOWN                                   0         -nan%                0         -nan%
PREF_REPL_MOVEUP                                     0         -nan%                0         -nan%
                                                     0         -nan%                0         -nan%
                                                  -nan         -nan              -nan         -nan

PREF_COV_1                                           0         -nan%                0         -nan%
PREF_COV_2                                           0         -nan%                0         -nan%
PREF_COV_3                                           0         -nan%                0         -nan%
PREF_COV_4                                           0         -nan%                0         -nan%
PREF_COV_5                                           0         -nan%                0         -nan%
PREF_COV_6                                           0         -nan%                0         -nan%
PREF_COV_7                                           0         -nan%                0         -nan%
PREF_COV_8                                           0         -nan%                0         -nan%
PREF_COV_9                                           0         -nan%                0         -nan%
PREF_COV_10                                          0         -nan%                0         -nan%
                                                     0         -nan%                0         -nan%
                                                  -nan         -nan              -nan         -nan

PREF_POL_1                                           0        0.000%                0        0.000%
PREF_POL_2                                           0        0.000%                0        0.000%
PREF_POL_3                                           0        0.000%                0        0.000%
PREF_POL_4                                           0        0.000%                0        0.000%
PREF_POL_5                                           0        0.000%                0        0.000%
PREF_POL_6                                           0        0.000%                0        0.000%
PREF_POL_7                                           0        0.000%                0        0.000%
PREF_POL_8                                           0        0.000%                0        0.000%
PREF_POL_9                                           0        0.000%                0        0.000%
PREF_POL_10                                         70      100.000%               70      100.000%
                                                    70      100.000%               70      100.000%
                                                  9.00         9.06              9.00         9.06

PREF_ACC_1                                           0        0.000%                0        0.000%
PREF_ACC_2                                           0        0.000%                0        0.000%
PREF_ACC_3                                           0        0.000%                0        0.000%
PREF_ACC_4                                           1        1.429%                1        1.429%
PREF_ACC_5                                           1        1.429%                1        1.429%
PREF_ACC_6                                          27       38.571%               27       38.571%
PREF_ACC_7                                          39       55.714%               39       55.714%
PREF_ACC_8                                           2        2.857%                2        2.857%
PREF_ACC_9                                           0        0.000%                0        0.000%
PREF_ACC_10                                          0        0.000%                0        0.000%
                                                    70      100.000%               70      100.000%
                                                  5.57         0.65              5.57         0.65

PREF_TIMELY_1                                        0        0.000%                0        0.000%
PREF_TIMELY_2                                        0        0.000%                0        0.000%
PREF_TIMELY_3                                        0        0.000%                0        0.000%
PREF_TIMELY_4                                        0        0.000%                0        0.000%
PREF_TIMELY_5                                        0        0.000%                0        0.000%
PREF_TIMELY_6                                        0        0.000%                0        0.000%
PREF_TIMELY_7                                        0        0.000%                0        0.000%
PREF_TIMELY_8                                        5        7.143%                5        7.143%
PREF_TIMELY_9                                       50       71.429%               50       71.429%
PREF_TIMELY_10                                      15       21.429%               15       21.429%
                                                    70      100.000%               70      100.000%
                                                  8.14         3.83              8.14         3.83

PREF_UNUSED_EVICT                                41859                          41859              

PREF_REGION_SENT                                     0                              0              

PREF_REGION_USEFUL                                   0                              0              

PREF_REGION_EVICT                                    0                              0              

PREF_PFPOL                                           0                              0              

PREF_PHASE_NEWPHASE_DET                              0                              0              

PREF_PHASE_NEWPHASE_NOTVALID                         0                              0              

PREF_PHASE_SENTPREF                                  0                              0              

PREF_PHASE_OVERWRITE_PAGE                            0                              0              

PREF_UPDATE_COUNT                                   70                             70              

PREF_ACC1_HT_HP                                      0        0.000%                0        0.000%
PREF_ACC1_HT_LP                                      0        0.000%                0        0.000%
PREF_ACC1_LT_HP                                      0        0.000%                0        0.000%
PREF_ACC1_LT_LP                                      0        0.000%                0        0.000%
PREF_ACC2_HT_HP                                      0        0.000%                0        0.000%
PREF_ACC2_HT_LP                                      0        0.000%                0        0.000%
PREF_ACC2_LT_HP                                      0        0.000%                0        0.000%
PREF_ACC2_LT_LP                                     29       41.429%               29       41.429%
PREF_ACC3_HT_HP                                      0        0.000%                0        0.000%
PREF_ACC3_HT_LP                                      0        0.000%                0        0.000%
PREF_ACC3_LT_HP                                      0        0.000%                0        0.000%
PREF_ACC3_LT_LP                                      0        0.000%                0        0.000%
PREF_ACC4_HT_HP                                      0        0.000%                0        0.000%
PREF_ACC4_HT_LP                                      0        0.000%                0        0.000%
PREF_ACC4_LT_HP                                      0        0.000%                0        0.000%
PREF_ACC4_LT_LP                                     41       58.571%               41       58.571%
                                                    70      100.000%               70      100.000%
                                                 11.69         9.84             11.69         9.84



