/* -*- Mode: c -*- */
####################################################################################################
Core 0
####################################################################################################
Cumulative:        Cycles: 99095233              Instructions: 100000000             IPC: 1.00913

EXECUTION_TIME                           30967260312500                  30967260312500              

NODE_CYCLE                                    99095233                       99095233              

NODE_INST_COUNT                              100000000                      100000000              

NODE_UOP_COUNT                               128794888                      128794888              

FULL_WINDOW_STALL                             17439621       17.599%         17439621       17.599%

FULL_WINDOW_MEM_OP                            14054339       92.348%         14054339       92.348%
FULL_WINDOW_FP_OP                                36320        0.239%            36320        0.239%
FULL_WINDOW_OTHER_OP                           1128200        7.413%          1128200        7.413%
                                              15218859      100.000%         15218859      100.000%
                                                  0.15         0.51              0.15         0.51

RET_BLOCKED_DC_MISS                           40015226       40.381%         40015226       40.381%

RET_BLOCKED_L1_MISS                           32386656       32.682%         32386656       32.682%

RET_BLOCKED_L1_MISS_BW_PREF                     527739        0.533%           527739        0.533%

RET_BLOCKED_L1_ACCESS                          7657341        7.727%          7657341        7.727%

RET_BLOCKED_MEM_STALL                         32386656       32.682%         32386656       32.682%

RET_BLOCKED_OFFCHIP_DEMAND                           0        0.000%                0        0.000%

OP_ISSUED                                    128794978                      128794978              

OP_RETIRED                                   128794888                      128794888              

REPLAY_SIGNALED                                      0                              0              

REPLAY_COUNTED                                       0                              0              

OFF_CRITICAL_PATH                                    0         -nan%                0         -nan%
ON_CRITICAL_PATH                                     0         -nan%                0         -nan%
                                                     0         -nan%                0         -nan%
                                                  -nan         -nan              -nan         -nan

LD_NO_DEPENDENTS                               3331451       10.850%          3331451       10.850%
LD_DEPENDENTS                                 27373105       89.150%         27373105       89.150%
                                              30704556      100.000%         30704556      100.000%
                                                  0.89         0.85              0.89         0.85

LD_EXEC_CYCLES_0                                     0        0.000%                0        0.000%
LD_EXEC_CYCLES_1                                     0        0.000%                0        0.000%
LD_EXEC_CYCLES_2                                     0        0.000%                0        0.000%
LD_EXEC_CYCLES_3                                     0        0.000%                0        0.000%
LD_EXEC_CYCLES_4                              25025556      100.000%         25025556      100.000%
                                              25025556      100.000%         25025556      100.000%
                                                  4.00         4.00              4.00         4.00

FU_BUSY_0                                     46725992                       46725992              

FU_BUSY_1                                     44257709                       44257709              

FU_BUSY_2                                     31821886                       31821886              

FU_BUSY_3                                     22651157                       22651157              

FU_BUSY_4                                     16056487                       16056487              

FU_BUSY_5                                     10232614                       10232614              

FU_BUSY_6                                      6765211                        6765211              

FU_BUSY_7                                      4336274                        4336274              

FU_BUSY_8                                            0                              0              

FU_BUSY_9                                            0                              0              

FU_BUSY_10                                           0                              0              

FU_BUSY_11                                           0                              0              

FU_BUSY_12                                           0                              0              

FU_BUSY_13                                           0                              0              

FU_BUSY_14                                           0                              0              

FU_BUSY_15                                           0                              0              

FU_BUSY_16                                           0                              0              

FU_BUSY_17                                           0                              0              

FU_BUSY_18                                           0                              0              

FU_BUSY_19                                           0                              0              

FU_BUSY_20                                           0                              0              

FU_BUSY_21                                           0                              0              

FU_BUSY_22                                           0                              0              

FU_BUSY_23                                           0                              0              

FU_BUSY_24                                           0                              0              

FU_BUSY_25                                           0                              0              

FU_BUSY_26                                           0                              0              

FU_BUSY_27                                           0                              0              

FU_BUSY_28                                           0                              0              

FU_BUSY_29                                           0                              0              

FU_BUSY_30                                           0                              0              

FU_BUSY_31                                           0                              0              

OP_WAIT_0                                     92147321                       92147321              

OP_WAIT_1                                     25115860                       25115860              

OP_WAIT_2                                      6178666                        6178666              

OP_WAIT_3                                      1520972                        1520972              

OP_WAIT_4                                       558813                         558813              

OP_WAIT_5                                       287573                         287573              

OP_WAIT_6                                       190291                         190291              

OP_WAIT_7                                       160602                         160602              

OP_WAIT_8                                       165284                         165284              

OP_WAIT_9                                       111122                         111122              

OP_WAIT_10                                      158276                         158276              

OP_WAIT_11                                      145750                         145750              

OP_WAIT_12                                      124758                         124758              

OP_WAIT_13                                      129003                         129003              

OP_WAIT_14                                      137127                         137127              

OP_WAIT_15                                       92388                          92388              

OP_WAIT_16                                       69467                          69467              

OP_WAIT_17                                       61165                          61165              

OP_WAIT_18                                       96834                          96834              

OP_WAIT_19                                       90788                          90788              

OP_WAIT_20                                       95386                          95386              

OP_WAIT_21                                       84637                          84637              

OP_WAIT_22                                       73233                          73233              

OP_WAIT_23                                       60109                          60109              

OP_WAIT_24                                       70868                          70868              

OP_WAIT_25                                       61800                          61800              

OP_WAIT_26                                       94347                          94347              

OP_WAIT_27                                       84203                          84203              

OP_WAIT_28                                       81274                          81274              

OP_WAIT_29                                       68560                          68560              

OP_WAIT_30                                       48237                          48237              

OP_WAIT_31                                      430174                         430174              

ROW_SIZE_0                                    59182095                       59182095              

ROW_SIZE_1                                     5021828                        5021828              

ROW_SIZE_2                                     4716009                        4716009              

ROW_SIZE_3                                     2251177                        2251177              

ROW_SIZE_4                                     1693660                        1693660              

ROW_SIZE_5                                     1116977                        1116977              

ROW_SIZE_6                                    15871331                       15871331              

ROW_SIZE_7                                           0                              0              

ROW_SIZE_8                                           0                              0              

ROW_SIZE_9                                           0                              0              

ROW_SIZE_10                                          0                              0              

ROW_SIZE_11                                          0                              0              

ROW_SIZE_12                                          0                              0              

ROW_SIZE_13                                          0                              0              

ROW_SIZE_14                                          0                              0              

ROW_SIZE_15                                          0                              0              

ROW_SIZE_16                                          0                              0              

ROW_SIZE_17                                          0                              0              

ROW_SIZE_18                                          0                              0              

ROW_SIZE_19                                          0                              0              

ROW_SIZE_20                                          0                              0              

ROW_SIZE_21                                          0                              0              

ROW_SIZE_22                                          0                              0              

ROW_SIZE_23                                          0                              0              

ROW_SIZE_24                                          0                              0              

ROW_SIZE_25                                          0                              0              

ROW_SIZE_26                                          0                              0              

ROW_SIZE_27                                          0                              0              

ROW_SIZE_28                                          0                              0              

ROW_SIZE_29                                          0                              0              

ROW_SIZE_30                                          0                              0              

ROW_SIZE_31                                          0                              0              

RET_OP_EXEC_COUNT_0                                  0        0.000%                0        0.000%
RET_OP_EXEC_COUNT_1                          128794888      100.000%        128794888      100.000%
RET_OP_EXEC_COUNT_2                                  0        0.000%                0        0.000%
RET_OP_EXEC_COUNT_3                                  0        0.000%                0        0.000%
RET_OP_EXEC_COUNT_4                                  0        0.000%                0        0.000%
RET_OP_EXEC_COUNT_5                                  0        0.000%                0        0.000%
RET_OP_EXEC_COUNT_6                                  0        0.000%                0        0.000%
RET_OP_EXEC_COUNT_7                                  0        0.000%                0        0.000%
RET_OP_EXEC_COUNT_8                                  0        0.000%                0        0.000%
RET_OP_EXEC_COUNT_9                                  0        0.000%                0        0.000%
RET_OP_EXEC_COUNT_10                                 0        0.000%                0        0.000%
RET_OP_EXEC_COUNT_11                                 0        0.000%                0        0.000%
RET_OP_EXEC_COUNT_12                                 0        0.000%                0        0.000%
RET_OP_EXEC_COUNT_13                                 0        0.000%                0        0.000%
RET_OP_EXEC_COUNT_14                                 0        0.000%                0        0.000%
RET_OP_EXEC_COUNT_15                                 0        0.000%                0        0.000%
RET_OP_EXEC_COUNT_16                                 0        0.000%                0        0.000%
RET_OP_EXEC_COUNT_17                                 0        0.000%                0        0.000%
RET_OP_EXEC_COUNT_18                                 0        0.000%                0        0.000%
RET_OP_EXEC_COUNT_19                                 0        0.000%                0        0.000%
RET_OP_EXEC_COUNT_20                                 0        0.000%                0        0.000%
RET_OP_EXEC_COUNT_21                                 0        0.000%                0        0.000%
RET_OP_EXEC_COUNT_22                                 0        0.000%                0        0.000%
RET_OP_EXEC_COUNT_23                                 0        0.000%                0        0.000%
RET_OP_EXEC_COUNT_24                                 0        0.000%                0        0.000%
RET_OP_EXEC_COUNT_25                                 0        0.000%                0        0.000%
RET_OP_EXEC_COUNT_26                                 0        0.000%                0        0.000%
RET_OP_EXEC_COUNT_27                                 0        0.000%                0        0.000%
RET_OP_EXEC_COUNT_28                                 0        0.000%                0        0.000%
RET_OP_EXEC_COUNT_29                                 0        0.000%                0        0.000%
RET_OP_EXEC_COUNT_30                                 0        0.000%                0        0.000%
RET_OP_EXEC_COUNT_31                                 0        0.000%                0        0.000%
RET_OP_EXEC_COUNT_32                                 0        0.000%                0        0.000%
                                             128794888      100.000%        128794888      100.000%
                                                  1.00         0.00              1.00         0.00

RET_STALL_LENGTH_0                           128656018       99.892%        128656018       99.892%
RET_STALL_LENGTH_100                            123569        0.096%           123569        0.096%
RET_STALL_LENGTH_200                              2228        0.002%             2228        0.002%
RET_STALL_LENGTH_300                              1455        0.001%             1455        0.001%
RET_STALL_LENGTH_400                              3437        0.003%             3437        0.003%
RET_STALL_LENGTH_500                              4124        0.003%             4124        0.003%
RET_STALL_LENGTH_600                              1135        0.001%             1135        0.001%
RET_STALL_LENGTH_700                               291        0.000%              291        0.000%
RET_STALL_LENGTH_800                               194        0.000%              194        0.000%
RET_STALL_LENGTH_900                               236        0.000%              236        0.000%
RET_STALL_LENGTH_1000                              294        0.000%              294        0.000%
RET_STALL_LENGTH_1100                              416        0.000%              416        0.000%
RET_STALL_LENGTH_1200                             1090        0.001%             1090        0.001%
RET_STALL_LENGTH_1300                              140        0.000%              140        0.000%
RET_STALL_LENGTH_1400                               31        0.000%               31        0.000%
RET_STALL_LENGTH_1500                               24        0.000%               24        0.000%
RET_STALL_LENGTH_1600                               50        0.000%               50        0.000%
RET_STALL_LENGTH_1700                               90        0.000%               90        0.000%
RET_STALL_LENGTH_1800                               53        0.000%               53        0.000%
RET_STALL_LENGTH_1900                                9        0.000%                9        0.000%
RET_STALL_LENGTH_2000                                4        0.000%                4        0.000%
RET_STALL_LENGTH_2100                                0        0.000%                0        0.000%
RET_STALL_LENGTH_2200                                0        0.000%                0        0.000%
RET_STALL_LENGTH_2300                                0        0.000%                0        0.000%
RET_STALL_LENGTH_2400                                0        0.000%                0        0.000%
RET_STALL_LENGTH_2500                                0        0.000%                0        0.000%
RET_STALL_LENGTH_2600                                0        0.000%                0        0.000%
RET_STALL_LENGTH_2700                                0        0.000%                0        0.000%
RET_STALL_LENGTH_2800                                0        0.000%                0        0.000%
RET_STALL_LENGTH_2900                                0        0.000%                0        0.000%
RET_STALL_LENGTH_3000                                0        0.000%                0        0.000%
RET_STALL_LENGTH_3100                                0        0.000%                0        0.000%
RET_STALL_LENGTH_3200                                0        0.000%                0        0.000%
RET_STALL_LENGTH_3300                                0        0.000%                0        0.000%
RET_STALL_LENGTH_3400                                0        0.000%                0        0.000%
RET_STALL_LENGTH_3500                                0        0.000%                0        0.000%
RET_STALL_LENGTH_3600                                0        0.000%                0        0.000%
RET_STALL_LENGTH_3700                                0        0.000%                0        0.000%
RET_STALL_LENGTH_3800                                0        0.000%                0        0.000%
RET_STALL_LENGTH_3900                                0        0.000%                0        0.000%
RET_STALL_LENGTH_4000                                0        0.000%                0        0.000%
RET_STALL_LENGTH_4100                                0        0.000%                0        0.000%
RET_STALL_LENGTH_4200                                0        0.000%                0        0.000%
RET_STALL_LENGTH_4300                                0        0.000%                0        0.000%
RET_STALL_LENGTH_4400                                0        0.000%                0        0.000%
RET_STALL_LENGTH_4500                                0        0.000%                0        0.000%
RET_STALL_LENGTH_4600                                0        0.000%                0        0.000%
RET_STALL_LENGTH_4700                                0        0.000%                0        0.000%
RET_STALL_LENGTH_4800                                0        0.000%                0        0.000%
RET_STALL_LENGTH_4900                                0        0.000%                0        0.000%
RET_STALL_LENGTH_5000                                0        0.000%                0        0.000%
                                             128794888      100.000%        128794888      100.000%
                                                  0.00         0.07              0.00         0.07

MEM_BLOCK_LENGTH_0                                   0         -nan%                0         -nan%
MEM_BLOCK_LENGTH_100                                 0         -nan%                0         -nan%
MEM_BLOCK_LENGTH_200                                 0         -nan%                0         -nan%
MEM_BLOCK_LENGTH_300                                 0         -nan%                0         -nan%
MEM_BLOCK_LENGTH_400                                 0         -nan%                0         -nan%
MEM_BLOCK_LENGTH_500                                 0         -nan%                0         -nan%
MEM_BLOCK_LENGTH_600                                 0         -nan%                0         -nan%
MEM_BLOCK_LENGTH_700                                 0         -nan%                0         -nan%
MEM_BLOCK_LENGTH_800                                 0         -nan%                0         -nan%
MEM_BLOCK_LENGTH_900                                 0         -nan%                0         -nan%
MEM_BLOCK_LENGTH_1000                                0         -nan%                0         -nan%
MEM_BLOCK_LENGTH_1100                                0         -nan%                0         -nan%
MEM_BLOCK_LENGTH_1200                                0         -nan%                0         -nan%
MEM_BLOCK_LENGTH_1300                                0         -nan%                0         -nan%
MEM_BLOCK_LENGTH_1400                                0         -nan%                0         -nan%
MEM_BLOCK_LENGTH_1500                                0         -nan%                0         -nan%
MEM_BLOCK_LENGTH_1600                                0         -nan%                0         -nan%
MEM_BLOCK_LENGTH_1700                                0         -nan%                0         -nan%
MEM_BLOCK_LENGTH_1800                                0         -nan%                0         -nan%
MEM_BLOCK_LENGTH_1900                                0         -nan%                0         -nan%
MEM_BLOCK_LENGTH_2000                                0         -nan%                0         -nan%
MEM_BLOCK_LENGTH_2100                                0         -nan%                0         -nan%
MEM_BLOCK_LENGTH_2200                                0         -nan%                0         -nan%
MEM_BLOCK_LENGTH_2300                                0         -nan%                0         -nan%
MEM_BLOCK_LENGTH_2400                                0         -nan%                0         -nan%
MEM_BLOCK_LENGTH_2500                                0         -nan%                0         -nan%
MEM_BLOCK_LENGTH_2600                                0         -nan%                0         -nan%
MEM_BLOCK_LENGTH_2700                                0         -nan%                0         -nan%
MEM_BLOCK_LENGTH_2800                                0         -nan%                0         -nan%
MEM_BLOCK_LENGTH_2900                                0         -nan%                0         -nan%
MEM_BLOCK_LENGTH_3000                                0         -nan%                0         -nan%
MEM_BLOCK_LENGTH_3100                                0         -nan%                0         -nan%
MEM_BLOCK_LENGTH_3200                                0         -nan%                0         -nan%
MEM_BLOCK_LENGTH_3300                                0         -nan%                0         -nan%
MEM_BLOCK_LENGTH_3400                                0         -nan%                0         -nan%
MEM_BLOCK_LENGTH_3500                                0         -nan%                0         -nan%
MEM_BLOCK_LENGTH_3600                                0         -nan%                0         -nan%
MEM_BLOCK_LENGTH_3700                                0         -nan%                0         -nan%
MEM_BLOCK_LENGTH_3800                                0         -nan%                0         -nan%
MEM_BLOCK_LENGTH_3900                                0         -nan%                0         -nan%
MEM_BLOCK_LENGTH_4000                                0         -nan%                0         -nan%
MEM_BLOCK_LENGTH_4100                                0         -nan%                0         -nan%
MEM_BLOCK_LENGTH_4200                                0         -nan%                0         -nan%
MEM_BLOCK_LENGTH_4300                                0         -nan%                0         -nan%
MEM_BLOCK_LENGTH_4400                                0         -nan%                0         -nan%
MEM_BLOCK_LENGTH_4500                                0         -nan%                0         -nan%
MEM_BLOCK_LENGTH_4600                                0         -nan%                0         -nan%
MEM_BLOCK_LENGTH_4700                                0         -nan%                0         -nan%
MEM_BLOCK_LENGTH_4800                                0         -nan%                0         -nan%
MEM_BLOCK_LENGTH_4900                                0         -nan%                0         -nan%
MEM_BLOCK_LENGTH_5000                                0         -nan%                0         -nan%
                                                     0         -nan%                0         -nan%
                                                  -nan         -nan              -nan         -nan

FUS_BUSY_ON_PATH                             182847330        1.8452        182847330        1.8452

FUS_BUSY_OFF_PATH                                    0        0.0000                0        0.0000

FU_BUSY_MEM_STALL                             51187873        0.5166         51187873        0.5166

FUS_EMPTY                                    609914534        6.1548        609914534        6.1548

CHIP_UTILIZATION                                     0        0.0000                0        0.0000

CYCLES_UNDER_MEM_REQ                                 0                              0              

CYCLES_UNDER_NO_MEM_REQ                              0                              0              

CYCLES_UNDER_CRITICAL_MEM_REQ                        0                              0              

CYCLES_UNDER_NONCRITICAL_MEM_REQ                     0                              0              

CHIP_UTILIZATION_UNDER_MEM_REQ                       0          -nan                0          -nan

CHIP_UTILIZATION_UNDER_NO_MEM_REQ                    0          -nan                0          -nan

CHIP_UTILIZATION_UNDER_CRITICAL_MEM_REQ              0          -nan                0          -nan

CHIP_UTILIZATION_UNDER_NONCRITICAL_MEM_REQ             0          -nan                0          -nan

CYCLES_NOT_WAITING_FOR_OFF_CHIP                      0        0.0000                0        0.0000

FUS_BUSY_NOT_WAITING_FOR_OFF_CHIP                    0          -nan                0          -nan

CYCLES_WAITING_FOR_OFF_CHIP                          0        0.0000                0        0.0000

FUS_BUSY_WAITING_FOR_OFF_CHIP                        0          -nan                0          -nan

TOTAL_OFF_CHIP_DELAYS_LEFT                           0                              0              

WRONG_IO_SCHED                                       0                              0              

DVFS_CONFIG_SWITCH                                   0                              0              



