               ramulator.active_cycles_0            25540038                                      # Total active cycles for level _0
                 ramulator.busy_cycles_0            25540038                                      # (All-bank refresh only. busy cycles only include refresh time in rank level) The sum of cycles that the DRAM part is active or under refresh for level _0
            ramulator.serving_requests_0            58599527                                      # The sum of read and write requests that are served in this DRAM element per memory cycle for level _0
    ramulator.average_serving_requests_0            1.576921                                      # The average of read and write requests that are served in this DRAM element per memory cycle for level _0
             ramulator.active_cycles_0_0            25540038                                      # Total active cycles for level _0_0
               ramulator.busy_cycles_0_0            26207838                                      # (All-bank refresh only. busy cycles only include refresh time in rank level) The sum of cycles that the DRAM part is active or under refresh for level _0_0
          ramulator.serving_requests_0_0            58599527                                      # The sum of read and write requests that are served in this DRAM element per memory cycle for level _0_0
  ramulator.average_serving_requests_0_0            1.576921                                      # The average of read and write requests that are served in this DRAM element per memory cycle for level _0_0
           ramulator.active_cycles_0_0_0            11501765                                      # Total active cycles for level _0_0_0
             ramulator.busy_cycles_0_0_0            11501765                                      # (All-bank refresh only. busy cycles only include refresh time in rank level) The sum of cycles that the DRAM part is active or under refresh for level _0_0_0
        ramulator.serving_requests_0_0_0            15318462                                      # The sum of read and write requests that are served in this DRAM element per memory cycle for level _0_0_0
ramulator.average_serving_requests_0_0_0            0.412222                                      # The average of read and write requests that are served in this DRAM element per memory cycle for level _0_0_0
         ramulator.active_cycles_0_0_0_0             3423121                                      # Total active cycles for level _0_0_0_0
           ramulator.busy_cycles_0_0_0_0             3423121                                      # (All-bank refresh only. busy cycles only include refresh time in rank level) The sum of cycles that the DRAM part is active or under refresh for level _0_0_0_0
      ramulator.serving_requests_0_0_0_0             3653803                                      # The sum of read and write requests that are served in this DRAM element per memory cycle for level _0_0_0_0
ramulator.average_serving_requests_0_0_0_0            0.098324                                      # The average of read and write requests that are served in this DRAM element per memory cycle for level _0_0_0_0
         ramulator.active_cycles_0_0_0_1             3794129                                      # Total active cycles for level _0_0_0_1
           ramulator.busy_cycles_0_0_0_1             3794129                                      # (All-bank refresh only. busy cycles only include refresh time in rank level) The sum of cycles that the DRAM part is active or under refresh for level _0_0_0_1
      ramulator.serving_requests_0_0_0_1             4038940                                      # The sum of read and write requests that are served in this DRAM element per memory cycle for level _0_0_0_1
ramulator.average_serving_requests_0_0_0_1            0.108688                                      # The average of read and write requests that are served in this DRAM element per memory cycle for level _0_0_0_1
         ramulator.active_cycles_0_0_0_2             3479511                                      # Total active cycles for level _0_0_0_2
           ramulator.busy_cycles_0_0_0_2             3479511                                      # (All-bank refresh only. busy cycles only include refresh time in rank level) The sum of cycles that the DRAM part is active or under refresh for level _0_0_0_2
      ramulator.serving_requests_0_0_0_2             3702909                                      # The sum of read and write requests that are served in this DRAM element per memory cycle for level _0_0_0_2
ramulator.average_serving_requests_0_0_0_2            0.099646                                      # The average of read and write requests that are served in this DRAM element per memory cycle for level _0_0_0_2
         ramulator.active_cycles_0_0_0_3             3661080                                      # Total active cycles for level _0_0_0_3
           ramulator.busy_cycles_0_0_0_3             3661080                                      # (All-bank refresh only. busy cycles only include refresh time in rank level) The sum of cycles that the DRAM part is active or under refresh for level _0_0_0_3
      ramulator.serving_requests_0_0_0_3             3922810                                      # The sum of read and write requests that are served in this DRAM element per memory cycle for level _0_0_0_3
ramulator.average_serving_requests_0_0_0_3            0.105563                                      # The average of read and write requests that are served in this DRAM element per memory cycle for level _0_0_0_3
           ramulator.active_cycles_0_0_1            10926996                                      # Total active cycles for level _0_0_1
             ramulator.busy_cycles_0_0_1            10926996                                      # (All-bank refresh only. busy cycles only include refresh time in rank level) The sum of cycles that the DRAM part is active or under refresh for level _0_0_1
        ramulator.serving_requests_0_0_1            14491625                                      # The sum of read and write requests that are served in this DRAM element per memory cycle for level _0_0_1
ramulator.average_serving_requests_0_0_1            0.389972                                      # The average of read and write requests that are served in this DRAM element per memory cycle for level _0_0_1
         ramulator.active_cycles_0_0_1_0             2946124                                      # Total active cycles for level _0_0_1_0
           ramulator.busy_cycles_0_0_1_0             2946124                                      # (All-bank refresh only. busy cycles only include refresh time in rank level) The sum of cycles that the DRAM part is active or under refresh for level _0_0_1_0
      ramulator.serving_requests_0_0_1_0             3140772                                      # The sum of read and write requests that are served in this DRAM element per memory cycle for level _0_0_1_0
ramulator.average_serving_requests_0_0_1_0            0.084519                                      # The average of read and write requests that are served in this DRAM element per memory cycle for level _0_0_1_0
         ramulator.active_cycles_0_0_1_1             3534403                                      # Total active cycles for level _0_0_1_1
           ramulator.busy_cycles_0_0_1_1             3534403                                      # (All-bank refresh only. busy cycles only include refresh time in rank level) The sum of cycles that the DRAM part is active or under refresh for level _0_0_1_1
      ramulator.serving_requests_0_0_1_1             3758967                                      # The sum of read and write requests that are served in this DRAM element per memory cycle for level _0_0_1_1
ramulator.average_serving_requests_0_0_1_1            0.101154                                      # The average of read and write requests that are served in this DRAM element per memory cycle for level _0_0_1_1
         ramulator.active_cycles_0_0_1_2             3481833                                      # Total active cycles for level _0_0_1_2
           ramulator.busy_cycles_0_0_1_2             3481833                                      # (All-bank refresh only. busy cycles only include refresh time in rank level) The sum of cycles that the DRAM part is active or under refresh for level _0_0_1_2
      ramulator.serving_requests_0_0_1_2             3722436                                      # The sum of read and write requests that are served in this DRAM element per memory cycle for level _0_0_1_2
ramulator.average_serving_requests_0_0_1_2            0.100171                                      # The average of read and write requests that are served in this DRAM element per memory cycle for level _0_0_1_2
         ramulator.active_cycles_0_0_1_3             3637979                                      # Total active cycles for level _0_0_1_3
           ramulator.busy_cycles_0_0_1_3             3637979                                      # (All-bank refresh only. busy cycles only include refresh time in rank level) The sum of cycles that the DRAM part is active or under refresh for level _0_0_1_3
      ramulator.serving_requests_0_0_1_3             3869450                                      # The sum of read and write requests that are served in this DRAM element per memory cycle for level _0_0_1_3
ramulator.average_serving_requests_0_0_1_3            0.104127                                      # The average of read and write requests that are served in this DRAM element per memory cycle for level _0_0_1_3
           ramulator.active_cycles_0_0_2            11008425                                      # Total active cycles for level _0_0_2
             ramulator.busy_cycles_0_0_2            11008425                                      # (All-bank refresh only. busy cycles only include refresh time in rank level) The sum of cycles that the DRAM part is active or under refresh for level _0_0_2
        ramulator.serving_requests_0_0_2            14693211                                      # The sum of read and write requests that are served in this DRAM element per memory cycle for level _0_0_2
ramulator.average_serving_requests_0_0_2            0.395396                                      # The average of read and write requests that are served in this DRAM element per memory cycle for level _0_0_2
         ramulator.active_cycles_0_0_2_0             3128895                                      # Total active cycles for level _0_0_2_0
           ramulator.busy_cycles_0_0_2_0             3128895                                      # (All-bank refresh only. busy cycles only include refresh time in rank level) The sum of cycles that the DRAM part is active or under refresh for level _0_0_2_0
      ramulator.serving_requests_0_0_2_0             3350279                                      # The sum of read and write requests that are served in this DRAM element per memory cycle for level _0_0_2_0
ramulator.average_serving_requests_0_0_2_0            0.090156                                      # The average of read and write requests that are served in this DRAM element per memory cycle for level _0_0_2_0
         ramulator.active_cycles_0_0_2_1             3449742                                      # Total active cycles for level _0_0_2_1
           ramulator.busy_cycles_0_0_2_1             3449742                                      # (All-bank refresh only. busy cycles only include refresh time in rank level) The sum of cycles that the DRAM part is active or under refresh for level _0_0_2_1
      ramulator.serving_requests_0_0_2_1             3687471                                      # The sum of read and write requests that are served in this DRAM element per memory cycle for level _0_0_2_1
ramulator.average_serving_requests_0_0_2_1            0.099230                                      # The average of read and write requests that are served in this DRAM element per memory cycle for level _0_0_2_1
         ramulator.active_cycles_0_0_2_2             3594910                                      # Total active cycles for level _0_0_2_2
           ramulator.busy_cycles_0_0_2_2             3594910                                      # (All-bank refresh only. busy cycles only include refresh time in rank level) The sum of cycles that the DRAM part is active or under refresh for level _0_0_2_2
      ramulator.serving_requests_0_0_2_2             3830251                                      # The sum of read and write requests that are served in this DRAM element per memory cycle for level _0_0_2_2
ramulator.average_serving_requests_0_0_2_2            0.103073                                      # The average of read and write requests that are served in this DRAM element per memory cycle for level _0_0_2_2
         ramulator.active_cycles_0_0_2_3             3575555                                      # Total active cycles for level _0_0_2_3
           ramulator.busy_cycles_0_0_2_3             3575555                                      # (All-bank refresh only. busy cycles only include refresh time in rank level) The sum of cycles that the DRAM part is active or under refresh for level _0_0_2_3
      ramulator.serving_requests_0_0_2_3             3825210                                      # The sum of read and write requests that are served in this DRAM element per memory cycle for level _0_0_2_3
ramulator.average_serving_requests_0_0_2_3            0.102937                                      # The average of read and write requests that are served in this DRAM element per memory cycle for level _0_0_2_3
           ramulator.active_cycles_0_0_3            10523815                                      # Total active cycles for level _0_0_3
             ramulator.busy_cycles_0_0_3            10523815                                      # (All-bank refresh only. busy cycles only include refresh time in rank level) The sum of cycles that the DRAM part is active or under refresh for level _0_0_3
        ramulator.serving_requests_0_0_3            14096206                                      # The sum of read and write requests that are served in this DRAM element per memory cycle for level _0_0_3
ramulator.average_serving_requests_0_0_3            0.379331                                      # The average of read and write requests that are served in this DRAM element per memory cycle for level _0_0_3
         ramulator.active_cycles_0_0_3_0             3552050                                      # Total active cycles for level _0_0_3_0
           ramulator.busy_cycles_0_0_3_0             3552050                                      # (All-bank refresh only. busy cycles only include refresh time in rank level) The sum of cycles that the DRAM part is active or under refresh for level _0_0_3_0
      ramulator.serving_requests_0_0_3_0             3784622                                      # The sum of read and write requests that are served in this DRAM element per memory cycle for level _0_0_3_0
ramulator.average_serving_requests_0_0_3_0            0.101845                                      # The average of read and write requests that are served in this DRAM element per memory cycle for level _0_0_3_0
         ramulator.active_cycles_0_0_3_1             3145828                                      # Total active cycles for level _0_0_3_1
           ramulator.busy_cycles_0_0_3_1             3145828                                      # (All-bank refresh only. busy cycles only include refresh time in rank level) The sum of cycles that the DRAM part is active or under refresh for level _0_0_3_1
      ramulator.serving_requests_0_0_3_1             3372248                                      # The sum of read and write requests that are served in this DRAM element per memory cycle for level _0_0_3_1
ramulator.average_serving_requests_0_0_3_1            0.090748                                      # The average of read and write requests that are served in this DRAM element per memory cycle for level _0_0_3_1
         ramulator.active_cycles_0_0_3_2             3321672                                      # Total active cycles for level _0_0_3_2
           ramulator.busy_cycles_0_0_3_2             3321672                                      # (All-bank refresh only. busy cycles only include refresh time in rank level) The sum of cycles that the DRAM part is active or under refresh for level _0_0_3_2
      ramulator.serving_requests_0_0_3_2             3549396                                      # The sum of read and write requests that are served in this DRAM element per memory cycle for level _0_0_3_2
ramulator.average_serving_requests_0_0_3_2            0.095515                                      # The average of read and write requests that are served in this DRAM element per memory cycle for level _0_0_3_2
         ramulator.active_cycles_0_0_3_3             3173104                                      # Total active cycles for level _0_0_3_3
           ramulator.busy_cycles_0_0_3_3             3173104                                      # (All-bank refresh only. busy cycles only include refresh time in rank level) The sum of cycles that the DRAM part is active or under refresh for level _0_0_3_3
      ramulator.serving_requests_0_0_3_3             3386455                                      # The sum of read and write requests that are served in this DRAM element per memory cycle for level _0_0_3_3
ramulator.average_serving_requests_0_0_3_3            0.091130                                      # The average of read and write requests that are served in this DRAM element per memory cycle for level _0_0_3_3
      ramulator.read_transaction_bytes_0            37833472                                      # The total byte of read transaction per channel
     ramulator.write_transaction_bytes_0            18088960                                      # The total byte of write transaction per channel
       ramulator.row_hits_channel_0_core              359463                                      # Number of row hits per channel per core
     ramulator.row_misses_channel_0_core               63091                                      # Number of row misses per channel per core
  ramulator.row_conflicts_channel_0_core              451234                                      # Number of row conflicts per channel per core
  ramulator.read_row_hits_channel_0_core              339565                                      # Number of row hits for read requests per channel per core
                                     [0]            339565.0                                      # 
ramulator.read_row_misses_channel_0_core               38324                                      # Number of row misses for read requests per channel per core
                                     [0]             38324.0                                      # 
ramulator.read_row_conflicts_channel_0_core              213259                                      # Number of row conflicts for read requests per channel per core
                                     [0]            213259.0                                      # 
 ramulator.write_row_hits_channel_0_core               19898                                      # Number of row hits for write requests per channel per core
                                     [0]             19898.0                                      # 
ramulator.write_row_misses_channel_0_core               24767                                      # Number of row misses for write requests per channel per core
                                     [0]             24767.0                                      # 
ramulator.write_row_conflicts_channel_0_core              237975                                      # Number of row conflicts for write requests per channel per core
                                     [0]            237975.0                                      # 
      ramulator.useless_activates_0_core                  99                                      # Number of useless activations. E.g, ACT -> PRE w/o RD or WR
            ramulator.read_latency_avg_0           54.795038                                      # The average memory latency cycles (in memory time domain) per request for all read requests in this channel
            ramulator.read_latency_sum_0            32402717                                      # The memory latency cycles (in memory time domain) sum for all read requests in this channel
        ramulator.req_queue_length_avg_0           14.883102                                      # Average of read and write queue length per memory cycle per channel.
        ramulator.req_queue_length_sum_0           553066873                                      # Sum of read and write queue length per memory cycle per channel.
   ramulator.read_req_queue_length_avg_0            0.761457                                      # Read queue length average per memory cycle per channel.
   ramulator.read_req_queue_length_sum_0            28296282                                      # Read queue length sum per memory cycle per channel.
  ramulator.write_req_queue_length_avg_0           14.121645                                      # Write queue length average per memory cycle per channel.
  ramulator.write_req_queue_length_sum_0           524770591                                      # Write queue length sum per memory cycle per channel.
              ramulator.record_read_hits                 0.0                                      # record read hit count for this core when it reaches request limit or to the end
                                     [0]                 0.0                                      # 
            ramulator.record_read_misses                 0.0                                      # record_read_miss count for this core when it reaches request limit or to the end
                                     [0]                 0.0                                      # 
         ramulator.record_read_conflicts                 0.0                                      # record read conflict count for this core when it reaches request limit or to the end
                                     [0]                 0.0                                      # 
             ramulator.record_write_hits                 0.0                                      # record write hit count for this core when it reaches request limit or to the end
                                     [0]                 0.0                                      # 
           ramulator.record_write_misses                 0.0                                      # record write miss count for this core when it reaches request limit or to the end
                                     [0]                 0.0                                      # 
        ramulator.record_write_conflicts                 0.0                                      # record write conflict for this core when it reaches request limit or to the end
                                     [0]                 0.0                                      # 
                 ramulator.dram_capacity          8589934592                                      # Number of bytes in simulated DRAM
                   ramulator.dram_cycles            37160727                                      # Number of DRAM cycles simulated
             ramulator.incoming_requests              874000                                      # Number of incoming requests to DRAM
                 ramulator.read_requests              591344                                      # Number of incoming read requests to DRAM per core
                                     [0]            591344.0                                      # 
                ramulator.write_requests              282656                                      # Number of incoming write requests to DRAM per core
                                     [0]            282656.0                                      # 
       ramulator.ramulator_active_cycles            25540348                                      # The total number of cycles that the DRAM part is active (serving R/W)
 ramulator.incoming_requests_per_channel            874000.0                                      # Number of incoming requests to each DRAM channel
                                     [0]            874000.0                                      # 
ramulator.incoming_read_reqs_per_channel            591344.0                                      # Number of incoming read requests to each DRAM channel
                                     [0]            591344.0                                      # 
     ramulator.physical_page_replacement                   0                                      # The number of times that physical page replacement happens.
             ramulator.maximum_bandwidth         19200000000                                      # The theoretical maximum bandwidth (Bps)
          ramulator.in_queue_req_num_sum           553066873                                      # Sum of read/write queue length
     ramulator.in_queue_read_req_num_sum            28296282                                      # Sum of read queue length
    ramulator.in_queue_write_req_num_sum           524770591                                      # Sum of write queue length
          ramulator.in_queue_req_num_avg           14.883102                                      # Average of read/write queue length per memory cycle
     ramulator.in_queue_read_req_num_avg            0.761457                                      # Average of read queue length per memory cycle
    ramulator.in_queue_write_req_num_avg           14.121645                                      # Average of write queue length per memory cycle
          ramulator.record_read_requests                 0.0                                      # record read requests for this core when it reaches request limit or to the end
                                     [0]                 0.0                                      # 
         ramulator.record_write_requests                 0.0                                      # record write requests for this core when it reaches request limit or to the end
                                     [0]                 0.0                                      # 
