/* -*- Mode: c -*- */
####################################################################################################
Core 0
####################################################################################################
Cumulative:        Cycles: 51893168              Instructions: 100000000             IPC: 1.92704

DCACHE_PREF_HIT                                      0                              0              

IFETCH_WB_FIRST_SCHEDULE                             0         -nan%                0         -nan%
PREFETCH_LAST_SCHEDULE                               0         -nan%                0         -nan%
DEMAND_PASS_PREF_SCHEDULE                            0         -nan%                0         -nan%
DEMAND_PASS_LOW_OP_SCHEDULE                          0         -nan%                0         -nan%
DEMAND_LAST_SCHEDULE                                 0         -nan%                0         -nan%
                                                     0         -nan%                0         -nan%
                                                  -nan         -nan              -nan         -nan

SEND_MISS_REQ_QUEUE                              28374                          28374              

L1_DATA_EVICT                                    12108                          12108              

STREAM_BUFFER_REQ                                    0                              0              

PREF_SEND_TO_MEM_REQ                                 0         -nan%                0         -nan%
PREF_SEND_TO_MEM_REQ_FAIL                            0         -nan%                0         -nan%
                                                     0         -nan%                0         -nan%
                                                  -nan         -nan              -nan         -nan

HIT_TRAIN_STREAM                                   997        3.573%              997        3.573%
MISS_TRAIN_STREAM                                26905       96.427%            26905       96.427%
                                                 27902      100.000%            27902      100.000%
                                                  0.96         0.95              0.96         0.95

STREAM_TRAIN_CREATE                              17284                          17284              

MEM_REQ_MISS_HWP_PREF_Q                              0         -nan%                0         -nan%
MEM_REQ_MISS_SW_PREF_Q                               0         -nan%                0         -nan%
MEM_REQ_MISS_IFETCH_Q                                0         -nan%                0         -nan%
MEM_REQ_MISS_DFETCH_Q                                0         -nan%                0         -nan%
MEM_REQ_MISS_DSTORE_Q                                0         -nan%                0         -nan%
MEM_REQ_MISS_DPRF_Q                                  0         -nan%                0         -nan%
MEM_REQ_MISS_WB_Q                                    0         -nan%                0         -nan%
                                                     0         -nan%                0         -nan%
                                                  -nan         -nan              -nan         -nan

PREF_HIT_BY_DEMAND_IFETCH                            0         -nan%                0         -nan%
PREF_HIT_BY_DEMAND_DFETCH                            0         -nan%                0         -nan%
PREF_HIT_BY_DEMAND_DSTORE                            0         -nan%                0         -nan%
PREF_HIT_BY_DEMAND_IPREF                             0         -nan%                0         -nan%
PREF_HIT_BY_DEMAND_DPRF                              0         -nan%                0         -nan%
PREF_HIT_BY_DEMAND_WB                                0         -nan%                0         -nan%
PREF_HIT_BY_PREF                                     0         -nan%                0         -nan%
                                                     0         -nan%                0         -nan%
                                                  -nan         -nan              -nan         -nan

PREF_HIT_DEMAND_IFETCH                               0         -nan%                0         -nan%
PREF_HIT_DEMAND_DFETCH                               0         -nan%                0         -nan%
PREF_HIT_DEMAND_DSTORE                               0         -nan%                0         -nan%
PREF_HIT_DEMAND_IPREF                                0         -nan%                0         -nan%
PREF_HIT_DEMAND_DPRF                                 0         -nan%                0         -nan%
PREF_HIT_DEMAND_WB                                   0         -nan%                0         -nan%
                                                     0         -nan%                0         -nan%
                                                  -nan         -nan              -nan         -nan

PREF_L1_FILL                                         0         -nan%                0         -nan%
DEMAND_L1_FILL                                       0         -nan%                0         -nan%
                                                     0         -nan%                0         -nan%
                                                  -nan         -nan              -nan         -nan

TOUCH_L1_REPLACE                                     0        0.000%                0        0.000%
NO_TOUCH_L1_REPLACE                              12108      100.000%            12108      100.000%
                                                 12108      100.000%            12108      100.000%
                                                  1.00         1.00              1.00         1.00

PREF_REQ_QUE_FULL                                    0                              0              

STREAM_REQ_QUEUE_HIT_BY_DEMAND                       0                              0              

L2HIT_STREAM_PREF_REQ_QUE_FULL                       0                              0              

L2HIT_HIT_TRAIN_STREAM                               0         -nan%                0         -nan%
L2HIT_MISS_TRAIN_STREAM                              0         -nan%                0         -nan%
                                                     0         -nan%                0         -nan%
                                                  -nan         -nan              -nan         -nan

L2HIT_STREAM_TRAIN_CREATE                            0                              0              

L2HIT_STREAM_BUFFER_REQ                              0                              0              

L2HIT_STREAM_PREF_DCACHE_HIT                         0         -nan%                0         -nan%
L2HIT_STREAM_PREF_DCACHE_INSERT                      0         -nan%                0         -nan%
L2HIT_STREAM_L2_MISS                                 0         -nan%                0         -nan%
                                                     0         -nan%                0         -nan%
                                                  -nan         -nan              -nan         -nan

L2HIT_STREAM_DCACHE_PORT_FULL                        0                              0              

L2HIT_STREAM_PREF_L1_PORT_FULL                       0                              0              

L2HIT_TRAIN_HIT_DEMAND                               0         -nan%                0         -nan%
L2HIT_TRAIN_MISS_REQ                                 0         -nan%                0         -nan%
                                                     0         -nan%                0         -nan%
                                                  -nan         -nan              -nan         -nan

L2HIT_TRAIN_FILTER_MISS                              0         -nan%                0         -nan%
L2HIT_TRAIN_FILTER_HIT                               0         -nan%                0         -nan%
                                                     0         -nan%                0         -nan%
                                                  -nan         -nan              -nan         -nan

L2HIT_PREF_REQ_DCACHE_HIT                            0         -nan%                0         -nan%
L2HIT_PREF_REQ_DCACHE_MISS                           0         -nan%                0         -nan%
                                                     0         -nan%                0         -nan%
                                                  -nan         -nan              -nan         -nan

L2HIT_L2SEND_Q_FULL                                  0         -nan%                0         -nan%
L2HIT_L2SEND_Q_ENTER                                 0         -nan%                0         -nan%
                                                     0         -nan%                0         -nan%
                                                  -nan         -nan              -nan         -nan

L2HIT_MEM_REQ                                        0                              0              

REMOVE_REDUNDANT_STREAM_STAT                         0                              0              

REPLACE_OLD_STREAM                               17268                          17268              

REQ_SEND_QUEUE_STALL                                 0                              0              

STREAM_ENTER_RA                                      0                              0              

CORE_STREAM_LENGTH_0                                45       25.000%               45       25.000%
CORE_STREAM_LENGTH_10                               68       37.778%               68       37.778%
CORE_STREAM_LENGTH_20                               42       23.333%               42       23.333%
CORE_STREAM_LENGTH_30                                9        5.000%                9        5.000%
CORE_STREAM_LENGTH_40                                9        5.000%                9        5.000%
CORE_STREAM_LENGTH_50                                3        1.667%                3        1.667%
CORE_STREAM_LENGTH_60                                1        0.556%                1        0.556%
CORE_STREAM_LENGTH_70                                1        0.556%                1        0.556%
CORE_STREAM_LENGTH_80                                0        0.000%                0        0.000%
CORE_STREAM_LENGTH_90                                2        1.111%                2        1.111%
CORE_STREAM_LENGTH_100_P                             0        0.000%                0        0.000%
                                                   180      100.000%              180      100.000%
                                                  1.45         1.32              1.45         1.32

CORE_CUM_STREAM_LENGTH_0                           309        8.964%              309        8.964%
CORE_CUM_STREAM_LENGTH_10                          972       28.198%              972       28.198%
CORE_CUM_STREAM_LENGTH_20                          975       28.285%              975       28.285%
CORE_CUM_STREAM_LENGTH_30                          297        8.616%              297        8.616%
CORE_CUM_STREAM_LENGTH_40                          401       11.633%              401       11.633%
CORE_CUM_STREAM_LENGTH_50                          167        4.845%              167        4.845%
CORE_CUM_STREAM_LENGTH_60                           64        1.857%               64        1.857%
CORE_CUM_STREAM_LENGTH_70                           75        2.176%               75        2.176%
CORE_CUM_STREAM_LENGTH_80                            0        0.000%                0        0.000%
CORE_CUM_STREAM_LENGTH_90                          187        5.425%              187        5.425%
CORE_CUM_STREAM_LENGTH_100_P                         0        0.000%                0        0.000%
                                                  3447      100.000%             3447      100.000%
                                                  2.57         2.05              2.57         2.05

CORE_STREAM_TRAIN_HITS_0                           126       70.000%              126       70.000%
CORE_STREAM_TRAIN_HITS_10                           40       22.222%               40       22.222%
CORE_STREAM_TRAIN_HITS_20                            9        5.000%                9        5.000%
CORE_STREAM_TRAIN_HITS_30                            3        1.667%                3        1.667%
CORE_STREAM_TRAIN_HITS_40                            2        1.111%                2        1.111%
CORE_STREAM_TRAIN_HITS_50                            0        0.000%                0        0.000%
CORE_STREAM_TRAIN_HITS_60                            0        0.000%                0        0.000%
CORE_STREAM_TRAIN_HITS_70                            0        0.000%                0        0.000%
CORE_STREAM_TRAIN_HITS_80                            0        0.000%                0        0.000%
CORE_STREAM_TRAIN_HITS_90                            0        0.000%                0        0.000%
CORE_STREAM_TRAIN_HITS_100_P                         0        0.000%                0        0.000%
                                                   180      100.000%              180      100.000%
                                                  0.42         0.68              0.42         0.68

CORE_CUM_STREAM_TRAIN_HITS_0                       774       45.079%              774       45.079%
CORE_CUM_STREAM_TRAIN_HITS_10                      535       31.159%              535       31.159%
CORE_CUM_STREAM_TRAIN_HITS_20                      214       12.464%              214       12.464%
CORE_CUM_STREAM_TRAIN_HITS_30                      103        5.999%              103        5.999%
CORE_CUM_STREAM_TRAIN_HITS_40                       91        5.300%               91        5.300%
CORE_CUM_STREAM_TRAIN_HITS_50                        0        0.000%                0        0.000%
CORE_CUM_STREAM_TRAIN_HITS_60                        0        0.000%                0        0.000%
CORE_CUM_STREAM_TRAIN_HITS_70                        0        0.000%                0        0.000%
CORE_CUM_STREAM_TRAIN_HITS_80                        0        0.000%                0        0.000%
CORE_CUM_STREAM_TRAIN_HITS_90                        0        0.000%                0        0.000%
CORE_CUM_STREAM_TRAIN_HITS_100_P                     0        0.000%                0        0.000%
                                                  1717      100.000%             1717      100.000%
                                                  0.95         0.94              0.95         0.94

CORE_STREAM_TRAIN_CREATE                         17284                          17284              



