/* -*- Mode: c -*- */
####################################################################################################
Core 0
####################################################################################################
Cumulative:        Cycles: 88893338              Instructions: 100000000             IPC: 1.12494

DCACHE_PREF_HIT                                      0                              0              

IFETCH_WB_FIRST_SCHEDULE                             0         -nan%                0         -nan%
PREFETCH_LAST_SCHEDULE                               0         -nan%                0         -nan%
DEMAND_PASS_PREF_SCHEDULE                            0         -nan%                0         -nan%
DEMAND_PASS_LOW_OP_SCHEDULE                          0         -nan%                0         -nan%
DEMAND_LAST_SCHEDULE                                 0         -nan%                0         -nan%
                                                     0         -nan%                0         -nan%
                                                  -nan         -nan              -nan         -nan

SEND_MISS_REQ_QUEUE                             590638                         590638              

L1_DATA_EVICT                                   574383                         574383              

STREAM_BUFFER_REQ                                    0                              0              

PREF_SEND_TO_MEM_REQ                                 0         -nan%                0         -nan%
PREF_SEND_TO_MEM_REQ_FAIL                            0         -nan%                0         -nan%
                                                     0         -nan%                0         -nan%
                                                  -nan         -nan              -nan         -nan

HIT_TRAIN_STREAM                                 84742       14.532%            84742       14.532%
MISS_TRAIN_STREAM                               498404       85.468%           498404       85.468%
                                                583146      100.000%           583146      100.000%
                                                  0.85         0.80              0.85         0.80

STREAM_TRAIN_CREATE                             243610                         243610              

MEM_REQ_MISS_HWP_PREF_Q                              0         -nan%                0         -nan%
MEM_REQ_MISS_SW_PREF_Q                               0         -nan%                0         -nan%
MEM_REQ_MISS_IFETCH_Q                                0         -nan%                0         -nan%
MEM_REQ_MISS_DFETCH_Q                                0         -nan%                0         -nan%
MEM_REQ_MISS_DSTORE_Q                                0         -nan%                0         -nan%
MEM_REQ_MISS_DPRF_Q                                  0         -nan%                0         -nan%
MEM_REQ_MISS_WB_Q                                    0         -nan%                0         -nan%
                                                     0         -nan%                0         -nan%
                                                  -nan         -nan              -nan         -nan

PREF_HIT_BY_DEMAND_IFETCH                            0         -nan%                0         -nan%
PREF_HIT_BY_DEMAND_DFETCH                            0         -nan%                0         -nan%
PREF_HIT_BY_DEMAND_DSTORE                            0         -nan%                0         -nan%
PREF_HIT_BY_DEMAND_IPREF                             0         -nan%                0         -nan%
PREF_HIT_BY_DEMAND_DPRF                              0         -nan%                0         -nan%
PREF_HIT_BY_DEMAND_WB                                0         -nan%                0         -nan%
PREF_HIT_BY_PREF                                     0         -nan%                0         -nan%
                                                     0         -nan%                0         -nan%
                                                  -nan         -nan              -nan         -nan

PREF_HIT_DEMAND_IFETCH                               0         -nan%                0         -nan%
PREF_HIT_DEMAND_DFETCH                               0         -nan%                0         -nan%
PREF_HIT_DEMAND_DSTORE                               0         -nan%                0         -nan%
PREF_HIT_DEMAND_IPREF                                0         -nan%                0         -nan%
PREF_HIT_DEMAND_DPRF                                 0         -nan%                0         -nan%
PREF_HIT_DEMAND_WB                                   0         -nan%                0         -nan%
                                                     0         -nan%                0         -nan%
                                                  -nan         -nan              -nan         -nan

PREF_L1_FILL                                         0         -nan%                0         -nan%
DEMAND_L1_FILL                                       0         -nan%                0         -nan%
                                                     0         -nan%                0         -nan%
                                                  -nan         -nan              -nan         -nan

TOUCH_L1_REPLACE                                     0        0.000%                0        0.000%
NO_TOUCH_L1_REPLACE                             574383      100.000%           574383      100.000%
                                                574383      100.000%           574383      100.000%
                                                  1.00         1.00              1.00         1.00

PREF_REQ_QUE_FULL                                    0                              0              

STREAM_REQ_QUEUE_HIT_BY_DEMAND                       0                              0              

L2HIT_STREAM_PREF_REQ_QUE_FULL                       0                              0              

L2HIT_HIT_TRAIN_STREAM                               0         -nan%                0         -nan%
L2HIT_MISS_TRAIN_STREAM                              0         -nan%                0         -nan%
                                                     0         -nan%                0         -nan%
                                                  -nan         -nan              -nan         -nan

L2HIT_STREAM_TRAIN_CREATE                            0                              0              

L2HIT_STREAM_BUFFER_REQ                              0                              0              

L2HIT_STREAM_PREF_DCACHE_HIT                         0         -nan%                0         -nan%
L2HIT_STREAM_PREF_DCACHE_INSERT                      0         -nan%                0         -nan%
L2HIT_STREAM_L2_MISS                                 0         -nan%                0         -nan%
                                                     0         -nan%                0         -nan%
                                                  -nan         -nan              -nan         -nan

L2HIT_STREAM_DCACHE_PORT_FULL                        0                              0              

L2HIT_STREAM_PREF_L1_PORT_FULL                       0                              0              

L2HIT_TRAIN_HIT_DEMAND                               0         -nan%                0         -nan%
L2HIT_TRAIN_MISS_REQ                                 0         -nan%                0         -nan%
                                                     0         -nan%                0         -nan%
                                                  -nan         -nan              -nan         -nan

L2HIT_TRAIN_FILTER_MISS                              0         -nan%                0         -nan%
L2HIT_TRAIN_FILTER_HIT                               0         -nan%                0         -nan%
                                                     0         -nan%                0         -nan%
                                                  -nan         -nan              -nan         -nan

L2HIT_PREF_REQ_DCACHE_HIT                            0         -nan%                0         -nan%
L2HIT_PREF_REQ_DCACHE_MISS                           0         -nan%                0         -nan%
                                                     0         -nan%                0         -nan%
                                                  -nan         -nan              -nan         -nan

L2HIT_L2SEND_Q_FULL                                  0         -nan%                0         -nan%
L2HIT_L2SEND_Q_ENTER                                 0         -nan%                0         -nan%
                                                     0         -nan%                0         -nan%
                                                  -nan         -nan              -nan         -nan

L2HIT_MEM_REQ                                        0                              0              

REMOVE_REDUNDANT_STREAM_STAT                         0                              0              

REPLACE_OLD_STREAM                              243594                         243594              

REQ_SEND_QUEUE_STALL                                 0                              0              

STREAM_ENTER_RA                                      0                              0              

CORE_STREAM_LENGTH_0                             11205       36.456%            11205       36.456%
CORE_STREAM_LENGTH_10                            15285       49.730%            15285       49.730%
CORE_STREAM_LENGTH_20                             3507       11.410%             3507       11.410%
CORE_STREAM_LENGTH_30                              464        1.510%              464        1.510%
CORE_STREAM_LENGTH_40                              178        0.579%              178        0.579%
CORE_STREAM_LENGTH_50                               43        0.140%               43        0.140%
CORE_STREAM_LENGTH_60                               15        0.049%               15        0.049%
CORE_STREAM_LENGTH_70                                5        0.016%                5        0.016%
CORE_STREAM_LENGTH_80                                2        0.007%                2        0.007%
CORE_STREAM_LENGTH_90                                7        0.023%                7        0.023%
CORE_STREAM_LENGTH_100_P                            25        0.081%               25        0.081%
                                                 30736      100.000%            30736      100.000%
                                                  0.82         0.66              0.82         0.66

CORE_CUM_STREAM_LENGTH_0                         67751       17.468%            67751       17.468%
CORE_CUM_STREAM_LENGTH_10                       208908       53.862%           208908       53.862%
CORE_CUM_STREAM_LENGTH_20                        79255       20.434%            79255       20.434%
CORE_CUM_STREAM_LENGTH_30                        15043        3.879%            15043        3.879%
CORE_CUM_STREAM_LENGTH_40                         7870        2.029%             7870        2.029%
CORE_CUM_STREAM_LENGTH_50                         2276        0.587%             2276        0.587%
CORE_CUM_STREAM_LENGTH_60                          954        0.246%              954        0.246%
CORE_CUM_STREAM_LENGTH_70                          381        0.098%              381        0.098%
CORE_CUM_STREAM_LENGTH_80                          167        0.043%              167        0.043%
CORE_CUM_STREAM_LENGTH_90                          664        0.171%              664        0.171%
CORE_CUM_STREAM_LENGTH_100_P                      4587        1.183%             4587        1.183%
                                                387856      100.000%           387856      100.000%
                                                  1.33         1.26              1.33         1.26

CORE_STREAM_TRAIN_HITS_0                         26647       86.696%            26647       86.696%
CORE_STREAM_TRAIN_HITS_10                         3948       12.845%             3948       12.845%
CORE_STREAM_TRAIN_HITS_20                           55        0.179%               55        0.179%
CORE_STREAM_TRAIN_HITS_30                           23        0.075%               23        0.075%
CORE_STREAM_TRAIN_HITS_40                           25        0.081%               25        0.081%
CORE_STREAM_TRAIN_HITS_50                            6        0.020%                6        0.020%
CORE_STREAM_TRAIN_HITS_60                            8        0.026%                8        0.026%
CORE_STREAM_TRAIN_HITS_70                            2        0.007%                2        0.007%
CORE_STREAM_TRAIN_HITS_80                            0        0.000%                0        0.000%
CORE_STREAM_TRAIN_HITS_90                            4        0.013%                4        0.013%
CORE_STREAM_TRAIN_HITS_100_P                        18        0.059%               18        0.059%
                                                 30736      100.000%            30736      100.000%
                                                  0.15         0.45              0.15         0.45

CORE_CUM_STREAM_TRAIN_HITS_0                    155248       74.751%           155248       74.751%
CORE_CUM_STREAM_TRAIN_HITS_10                    44447       21.401%            44447       21.401%
CORE_CUM_STREAM_TRAIN_HITS_20                     1267        0.610%             1267        0.610%
CORE_CUM_STREAM_TRAIN_HITS_30                      805        0.388%              805        0.388%
CORE_CUM_STREAM_TRAIN_HITS_40                     1113        0.536%             1113        0.536%
CORE_CUM_STREAM_TRAIN_HITS_50                      323        0.156%              323        0.156%
CORE_CUM_STREAM_TRAIN_HITS_60                      511        0.246%              511        0.246%
CORE_CUM_STREAM_TRAIN_HITS_70                      150        0.072%              150        0.072%
CORE_CUM_STREAM_TRAIN_HITS_80                        0        0.000%                0        0.000%
CORE_CUM_STREAM_TRAIN_HITS_90                      378        0.182%              378        0.182%
CORE_CUM_STREAM_TRAIN_HITS_100_P                  3444        1.658%             3444        1.658%
                                                207686      100.000%           207686      100.000%
                                                  0.47         1.40              0.47         1.40

CORE_STREAM_TRAIN_CREATE                        243610                         243610              



