/* -*- Mode: c -*- */
####################################################################################################
Core 0
####################################################################################################
Cumulative:        Cycles: 91221732              Instructions: 100000000             IPC: 1.09623

DCACHE_PREF_HIT                                      0                              0              

IFETCH_WB_FIRST_SCHEDULE                             0         -nan%                0         -nan%
PREFETCH_LAST_SCHEDULE                               0         -nan%                0         -nan%
DEMAND_PASS_PREF_SCHEDULE                            0         -nan%                0         -nan%
DEMAND_PASS_LOW_OP_SCHEDULE                          0         -nan%                0         -nan%
DEMAND_LAST_SCHEDULE                                 0         -nan%                0         -nan%
                                                     0         -nan%                0         -nan%
                                                  -nan         -nan              -nan         -nan

SEND_MISS_REQ_QUEUE                             591274                         591274              

L1_DATA_EVICT                                   575020                         575020              

STREAM_BUFFER_REQ                                    0                              0              

PREF_SEND_TO_MEM_REQ                                 0         -nan%                0         -nan%
PREF_SEND_TO_MEM_REQ_FAIL                            0         -nan%                0         -nan%
                                                     0         -nan%                0         -nan%
                                                  -nan         -nan              -nan         -nan

HIT_TRAIN_STREAM                                 84714       14.524%            84714       14.524%
MISS_TRAIN_STREAM                               498563       85.476%           498563       85.476%
                                                583277      100.000%           583277      100.000%
                                                  0.85         0.80              0.85         0.80

STREAM_TRAIN_CREATE                             243670                         243670              

MEM_REQ_MISS_HWP_PREF_Q                              0         -nan%                0         -nan%
MEM_REQ_MISS_SW_PREF_Q                               0         -nan%                0         -nan%
MEM_REQ_MISS_IFETCH_Q                                0         -nan%                0         -nan%
MEM_REQ_MISS_DFETCH_Q                                0         -nan%                0         -nan%
MEM_REQ_MISS_DSTORE_Q                                0         -nan%                0         -nan%
MEM_REQ_MISS_DPRF_Q                                  0         -nan%                0         -nan%
MEM_REQ_MISS_WB_Q                                    0         -nan%                0         -nan%
                                                     0         -nan%                0         -nan%
                                                  -nan         -nan              -nan         -nan

PREF_HIT_BY_DEMAND_IFETCH                            0         -nan%                0         -nan%
PREF_HIT_BY_DEMAND_DFETCH                            0         -nan%                0         -nan%
PREF_HIT_BY_DEMAND_DSTORE                            0         -nan%                0         -nan%
PREF_HIT_BY_DEMAND_IPREF                             0         -nan%                0         -nan%
PREF_HIT_BY_DEMAND_DPRF                              0         -nan%                0         -nan%
PREF_HIT_BY_DEMAND_WB                                0         -nan%                0         -nan%
PREF_HIT_BY_PREF                                     0         -nan%                0         -nan%
                                                     0         -nan%                0         -nan%
                                                  -nan         -nan              -nan         -nan

PREF_HIT_DEMAND_IFETCH                               0         -nan%                0         -nan%
PREF_HIT_DEMAND_DFETCH                               0         -nan%                0         -nan%
PREF_HIT_DEMAND_DSTORE                               0         -nan%                0         -nan%
PREF_HIT_DEMAND_IPREF                                0         -nan%                0         -nan%
PREF_HIT_DEMAND_DPRF                                 0         -nan%                0         -nan%
PREF_HIT_DEMAND_WB                                   0         -nan%                0         -nan%
                                                     0         -nan%                0         -nan%
                                                  -nan         -nan              -nan         -nan

PREF_L1_FILL                                         0         -nan%                0         -nan%
DEMAND_L1_FILL                                       0         -nan%                0         -nan%
                                                     0         -nan%                0         -nan%
                                                  -nan         -nan              -nan         -nan

TOUCH_L1_REPLACE                                     0        0.000%                0        0.000%
NO_TOUCH_L1_REPLACE                             575020      100.000%           575020      100.000%
                                                575020      100.000%           575020      100.000%
                                                  1.00         1.00              1.00         1.00

PREF_REQ_QUE_FULL                                    0                              0              

STREAM_REQ_QUEUE_HIT_BY_DEMAND                       0                              0              

L2HIT_STREAM_PREF_REQ_QUE_FULL                       0                              0              

L2HIT_HIT_TRAIN_STREAM                               0         -nan%                0         -nan%
L2HIT_MISS_TRAIN_STREAM                              0         -nan%                0         -nan%
                                                     0         -nan%                0         -nan%
                                                  -nan         -nan              -nan         -nan

L2HIT_STREAM_TRAIN_CREATE                            0                              0              

L2HIT_STREAM_BUFFER_REQ                              0                              0              

L2HIT_STREAM_PREF_DCACHE_HIT                         0         -nan%                0         -nan%
L2HIT_STREAM_PREF_DCACHE_INSERT                      0         -nan%                0         -nan%
L2HIT_STREAM_L2_MISS                                 0         -nan%                0         -nan%
                                                     0         -nan%                0         -nan%
                                                  -nan         -nan              -nan         -nan

L2HIT_STREAM_DCACHE_PORT_FULL                        0                              0              

L2HIT_STREAM_PREF_L1_PORT_FULL                       0                              0              

L2HIT_TRAIN_HIT_DEMAND                               0         -nan%                0         -nan%
L2HIT_TRAIN_MISS_REQ                                 0         -nan%                0         -nan%
                                                     0         -nan%                0         -nan%
                                                  -nan         -nan              -nan         -nan

L2HIT_TRAIN_FILTER_MISS                              0         -nan%                0         -nan%
L2HIT_TRAIN_FILTER_HIT                               0         -nan%                0         -nan%
                                                     0         -nan%                0         -nan%
                                                  -nan         -nan              -nan         -nan

L2HIT_PREF_REQ_DCACHE_HIT                            0         -nan%                0         -nan%
L2HIT_PREF_REQ_DCACHE_MISS                           0         -nan%                0         -nan%
                                                     0         -nan%                0         -nan%
                                                  -nan         -nan              -nan         -nan

L2HIT_L2SEND_Q_FULL                                  0         -nan%                0         -nan%
L2HIT_L2SEND_Q_ENTER                                 0         -nan%                0         -nan%
                                                     0         -nan%                0         -nan%
                                                  -nan         -nan              -nan         -nan

L2HIT_MEM_REQ                                        0                              0              

REMOVE_REDUNDANT_STREAM_STAT                         0                              0              

REPLACE_OLD_STREAM                              243654                         243654              

REQ_SEND_QUEUE_STALL                                 0                              0              

STREAM_ENTER_RA                                      0                              0              

CORE_STREAM_LENGTH_0                             11225       36.595%            11225       36.595%
CORE_STREAM_LENGTH_10                            15200       49.553%            15200       49.553%
CORE_STREAM_LENGTH_20                             3518       11.469%             3518       11.469%
CORE_STREAM_LENGTH_30                              464        1.513%              464        1.513%
CORE_STREAM_LENGTH_40                              178        0.580%              178        0.580%
CORE_STREAM_LENGTH_50                               39        0.127%               39        0.127%
CORE_STREAM_LENGTH_60                               12        0.039%               12        0.039%
CORE_STREAM_LENGTH_70                                3        0.010%                3        0.010%
CORE_STREAM_LENGTH_80                                3        0.010%                3        0.010%
CORE_STREAM_LENGTH_90                                7        0.023%                7        0.023%
CORE_STREAM_LENGTH_100_P                            25        0.082%               25        0.082%
                                                 30674      100.000%            30674      100.000%
                                                  0.81         0.66              0.81         0.66

CORE_CUM_STREAM_LENGTH_0                         67928       17.569%            67928       17.569%
CORE_CUM_STREAM_LENGTH_10                       207487       53.664%           207487       53.664%
CORE_CUM_STREAM_LENGTH_20                        79475       20.555%            79475       20.555%
CORE_CUM_STREAM_LENGTH_30                        15075        3.899%            15075        3.899%
CORE_CUM_STREAM_LENGTH_40                         7863        2.034%             7863        2.034%
CORE_CUM_STREAM_LENGTH_50                         2059        0.533%             2059        0.533%
CORE_CUM_STREAM_LENGTH_60                          771        0.199%              771        0.199%
CORE_CUM_STREAM_LENGTH_70                          224        0.058%              224        0.058%
CORE_CUM_STREAM_LENGTH_80                          254        0.066%              254        0.066%
CORE_CUM_STREAM_LENGTH_90                          665        0.172%              665        0.172%
CORE_CUM_STREAM_LENGTH_100_P                      4838        1.251%             4838        1.251%
                                                386639      100.000%           386639      100.000%
                                                  1.33         1.28              1.33         1.28

CORE_STREAM_TRAIN_HITS_0                         26572       86.627%            26572       86.627%
CORE_STREAM_TRAIN_HITS_10                         3965       12.926%             3965       12.926%
CORE_STREAM_TRAIN_HITS_20                           50        0.163%               50        0.163%
CORE_STREAM_TRAIN_HITS_30                           23        0.075%               23        0.075%
CORE_STREAM_TRAIN_HITS_40                           24        0.078%               24        0.078%
CORE_STREAM_TRAIN_HITS_50                            8        0.026%                8        0.026%
CORE_STREAM_TRAIN_HITS_60                            6        0.020%                6        0.020%
CORE_STREAM_TRAIN_HITS_70                            3        0.010%                3        0.010%
CORE_STREAM_TRAIN_HITS_80                            0        0.000%                0        0.000%
CORE_STREAM_TRAIN_HITS_90                            3        0.010%                3        0.010%
CORE_STREAM_TRAIN_HITS_100_P                        20        0.065%               20        0.065%
                                                 30674      100.000%            30674      100.000%
                                                  0.15         0.45              0.15         0.45

CORE_CUM_STREAM_TRAIN_HITS_0                    154733       74.602%           154733       74.602%
CORE_CUM_STREAM_TRAIN_HITS_10                    44667       21.536%            44667       21.536%
CORE_CUM_STREAM_TRAIN_HITS_20                     1142        0.551%             1142        0.551%
CORE_CUM_STREAM_TRAIN_HITS_30                      805        0.388%              805        0.388%
CORE_CUM_STREAM_TRAIN_HITS_40                     1061        0.512%             1061        0.512%
CORE_CUM_STREAM_TRAIN_HITS_50                      429        0.207%              429        0.207%
CORE_CUM_STREAM_TRAIN_HITS_60                      384        0.185%              384        0.185%
CORE_CUM_STREAM_TRAIN_HITS_70                      225        0.108%              225        0.108%
CORE_CUM_STREAM_TRAIN_HITS_80                        0        0.000%                0        0.000%
CORE_CUM_STREAM_TRAIN_HITS_90                      281        0.135%              281        0.135%
CORE_CUM_STREAM_TRAIN_HITS_100_P                  3683        1.776%             3683        1.776%
                                                207410      100.000%           207410      100.000%
                                                  0.48         1.42              0.48         1.42

CORE_STREAM_TRAIN_CREATE                        243670                         243670              



