/* -*- Mode: c -*- */
####################################################################################################
Core 0
####################################################################################################
Cumulative:        Cycles: 34063391              Instructions: 100000000             IPC: 2.93570

EXECUTION_TIME                           10644809687500                  10644809687500              

NODE_CYCLE                                    34063391                       34063391              

NODE_INST_COUNT                              100000000                      100000000              

NODE_UOP_COUNT                               110907477                      110907477              

FULL_WINDOW_STALL                              9650398       28.331%          9650398       28.331%

FULL_WINDOW_MEM_OP                             3447201       52.070%          3447201       52.070%
FULL_WINDOW_FP_OP                              3086747       46.625%          3086747       46.625%
FULL_WINDOW_OTHER_OP                             86398        1.305%            86398        1.305%
                                               6620346      100.000%          6620346      100.000%
                                                  0.49         0.39              0.49         0.39

RET_BLOCKED_DC_MISS                            1968125        5.778%          1968125        5.778%

RET_BLOCKED_L1_MISS                            1881641        5.524%          1881641        5.524%

RET_BLOCKED_L1_MISS_BW_PREF                     481189        1.413%           481189        1.413%

RET_BLOCKED_L1_ACCESS                           109618        0.322%           109618        0.322%

RET_BLOCKED_MEM_STALL                          1977252        5.805%          1977252        5.805%

RET_BLOCKED_OFFCHIP_DEMAND                           0        0.000%                0        0.000%

OP_ISSUED                                    110907485                      110907485              

OP_RETIRED                                   110907477                      110907477              

REPLAY_SIGNALED                                      0                              0              

REPLAY_COUNTED                                       0                              0              

OFF_CRITICAL_PATH                                    0         -nan%                0         -nan%
ON_CRITICAL_PATH                                     0         -nan%                0         -nan%
                                                     0         -nan%                0         -nan%
                                                  -nan         -nan              -nan         -nan

LD_NO_DEPENDENTS                                522240        2.080%           522240        2.080%
LD_DEPENDENTS                                 24587901       97.920%         24587901       97.920%
                                              25110141      100.000%         25110141      100.000%
                                                  0.98         0.97              0.98         0.97

LD_EXEC_CYCLES_0                                     0        0.000%                0        0.000%
LD_EXEC_CYCLES_1                                     0        0.000%                0        0.000%
LD_EXEC_CYCLES_2                                     0        0.000%                0        0.000%
LD_EXEC_CYCLES_3                              12640092       70.987%         12640092       70.987%
LD_EXEC_CYCLES_4                               5166072       29.013%          5166072       29.013%
                                              17806164      100.000%         17806164      100.000%
                                                  3.29         1.83              3.29         1.83

FU_BUSY_0                                     28218221                       28218221              

FU_BUSY_1                                     24435153                       24435153              

FU_BUSY_2                                     21846564                       21846564              

FU_BUSY_3                                     17154175                       17154175              

FU_BUSY_4                                     14343291                       14343291              

FU_BUSY_5                                     12583568                       12583568              

FU_BUSY_6                                     10676107                       10676107              

FU_BUSY_7                                      9104720                        9104720              

FU_BUSY_8                                            0                              0              

FU_BUSY_9                                            0                              0              

FU_BUSY_10                                           0                              0              

FU_BUSY_11                                           0                              0              

FU_BUSY_12                                           0                              0              

FU_BUSY_13                                           0                              0              

FU_BUSY_14                                           0                              0              

FU_BUSY_15                                           0                              0              

FU_BUSY_16                                           0                              0              

FU_BUSY_17                                           0                              0              

FU_BUSY_18                                           0                              0              

FU_BUSY_19                                           0                              0              

FU_BUSY_20                                           0                              0              

FU_BUSY_21                                           0                              0              

FU_BUSY_22                                           0                              0              

FU_BUSY_23                                           0                              0              

FU_BUSY_24                                           0                              0              

FU_BUSY_25                                           0                              0              

FU_BUSY_26                                           0                              0              

FU_BUSY_27                                           0                              0              

FU_BUSY_28                                           0                              0              

FU_BUSY_29                                           0                              0              

FU_BUSY_30                                           0                              0              

FU_BUSY_31                                           0                              0              

OP_WAIT_0                                     75210983                       75210983              

OP_WAIT_1                                     16451360                       16451360              

OP_WAIT_2                                      4446431                        4446431              

OP_WAIT_3                                      2014884                        2014884              

OP_WAIT_4                                      1599599                        1599599              

OP_WAIT_5                                      1087689                        1087689              

OP_WAIT_6                                       797041                         797041              

OP_WAIT_7                                      1720740                        1720740              

OP_WAIT_8                                      1641385                        1641385              

OP_WAIT_9                                      1041324                        1041324              

OP_WAIT_10                                     2236615                        2236615              

OP_WAIT_11                                      688450                         688450              

OP_WAIT_12                                      605256                         605256              

OP_WAIT_13                                      257387                         257387              

OP_WAIT_14                                      230824                         230824              

OP_WAIT_15                                      122088                         122088              

OP_WAIT_16                                      103076                         103076              

OP_WAIT_17                                       88232                          88232              

OP_WAIT_18                                       69463                          69463              

OP_WAIT_19                                       36040                          36040              

OP_WAIT_20                                       32911                          32911              

OP_WAIT_21                                       20965                          20965              

OP_WAIT_22                                       17126                          17126              

OP_WAIT_23                                       20513                          20513              

OP_WAIT_24                                       17983                          17983              

OP_WAIT_25                                       19422                          19422              

OP_WAIT_26                                       50413                          50413              

OP_WAIT_27                                       34744                          34744              

OP_WAIT_28                                       15757                          15757              

OP_WAIT_29                                        3963                           3963              

OP_WAIT_30                                        9104                           9104              

OP_WAIT_31                                      215709                         215709              

ROW_SIZE_0                                    10504039                       10504039              

ROW_SIZE_1                                     1877187                        1877187              

ROW_SIZE_2                                     1370003                        1370003              

ROW_SIZE_3                                     1210628                        1210628              

ROW_SIZE_4                                     1488616                        1488616              

ROW_SIZE_5                                      373286                         373286              

ROW_SIZE_6                                    15806251                       15806251              

ROW_SIZE_7                                           0                              0              

ROW_SIZE_8                                           0                              0              

ROW_SIZE_9                                           0                              0              

ROW_SIZE_10                                          0                              0              

ROW_SIZE_11                                          0                              0              

ROW_SIZE_12                                          0                              0              

ROW_SIZE_13                                          0                              0              

ROW_SIZE_14                                          0                              0              

ROW_SIZE_15                                          0                              0              

ROW_SIZE_16                                          0                              0              

ROW_SIZE_17                                          0                              0              

ROW_SIZE_18                                          0                              0              

ROW_SIZE_19                                          0                              0              

ROW_SIZE_20                                          0                              0              

ROW_SIZE_21                                          0                              0              

ROW_SIZE_22                                          0                              0              

ROW_SIZE_23                                          0                              0              

ROW_SIZE_24                                          0                              0              

ROW_SIZE_25                                          0                              0              

ROW_SIZE_26                                          0                              0              

ROW_SIZE_27                                          0                              0              

ROW_SIZE_28                                          0                              0              

ROW_SIZE_29                                          0                              0              

ROW_SIZE_30                                          0                              0              

ROW_SIZE_31                                          0                              0              

RET_OP_EXEC_COUNT_0                                  0        0.000%                0        0.000%
RET_OP_EXEC_COUNT_1                          110907477      100.000%        110907477      100.000%
RET_OP_EXEC_COUNT_2                                  0        0.000%                0        0.000%
RET_OP_EXEC_COUNT_3                                  0        0.000%                0        0.000%
RET_OP_EXEC_COUNT_4                                  0        0.000%                0        0.000%
RET_OP_EXEC_COUNT_5                                  0        0.000%                0        0.000%
RET_OP_EXEC_COUNT_6                                  0        0.000%                0        0.000%
RET_OP_EXEC_COUNT_7                                  0        0.000%                0        0.000%
RET_OP_EXEC_COUNT_8                                  0        0.000%                0        0.000%
RET_OP_EXEC_COUNT_9                                  0        0.000%                0        0.000%
RET_OP_EXEC_COUNT_10                                 0        0.000%                0        0.000%
RET_OP_EXEC_COUNT_11                                 0        0.000%                0        0.000%
RET_OP_EXEC_COUNT_12                                 0        0.000%                0        0.000%
RET_OP_EXEC_COUNT_13                                 0        0.000%                0        0.000%
RET_OP_EXEC_COUNT_14                                 0        0.000%                0        0.000%
RET_OP_EXEC_COUNT_15                                 0        0.000%                0        0.000%
RET_OP_EXEC_COUNT_16                                 0        0.000%                0        0.000%
RET_OP_EXEC_COUNT_17                                 0        0.000%                0        0.000%
RET_OP_EXEC_COUNT_18                                 0        0.000%                0        0.000%
RET_OP_EXEC_COUNT_19                                 0        0.000%                0        0.000%
RET_OP_EXEC_COUNT_20                                 0        0.000%                0        0.000%
RET_OP_EXEC_COUNT_21                                 0        0.000%                0        0.000%
RET_OP_EXEC_COUNT_22                                 0        0.000%                0        0.000%
RET_OP_EXEC_COUNT_23                                 0        0.000%                0        0.000%
RET_OP_EXEC_COUNT_24                                 0        0.000%                0        0.000%
RET_OP_EXEC_COUNT_25                                 0        0.000%                0        0.000%
RET_OP_EXEC_COUNT_26                                 0        0.000%                0        0.000%
RET_OP_EXEC_COUNT_27                                 0        0.000%                0        0.000%
RET_OP_EXEC_COUNT_28                                 0        0.000%                0        0.000%
RET_OP_EXEC_COUNT_29                                 0        0.000%                0        0.000%
RET_OP_EXEC_COUNT_30                                 0        0.000%                0        0.000%
RET_OP_EXEC_COUNT_31                                 0        0.000%                0        0.000%
RET_OP_EXEC_COUNT_32                                 0        0.000%                0        0.000%
                                             110907477      100.000%        110907477      100.000%
                                                  1.00         0.00              1.00         0.00

RET_STALL_LENGTH_0                           110901720       99.995%        110901720       99.995%
RET_STALL_LENGTH_100                              3466        0.003%             3466        0.003%
RET_STALL_LENGTH_200                               255        0.000%              255        0.000%
RET_STALL_LENGTH_300                               459        0.000%              459        0.000%
RET_STALL_LENGTH_400                               607        0.001%              607        0.001%
RET_STALL_LENGTH_500                               413        0.000%              413        0.000%
RET_STALL_LENGTH_600                               203        0.000%              203        0.000%
RET_STALL_LENGTH_700                                95        0.000%               95        0.000%
RET_STALL_LENGTH_800                                48        0.000%               48        0.000%
RET_STALL_LENGTH_900                                36        0.000%               36        0.000%
RET_STALL_LENGTH_1000                               17        0.000%               17        0.000%
RET_STALL_LENGTH_1100                               22        0.000%               22        0.000%
RET_STALL_LENGTH_1200                               81        0.000%               81        0.000%
RET_STALL_LENGTH_1300                                9        0.000%                9        0.000%
RET_STALL_LENGTH_1400                                6        0.000%                6        0.000%
RET_STALL_LENGTH_1500                                4        0.000%                4        0.000%
RET_STALL_LENGTH_1600                                9        0.000%                9        0.000%
RET_STALL_LENGTH_1700                               12        0.000%               12        0.000%
RET_STALL_LENGTH_1800                               12        0.000%               12        0.000%
RET_STALL_LENGTH_1900                                2        0.000%                2        0.000%
RET_STALL_LENGTH_2000                                0        0.000%                0        0.000%
RET_STALL_LENGTH_2100                                1        0.000%                1        0.000%
RET_STALL_LENGTH_2200                                0        0.000%                0        0.000%
RET_STALL_LENGTH_2300                                0        0.000%                0        0.000%
RET_STALL_LENGTH_2400                                0        0.000%                0        0.000%
RET_STALL_LENGTH_2500                                0        0.000%                0        0.000%
RET_STALL_LENGTH_2600                                0        0.000%                0        0.000%
RET_STALL_LENGTH_2700                                0        0.000%                0        0.000%
RET_STALL_LENGTH_2800                                0        0.000%                0        0.000%
RET_STALL_LENGTH_2900                                0        0.000%                0        0.000%
RET_STALL_LENGTH_3000                                0        0.000%                0        0.000%
RET_STALL_LENGTH_3100                                0        0.000%                0        0.000%
RET_STALL_LENGTH_3200                                0        0.000%                0        0.000%
RET_STALL_LENGTH_3300                                0        0.000%                0        0.000%
RET_STALL_LENGTH_3400                                0        0.000%                0        0.000%
RET_STALL_LENGTH_3500                                0        0.000%                0        0.000%
RET_STALL_LENGTH_3600                                0        0.000%                0        0.000%
RET_STALL_LENGTH_3700                                0        0.000%                0        0.000%
RET_STALL_LENGTH_3800                                0        0.000%                0        0.000%
RET_STALL_LENGTH_3900                                0        0.000%                0        0.000%
RET_STALL_LENGTH_4000                                0        0.000%                0        0.000%
RET_STALL_LENGTH_4100                                0        0.000%                0        0.000%
RET_STALL_LENGTH_4200                                0        0.000%                0        0.000%
RET_STALL_LENGTH_4300                                0        0.000%                0        0.000%
RET_STALL_LENGTH_4400                                0        0.000%                0        0.000%
RET_STALL_LENGTH_4500                                0        0.000%                0        0.000%
RET_STALL_LENGTH_4600                                0        0.000%                0        0.000%
RET_STALL_LENGTH_4700                                0        0.000%                0        0.000%
RET_STALL_LENGTH_4800                                0        0.000%                0        0.000%
RET_STALL_LENGTH_4900                                0        0.000%                0        0.000%
RET_STALL_LENGTH_5000                                0        0.000%                0        0.000%
                                             110907477      100.000%        110907477      100.000%
                                                  0.00         0.03              0.00         0.03

MEM_BLOCK_LENGTH_0                                6486       82.060%             6486       82.060%
MEM_BLOCK_LENGTH_100                               299        3.783%              299        3.783%
MEM_BLOCK_LENGTH_200                               120        1.518%              120        1.518%
MEM_BLOCK_LENGTH_300                               157        1.986%              157        1.986%
MEM_BLOCK_LENGTH_400                               136        1.721%              136        1.721%
MEM_BLOCK_LENGTH_500                               139        1.759%              139        1.759%
MEM_BLOCK_LENGTH_600                               116        1.468%              116        1.468%
MEM_BLOCK_LENGTH_700                               110        1.392%              110        1.392%
MEM_BLOCK_LENGTH_800                                99        1.253%               99        1.253%
MEM_BLOCK_LENGTH_900                                64        0.810%               64        0.810%
MEM_BLOCK_LENGTH_1000                               25        0.316%               25        0.316%
MEM_BLOCK_LENGTH_1100                               18        0.228%               18        0.228%
MEM_BLOCK_LENGTH_1200                               12        0.152%               12        0.152%
MEM_BLOCK_LENGTH_1300                               16        0.202%               16        0.202%
MEM_BLOCK_LENGTH_1400                               16        0.202%               16        0.202%
MEM_BLOCK_LENGTH_1500                               10        0.127%               10        0.127%
MEM_BLOCK_LENGTH_1600                               13        0.164%               13        0.164%
MEM_BLOCK_LENGTH_1700                                7        0.089%                7        0.089%
MEM_BLOCK_LENGTH_1800                                9        0.114%                9        0.114%
MEM_BLOCK_LENGTH_1900                                1        0.013%                1        0.013%
MEM_BLOCK_LENGTH_2000                                6        0.076%                6        0.076%
MEM_BLOCK_LENGTH_2100                                4        0.051%                4        0.051%
MEM_BLOCK_LENGTH_2200                                5        0.063%                5        0.063%
MEM_BLOCK_LENGTH_2300                                4        0.051%                4        0.051%
MEM_BLOCK_LENGTH_2400                                1        0.013%                1        0.013%
MEM_BLOCK_LENGTH_2500                                4        0.051%                4        0.051%
MEM_BLOCK_LENGTH_2600                                3        0.038%                3        0.038%
MEM_BLOCK_LENGTH_2700                                1        0.013%                1        0.013%
MEM_BLOCK_LENGTH_2800                                5        0.063%                5        0.063%
MEM_BLOCK_LENGTH_2900                                0        0.000%                0        0.000%
MEM_BLOCK_LENGTH_3000                                1        0.013%                1        0.013%
MEM_BLOCK_LENGTH_3100                                2        0.025%                2        0.025%
MEM_BLOCK_LENGTH_3200                                1        0.013%                1        0.013%
MEM_BLOCK_LENGTH_3300                                1        0.013%                1        0.013%
MEM_BLOCK_LENGTH_3400                                0        0.000%                0        0.000%
MEM_BLOCK_LENGTH_3500                                3        0.038%                3        0.038%
MEM_BLOCK_LENGTH_3600                                0        0.000%                0        0.000%
MEM_BLOCK_LENGTH_3700                                0        0.000%                0        0.000%
MEM_BLOCK_LENGTH_3800                                0        0.000%                0        0.000%
MEM_BLOCK_LENGTH_3900                                0        0.000%                0        0.000%
MEM_BLOCK_LENGTH_4000                                0        0.000%                0        0.000%
MEM_BLOCK_LENGTH_4100                                1        0.013%                1        0.013%
MEM_BLOCK_LENGTH_4200                                0        0.000%                0        0.000%
MEM_BLOCK_LENGTH_4300                                0        0.000%                0        0.000%
MEM_BLOCK_LENGTH_4400                                1        0.013%                1        0.013%
MEM_BLOCK_LENGTH_4500                                0        0.000%                0        0.000%
MEM_BLOCK_LENGTH_4600                                0        0.000%                0        0.000%
MEM_BLOCK_LENGTH_4700                                0        0.000%                0        0.000%
MEM_BLOCK_LENGTH_4800                                0        0.000%                0        0.000%
MEM_BLOCK_LENGTH_4900                                0        0.000%                0        0.000%
MEM_BLOCK_LENGTH_5000                                8        0.101%                8        0.101%
                                                  7904      100.000%             7904      100.000%
                                                  1.05         3.32              1.05         3.32

FUS_BUSY_ON_PATH                             138361799        4.0619        138361799        4.0619

FUS_BUSY_OFF_PATH                                    0        0.0000                0        0.0000

FU_BUSY_MEM_STALL                             27452763        0.8059         27452763        0.8059

FUS_EMPTY                                    134145329        3.9381        134145329        3.9381

CHIP_UTILIZATION                                     0        0.0000                0        0.0000

CYCLES_UNDER_MEM_REQ                                 0                              0              

CYCLES_UNDER_NO_MEM_REQ                              0                              0              

CYCLES_UNDER_CRITICAL_MEM_REQ                        0                              0              

CYCLES_UNDER_NONCRITICAL_MEM_REQ                     0                              0              

CHIP_UTILIZATION_UNDER_MEM_REQ                       0          -nan                0          -nan

CHIP_UTILIZATION_UNDER_NO_MEM_REQ                    0          -nan                0          -nan

CHIP_UTILIZATION_UNDER_CRITICAL_MEM_REQ              0          -nan                0          -nan

CHIP_UTILIZATION_UNDER_NONCRITICAL_MEM_REQ             0          -nan                0          -nan

CYCLES_NOT_WAITING_FOR_OFF_CHIP                      0        0.0000                0        0.0000

FUS_BUSY_NOT_WAITING_FOR_OFF_CHIP                    0          -nan                0          -nan

CYCLES_WAITING_FOR_OFF_CHIP                          0        0.0000                0        0.0000

FUS_BUSY_WAITING_FOR_OFF_CHIP                        0          -nan                0          -nan

TOTAL_OFF_CHIP_DELAYS_LEFT                           0                              0              

WRONG_IO_SCHED                                       0                              0              

DVFS_CONFIG_SWITCH                                   0                              0              



