/* -*- Mode: c -*- */
####################################################################################################
Core 0
####################################################################################################
Cumulative:        Cycles: 34071965              Instructions: 100000000             IPC: 2.93496

EXECUTION_TIME                           10647489062500                  10647489062500              

NODE_CYCLE                                    34071965                       34071965              

NODE_INST_COUNT                              100000000                      100000000              

NODE_UOP_COUNT                               110907477                      110907477              

FULL_WINDOW_STALL                              9646039       28.311%          9646039       28.311%

FULL_WINDOW_MEM_OP                             3446434       52.089%          3446434       52.089%
FULL_WINDOW_FP_OP                              3086374       46.647%          3086374       46.647%
FULL_WINDOW_OTHER_OP                             83571        1.263%            83571        1.263%
                                               6616379      100.000%          6616379      100.000%
                                                  0.49         0.39              0.49         0.39

RET_BLOCKED_DC_MISS                            2042194        5.994%          2042194        5.994%

RET_BLOCKED_L1_MISS                            1885136        5.533%          1885136        5.533%

RET_BLOCKED_L1_MISS_BW_PREF                     504103        1.480%           504103        1.480%

RET_BLOCKED_L1_ACCESS                           181053        0.531%           181053        0.531%

RET_BLOCKED_MEM_STALL                          1985560        5.828%          1985560        5.828%

RET_BLOCKED_OFFCHIP_DEMAND                           0        0.000%                0        0.000%

OP_ISSUED                                    110907485                      110907485              

OP_RETIRED                                   110907477                      110907477              

REPLAY_SIGNALED                                      0                              0              

REPLAY_COUNTED                                       0                              0              

OFF_CRITICAL_PATH                                    0         -nan%                0         -nan%
ON_CRITICAL_PATH                                     0         -nan%                0         -nan%
                                                     0         -nan%                0         -nan%
                                                  -nan         -nan              -nan         -nan

LD_NO_DEPENDENTS                                519116        2.067%           519116        2.067%
LD_DEPENDENTS                                 24591025       97.933%         24591025       97.933%
                                              25110141      100.000%         25110141      100.000%
                                                  0.98         0.97              0.98         0.97

LD_EXEC_CYCLES_0                                     0        0.000%                0        0.000%
LD_EXEC_CYCLES_1                                     0        0.000%                0        0.000%
LD_EXEC_CYCLES_2                                     0        0.000%                0        0.000%
LD_EXEC_CYCLES_3                              12519555       70.736%         12519555       70.736%
LD_EXEC_CYCLES_4                               5179353       29.264%          5179353       29.264%
                                              17698908      100.000%         17698908      100.000%
                                                  3.29         1.84              3.29         1.84

FU_BUSY_0                                     28245212                       28245212              

FU_BUSY_1                                     24446767                       24446767              

FU_BUSY_2                                     21881685                       21881685              

FU_BUSY_3                                     17169634                       17169634              

FU_BUSY_4                                     14369874                       14369874              

FU_BUSY_5                                     12633334                       12633334              

FU_BUSY_6                                     10761633                       10761633              

FU_BUSY_7                                      9172631                        9172631              

FU_BUSY_8                                            0                              0              

FU_BUSY_9                                            0                              0              

FU_BUSY_10                                           0                              0              

FU_BUSY_11                                           0                              0              

FU_BUSY_12                                           0                              0              

FU_BUSY_13                                           0                              0              

FU_BUSY_14                                           0                              0              

FU_BUSY_15                                           0                              0              

FU_BUSY_16                                           0                              0              

FU_BUSY_17                                           0                              0              

FU_BUSY_18                                           0                              0              

FU_BUSY_19                                           0                              0              

FU_BUSY_20                                           0                              0              

FU_BUSY_21                                           0                              0              

FU_BUSY_22                                           0                              0              

FU_BUSY_23                                           0                              0              

FU_BUSY_24                                           0                              0              

FU_BUSY_25                                           0                              0              

FU_BUSY_26                                           0                              0              

FU_BUSY_27                                           0                              0              

FU_BUSY_28                                           0                              0              

FU_BUSY_29                                           0                              0              

FU_BUSY_30                                           0                              0              

FU_BUSY_31                                           0                              0              

OP_WAIT_0                                     75163589                       75163589              

OP_WAIT_1                                     16452318                       16452318              

OP_WAIT_2                                      4465288                        4465288              

OP_WAIT_3                                      2034166                        2034166              

OP_WAIT_4                                      1620995                        1620995              

OP_WAIT_5                                      1096983                        1096983              

OP_WAIT_6                                       818191                         818191              

OP_WAIT_7                                      1735204                        1735204              

OP_WAIT_8                                      1642796                        1642796              

OP_WAIT_9                                      1049887                        1049887              

OP_WAIT_10                                     2188000                        2188000              

OP_WAIT_11                                      684506                         684506              

OP_WAIT_12                                      575378                         575378              

OP_WAIT_13                                      255837                         255837              

OP_WAIT_14                                      246571                         246571              

OP_WAIT_15                                      129045                         129045              

OP_WAIT_16                                      100822                         100822              

OP_WAIT_17                                       81908                          81908              

OP_WAIT_18                                       62198                          62198              

OP_WAIT_19                                       32187                          32187              

OP_WAIT_20                                       33967                          33967              

OP_WAIT_21                                       21882                          21882              

OP_WAIT_22                                       19583                          19583              

OP_WAIT_23                                       22411                          22411              

OP_WAIT_24                                       14296                          14296              

OP_WAIT_25                                       15413                          15413              

OP_WAIT_26                                       40507                          40507              

OP_WAIT_27                                       28318                          28318              

OP_WAIT_28                                       19454                          19454              

OP_WAIT_29                                       14487                          14487              

OP_WAIT_30                                       17126                          17126              

OP_WAIT_31                                      224164                         224164              

ROW_SIZE_0                                    10546327                       10546327              

ROW_SIZE_1                                     1879301                        1879301              

ROW_SIZE_2                                     1370278                        1370278              

ROW_SIZE_3                                     1189816                        1189816              

ROW_SIZE_4                                     1489314                        1489314              

ROW_SIZE_5                                      365638                         365638              

ROW_SIZE_6                                    15822121                       15822121              

ROW_SIZE_7                                           0                              0              

ROW_SIZE_8                                           0                              0              

ROW_SIZE_9                                           0                              0              

ROW_SIZE_10                                          0                              0              

ROW_SIZE_11                                          0                              0              

ROW_SIZE_12                                          0                              0              

ROW_SIZE_13                                          0                              0              

ROW_SIZE_14                                          0                              0              

ROW_SIZE_15                                          0                              0              

ROW_SIZE_16                                          0                              0              

ROW_SIZE_17                                          0                              0              

ROW_SIZE_18                                          0                              0              

ROW_SIZE_19                                          0                              0              

ROW_SIZE_20                                          0                              0              

ROW_SIZE_21                                          0                              0              

ROW_SIZE_22                                          0                              0              

ROW_SIZE_23                                          0                              0              

ROW_SIZE_24                                          0                              0              

ROW_SIZE_25                                          0                              0              

ROW_SIZE_26                                          0                              0              

ROW_SIZE_27                                          0                              0              

ROW_SIZE_28                                          0                              0              

ROW_SIZE_29                                          0                              0              

ROW_SIZE_30                                          0                              0              

ROW_SIZE_31                                          0                              0              

RET_OP_EXEC_COUNT_0                                  0        0.000%                0        0.000%
RET_OP_EXEC_COUNT_1                          110907477      100.000%        110907477      100.000%
RET_OP_EXEC_COUNT_2                                  0        0.000%                0        0.000%
RET_OP_EXEC_COUNT_3                                  0        0.000%                0        0.000%
RET_OP_EXEC_COUNT_4                                  0        0.000%                0        0.000%
RET_OP_EXEC_COUNT_5                                  0        0.000%                0        0.000%
RET_OP_EXEC_COUNT_6                                  0        0.000%                0        0.000%
RET_OP_EXEC_COUNT_7                                  0        0.000%                0        0.000%
RET_OP_EXEC_COUNT_8                                  0        0.000%                0        0.000%
RET_OP_EXEC_COUNT_9                                  0        0.000%                0        0.000%
RET_OP_EXEC_COUNT_10                                 0        0.000%                0        0.000%
RET_OP_EXEC_COUNT_11                                 0        0.000%                0        0.000%
RET_OP_EXEC_COUNT_12                                 0        0.000%                0        0.000%
RET_OP_EXEC_COUNT_13                                 0        0.000%                0        0.000%
RET_OP_EXEC_COUNT_14                                 0        0.000%                0        0.000%
RET_OP_EXEC_COUNT_15                                 0        0.000%                0        0.000%
RET_OP_EXEC_COUNT_16                                 0        0.000%                0        0.000%
RET_OP_EXEC_COUNT_17                                 0        0.000%                0        0.000%
RET_OP_EXEC_COUNT_18                                 0        0.000%                0        0.000%
RET_OP_EXEC_COUNT_19                                 0        0.000%                0        0.000%
RET_OP_EXEC_COUNT_20                                 0        0.000%                0        0.000%
RET_OP_EXEC_COUNT_21                                 0        0.000%                0        0.000%
RET_OP_EXEC_COUNT_22                                 0        0.000%                0        0.000%
RET_OP_EXEC_COUNT_23                                 0        0.000%                0        0.000%
RET_OP_EXEC_COUNT_24                                 0        0.000%                0        0.000%
RET_OP_EXEC_COUNT_25                                 0        0.000%                0        0.000%
RET_OP_EXEC_COUNT_26                                 0        0.000%                0        0.000%
RET_OP_EXEC_COUNT_27                                 0        0.000%                0        0.000%
RET_OP_EXEC_COUNT_28                                 0        0.000%                0        0.000%
RET_OP_EXEC_COUNT_29                                 0        0.000%                0        0.000%
RET_OP_EXEC_COUNT_30                                 0        0.000%                0        0.000%
RET_OP_EXEC_COUNT_31                                 0        0.000%                0        0.000%
RET_OP_EXEC_COUNT_32                                 0        0.000%                0        0.000%
                                             110907477      100.000%        110907477      100.000%
                                                  1.00         0.00              1.00         0.00

RET_STALL_LENGTH_0                           110901946       99.995%        110901946       99.995%
RET_STALL_LENGTH_100                              3253        0.003%             3253        0.003%
RET_STALL_LENGTH_200                               243        0.000%              243        0.000%
RET_STALL_LENGTH_300                               466        0.000%              466        0.000%
RET_STALL_LENGTH_400                               605        0.001%              605        0.001%
RET_STALL_LENGTH_500                               359        0.000%              359        0.000%
RET_STALL_LENGTH_600                               233        0.000%              233        0.000%
RET_STALL_LENGTH_700                               108        0.000%              108        0.000%
RET_STALL_LENGTH_800                                61        0.000%               61        0.000%
RET_STALL_LENGTH_900                                32        0.000%               32        0.000%
RET_STALL_LENGTH_1000                               15        0.000%               15        0.000%
RET_STALL_LENGTH_1100                               17        0.000%               17        0.000%
RET_STALL_LENGTH_1200                               74        0.000%               74        0.000%
RET_STALL_LENGTH_1300                               21        0.000%               21        0.000%
RET_STALL_LENGTH_1400                                2        0.000%                2        0.000%
RET_STALL_LENGTH_1500                                7        0.000%                7        0.000%
RET_STALL_LENGTH_1600                               15        0.000%               15        0.000%
RET_STALL_LENGTH_1700                                3        0.000%                3        0.000%
RET_STALL_LENGTH_1800                                6        0.000%                6        0.000%
RET_STALL_LENGTH_1900                                7        0.000%                7        0.000%
RET_STALL_LENGTH_2000                                2        0.000%                2        0.000%
RET_STALL_LENGTH_2100                                1        0.000%                1        0.000%
RET_STALL_LENGTH_2200                                0        0.000%                0        0.000%
RET_STALL_LENGTH_2300                                1        0.000%                1        0.000%
RET_STALL_LENGTH_2400                                0        0.000%                0        0.000%
RET_STALL_LENGTH_2500                                0        0.000%                0        0.000%
RET_STALL_LENGTH_2600                                0        0.000%                0        0.000%
RET_STALL_LENGTH_2700                                0        0.000%                0        0.000%
RET_STALL_LENGTH_2800                                0        0.000%                0        0.000%
RET_STALL_LENGTH_2900                                0        0.000%                0        0.000%
RET_STALL_LENGTH_3000                                0        0.000%                0        0.000%
RET_STALL_LENGTH_3100                                0        0.000%                0        0.000%
RET_STALL_LENGTH_3200                                0        0.000%                0        0.000%
RET_STALL_LENGTH_3300                                0        0.000%                0        0.000%
RET_STALL_LENGTH_3400                                0        0.000%                0        0.000%
RET_STALL_LENGTH_3500                                0        0.000%                0        0.000%
RET_STALL_LENGTH_3600                                0        0.000%                0        0.000%
RET_STALL_LENGTH_3700                                0        0.000%                0        0.000%
RET_STALL_LENGTH_3800                                0        0.000%                0        0.000%
RET_STALL_LENGTH_3900                                0        0.000%                0        0.000%
RET_STALL_LENGTH_4000                                0        0.000%                0        0.000%
RET_STALL_LENGTH_4100                                0        0.000%                0        0.000%
RET_STALL_LENGTH_4200                                0        0.000%                0        0.000%
RET_STALL_LENGTH_4300                                0        0.000%                0        0.000%
RET_STALL_LENGTH_4400                                0        0.000%                0        0.000%
RET_STALL_LENGTH_4500                                0        0.000%                0        0.000%
RET_STALL_LENGTH_4600                                0        0.000%                0        0.000%
RET_STALL_LENGTH_4700                                0        0.000%                0        0.000%
RET_STALL_LENGTH_4800                                0        0.000%                0        0.000%
RET_STALL_LENGTH_4900                                0        0.000%                0        0.000%
RET_STALL_LENGTH_5000                                0        0.000%                0        0.000%
                                             110907477      100.000%        110907477      100.000%
                                                  0.00         0.03              0.00         0.03

MEM_BLOCK_LENGTH_0                                6664       80.766%             6664       80.766%
MEM_BLOCK_LENGTH_100                               322        3.903%              322        3.903%
MEM_BLOCK_LENGTH_200                               147        1.782%              147        1.782%
MEM_BLOCK_LENGTH_300                               166        2.012%              166        2.012%
MEM_BLOCK_LENGTH_400                               196        2.375%              196        2.375%
MEM_BLOCK_LENGTH_500                               143        1.733%              143        1.733%
MEM_BLOCK_LENGTH_600                               121        1.466%              121        1.466%
MEM_BLOCK_LENGTH_700                               131        1.588%              131        1.588%
MEM_BLOCK_LENGTH_800                                87        1.054%               87        1.054%
MEM_BLOCK_LENGTH_900                                55        0.667%               55        0.667%
MEM_BLOCK_LENGTH_1000                               34        0.412%               34        0.412%
MEM_BLOCK_LENGTH_1100                               27        0.327%               27        0.327%
MEM_BLOCK_LENGTH_1200                               14        0.170%               14        0.170%
MEM_BLOCK_LENGTH_1300                               24        0.291%               24        0.291%
MEM_BLOCK_LENGTH_1400                               25        0.303%               25        0.303%
MEM_BLOCK_LENGTH_1500                               11        0.133%               11        0.133%
MEM_BLOCK_LENGTH_1600                               19        0.230%               19        0.230%
MEM_BLOCK_LENGTH_1700                               15        0.182%               15        0.182%
MEM_BLOCK_LENGTH_1800                                7        0.085%                7        0.085%
MEM_BLOCK_LENGTH_1900                               11        0.133%               11        0.133%
MEM_BLOCK_LENGTH_2000                                8        0.097%                8        0.097%
MEM_BLOCK_LENGTH_2100                                7        0.085%                7        0.085%
MEM_BLOCK_LENGTH_2200                                3        0.036%                3        0.036%
MEM_BLOCK_LENGTH_2300                                3        0.036%                3        0.036%
MEM_BLOCK_LENGTH_2400                                1        0.012%                1        0.012%
MEM_BLOCK_LENGTH_2500                                1        0.012%                1        0.012%
MEM_BLOCK_LENGTH_2600                                1        0.012%                1        0.012%
MEM_BLOCK_LENGTH_2700                                1        0.012%                1        0.012%
MEM_BLOCK_LENGTH_2800                                1        0.012%                1        0.012%
MEM_BLOCK_LENGTH_2900                                2        0.024%                2        0.024%
MEM_BLOCK_LENGTH_3000                                1        0.012%                1        0.012%
MEM_BLOCK_LENGTH_3100                                0        0.000%                0        0.000%
MEM_BLOCK_LENGTH_3200                                0        0.000%                0        0.000%
MEM_BLOCK_LENGTH_3300                                0        0.000%                0        0.000%
MEM_BLOCK_LENGTH_3400                                1        0.012%                1        0.012%
MEM_BLOCK_LENGTH_3500                                0        0.000%                0        0.000%
MEM_BLOCK_LENGTH_3600                                0        0.000%                0        0.000%
MEM_BLOCK_LENGTH_3700                                0        0.000%                0        0.000%
MEM_BLOCK_LENGTH_3800                                0        0.000%                0        0.000%
MEM_BLOCK_LENGTH_3900                                0        0.000%                0        0.000%
MEM_BLOCK_LENGTH_4000                                0        0.000%                0        0.000%
MEM_BLOCK_LENGTH_4100                                0        0.000%                0        0.000%
MEM_BLOCK_LENGTH_4200                                0        0.000%                0        0.000%
MEM_BLOCK_LENGTH_4300                                0        0.000%                0        0.000%
MEM_BLOCK_LENGTH_4400                                0        0.000%                0        0.000%
MEM_BLOCK_LENGTH_4500                                0        0.000%                0        0.000%
MEM_BLOCK_LENGTH_4600                                0        0.000%                0        0.000%
MEM_BLOCK_LENGTH_4700                                0        0.000%                0        0.000%
MEM_BLOCK_LENGTH_4800                                0        0.000%                0        0.000%
MEM_BLOCK_LENGTH_4900                                0        0.000%                0        0.000%
MEM_BLOCK_LENGTH_5000                                2        0.024%                2        0.024%
                                                  8251      100.000%             8251      100.000%
                                                  1.06         2.91              1.06         2.91

FUS_BUSY_ON_PATH                             138680770        4.0702        138680770        4.0702

FUS_BUSY_OFF_PATH                                    0        0.0000                0        0.0000

FU_BUSY_MEM_STALL                             27771734        0.8151         27771734        0.8151

FUS_EMPTY                                    133894950        3.9298        133894950        3.9298

CHIP_UTILIZATION                                     0        0.0000                0        0.0000

CYCLES_UNDER_MEM_REQ                                 0                              0              

CYCLES_UNDER_NO_MEM_REQ                              0                              0              

CYCLES_UNDER_CRITICAL_MEM_REQ                        0                              0              

CYCLES_UNDER_NONCRITICAL_MEM_REQ                     0                              0              

CHIP_UTILIZATION_UNDER_MEM_REQ                       0          -nan                0          -nan

CHIP_UTILIZATION_UNDER_NO_MEM_REQ                    0          -nan                0          -nan

CHIP_UTILIZATION_UNDER_CRITICAL_MEM_REQ              0          -nan                0          -nan

CHIP_UTILIZATION_UNDER_NONCRITICAL_MEM_REQ             0          -nan                0          -nan

CYCLES_NOT_WAITING_FOR_OFF_CHIP                      0        0.0000                0        0.0000

FUS_BUSY_NOT_WAITING_FOR_OFF_CHIP                    0          -nan                0          -nan

CYCLES_WAITING_FOR_OFF_CHIP                          0        0.0000                0        0.0000

FUS_BUSY_WAITING_FOR_OFF_CHIP                        0          -nan                0          -nan

TOTAL_OFF_CHIP_DELAYS_LEFT                           0                              0              

WRONG_IO_SCHED                                       0                              0              

DVFS_CONFIG_SWITCH                                   0                              0              



