/* -*- Mode: c -*- */
####################################################################################################
Core 0
####################################################################################################
Cumulative:        Cycles: 40588133              Instructions: 100000000             IPC: 2.46377

EXECUTION_TIME                           12683791562500                  12683791562500              

NODE_CYCLE                                    40588133                       40588133              

NODE_INST_COUNT                              100000000                      100000000              

NODE_UOP_COUNT                               128408750                      128408750              

FULL_WINDOW_STALL                                25923        0.064%            25923        0.064%

FULL_WINDOW_MEM_OP                               14659       97.260%            14659       97.260%
FULL_WINDOW_FP_OP                                    0        0.000%                0        0.000%
FULL_WINDOW_OTHER_OP                               413        2.740%              413        2.740%
                                                 15072      100.000%            15072      100.000%
                                                  0.05         0.32              0.05         0.32

RET_BLOCKED_DC_MISS                               6820        0.017%             6820        0.017%

RET_BLOCKED_L1_MISS                               5087        0.013%             5087        0.013%

RET_BLOCKED_L1_MISS_BW_PREF                        426        0.001%              426        0.001%

RET_BLOCKED_L1_ACCESS                             1775        0.004%             1775        0.004%

RET_BLOCKED_MEM_STALL                             5087        0.013%             5087        0.013%

RET_BLOCKED_OFFCHIP_DEMAND                           0        0.000%                0        0.000%

OP_ISSUED                                    128408835                      128408835              

OP_RETIRED                                   128408750                      128408750              

REPLAY_SIGNALED                                      0                              0              

REPLAY_COUNTED                                       0                              0              

OFF_CRITICAL_PATH                                    0         -nan%                0         -nan%
ON_CRITICAL_PATH                                     0         -nan%                0         -nan%
                                                     0         -nan%                0         -nan%
                                                  -nan         -nan              -nan         -nan

LD_NO_DEPENDENTS                                700088        2.437%           700088        2.437%
LD_DEPENDENTS                                 28023367       97.563%         28023367       97.563%
                                              28723455      100.000%         28723455      100.000%
                                                  0.98         0.96              0.98         0.96

LD_EXEC_CYCLES_0                                     0        0.000%                0        0.000%
LD_EXEC_CYCLES_1                                     0        0.000%                0        0.000%
LD_EXEC_CYCLES_2                                     0        0.000%                0        0.000%
LD_EXEC_CYCLES_3                              19640936       79.044%         19640936       79.044%
LD_EXEC_CYCLES_4                               5207196       20.956%          5207196       20.956%
                                              24848132      100.000%         24848132      100.000%
                                                  3.21         1.52              3.21         1.52

FU_BUSY_0                                     29604854                       29604854              

FU_BUSY_1                                     27435085                       27435085              

FU_BUSY_2                                     24202223                       24202223              

FU_BUSY_3                                     21056459                       21056459              

FU_BUSY_4                                     17105910                       17105910              

FU_BUSY_5                                     12971078                       12971078              

FU_BUSY_6                                      9176635                        9176635              

FU_BUSY_7                                      6767097                        6767097              

FU_BUSY_8                                            0                              0              

FU_BUSY_9                                            0                              0              

FU_BUSY_10                                           0                              0              

FU_BUSY_11                                           0                              0              

FU_BUSY_12                                           0                              0              

FU_BUSY_13                                           0                              0              

FU_BUSY_14                                           0                              0              

FU_BUSY_15                                           0                              0              

FU_BUSY_16                                           0                              0              

FU_BUSY_17                                           0                              0              

FU_BUSY_18                                           0                              0              

FU_BUSY_19                                           0                              0              

FU_BUSY_20                                           0                              0              

FU_BUSY_21                                           0                              0              

FU_BUSY_22                                           0                              0              

FU_BUSY_23                                           0                              0              

FU_BUSY_24                                           0                              0              

FU_BUSY_25                                           0                              0              

FU_BUSY_26                                           0                              0              

FU_BUSY_27                                           0                              0              

FU_BUSY_28                                           0                              0              

FU_BUSY_29                                           0                              0              

FU_BUSY_30                                           0                              0              

FU_BUSY_31                                           0                              0              

OP_WAIT_0                                     83567224                       83567224              

OP_WAIT_1                                     34726604                       34726604              

OP_WAIT_2                                      5851412                        5851412              

OP_WAIT_3                                      1762903                        1762903              

OP_WAIT_4                                       946222                         946222              

OP_WAIT_5                                       645546                         645546              

OP_WAIT_6                                       275499                         275499              

OP_WAIT_7                                       110648                         110648              

OP_WAIT_8                                        68190                          68190              

OP_WAIT_9                                        82314                          82314              

OP_WAIT_10                                       78983                          78983              

OP_WAIT_11                                       64517                          64517              

OP_WAIT_12                                       56899                          56899              

OP_WAIT_13                                       44307                          44307              

OP_WAIT_14                                       27093                          27093              

OP_WAIT_15                                       26795                          26795              

OP_WAIT_16                                       16016                          16016              

OP_WAIT_17                                       10794                          10794              

OP_WAIT_18                                       10077                          10077              

OP_WAIT_19                                        3782                           3782              

OP_WAIT_20                                        3558                           3558              

OP_WAIT_21                                        2000                           2000              

OP_WAIT_22                                        1723                           1723              

OP_WAIT_23                                         729                            729              

OP_WAIT_24                                        1688                           1688              

OP_WAIT_25                                         890                            890              

OP_WAIT_26                                         637                            637              

OP_WAIT_27                                         796                            796              

OP_WAIT_28                                         347                            347              

OP_WAIT_29                                         751                            751              

OP_WAIT_30                                         764                            764              

OP_WAIT_31                                       19042                          19042              

ROW_SIZE_0                                     7094931                        7094931              

ROW_SIZE_1                                     3429231                        3429231              

ROW_SIZE_2                                     1208339                        1208339              

ROW_SIZE_3                                     3763357                        3763357              

ROW_SIZE_4                                      723955                         723955              

ROW_SIZE_5                                      995268                         995268              

ROW_SIZE_6                                    17233435                       17233435              

ROW_SIZE_7                                           0                              0              

ROW_SIZE_8                                           0                              0              

ROW_SIZE_9                                           0                              0              

ROW_SIZE_10                                          0                              0              

ROW_SIZE_11                                          0                              0              

ROW_SIZE_12                                          0                              0              

ROW_SIZE_13                                          0                              0              

ROW_SIZE_14                                          0                              0              

ROW_SIZE_15                                          0                              0              

ROW_SIZE_16                                          0                              0              

ROW_SIZE_17                                          0                              0              

ROW_SIZE_18                                          0                              0              

ROW_SIZE_19                                          0                              0              

ROW_SIZE_20                                          0                              0              

ROW_SIZE_21                                          0                              0              

ROW_SIZE_22                                          0                              0              

ROW_SIZE_23                                          0                              0              

ROW_SIZE_24                                          0                              0              

ROW_SIZE_25                                          0                              0              

ROW_SIZE_26                                          0                              0              

ROW_SIZE_27                                          0                              0              

ROW_SIZE_28                                          0                              0              

ROW_SIZE_29                                          0                              0              

ROW_SIZE_30                                          0                              0              

ROW_SIZE_31                                          0                              0              

RET_OP_EXEC_COUNT_0                                  0        0.000%                0        0.000%
RET_OP_EXEC_COUNT_1                          128408750      100.000%        128408750      100.000%
RET_OP_EXEC_COUNT_2                                  0        0.000%                0        0.000%
RET_OP_EXEC_COUNT_3                                  0        0.000%                0        0.000%
RET_OP_EXEC_COUNT_4                                  0        0.000%                0        0.000%
RET_OP_EXEC_COUNT_5                                  0        0.000%                0        0.000%
RET_OP_EXEC_COUNT_6                                  0        0.000%                0        0.000%
RET_OP_EXEC_COUNT_7                                  0        0.000%                0        0.000%
RET_OP_EXEC_COUNT_8                                  0        0.000%                0        0.000%
RET_OP_EXEC_COUNT_9                                  0        0.000%                0        0.000%
RET_OP_EXEC_COUNT_10                                 0        0.000%                0        0.000%
RET_OP_EXEC_COUNT_11                                 0        0.000%                0        0.000%
RET_OP_EXEC_COUNT_12                                 0        0.000%                0        0.000%
RET_OP_EXEC_COUNT_13                                 0        0.000%                0        0.000%
RET_OP_EXEC_COUNT_14                                 0        0.000%                0        0.000%
RET_OP_EXEC_COUNT_15                                 0        0.000%                0        0.000%
RET_OP_EXEC_COUNT_16                                 0        0.000%                0        0.000%
RET_OP_EXEC_COUNT_17                                 0        0.000%                0        0.000%
RET_OP_EXEC_COUNT_18                                 0        0.000%                0        0.000%
RET_OP_EXEC_COUNT_19                                 0        0.000%                0        0.000%
RET_OP_EXEC_COUNT_20                                 0        0.000%                0        0.000%
RET_OP_EXEC_COUNT_21                                 0        0.000%                0        0.000%
RET_OP_EXEC_COUNT_22                                 0        0.000%                0        0.000%
RET_OP_EXEC_COUNT_23                                 0        0.000%                0        0.000%
RET_OP_EXEC_COUNT_24                                 0        0.000%                0        0.000%
RET_OP_EXEC_COUNT_25                                 0        0.000%                0        0.000%
RET_OP_EXEC_COUNT_26                                 0        0.000%                0        0.000%
RET_OP_EXEC_COUNT_27                                 0        0.000%                0        0.000%
RET_OP_EXEC_COUNT_28                                 0        0.000%                0        0.000%
RET_OP_EXEC_COUNT_29                                 0        0.000%                0        0.000%
RET_OP_EXEC_COUNT_30                                 0        0.000%                0        0.000%
RET_OP_EXEC_COUNT_31                                 0        0.000%                0        0.000%
RET_OP_EXEC_COUNT_32                                 0        0.000%                0        0.000%
                                             128408750      100.000%        128408750      100.000%
                                                  1.00         0.00              1.00         0.00

RET_STALL_LENGTH_0                           128408724      100.000%        128408724      100.000%
RET_STALL_LENGTH_100                                26        0.000%               26        0.000%
RET_STALL_LENGTH_200                                 0        0.000%                0        0.000%
RET_STALL_LENGTH_300                                 0        0.000%                0        0.000%
RET_STALL_LENGTH_400                                 0        0.000%                0        0.000%
RET_STALL_LENGTH_500                                 0        0.000%                0        0.000%
RET_STALL_LENGTH_600                                 0        0.000%                0        0.000%
RET_STALL_LENGTH_700                                 0        0.000%                0        0.000%
RET_STALL_LENGTH_800                                 0        0.000%                0        0.000%
RET_STALL_LENGTH_900                                 0        0.000%                0        0.000%
RET_STALL_LENGTH_1000                                0        0.000%                0        0.000%
RET_STALL_LENGTH_1100                                0        0.000%                0        0.000%
RET_STALL_LENGTH_1200                                0        0.000%                0        0.000%
RET_STALL_LENGTH_1300                                0        0.000%                0        0.000%
RET_STALL_LENGTH_1400                                0        0.000%                0        0.000%
RET_STALL_LENGTH_1500                                0        0.000%                0        0.000%
RET_STALL_LENGTH_1600                                0        0.000%                0        0.000%
RET_STALL_LENGTH_1700                                0        0.000%                0        0.000%
RET_STALL_LENGTH_1800                                0        0.000%                0        0.000%
RET_STALL_LENGTH_1900                                0        0.000%                0        0.000%
RET_STALL_LENGTH_2000                                0        0.000%                0        0.000%
RET_STALL_LENGTH_2100                                0        0.000%                0        0.000%
RET_STALL_LENGTH_2200                                0        0.000%                0        0.000%
RET_STALL_LENGTH_2300                                0        0.000%                0        0.000%
RET_STALL_LENGTH_2400                                0        0.000%                0        0.000%
RET_STALL_LENGTH_2500                                0        0.000%                0        0.000%
RET_STALL_LENGTH_2600                                0        0.000%                0        0.000%
RET_STALL_LENGTH_2700                                0        0.000%                0        0.000%
RET_STALL_LENGTH_2800                                0        0.000%                0        0.000%
RET_STALL_LENGTH_2900                                0        0.000%                0        0.000%
RET_STALL_LENGTH_3000                                0        0.000%                0        0.000%
RET_STALL_LENGTH_3100                                0        0.000%                0        0.000%
RET_STALL_LENGTH_3200                                0        0.000%                0        0.000%
RET_STALL_LENGTH_3300                                0        0.000%                0        0.000%
RET_STALL_LENGTH_3400                                0        0.000%                0        0.000%
RET_STALL_LENGTH_3500                                0        0.000%                0        0.000%
RET_STALL_LENGTH_3600                                0        0.000%                0        0.000%
RET_STALL_LENGTH_3700                                0        0.000%                0        0.000%
RET_STALL_LENGTH_3800                                0        0.000%                0        0.000%
RET_STALL_LENGTH_3900                                0        0.000%                0        0.000%
RET_STALL_LENGTH_4000                                0        0.000%                0        0.000%
RET_STALL_LENGTH_4100                                0        0.000%                0        0.000%
RET_STALL_LENGTH_4200                                0        0.000%                0        0.000%
RET_STALL_LENGTH_4300                                0        0.000%                0        0.000%
RET_STALL_LENGTH_4400                                0        0.000%                0        0.000%
RET_STALL_LENGTH_4500                                0        0.000%                0        0.000%
RET_STALL_LENGTH_4600                                0        0.000%                0        0.000%
RET_STALL_LENGTH_4700                                0        0.000%                0        0.000%
RET_STALL_LENGTH_4800                                0        0.000%                0        0.000%
RET_STALL_LENGTH_4900                                0        0.000%                0        0.000%
RET_STALL_LENGTH_5000                                0        0.000%                0        0.000%
                                             128408750      100.000%        128408750      100.000%
                                                  0.00         0.00              0.00         0.00

MEM_BLOCK_LENGTH_0                                   0         -nan%                0         -nan%
MEM_BLOCK_LENGTH_100                                 0         -nan%                0         -nan%
MEM_BLOCK_LENGTH_200                                 0         -nan%                0         -nan%
MEM_BLOCK_LENGTH_300                                 0         -nan%                0         -nan%
MEM_BLOCK_LENGTH_400                                 0         -nan%                0         -nan%
MEM_BLOCK_LENGTH_500                                 0         -nan%                0         -nan%
MEM_BLOCK_LENGTH_600                                 0         -nan%                0         -nan%
MEM_BLOCK_LENGTH_700                                 0         -nan%                0         -nan%
MEM_BLOCK_LENGTH_800                                 0         -nan%                0         -nan%
MEM_BLOCK_LENGTH_900                                 0         -nan%                0         -nan%
MEM_BLOCK_LENGTH_1000                                0         -nan%                0         -nan%
MEM_BLOCK_LENGTH_1100                                0         -nan%                0         -nan%
MEM_BLOCK_LENGTH_1200                                0         -nan%                0         -nan%
MEM_BLOCK_LENGTH_1300                                0         -nan%                0         -nan%
MEM_BLOCK_LENGTH_1400                                0         -nan%                0         -nan%
MEM_BLOCK_LENGTH_1500                                0         -nan%                0         -nan%
MEM_BLOCK_LENGTH_1600                                0         -nan%                0         -nan%
MEM_BLOCK_LENGTH_1700                                0         -nan%                0         -nan%
MEM_BLOCK_LENGTH_1800                                0         -nan%                0         -nan%
MEM_BLOCK_LENGTH_1900                                0         -nan%                0         -nan%
MEM_BLOCK_LENGTH_2000                                0         -nan%                0         -nan%
MEM_BLOCK_LENGTH_2100                                0         -nan%                0         -nan%
MEM_BLOCK_LENGTH_2200                                0         -nan%                0         -nan%
MEM_BLOCK_LENGTH_2300                                0         -nan%                0         -nan%
MEM_BLOCK_LENGTH_2400                                0         -nan%                0         -nan%
MEM_BLOCK_LENGTH_2500                                0         -nan%                0         -nan%
MEM_BLOCK_LENGTH_2600                                0         -nan%                0         -nan%
MEM_BLOCK_LENGTH_2700                                0         -nan%                0         -nan%
MEM_BLOCK_LENGTH_2800                                0         -nan%                0         -nan%
MEM_BLOCK_LENGTH_2900                                0         -nan%                0         -nan%
MEM_BLOCK_LENGTH_3000                                0         -nan%                0         -nan%
MEM_BLOCK_LENGTH_3100                                0         -nan%                0         -nan%
MEM_BLOCK_LENGTH_3200                                0         -nan%                0         -nan%
MEM_BLOCK_LENGTH_3300                                0         -nan%                0         -nan%
MEM_BLOCK_LENGTH_3400                                0         -nan%                0         -nan%
MEM_BLOCK_LENGTH_3500                                0         -nan%                0         -nan%
MEM_BLOCK_LENGTH_3600                                0         -nan%                0         -nan%
MEM_BLOCK_LENGTH_3700                                0         -nan%                0         -nan%
MEM_BLOCK_LENGTH_3800                                0         -nan%                0         -nan%
MEM_BLOCK_LENGTH_3900                                0         -nan%                0         -nan%
MEM_BLOCK_LENGTH_4000                                0         -nan%                0         -nan%
MEM_BLOCK_LENGTH_4100                                0         -nan%                0         -nan%
MEM_BLOCK_LENGTH_4200                                0         -nan%                0         -nan%
MEM_BLOCK_LENGTH_4300                                0         -nan%                0         -nan%
MEM_BLOCK_LENGTH_4400                                0         -nan%                0         -nan%
MEM_BLOCK_LENGTH_4500                                0         -nan%                0         -nan%
MEM_BLOCK_LENGTH_4600                                0         -nan%                0         -nan%
MEM_BLOCK_LENGTH_4700                                0         -nan%                0         -nan%
MEM_BLOCK_LENGTH_4800                                0         -nan%                0         -nan%
MEM_BLOCK_LENGTH_4900                                0         -nan%                0         -nan%
MEM_BLOCK_LENGTH_5000                                0         -nan%                0         -nan%
                                                     0         -nan%                0         -nan%
                                                  -nan         -nan              -nan         -nan

FUS_BUSY_ON_PATH                             148319341        3.6543        148319341        3.6543

FUS_BUSY_OFF_PATH                                    0        0.0000                0        0.0000

FU_BUSY_MEM_STALL                             19893043        0.4901         19893043        0.4901

FUS_EMPTY                                    176385723        4.3457        176385723        4.3457

CHIP_UTILIZATION                                     0        0.0000                0        0.0000

CYCLES_UNDER_MEM_REQ                                 0                              0              

CYCLES_UNDER_NO_MEM_REQ                              0                              0              

CYCLES_UNDER_CRITICAL_MEM_REQ                        0                              0              

CYCLES_UNDER_NONCRITICAL_MEM_REQ                     0                              0              

CHIP_UTILIZATION_UNDER_MEM_REQ                       0          -nan                0          -nan

CHIP_UTILIZATION_UNDER_NO_MEM_REQ                    0          -nan                0          -nan

CHIP_UTILIZATION_UNDER_CRITICAL_MEM_REQ              0          -nan                0          -nan

CHIP_UTILIZATION_UNDER_NONCRITICAL_MEM_REQ             0          -nan                0          -nan

CYCLES_NOT_WAITING_FOR_OFF_CHIP                      0        0.0000                0        0.0000

FUS_BUSY_NOT_WAITING_FOR_OFF_CHIP                    0          -nan                0          -nan

CYCLES_WAITING_FOR_OFF_CHIP                          0        0.0000                0        0.0000

FUS_BUSY_WAITING_FOR_OFF_CHIP                        0          -nan                0          -nan

TOTAL_OFF_CHIP_DELAYS_LEFT                           0                              0              

WRONG_IO_SCHED                                       0                              0              

DVFS_CONFIG_SWITCH                                   0                              0              



