/* -*- Mode: c -*- */
####################################################################################################
Core 0
####################################################################################################
Cumulative:        Cycles: 37607090              Instructions: 100000004             IPC: 2.65907

EXECUTION_TIME                           11752215625000                  11752215625000              

NODE_CYCLE                                    37607090                       37607090              

NODE_INST_COUNT                              100000004                      100000004              

NODE_UOP_COUNT                               119001692                      119001692              

FULL_WINDOW_STALL                                16936        0.045%            16936        0.045%

FULL_WINDOW_MEM_OP                                2798       25.581%             2798       25.581%
FULL_WINDOW_FP_OP                                 8140       74.419%             8140       74.419%
FULL_WINDOW_OTHER_OP                                 0        0.000%                0        0.000%
                                                 10938      100.000%            10938      100.000%
                                                  0.74         0.22              0.74         0.22

RET_BLOCKED_DC_MISS                             101000        0.269%           101000        0.269%

RET_BLOCKED_L1_MISS                               7211        0.019%             7211        0.019%

RET_BLOCKED_L1_MISS_BW_PREF                          0        0.000%                0        0.000%

RET_BLOCKED_L1_ACCESS                            93794        0.249%            93794        0.249%

RET_BLOCKED_MEM_STALL                             7211        0.019%             7211        0.019%

RET_BLOCKED_OFFCHIP_DEMAND                           0        0.000%                0        0.000%

OP_ISSUED                                    119001743                      119001743              

OP_RETIRED                                   119001692                      119001692              

REPLAY_SIGNALED                                      0                              0              

REPLAY_COUNTED                                       0                              0              

OFF_CRITICAL_PATH                                    0         -nan%                0         -nan%
ON_CRITICAL_PATH                                     0         -nan%                0         -nan%
                                                     0         -nan%                0         -nan%
                                                  -nan         -nan              -nan         -nan

LD_NO_DEPENDENTS                               1952463        9.771%          1952463        9.771%
LD_DEPENDENTS                                 18029736       90.229%         18029736       90.229%
                                              19982199      100.000%         19982199      100.000%
                                                  0.90         0.86              0.90         0.86

LD_EXEC_CYCLES_0                                     0        0.000%                0        0.000%
LD_EXEC_CYCLES_1                                     0        0.000%                0        0.000%
LD_EXEC_CYCLES_2                                     0        0.000%                0        0.000%
LD_EXEC_CYCLES_3                              16786092       89.001%         16786092       89.001%
LD_EXEC_CYCLES_4                               2074451       10.999%          2074451       10.999%
                                              18860543      100.000%         18860543      100.000%
                                                  3.11         1.08              3.11         1.08

FU_BUSY_0                                     29063647                       29063647              

FU_BUSY_1                                     26233571                       26233571              

FU_BUSY_2                                     22584903                       22584903              

FU_BUSY_3                                     18313247                       18313247              

FU_BUSY_4                                     13609388                       13609388              

FU_BUSY_5                                      8596747                        8596747              

FU_BUSY_6                                      5936392                        5936392              

FU_BUSY_7                                      3472463                        3472463              

FU_BUSY_8                                            0                              0              

FU_BUSY_9                                            0                              0              

FU_BUSY_10                                           0                              0              

FU_BUSY_11                                           0                              0              

FU_BUSY_12                                           0                              0              

FU_BUSY_13                                           0                              0              

FU_BUSY_14                                           0                              0              

FU_BUSY_15                                           0                              0              

FU_BUSY_16                                           0                              0              

FU_BUSY_17                                           0                              0              

FU_BUSY_18                                           0                              0              

FU_BUSY_19                                           0                              0              

FU_BUSY_20                                           0                              0              

FU_BUSY_21                                           0                              0              

FU_BUSY_22                                           0                              0              

FU_BUSY_23                                           0                              0              

FU_BUSY_24                                           0                              0              

FU_BUSY_25                                           0                              0              

FU_BUSY_26                                           0                              0              

FU_BUSY_27                                           0                              0              

FU_BUSY_28                                           0                              0              

FU_BUSY_29                                           0                              0              

FU_BUSY_30                                           0                              0              

FU_BUSY_31                                           0                              0              

OP_WAIT_0                                     82088622                       82088622              

OP_WAIT_1                                     31439041                       31439041              

OP_WAIT_2                                      3710878                        3710878              

OP_WAIT_3                                       904563                         904563              

OP_WAIT_4                                       362490                         362490              

OP_WAIT_5                                       202550                         202550              

OP_WAIT_6                                       255822                         255822              

OP_WAIT_7                                        25885                          25885              

OP_WAIT_8                                         4746                           4746              

OP_WAIT_9                                         2716                           2716              

OP_WAIT_10                                        2421                           2421              

OP_WAIT_11                                         854                            854              

OP_WAIT_12                                         340                            340              

OP_WAIT_13                                          27                             27              

OP_WAIT_14                                         729                            729              

OP_WAIT_15                                           0                              0              

OP_WAIT_16                                           1                              1              

OP_WAIT_17                                           0                              0              

OP_WAIT_18                                           0                              0              

OP_WAIT_19                                           0                              0              

OP_WAIT_20                                           0                              0              

OP_WAIT_21                                           0                              0              

OP_WAIT_22                                           0                              0              

OP_WAIT_23                                           0                              0              

OP_WAIT_24                                           0                              0              

OP_WAIT_25                                           0                              0              

OP_WAIT_26                                           0                              0              

OP_WAIT_27                                           0                              0              

OP_WAIT_28                                           0                              0              

OP_WAIT_29                                           0                              0              

OP_WAIT_30                                           0                              0              

OP_WAIT_31                                           7                              7              

ROW_SIZE_0                                     5962528                        5962528              

ROW_SIZE_1                                     5582440                        5582440              

ROW_SIZE_2                                     2592549                        2592549              

ROW_SIZE_3                                     1108745                        1108745              

ROW_SIZE_4                                     1455024                        1455024              

ROW_SIZE_5                                      975401                         975401              

ROW_SIZE_6                                    15701803                       15701803              

ROW_SIZE_7                                           0                              0              

ROW_SIZE_8                                           0                              0              

ROW_SIZE_9                                           0                              0              

ROW_SIZE_10                                          0                              0              

ROW_SIZE_11                                          0                              0              

ROW_SIZE_12                                          0                              0              

ROW_SIZE_13                                          0                              0              

ROW_SIZE_14                                          0                              0              

ROW_SIZE_15                                          0                              0              

ROW_SIZE_16                                          0                              0              

ROW_SIZE_17                                          0                              0              

ROW_SIZE_18                                          0                              0              

ROW_SIZE_19                                          0                              0              

ROW_SIZE_20                                          0                              0              

ROW_SIZE_21                                          0                              0              

ROW_SIZE_22                                          0                              0              

ROW_SIZE_23                                          0                              0              

ROW_SIZE_24                                          0                              0              

ROW_SIZE_25                                          0                              0              

ROW_SIZE_26                                          0                              0              

ROW_SIZE_27                                          0                              0              

ROW_SIZE_28                                          0                              0              

ROW_SIZE_29                                          0                              0              

ROW_SIZE_30                                          0                              0              

ROW_SIZE_31                                          0                              0              

RET_OP_EXEC_COUNT_0                                  0        0.000%                0        0.000%
RET_OP_EXEC_COUNT_1                          119001692      100.000%        119001692      100.000%
RET_OP_EXEC_COUNT_2                                  0        0.000%                0        0.000%
RET_OP_EXEC_COUNT_3                                  0        0.000%                0        0.000%
RET_OP_EXEC_COUNT_4                                  0        0.000%                0        0.000%
RET_OP_EXEC_COUNT_5                                  0        0.000%                0        0.000%
RET_OP_EXEC_COUNT_6                                  0        0.000%                0        0.000%
RET_OP_EXEC_COUNT_7                                  0        0.000%                0        0.000%
RET_OP_EXEC_COUNT_8                                  0        0.000%                0        0.000%
RET_OP_EXEC_COUNT_9                                  0        0.000%                0        0.000%
RET_OP_EXEC_COUNT_10                                 0        0.000%                0        0.000%
RET_OP_EXEC_COUNT_11                                 0        0.000%                0        0.000%
RET_OP_EXEC_COUNT_12                                 0        0.000%                0        0.000%
RET_OP_EXEC_COUNT_13                                 0        0.000%                0        0.000%
RET_OP_EXEC_COUNT_14                                 0        0.000%                0        0.000%
RET_OP_EXEC_COUNT_15                                 0        0.000%                0        0.000%
RET_OP_EXEC_COUNT_16                                 0        0.000%                0        0.000%
RET_OP_EXEC_COUNT_17                                 0        0.000%                0        0.000%
RET_OP_EXEC_COUNT_18                                 0        0.000%                0        0.000%
RET_OP_EXEC_COUNT_19                                 0        0.000%                0        0.000%
RET_OP_EXEC_COUNT_20                                 0        0.000%                0        0.000%
RET_OP_EXEC_COUNT_21                                 0        0.000%                0        0.000%
RET_OP_EXEC_COUNT_22                                 0        0.000%                0        0.000%
RET_OP_EXEC_COUNT_23                                 0        0.000%                0        0.000%
RET_OP_EXEC_COUNT_24                                 0        0.000%                0        0.000%
RET_OP_EXEC_COUNT_25                                 0        0.000%                0        0.000%
RET_OP_EXEC_COUNT_26                                 0        0.000%                0        0.000%
RET_OP_EXEC_COUNT_27                                 0        0.000%                0        0.000%
RET_OP_EXEC_COUNT_28                                 0        0.000%                0        0.000%
RET_OP_EXEC_COUNT_29                                 0        0.000%                0        0.000%
RET_OP_EXEC_COUNT_30                                 0        0.000%                0        0.000%
RET_OP_EXEC_COUNT_31                                 0        0.000%                0        0.000%
RET_OP_EXEC_COUNT_32                                 0        0.000%                0        0.000%
                                             119001692      100.000%        119001692      100.000%
                                                  1.00         0.00              1.00         0.00

RET_STALL_LENGTH_0                           119001658      100.000%        119001658      100.000%
RET_STALL_LENGTH_100                                33        0.000%               33        0.000%
RET_STALL_LENGTH_200                                 0        0.000%                0        0.000%
RET_STALL_LENGTH_300                                 0        0.000%                0        0.000%
RET_STALL_LENGTH_400                                 0        0.000%                0        0.000%
RET_STALL_LENGTH_500                                 0        0.000%                0        0.000%
RET_STALL_LENGTH_600                                 0        0.000%                0        0.000%
RET_STALL_LENGTH_700                                 0        0.000%                0        0.000%
RET_STALL_LENGTH_800                                 0        0.000%                0        0.000%
RET_STALL_LENGTH_900                                 1        0.000%                1        0.000%
RET_STALL_LENGTH_1000                                0        0.000%                0        0.000%
RET_STALL_LENGTH_1100                                0        0.000%                0        0.000%
RET_STALL_LENGTH_1200                                0        0.000%                0        0.000%
RET_STALL_LENGTH_1300                                0        0.000%                0        0.000%
RET_STALL_LENGTH_1400                                0        0.000%                0        0.000%
RET_STALL_LENGTH_1500                                0        0.000%                0        0.000%
RET_STALL_LENGTH_1600                                0        0.000%                0        0.000%
RET_STALL_LENGTH_1700                                0        0.000%                0        0.000%
RET_STALL_LENGTH_1800                                0        0.000%                0        0.000%
RET_STALL_LENGTH_1900                                0        0.000%                0        0.000%
RET_STALL_LENGTH_2000                                0        0.000%                0        0.000%
RET_STALL_LENGTH_2100                                0        0.000%                0        0.000%
RET_STALL_LENGTH_2200                                0        0.000%                0        0.000%
RET_STALL_LENGTH_2300                                0        0.000%                0        0.000%
RET_STALL_LENGTH_2400                                0        0.000%                0        0.000%
RET_STALL_LENGTH_2500                                0        0.000%                0        0.000%
RET_STALL_LENGTH_2600                                0        0.000%                0        0.000%
RET_STALL_LENGTH_2700                                0        0.000%                0        0.000%
RET_STALL_LENGTH_2800                                0        0.000%                0        0.000%
RET_STALL_LENGTH_2900                                0        0.000%                0        0.000%
RET_STALL_LENGTH_3000                                0        0.000%                0        0.000%
RET_STALL_LENGTH_3100                                0        0.000%                0        0.000%
RET_STALL_LENGTH_3200                                0        0.000%                0        0.000%
RET_STALL_LENGTH_3300                                0        0.000%                0        0.000%
RET_STALL_LENGTH_3400                                0        0.000%                0        0.000%
RET_STALL_LENGTH_3500                                0        0.000%                0        0.000%
RET_STALL_LENGTH_3600                                0        0.000%                0        0.000%
RET_STALL_LENGTH_3700                                0        0.000%                0        0.000%
RET_STALL_LENGTH_3800                                0        0.000%                0        0.000%
RET_STALL_LENGTH_3900                                0        0.000%                0        0.000%
RET_STALL_LENGTH_4000                                0        0.000%                0        0.000%
RET_STALL_LENGTH_4100                                0        0.000%                0        0.000%
RET_STALL_LENGTH_4200                                0        0.000%                0        0.000%
RET_STALL_LENGTH_4300                                0        0.000%                0        0.000%
RET_STALL_LENGTH_4400                                0        0.000%                0        0.000%
RET_STALL_LENGTH_4500                                0        0.000%                0        0.000%
RET_STALL_LENGTH_4600                                0        0.000%                0        0.000%
RET_STALL_LENGTH_4700                                0        0.000%                0        0.000%
RET_STALL_LENGTH_4800                                0        0.000%                0        0.000%
RET_STALL_LENGTH_4900                                0        0.000%                0        0.000%
RET_STALL_LENGTH_5000                                0        0.000%                0        0.000%
                                             119001692      100.000%        119001692      100.000%
                                                  0.00         0.00              0.00         0.00

MEM_BLOCK_LENGTH_0                                   0         -nan%                0         -nan%
MEM_BLOCK_LENGTH_100                                 0         -nan%                0         -nan%
MEM_BLOCK_LENGTH_200                                 0         -nan%                0         -nan%
MEM_BLOCK_LENGTH_300                                 0         -nan%                0         -nan%
MEM_BLOCK_LENGTH_400                                 0         -nan%                0         -nan%
MEM_BLOCK_LENGTH_500                                 0         -nan%                0         -nan%
MEM_BLOCK_LENGTH_600                                 0         -nan%                0         -nan%
MEM_BLOCK_LENGTH_700                                 0         -nan%                0         -nan%
MEM_BLOCK_LENGTH_800                                 0         -nan%                0         -nan%
MEM_BLOCK_LENGTH_900                                 0         -nan%                0         -nan%
MEM_BLOCK_LENGTH_1000                                0         -nan%                0         -nan%
MEM_BLOCK_LENGTH_1100                                0         -nan%                0         -nan%
MEM_BLOCK_LENGTH_1200                                0         -nan%                0         -nan%
MEM_BLOCK_LENGTH_1300                                0         -nan%                0         -nan%
MEM_BLOCK_LENGTH_1400                                0         -nan%                0         -nan%
MEM_BLOCK_LENGTH_1500                                0         -nan%                0         -nan%
MEM_BLOCK_LENGTH_1600                                0         -nan%                0         -nan%
MEM_BLOCK_LENGTH_1700                                0         -nan%                0         -nan%
MEM_BLOCK_LENGTH_1800                                0         -nan%                0         -nan%
MEM_BLOCK_LENGTH_1900                                0         -nan%                0         -nan%
MEM_BLOCK_LENGTH_2000                                0         -nan%                0         -nan%
MEM_BLOCK_LENGTH_2100                                0         -nan%                0         -nan%
MEM_BLOCK_LENGTH_2200                                0         -nan%                0         -nan%
MEM_BLOCK_LENGTH_2300                                0         -nan%                0         -nan%
MEM_BLOCK_LENGTH_2400                                0         -nan%                0         -nan%
MEM_BLOCK_LENGTH_2500                                0         -nan%                0         -nan%
MEM_BLOCK_LENGTH_2600                                0         -nan%                0         -nan%
MEM_BLOCK_LENGTH_2700                                0         -nan%                0         -nan%
MEM_BLOCK_LENGTH_2800                                0         -nan%                0         -nan%
MEM_BLOCK_LENGTH_2900                                0         -nan%                0         -nan%
MEM_BLOCK_LENGTH_3000                                0         -nan%                0         -nan%
MEM_BLOCK_LENGTH_3100                                0         -nan%                0         -nan%
MEM_BLOCK_LENGTH_3200                                0         -nan%                0         -nan%
MEM_BLOCK_LENGTH_3300                                0         -nan%                0         -nan%
MEM_BLOCK_LENGTH_3400                                0         -nan%                0         -nan%
MEM_BLOCK_LENGTH_3500                                0         -nan%                0         -nan%
MEM_BLOCK_LENGTH_3600                                0         -nan%                0         -nan%
MEM_BLOCK_LENGTH_3700                                0         -nan%                0         -nan%
MEM_BLOCK_LENGTH_3800                                0         -nan%                0         -nan%
MEM_BLOCK_LENGTH_3900                                0         -nan%                0         -nan%
MEM_BLOCK_LENGTH_4000                                0         -nan%                0         -nan%
MEM_BLOCK_LENGTH_4100                                0         -nan%                0         -nan%
MEM_BLOCK_LENGTH_4200                                0         -nan%                0         -nan%
MEM_BLOCK_LENGTH_4300                                0         -nan%                0         -nan%
MEM_BLOCK_LENGTH_4400                                0         -nan%                0         -nan%
MEM_BLOCK_LENGTH_4500                                0         -nan%                0         -nan%
MEM_BLOCK_LENGTH_4600                                0         -nan%                0         -nan%
MEM_BLOCK_LENGTH_4700                                0         -nan%                0         -nan%
MEM_BLOCK_LENGTH_4800                                0         -nan%                0         -nan%
MEM_BLOCK_LENGTH_4900                                0         -nan%                0         -nan%
MEM_BLOCK_LENGTH_5000                                0         -nan%                0         -nan%
                                                     0         -nan%                0         -nan%
                                                  -nan         -nan              -nan         -nan

FUS_BUSY_ON_PATH                             127810358        3.3986        127810358        3.3986

FUS_BUSY_OFF_PATH                                    0        0.0000                0        0.0000

FU_BUSY_MEM_STALL                              7619527        0.2026          7619527        0.2026

FUS_EMPTY                                    173046362        4.6014        173046362        4.6014

CHIP_UTILIZATION                                     0        0.0000                0        0.0000

CYCLES_UNDER_MEM_REQ                                 0                              0              

CYCLES_UNDER_NO_MEM_REQ                              0                              0              

CYCLES_UNDER_CRITICAL_MEM_REQ                        0                              0              

CYCLES_UNDER_NONCRITICAL_MEM_REQ                     0                              0              

CHIP_UTILIZATION_UNDER_MEM_REQ                       0          -nan                0          -nan

CHIP_UTILIZATION_UNDER_NO_MEM_REQ                    0          -nan                0          -nan

CHIP_UTILIZATION_UNDER_CRITICAL_MEM_REQ              0          -nan                0          -nan

CHIP_UTILIZATION_UNDER_NONCRITICAL_MEM_REQ             0          -nan                0          -nan

CYCLES_NOT_WAITING_FOR_OFF_CHIP                      0        0.0000                0        0.0000

FUS_BUSY_NOT_WAITING_FOR_OFF_CHIP                    0          -nan                0          -nan

CYCLES_WAITING_FOR_OFF_CHIP                          0        0.0000                0        0.0000

FUS_BUSY_WAITING_FOR_OFF_CHIP                        0          -nan                0          -nan

TOTAL_OFF_CHIP_DELAYS_LEFT                           0                              0              

WRONG_IO_SCHED                                       0                              0              

DVFS_CONFIG_SWITCH                                   0                              0              



