               ramulator.active_cycles_0            23601284                                      # Total active cycles for level _0
                 ramulator.busy_cycles_0            23601284                                      # (All-bank refresh only. busy cycles only include refresh time in rank level) The sum of cycles that the DRAM part is active or under refresh for level _0
            ramulator.serving_requests_0            56995140                                      # The sum of read and write requests that are served in this DRAM element per memory cycle for level _0
    ramulator.average_serving_requests_0            1.778727                                      # The average of read and write requests that are served in this DRAM element per memory cycle for level _0
             ramulator.active_cycles_0_0            23601284                                      # Total active cycles for level _0_0
               ramulator.busy_cycles_0_0            24120824                                      # (All-bank refresh only. busy cycles only include refresh time in rank level) The sum of cycles that the DRAM part is active or under refresh for level _0_0
          ramulator.serving_requests_0_0            56995140                                      # The sum of read and write requests that are served in this DRAM element per memory cycle for level _0_0
  ramulator.average_serving_requests_0_0            1.778727                                      # The average of read and write requests that are served in this DRAM element per memory cycle for level _0_0
           ramulator.active_cycles_0_0_0            11005233                                      # Total active cycles for level _0_0_0
             ramulator.busy_cycles_0_0_0            11005233                                      # (All-bank refresh only. busy cycles only include refresh time in rank level) The sum of cycles that the DRAM part is active or under refresh for level _0_0_0
        ramulator.serving_requests_0_0_0            14907441                                      # The sum of read and write requests that are served in this DRAM element per memory cycle for level _0_0_0
ramulator.average_serving_requests_0_0_0            0.465237                                      # The average of read and write requests that are served in this DRAM element per memory cycle for level _0_0_0
         ramulator.active_cycles_0_0_0_0             3455651                                      # Total active cycles for level _0_0_0_0
           ramulator.busy_cycles_0_0_0_0             3455651                                      # (All-bank refresh only. busy cycles only include refresh time in rank level) The sum of cycles that the DRAM part is active or under refresh for level _0_0_0_0
      ramulator.serving_requests_0_0_0_0             3683653                                      # The sum of read and write requests that are served in this DRAM element per memory cycle for level _0_0_0_0
ramulator.average_serving_requests_0_0_0_0            0.114961                                      # The average of read and write requests that are served in this DRAM element per memory cycle for level _0_0_0_0
         ramulator.active_cycles_0_0_0_1             3690974                                      # Total active cycles for level _0_0_0_1
           ramulator.busy_cycles_0_0_0_1             3690974                                      # (All-bank refresh only. busy cycles only include refresh time in rank level) The sum of cycles that the DRAM part is active or under refresh for level _0_0_0_1
      ramulator.serving_requests_0_0_0_1             3940645                                      # The sum of read and write requests that are served in this DRAM element per memory cycle for level _0_0_0_1
ramulator.average_serving_requests_0_0_0_1            0.122981                                      # The average of read and write requests that are served in this DRAM element per memory cycle for level _0_0_0_1
         ramulator.active_cycles_0_0_0_2             3223848                                      # Total active cycles for level _0_0_0_2
           ramulator.busy_cycles_0_0_0_2             3223848                                      # (All-bank refresh only. busy cycles only include refresh time in rank level) The sum of cycles that the DRAM part is active or under refresh for level _0_0_0_2
      ramulator.serving_requests_0_0_0_2             3449052                                      # The sum of read and write requests that are served in this DRAM element per memory cycle for level _0_0_0_2
ramulator.average_serving_requests_0_0_0_2            0.107639                                      # The average of read and write requests that are served in this DRAM element per memory cycle for level _0_0_0_2
         ramulator.active_cycles_0_0_0_3             3570908                                      # Total active cycles for level _0_0_0_3
           ramulator.busy_cycles_0_0_0_3             3570908                                      # (All-bank refresh only. busy cycles only include refresh time in rank level) The sum of cycles that the DRAM part is active or under refresh for level _0_0_0_3
      ramulator.serving_requests_0_0_0_3             3834091                                      # The sum of read and write requests that are served in this DRAM element per memory cycle for level _0_0_0_3
ramulator.average_serving_requests_0_0_0_3            0.119656                                      # The average of read and write requests that are served in this DRAM element per memory cycle for level _0_0_0_3
           ramulator.active_cycles_0_0_1            10002743                                      # Total active cycles for level _0_0_1
             ramulator.busy_cycles_0_0_1            10002743                                      # (All-bank refresh only. busy cycles only include refresh time in rank level) The sum of cycles that the DRAM part is active or under refresh for level _0_0_1
        ramulator.serving_requests_0_0_1            13626656                                      # The sum of read and write requests that are served in this DRAM element per memory cycle for level _0_0_1
ramulator.average_serving_requests_0_0_1            0.425266                                      # The average of read and write requests that are served in this DRAM element per memory cycle for level _0_0_1
         ramulator.active_cycles_0_0_1_0             2852490                                      # Total active cycles for level _0_0_1_0
           ramulator.busy_cycles_0_0_1_0             2852490                                      # (All-bank refresh only. busy cycles only include refresh time in rank level) The sum of cycles that the DRAM part is active or under refresh for level _0_0_1_0
      ramulator.serving_requests_0_0_1_0             3056406                                      # The sum of read and write requests that are served in this DRAM element per memory cycle for level _0_0_1_0
ramulator.average_serving_requests_0_0_1_0            0.095386                                      # The average of read and write requests that are served in this DRAM element per memory cycle for level _0_0_1_0
         ramulator.active_cycles_0_0_1_1             3191689                                      # Total active cycles for level _0_0_1_1
           ramulator.busy_cycles_0_0_1_1             3191689                                      # (All-bank refresh only. busy cycles only include refresh time in rank level) The sum of cycles that the DRAM part is active or under refresh for level _0_0_1_1
      ramulator.serving_requests_0_0_1_1             3420462                                      # The sum of read and write requests that are served in this DRAM element per memory cycle for level _0_0_1_1
ramulator.average_serving_requests_0_0_1_1            0.106747                                      # The average of read and write requests that are served in this DRAM element per memory cycle for level _0_0_1_1
         ramulator.active_cycles_0_0_1_2             3370941                                      # Total active cycles for level _0_0_1_2
           ramulator.busy_cycles_0_0_1_2             3370941                                      # (All-bank refresh only. busy cycles only include refresh time in rank level) The sum of cycles that the DRAM part is active or under refresh for level _0_0_1_2
      ramulator.serving_requests_0_0_1_2             3616651                                      # The sum of read and write requests that are served in this DRAM element per memory cycle for level _0_0_1_2
ramulator.average_serving_requests_0_0_1_2            0.112870                                      # The average of read and write requests that are served in this DRAM element per memory cycle for level _0_0_1_2
         ramulator.active_cycles_0_0_1_3             3292778                                      # Total active cycles for level _0_0_1_3
           ramulator.busy_cycles_0_0_1_3             3292778                                      # (All-bank refresh only. busy cycles only include refresh time in rank level) The sum of cycles that the DRAM part is active or under refresh for level _0_0_1_3
      ramulator.serving_requests_0_0_1_3             3533137                                      # The sum of read and write requests that are served in this DRAM element per memory cycle for level _0_0_1_3
ramulator.average_serving_requests_0_0_1_3            0.110264                                      # The average of read and write requests that are served in this DRAM element per memory cycle for level _0_0_1_3
           ramulator.active_cycles_0_0_2            10575451                                      # Total active cycles for level _0_0_2
             ramulator.busy_cycles_0_0_2            10575451                                      # (All-bank refresh only. busy cycles only include refresh time in rank level) The sum of cycles that the DRAM part is active or under refresh for level _0_0_2
        ramulator.serving_requests_0_0_2            14373942                                      # The sum of read and write requests that are served in this DRAM element per memory cycle for level _0_0_2
ramulator.average_serving_requests_0_0_2            0.448588                                      # The average of read and write requests that are served in this DRAM element per memory cycle for level _0_0_2
         ramulator.active_cycles_0_0_2_0             3118065                                      # Total active cycles for level _0_0_2_0
           ramulator.busy_cycles_0_0_2_0             3118065                                      # (All-bank refresh only. busy cycles only include refresh time in rank level) The sum of cycles that the DRAM part is active or under refresh for level _0_0_2_0
      ramulator.serving_requests_0_0_2_0             3342657                                      # The sum of read and write requests that are served in this DRAM element per memory cycle for level _0_0_2_0
ramulator.average_serving_requests_0_0_2_0            0.104319                                      # The average of read and write requests that are served in this DRAM element per memory cycle for level _0_0_2_0
         ramulator.active_cycles_0_0_2_1             3334855                                      # Total active cycles for level _0_0_2_1
           ramulator.busy_cycles_0_0_2_1             3334855                                      # (All-bank refresh only. busy cycles only include refresh time in rank level) The sum of cycles that the DRAM part is active or under refresh for level _0_0_2_1
      ramulator.serving_requests_0_0_2_1             3581513                                      # The sum of read and write requests that are served in this DRAM element per memory cycle for level _0_0_2_1
ramulator.average_serving_requests_0_0_2_1            0.111773                                      # The average of read and write requests that are served in this DRAM element per memory cycle for level _0_0_2_1
         ramulator.active_cycles_0_0_2_2             3430685                                      # Total active cycles for level _0_0_2_2
           ramulator.busy_cycles_0_0_2_2             3430685                                      # (All-bank refresh only. busy cycles only include refresh time in rank level) The sum of cycles that the DRAM part is active or under refresh for level _0_0_2_2
      ramulator.serving_requests_0_0_2_2             3677545                                      # The sum of read and write requests that are served in this DRAM element per memory cycle for level _0_0_2_2
ramulator.average_serving_requests_0_0_2_2            0.114770                                      # The average of read and write requests that are served in this DRAM element per memory cycle for level _0_0_2_2
         ramulator.active_cycles_0_0_2_3             3517429                                      # Total active cycles for level _0_0_2_3
           ramulator.busy_cycles_0_0_2_3             3517429                                      # (All-bank refresh only. busy cycles only include refresh time in rank level) The sum of cycles that the DRAM part is active or under refresh for level _0_0_2_3
      ramulator.serving_requests_0_0_2_3             3772227                                      # The sum of read and write requests that are served in this DRAM element per memory cycle for level _0_0_2_3
ramulator.average_serving_requests_0_0_2_3            0.117725                                      # The average of read and write requests that are served in this DRAM element per memory cycle for level _0_0_2_3
           ramulator.active_cycles_0_0_3            10403877                                      # Total active cycles for level _0_0_3
             ramulator.busy_cycles_0_0_3            10403877                                      # (All-bank refresh only. busy cycles only include refresh time in rank level) The sum of cycles that the DRAM part is active or under refresh for level _0_0_3
        ramulator.serving_requests_0_0_3            14087101                                      # The sum of read and write requests that are served in this DRAM element per memory cycle for level _0_0_3
ramulator.average_serving_requests_0_0_3            0.439636                                      # The average of read and write requests that are served in this DRAM element per memory cycle for level _0_0_3
         ramulator.active_cycles_0_0_3_0             3370599                                      # Total active cycles for level _0_0_3_0
           ramulator.busy_cycles_0_0_3_0             3370599                                      # (All-bank refresh only. busy cycles only include refresh time in rank level) The sum of cycles that the DRAM part is active or under refresh for level _0_0_3_0
      ramulator.serving_requests_0_0_3_0             3608175                                      # The sum of read and write requests that are served in this DRAM element per memory cycle for level _0_0_3_0
ramulator.average_serving_requests_0_0_3_0            0.112605                                      # The average of read and write requests that are served in this DRAM element per memory cycle for level _0_0_3_0
         ramulator.active_cycles_0_0_3_1             3328616                                      # Total active cycles for level _0_0_3_1
           ramulator.busy_cycles_0_0_3_1             3328616                                      # (All-bank refresh only. busy cycles only include refresh time in rank level) The sum of cycles that the DRAM part is active or under refresh for level _0_0_3_1
      ramulator.serving_requests_0_0_3_1             3569406                                      # The sum of read and write requests that are served in this DRAM element per memory cycle for level _0_0_3_1
ramulator.average_serving_requests_0_0_3_1            0.111395                                      # The average of read and write requests that are served in this DRAM element per memory cycle for level _0_0_3_1
         ramulator.active_cycles_0_0_3_2             3322439                                      # Total active cycles for level _0_0_3_2
           ramulator.busy_cycles_0_0_3_2             3322439                                      # (All-bank refresh only. busy cycles only include refresh time in rank level) The sum of cycles that the DRAM part is active or under refresh for level _0_0_3_2
      ramulator.serving_requests_0_0_3_2             3562043                                      # The sum of read and write requests that are served in this DRAM element per memory cycle for level _0_0_3_2
ramulator.average_serving_requests_0_0_3_2            0.111166                                      # The average of read and write requests that are served in this DRAM element per memory cycle for level _0_0_3_2
         ramulator.active_cycles_0_0_3_3             3135218                                      # Total active cycles for level _0_0_3_3
           ramulator.busy_cycles_0_0_3_3             3135218                                      # (All-bank refresh only. busy cycles only include refresh time in rank level) The sum of cycles that the DRAM part is active or under refresh for level _0_0_3_3
      ramulator.serving_requests_0_0_3_3             3347477                                      # The sum of read and write requests that are served in this DRAM element per memory cycle for level _0_0_3_3
ramulator.average_serving_requests_0_0_3_3            0.104469                                      # The average of read and write requests that are served in this DRAM element per memory cycle for level _0_0_3_3
      ramulator.read_transaction_bytes_0            37835200                                      # The total byte of read transaction per channel
     ramulator.write_transaction_bytes_0            18082816                                      # The total byte of write transaction per channel
       ramulator.row_hits_channel_0_core              360116                                      # Number of row hits per channel per core
     ramulator.row_misses_channel_0_core               57420                                      # Number of row misses per channel per core
  ramulator.row_conflicts_channel_0_core              456183                                      # Number of row conflicts per channel per core
  ramulator.read_row_hits_channel_0_core              340346                                      # Number of row hits for read requests per channel per core
                                     [0]            340346.0                                      # 
ramulator.read_row_misses_channel_0_core               35118                                      # Number of row misses for read requests per channel per core
                                     [0]             35118.0                                      # 
ramulator.read_row_conflicts_channel_0_core              215711                                      # Number of row conflicts for read requests per channel per core
                                     [0]            215711.0                                      # 
 ramulator.write_row_hits_channel_0_core               19770                                      # Number of row hits for write requests per channel per core
                                     [0]             19770.0                                      # 
ramulator.write_row_misses_channel_0_core               22302                                      # Number of row misses for write requests per channel per core
                                     [0]             22302.0                                      # 
ramulator.write_row_conflicts_channel_0_core              240472                                      # Number of row conflicts for write requests per channel per core
                                     [0]            240472.0                                      # 
      ramulator.useless_activates_0_core                  87                                      # Number of useless activations. E.g, ACT -> PRE w/o RD or WR
            ramulator.read_latency_avg_0           54.542211                                      # The average memory latency cycles (in memory time domain) per request for all read requests in this channel
            ramulator.read_latency_sum_0            32255173                                      # The memory latency cycles (in memory time domain) sum for all read requests in this channel
        ramulator.req_queue_length_avg_0           15.246281                                      # Average of read and write queue length per memory cycle per channel.
        ramulator.req_queue_length_sum_0           488531459                                      # Sum of read and write queue length per memory cycle per channel.
   ramulator.read_req_queue_length_avg_0            0.878948                                      # Read queue length average per memory cycle per channel.
   ramulator.read_req_queue_length_sum_0            28163847                                      # Read queue length sum per memory cycle per channel.
  ramulator.write_req_queue_length_avg_0           14.367333                                      # Write queue length average per memory cycle per channel.
  ramulator.write_req_queue_length_sum_0           460367612                                      # Write queue length sum per memory cycle per channel.
              ramulator.record_read_hits                 0.0                                      # record read hit count for this core when it reaches request limit or to the end
                                     [0]                 0.0                                      # 
            ramulator.record_read_misses                 0.0                                      # record_read_miss count for this core when it reaches request limit or to the end
                                     [0]                 0.0                                      # 
         ramulator.record_read_conflicts                 0.0                                      # record read conflict count for this core when it reaches request limit or to the end
                                     [0]                 0.0                                      # 
             ramulator.record_write_hits                 0.0                                      # record write hit count for this core when it reaches request limit or to the end
                                     [0]                 0.0                                      # 
           ramulator.record_write_misses                 0.0                                      # record write miss count for this core when it reaches request limit or to the end
                                     [0]                 0.0                                      # 
        ramulator.record_write_conflicts                 0.0                                      # record write conflict for this core when it reaches request limit or to the end
                                     [0]                 0.0                                      # 
                 ramulator.dram_capacity          8589934592                                      # Number of bytes in simulated DRAM
                   ramulator.dram_cycles            32042664                                      # Number of DRAM cycles simulated
             ramulator.incoming_requests              873939                                      # Number of incoming requests to DRAM
                 ramulator.read_requests              591380                                      # Number of incoming read requests to DRAM per core
                                     [0]            591380.0                                      # 
                ramulator.write_requests              282559                                      # Number of incoming write requests to DRAM per core
                                     [0]            282559.0                                      # 
       ramulator.ramulator_active_cycles            23601284                                      # The total number of cycles that the DRAM part is active (serving R/W)
 ramulator.incoming_requests_per_channel            873939.0                                      # Number of incoming requests to each DRAM channel
                                     [0]            873939.0                                      # 
ramulator.incoming_read_reqs_per_channel            591380.0                                      # Number of incoming read requests to each DRAM channel
                                     [0]            591380.0                                      # 
     ramulator.physical_page_replacement                   0                                      # The number of times that physical page replacement happens.
             ramulator.maximum_bandwidth         19200000000                                      # The theoretical maximum bandwidth (Bps)
          ramulator.in_queue_req_num_sum           488531459                                      # Sum of read/write queue length
     ramulator.in_queue_read_req_num_sum            28163847                                      # Sum of read queue length
    ramulator.in_queue_write_req_num_sum           460367612                                      # Sum of write queue length
          ramulator.in_queue_req_num_avg           15.246281                                      # Average of read/write queue length per memory cycle
     ramulator.in_queue_read_req_num_avg            0.878948                                      # Average of read queue length per memory cycle
    ramulator.in_queue_write_req_num_avg           14.367333                                      # Average of write queue length per memory cycle
          ramulator.record_read_requests                 0.0                                      # record read requests for this core when it reaches request limit or to the end
                                     [0]                 0.0                                      # 
         ramulator.record_write_requests                 0.0                                      # record write requests for this core when it reaches request limit or to the end
                                     [0]                 0.0                                      # 
