               ramulator.active_cycles_0            24885736                                      # Total active cycles for level _0
                 ramulator.busy_cycles_0            24885736                                      # (All-bank refresh only. busy cycles only include refresh time in rank level) The sum of cycles that the DRAM part is active or under refresh for level _0
            ramulator.serving_requests_0            58771784                                      # The sum of read and write requests that are served in this DRAM element per memory cycle for level _0
    ramulator.average_serving_requests_0            1.712904                                      # The average of read and write requests that are served in this DRAM element per memory cycle for level _0
             ramulator.active_cycles_0_0            24885736                                      # Total active cycles for level _0_0
               ramulator.busy_cycles_0_0            25454836                                      # (All-bank refresh only. busy cycles only include refresh time in rank level) The sum of cycles that the DRAM part is active or under refresh for level _0_0
          ramulator.serving_requests_0_0            58771784                                      # The sum of read and write requests that are served in this DRAM element per memory cycle for level _0_0
  ramulator.average_serving_requests_0_0            1.712904                                      # The average of read and write requests that are served in this DRAM element per memory cycle for level _0_0
           ramulator.active_cycles_0_0_0            11241590                                      # Total active cycles for level _0_0_0
             ramulator.busy_cycles_0_0_0            11241590                                      # (All-bank refresh only. busy cycles only include refresh time in rank level) The sum of cycles that the DRAM part is active or under refresh for level _0_0_0
        ramulator.serving_requests_0_0_0            15128454                                      # The sum of read and write requests that are served in this DRAM element per memory cycle for level _0_0_0
ramulator.average_serving_requests_0_0_0            0.440919                                      # The average of read and write requests that are served in this DRAM element per memory cycle for level _0_0_0
         ramulator.active_cycles_0_0_0_0             3537443                                      # Total active cycles for level _0_0_0_0
           ramulator.busy_cycles_0_0_0_0             3537443                                      # (All-bank refresh only. busy cycles only include refresh time in rank level) The sum of cycles that the DRAM part is active or under refresh for level _0_0_0_0
      ramulator.serving_requests_0_0_0_0             3766817                                      # The sum of read and write requests that are served in this DRAM element per memory cycle for level _0_0_0_0
ramulator.average_serving_requests_0_0_0_0            0.109784                                      # The average of read and write requests that are served in this DRAM element per memory cycle for level _0_0_0_0
         ramulator.active_cycles_0_0_0_1             3694622                                      # Total active cycles for level _0_0_0_1
           ramulator.busy_cycles_0_0_0_1             3694622                                      # (All-bank refresh only. busy cycles only include refresh time in rank level) The sum of cycles that the DRAM part is active or under refresh for level _0_0_0_1
      ramulator.serving_requests_0_0_0_1             3933277                                      # The sum of read and write requests that are served in this DRAM element per memory cycle for level _0_0_0_1
ramulator.average_serving_requests_0_0_0_1            0.114635                                      # The average of read and write requests that are served in this DRAM element per memory cycle for level _0_0_0_1
         ramulator.active_cycles_0_0_0_2             3228230                                      # Total active cycles for level _0_0_0_2
           ramulator.busy_cycles_0_0_0_2             3228230                                      # (All-bank refresh only. busy cycles only include refresh time in rank level) The sum of cycles that the DRAM part is active or under refresh for level _0_0_0_2
      ramulator.serving_requests_0_0_0_2             3456716                                      # The sum of read and write requests that are served in this DRAM element per memory cycle for level _0_0_0_2
ramulator.average_serving_requests_0_0_0_2            0.100746                                      # The average of read and write requests that are served in this DRAM element per memory cycle for level _0_0_0_2
         ramulator.active_cycles_0_0_0_3             3713490                                      # Total active cycles for level _0_0_0_3
           ramulator.busy_cycles_0_0_0_3             3713490                                      # (All-bank refresh only. busy cycles only include refresh time in rank level) The sum of cycles that the DRAM part is active or under refresh for level _0_0_0_3
      ramulator.serving_requests_0_0_0_3             3971644                                      # The sum of read and write requests that are served in this DRAM element per memory cycle for level _0_0_0_3
ramulator.average_serving_requests_0_0_0_3            0.115754                                      # The average of read and write requests that are served in this DRAM element per memory cycle for level _0_0_0_3
           ramulator.active_cycles_0_0_1            10592156                                      # Total active cycles for level _0_0_1
             ramulator.busy_cycles_0_0_1            10592156                                      # (All-bank refresh only. busy cycles only include refresh time in rank level) The sum of cycles that the DRAM part is active or under refresh for level _0_0_1
        ramulator.serving_requests_0_0_1            14130559                                      # The sum of read and write requests that are served in this DRAM element per memory cycle for level _0_0_1
ramulator.average_serving_requests_0_0_1            0.411835                                      # The average of read and write requests that are served in this DRAM element per memory cycle for level _0_0_1
         ramulator.active_cycles_0_0_1_0             3091572                                      # Total active cycles for level _0_0_1_0
           ramulator.busy_cycles_0_0_1_0             3091572                                      # (All-bank refresh only. busy cycles only include refresh time in rank level) The sum of cycles that the DRAM part is active or under refresh for level _0_0_1_0
      ramulator.serving_requests_0_0_1_0             3291421                                      # The sum of read and write requests that are served in this DRAM element per memory cycle for level _0_0_1_0
ramulator.average_serving_requests_0_0_1_0            0.095928                                      # The average of read and write requests that are served in this DRAM element per memory cycle for level _0_0_1_0
         ramulator.active_cycles_0_0_1_1             3357501                                      # Total active cycles for level _0_0_1_1
           ramulator.busy_cycles_0_0_1_1             3357501                                      # (All-bank refresh only. busy cycles only include refresh time in rank level) The sum of cycles that the DRAM part is active or under refresh for level _0_0_1_1
      ramulator.serving_requests_0_0_1_1             3580373                                      # The sum of read and write requests that are served in this DRAM element per memory cycle for level _0_0_1_1
ramulator.average_serving_requests_0_0_1_1            0.104350                                      # The average of read and write requests that are served in this DRAM element per memory cycle for level _0_0_1_1
         ramulator.active_cycles_0_0_1_2             3485277                                      # Total active cycles for level _0_0_1_2
           ramulator.busy_cycles_0_0_1_2             3485277                                      # (All-bank refresh only. busy cycles only include refresh time in rank level) The sum of cycles that the DRAM part is active or under refresh for level _0_0_1_2
      ramulator.serving_requests_0_0_1_2             3726137                                      # The sum of read and write requests that are served in this DRAM element per memory cycle for level _0_0_1_2
ramulator.average_serving_requests_0_0_1_2            0.108598                                      # The average of read and write requests that are served in this DRAM element per memory cycle for level _0_0_1_2
         ramulator.active_cycles_0_0_1_3             3302108                                      # Total active cycles for level _0_0_1_3
           ramulator.busy_cycles_0_0_1_3             3302108                                      # (All-bank refresh only. busy cycles only include refresh time in rank level) The sum of cycles that the DRAM part is active or under refresh for level _0_0_1_3
      ramulator.serving_requests_0_0_1_3             3532628                                      # The sum of read and write requests that are served in this DRAM element per memory cycle for level _0_0_1_3
ramulator.average_serving_requests_0_0_1_3            0.102958                                      # The average of read and write requests that are served in this DRAM element per memory cycle for level _0_0_1_3
           ramulator.active_cycles_0_0_2            11235385                                      # Total active cycles for level _0_0_2
             ramulator.busy_cycles_0_0_2            11235385                                      # (All-bank refresh only. busy cycles only include refresh time in rank level) The sum of cycles that the DRAM part is active or under refresh for level _0_0_2
        ramulator.serving_requests_0_0_2            15044597                                      # The sum of read and write requests that are served in this DRAM element per memory cycle for level _0_0_2
ramulator.average_serving_requests_0_0_2            0.438475                                      # The average of read and write requests that are served in this DRAM element per memory cycle for level _0_0_2
         ramulator.active_cycles_0_0_2_0             3181319                                      # Total active cycles for level _0_0_2_0
           ramulator.busy_cycles_0_0_2_0             3181319                                      # (All-bank refresh only. busy cycles only include refresh time in rank level) The sum of cycles that the DRAM part is active or under refresh for level _0_0_2_0
      ramulator.serving_requests_0_0_2_0             3397638                                      # The sum of read and write requests that are served in this DRAM element per memory cycle for level _0_0_2_0
ramulator.average_serving_requests_0_0_2_0            0.099024                                      # The average of read and write requests that are served in this DRAM element per memory cycle for level _0_0_2_0
         ramulator.active_cycles_0_0_2_1             3620872                                      # Total active cycles for level _0_0_2_1
           ramulator.busy_cycles_0_0_2_1             3620872                                      # (All-bank refresh only. busy cycles only include refresh time in rank level) The sum of cycles that the DRAM part is active or under refresh for level _0_0_2_1
      ramulator.serving_requests_0_0_2_1             3864348                                      # The sum of read and write requests that are served in this DRAM element per memory cycle for level _0_0_2_1
ramulator.average_serving_requests_0_0_2_1            0.112626                                      # The average of read and write requests that are served in this DRAM element per memory cycle for level _0_0_2_1
         ramulator.active_cycles_0_0_2_2             3672646                                      # Total active cycles for level _0_0_2_2
           ramulator.busy_cycles_0_0_2_2             3672646                                      # (All-bank refresh only. busy cycles only include refresh time in rank level) The sum of cycles that the DRAM part is active or under refresh for level _0_0_2_2
      ramulator.serving_requests_0_0_2_2             3909094                                      # The sum of read and write requests that are served in this DRAM element per memory cycle for level _0_0_2_2
ramulator.average_serving_requests_0_0_2_2            0.113931                                      # The average of read and write requests that are served in this DRAM element per memory cycle for level _0_0_2_2
         ramulator.active_cycles_0_0_2_3             3619084                                      # Total active cycles for level _0_0_2_3
           ramulator.busy_cycles_0_0_2_3             3619084                                      # (All-bank refresh only. busy cycles only include refresh time in rank level) The sum of cycles that the DRAM part is active or under refresh for level _0_0_2_3
      ramulator.serving_requests_0_0_2_3             3873517                                      # The sum of read and write requests that are served in this DRAM element per memory cycle for level _0_0_2_3
ramulator.average_serving_requests_0_0_2_3            0.112894                                      # The average of read and write requests that are served in this DRAM element per memory cycle for level _0_0_2_3
           ramulator.active_cycles_0_0_3            10839160                                      # Total active cycles for level _0_0_3
             ramulator.busy_cycles_0_0_3            10839160                                      # (All-bank refresh only. busy cycles only include refresh time in rank level) The sum of cycles that the DRAM part is active or under refresh for level _0_0_3
        ramulator.serving_requests_0_0_3            14468174                                      # The sum of read and write requests that are served in this DRAM element per memory cycle for level _0_0_3
ramulator.average_serving_requests_0_0_3            0.421675                                      # The average of read and write requests that are served in this DRAM element per memory cycle for level _0_0_3
         ramulator.active_cycles_0_0_3_0             3389529                                      # Total active cycles for level _0_0_3_0
           ramulator.busy_cycles_0_0_3_0             3389529                                      # (All-bank refresh only. busy cycles only include refresh time in rank level) The sum of cycles that the DRAM part is active or under refresh for level _0_0_3_0
      ramulator.serving_requests_0_0_3_0             3618707                                      # The sum of read and write requests that are served in this DRAM element per memory cycle for level _0_0_3_0
ramulator.average_serving_requests_0_0_3_0            0.105467                                      # The average of read and write requests that are served in this DRAM element per memory cycle for level _0_0_3_0
         ramulator.active_cycles_0_0_3_1             3312720                                      # Total active cycles for level _0_0_3_1
           ramulator.busy_cycles_0_0_3_1             3312720                                      # (All-bank refresh only. busy cycles only include refresh time in rank level) The sum of cycles that the DRAM part is active or under refresh for level _0_0_3_1
      ramulator.serving_requests_0_0_3_1             3542834                                      # The sum of read and write requests that are served in this DRAM element per memory cycle for level _0_0_3_1
ramulator.average_serving_requests_0_0_3_1            0.103256                                      # The average of read and write requests that are served in this DRAM element per memory cycle for level _0_0_3_1
         ramulator.active_cycles_0_0_3_2             3472866                                      # Total active cycles for level _0_0_3_2
           ramulator.busy_cycles_0_0_3_2             3472866                                      # (All-bank refresh only. busy cycles only include refresh time in rank level) The sum of cycles that the DRAM part is active or under refresh for level _0_0_3_2
      ramulator.serving_requests_0_0_3_2             3713070                                      # The sum of read and write requests that are served in this DRAM element per memory cycle for level _0_0_3_2
ramulator.average_serving_requests_0_0_3_2            0.108217                                      # The average of read and write requests that are served in this DRAM element per memory cycle for level _0_0_3_2
         ramulator.active_cycles_0_0_3_3             3382132                                      # Total active cycles for level _0_0_3_3
           ramulator.busy_cycles_0_0_3_3             3382132                                      # (All-bank refresh only. busy cycles only include refresh time in rank level) The sum of cycles that the DRAM part is active or under refresh for level _0_0_3_3
      ramulator.serving_requests_0_0_3_3             3593563                                      # The sum of read and write requests that are served in this DRAM element per memory cycle for level _0_0_3_3
ramulator.average_serving_requests_0_0_3_3            0.104734                                      # The average of read and write requests that are served in this DRAM element per memory cycle for level _0_0_3_3
      ramulator.read_transaction_bytes_0            38185472                                      # The total byte of read transaction per channel
     ramulator.write_transaction_bytes_0            18067840                                      # The total byte of write transaction per channel
       ramulator.row_hits_channel_0_core              358943                                      # Number of row hits per channel per core
     ramulator.row_misses_channel_0_core               60750                                      # Number of row misses per channel per core
  ramulator.row_conflicts_channel_0_core              459265                                      # Number of row conflicts per channel per core
  ramulator.read_row_hits_channel_0_core              339606                                      # Number of row hits for read requests per channel per core
                                     [0]            339606.0                                      # 
ramulator.read_row_misses_channel_0_core               37313                                      # Number of row misses for read requests per channel per core
                                     [0]             37313.0                                      # 
ramulator.read_row_conflicts_channel_0_core              219729                                      # Number of row conflicts for read requests per channel per core
                                     [0]            219729.0                                      # 
 ramulator.write_row_hits_channel_0_core               19337                                      # Number of row hits for write requests per channel per core
                                     [0]             19337.0                                      # 
ramulator.write_row_misses_channel_0_core               23437                                      # Number of row misses for write requests per channel per core
                                     [0]             23437.0                                      # 
ramulator.write_row_conflicts_channel_0_core              239536                                      # Number of row conflicts for write requests per channel per core
                                     [0]            239536.0                                      # 
      ramulator.useless_activates_0_core                  92                                      # Number of useless activations. E.g, ACT -> PRE w/o RD or WR
            ramulator.read_latency_avg_0           53.859450                                      # The average memory latency cycles (in memory time domain) per request for all read requests in this channel
            ramulator.read_latency_sum_0            32145959                                      # The memory latency cycles (in memory time domain) sum for all read requests in this channel
        ramulator.req_queue_length_avg_0           15.068182                                      # Average of read and write queue length per memory cycle per channel.
        ramulator.req_queue_length_sum_0           517007413                                      # Sum of read and write queue length per memory cycle per channel.
   ramulator.read_req_queue_length_avg_0            0.814730                                      # Read queue length average per memory cycle per channel.
   ramulator.read_req_queue_length_sum_0            27954378                                      # Read queue length sum per memory cycle per channel.
  ramulator.write_req_queue_length_avg_0           14.253451                                      # Write queue length average per memory cycle per channel.
  ramulator.write_req_queue_length_sum_0           489053035                                      # Write queue length sum per memory cycle per channel.
              ramulator.record_read_hits                 0.0                                      # record read hit count for this core when it reaches request limit or to the end
                                     [0]                 0.0                                      # 
            ramulator.record_read_misses                 0.0                                      # record_read_miss count for this core when it reaches request limit or to the end
                                     [0]                 0.0                                      # 
         ramulator.record_read_conflicts                 0.0                                      # record read conflict count for this core when it reaches request limit or to the end
                                     [0]                 0.0                                      # 
             ramulator.record_write_hits                 0.0                                      # record write hit count for this core when it reaches request limit or to the end
                                     [0]                 0.0                                      # 
           ramulator.record_write_misses                 0.0                                      # record write miss count for this core when it reaches request limit or to the end
                                     [0]                 0.0                                      # 
        ramulator.record_write_conflicts                 0.0                                      # record write conflict for this core when it reaches request limit or to the end
                                     [0]                 0.0                                      # 
                 ramulator.dram_capacity          8589934592                                      # Number of bytes in simulated DRAM
                   ramulator.dram_cycles            34311201                                      # Number of DRAM cycles simulated
             ramulator.incoming_requests              879165                                      # Number of incoming requests to DRAM
                 ramulator.read_requests              596849                                      # Number of incoming read requests to DRAM per core
                                     [0]            596849.0                                      # 
                ramulator.write_requests              282316                                      # Number of incoming write requests to DRAM per core
                                     [0]            282316.0                                      # 
       ramulator.ramulator_active_cycles            24885736                                      # The total number of cycles that the DRAM part is active (serving R/W)
 ramulator.incoming_requests_per_channel            879165.0                                      # Number of incoming requests to each DRAM channel
                                     [0]            879165.0                                      # 
ramulator.incoming_read_reqs_per_channel            596849.0                                      # Number of incoming read requests to each DRAM channel
                                     [0]            596849.0                                      # 
     ramulator.physical_page_replacement                   0                                      # The number of times that physical page replacement happens.
             ramulator.maximum_bandwidth         19200000000                                      # The theoretical maximum bandwidth (Bps)
          ramulator.in_queue_req_num_sum           517007413                                      # Sum of read/write queue length
     ramulator.in_queue_read_req_num_sum            27954378                                      # Sum of read queue length
    ramulator.in_queue_write_req_num_sum           489053035                                      # Sum of write queue length
          ramulator.in_queue_req_num_avg           15.068182                                      # Average of read/write queue length per memory cycle
     ramulator.in_queue_read_req_num_avg            0.814730                                      # Average of read queue length per memory cycle
    ramulator.in_queue_write_req_num_avg           14.253451                                      # Average of write queue length per memory cycle
          ramulator.record_read_requests                 0.0                                      # record read requests for this core when it reaches request limit or to the end
                                     [0]                 0.0                                      # 
         ramulator.record_write_requests                 0.0                                      # record write requests for this core when it reaches request limit or to the end
                                     [0]                 0.0                                      # 
