/* -*- Mode: c -*- */
####################################################################################################
Core 0
####################################################################################################
Cumulative:        Cycles: 43456654              Instructions: 100000000             IPC: 2.30114

DCACHE_PREF_HIT                                      0                              0              

IFETCH_WB_FIRST_SCHEDULE                             0         -nan%                0         -nan%
PREFETCH_LAST_SCHEDULE                               0         -nan%                0         -nan%
DEMAND_PASS_PREF_SCHEDULE                            0         -nan%                0         -nan%
DEMAND_PASS_LOW_OP_SCHEDULE                          0         -nan%                0         -nan%
DEMAND_LAST_SCHEDULE                                 0         -nan%                0         -nan%
                                                     0         -nan%                0         -nan%
                                                  -nan         -nan              -nan         -nan

SEND_MISS_REQ_QUEUE                               1847                           1847              

L1_DATA_EVICT                                        0                              0              

STREAM_BUFFER_REQ                                    0                              0              

PREF_SEND_TO_MEM_REQ                                 0         -nan%                0         -nan%
PREF_SEND_TO_MEM_REQ_FAIL                            0         -nan%                0         -nan%
                                                     0         -nan%                0         -nan%
                                                  -nan         -nan              -nan         -nan

HIT_TRAIN_STREAM                                   348       79.271%              348       79.271%
MISS_TRAIN_STREAM                                   91       20.729%               91       20.729%
                                                   439      100.000%              439      100.000%
                                                  0.21         0.37              0.21         0.37

STREAM_TRAIN_CREATE                                 29                             29              

MEM_REQ_MISS_HWP_PREF_Q                              0         -nan%                0         -nan%
MEM_REQ_MISS_SW_PREF_Q                               0         -nan%                0         -nan%
MEM_REQ_MISS_IFETCH_Q                                0         -nan%                0         -nan%
MEM_REQ_MISS_DFETCH_Q                                0         -nan%                0         -nan%
MEM_REQ_MISS_DSTORE_Q                                0         -nan%                0         -nan%
MEM_REQ_MISS_DPRF_Q                                  0         -nan%                0         -nan%
MEM_REQ_MISS_WB_Q                                    0         -nan%                0         -nan%
                                                     0         -nan%                0         -nan%
                                                  -nan         -nan              -nan         -nan

PREF_HIT_BY_DEMAND_IFETCH                            0         -nan%                0         -nan%
PREF_HIT_BY_DEMAND_DFETCH                            0         -nan%                0         -nan%
PREF_HIT_BY_DEMAND_DSTORE                            0         -nan%                0         -nan%
PREF_HIT_BY_DEMAND_IPREF                             0         -nan%                0         -nan%
PREF_HIT_BY_DEMAND_DPRF                              0         -nan%                0         -nan%
PREF_HIT_BY_DEMAND_WB                                0         -nan%                0         -nan%
PREF_HIT_BY_PREF                                     0         -nan%                0         -nan%
                                                     0         -nan%                0         -nan%
                                                  -nan         -nan              -nan         -nan

PREF_HIT_DEMAND_IFETCH                               0         -nan%                0         -nan%
PREF_HIT_DEMAND_DFETCH                               0         -nan%                0         -nan%
PREF_HIT_DEMAND_DSTORE                               0         -nan%                0         -nan%
PREF_HIT_DEMAND_IPREF                                0         -nan%                0         -nan%
PREF_HIT_DEMAND_DPRF                                 0         -nan%                0         -nan%
PREF_HIT_DEMAND_WB                                   0         -nan%                0         -nan%
                                                     0         -nan%                0         -nan%
                                                  -nan         -nan              -nan         -nan

PREF_L1_FILL                                         0         -nan%                0         -nan%
DEMAND_L1_FILL                                       0         -nan%                0         -nan%
                                                     0         -nan%                0         -nan%
                                                  -nan         -nan              -nan         -nan

TOUCH_L1_REPLACE                                     0         -nan%                0         -nan%
NO_TOUCH_L1_REPLACE                                  0         -nan%                0         -nan%
                                                     0         -nan%                0         -nan%
                                                  -nan         -nan              -nan         -nan

PREF_REQ_QUE_FULL                                    0                              0              

STREAM_REQ_QUEUE_HIT_BY_DEMAND                       0                              0              

L2HIT_STREAM_PREF_REQ_QUE_FULL                       0                              0              

L2HIT_HIT_TRAIN_STREAM                               0         -nan%                0         -nan%
L2HIT_MISS_TRAIN_STREAM                              0         -nan%                0         -nan%
                                                     0         -nan%                0         -nan%
                                                  -nan         -nan              -nan         -nan

L2HIT_STREAM_TRAIN_CREATE                            0                              0              

L2HIT_STREAM_BUFFER_REQ                              0                              0              

L2HIT_STREAM_PREF_DCACHE_HIT                         0         -nan%                0         -nan%
L2HIT_STREAM_PREF_DCACHE_INSERT                      0         -nan%                0         -nan%
L2HIT_STREAM_L2_MISS                                 0         -nan%                0         -nan%
                                                     0         -nan%                0         -nan%
                                                  -nan         -nan              -nan         -nan

L2HIT_STREAM_DCACHE_PORT_FULL                        0                              0              

L2HIT_STREAM_PREF_L1_PORT_FULL                       0                              0              

L2HIT_TRAIN_HIT_DEMAND                               0         -nan%                0         -nan%
L2HIT_TRAIN_MISS_REQ                                 0         -nan%                0         -nan%
                                                     0         -nan%                0         -nan%
                                                  -nan         -nan              -nan         -nan

L2HIT_TRAIN_FILTER_MISS                              0         -nan%                0         -nan%
L2HIT_TRAIN_FILTER_HIT                               0         -nan%                0         -nan%
                                                     0         -nan%                0         -nan%
                                                  -nan         -nan              -nan         -nan

L2HIT_PREF_REQ_DCACHE_HIT                            0         -nan%                0         -nan%
L2HIT_PREF_REQ_DCACHE_MISS                           0         -nan%                0         -nan%
                                                     0         -nan%                0         -nan%
                                                  -nan         -nan              -nan         -nan

L2HIT_L2SEND_Q_FULL                                  0         -nan%                0         -nan%
L2HIT_L2SEND_Q_ENTER                                 0         -nan%                0         -nan%
                                                     0         -nan%                0         -nan%
                                                  -nan         -nan              -nan         -nan

L2HIT_MEM_REQ                                        0                              0              

REMOVE_REDUNDANT_STREAM_STAT                         0                              0              

REPLACE_OLD_STREAM                                  13                             13              

REQ_SEND_QUEUE_STALL                                 0                              0              

STREAM_ENTER_RA                                      0                              0              

CORE_STREAM_LENGTH_0                                 2       12.500%                2       12.500%
CORE_STREAM_LENGTH_10                                1        6.250%                1        6.250%
CORE_STREAM_LENGTH_20                                4       25.000%                4       25.000%
CORE_STREAM_LENGTH_30                                1        6.250%                1        6.250%
CORE_STREAM_LENGTH_40                                1        6.250%                1        6.250%
CORE_STREAM_LENGTH_50                                1        6.250%                1        6.250%
CORE_STREAM_LENGTH_60                                2       12.500%                2       12.500%
CORE_STREAM_LENGTH_70                                2       12.500%                2       12.500%
CORE_STREAM_LENGTH_80                                1        6.250%                1        6.250%
CORE_STREAM_LENGTH_90                                0        0.000%                0        0.000%
CORE_STREAM_LENGTH_100_P                             1        6.250%                1        6.250%
                                                    16      100.000%               16      100.000%
                                                  4.06         2.83              4.06         2.83

CORE_CUM_STREAM_LENGTH_0                            12        1.674%               12        1.674%
CORE_CUM_STREAM_LENGTH_10                           15        2.092%               15        2.092%
CORE_CUM_STREAM_LENGTH_20                           91       12.692%               91       12.692%
CORE_CUM_STREAM_LENGTH_30                           37        5.160%               37        5.160%
CORE_CUM_STREAM_LENGTH_40                           40        5.579%               40        5.579%
CORE_CUM_STREAM_LENGTH_50                           57        7.950%               57        7.950%
CORE_CUM_STREAM_LENGTH_60                          127       17.713%              127       17.713%
CORE_CUM_STREAM_LENGTH_70                          155       21.618%              155       21.618%
CORE_CUM_STREAM_LENGTH_80                           80       11.158%               80       11.158%
CORE_CUM_STREAM_LENGTH_90                            0        0.000%                0        0.000%
CORE_CUM_STREAM_LENGTH_100_P                       103       14.365%              103       14.365%
                                                   717      100.000%              717      100.000%
                                                  5.96         3.38              5.96         3.38

CORE_STREAM_TRAIN_HITS_0                             3       18.750%                3       18.750%
CORE_STREAM_TRAIN_HITS_10                            4       25.000%                4       25.000%
CORE_STREAM_TRAIN_HITS_20                            2       12.500%                2       12.500%
CORE_STREAM_TRAIN_HITS_30                            3       18.750%                3       18.750%
CORE_STREAM_TRAIN_HITS_40                            3       18.750%                3       18.750%
CORE_STREAM_TRAIN_HITS_50                            1        6.250%                1        6.250%
CORE_STREAM_TRAIN_HITS_60                            0        0.000%                0        0.000%
CORE_STREAM_TRAIN_HITS_70                            0        0.000%                0        0.000%
CORE_STREAM_TRAIN_HITS_80                            0        0.000%                0        0.000%
CORE_STREAM_TRAIN_HITS_90                            0        0.000%                0        0.000%
CORE_STREAM_TRAIN_HITS_100_P                         0        0.000%                0        0.000%
                                                    16      100.000%               16      100.000%
                                                  2.12         1.32              2.12         1.32

CORE_CUM_STREAM_TRAIN_HITS_0                        19        4.612%               19        4.612%
CORE_CUM_STREAM_TRAIN_HITS_10                       54       13.107%               54       13.107%
CORE_CUM_STREAM_TRAIN_HITS_20                       45       10.922%               45       10.922%
CORE_CUM_STREAM_TRAIN_HITS_30                      114       27.670%              114       27.670%
CORE_CUM_STREAM_TRAIN_HITS_40                      124       30.097%              124       30.097%
CORE_CUM_STREAM_TRAIN_HITS_50                       56       13.592%               56       13.592%
CORE_CUM_STREAM_TRAIN_HITS_60                        0        0.000%                0        0.000%
CORE_CUM_STREAM_TRAIN_HITS_70                        0        0.000%                0        0.000%
CORE_CUM_STREAM_TRAIN_HITS_80                        0        0.000%                0        0.000%
CORE_CUM_STREAM_TRAIN_HITS_90                        0        0.000%                0        0.000%
CORE_CUM_STREAM_TRAIN_HITS_100_P                     0        0.000%                0        0.000%
                                                   412      100.000%              412      100.000%
                                                  3.06         1.21              3.06         1.21

CORE_STREAM_TRAIN_CREATE                            29                             29              



