/* -*- Mode: c -*- */
####################################################################################################
Core 0
####################################################################################################
Cumulative:        Cycles: 34078738              Instructions: 100000000             IPC: 2.93438

EXECUTION_TIME                           10649605625000                  10649605625000              

NODE_CYCLE                                    34078738                       34078738              

NODE_INST_COUNT                              100000000                      100000000              

NODE_UOP_COUNT                               110907477                      110907477              

FULL_WINDOW_STALL                              9651861       28.322%          9651861       28.322%

FULL_WINDOW_MEM_OP                             3454344       52.128%          3454344       52.128%
FULL_WINDOW_FP_OP                              3086878       46.583%          3086878       46.583%
FULL_WINDOW_OTHER_OP                             85381        1.288%            85381        1.288%
                                               6626603      100.000%          6626603      100.000%
                                                  0.49         0.39              0.49         0.39

RET_BLOCKED_DC_MISS                            2071241        6.078%          2071241        6.078%

RET_BLOCKED_L1_MISS                            1888967        5.543%          1888967        5.543%

RET_BLOCKED_L1_MISS_BW_PREF                     512237        1.503%           512237        1.503%

RET_BLOCKED_L1_ACCESS                           203096        0.596%           203096        0.596%

RET_BLOCKED_MEM_STALL                          1971410        5.785%          1971410        5.785%

RET_BLOCKED_OFFCHIP_DEMAND                           0        0.000%                0        0.000%

OP_ISSUED                                    110907503                      110907503              

OP_RETIRED                                   110907477                      110907477              

REPLAY_SIGNALED                                      0                              0              

REPLAY_COUNTED                                       0                              0              

OFF_CRITICAL_PATH                                    0         -nan%                0         -nan%
ON_CRITICAL_PATH                                     0         -nan%                0         -nan%
                                                     0         -nan%                0         -nan%
                                                  -nan         -nan              -nan         -nan

LD_NO_DEPENDENTS                                518560        2.065%           518560        2.065%
LD_DEPENDENTS                                 24591581       97.935%         24591581       97.935%
                                              25110141      100.000%         25110141      100.000%
                                                  0.98         0.97              0.98         0.97

LD_EXEC_CYCLES_0                                     0        0.000%                0        0.000%
LD_EXEC_CYCLES_1                                     0        0.000%                0        0.000%
LD_EXEC_CYCLES_2                                     0        0.000%                0        0.000%
LD_EXEC_CYCLES_3                              12520359       70.811%         12520359       70.811%
LD_EXEC_CYCLES_4                               5160928       29.189%          5160928       29.189%
                                              17681287      100.000%         17681287      100.000%
                                                  3.29         1.84              3.29         1.84

FU_BUSY_0                                     28230746                       28230746              

FU_BUSY_1                                     24425473                       24425473              

FU_BUSY_2                                     21853574                       21853574              

FU_BUSY_3                                     17154674                       17154674              

FU_BUSY_4                                     14371385                       14371385              

FU_BUSY_5                                     12632686                       12632686              

FU_BUSY_6                                     10750689                       10750689              

FU_BUSY_7                                      9168678                        9168678              

FU_BUSY_8                                            0                              0              

FU_BUSY_9                                            0                              0              

FU_BUSY_10                                           0                              0              

FU_BUSY_11                                           0                              0              

FU_BUSY_12                                           0                              0              

FU_BUSY_13                                           0                              0              

FU_BUSY_14                                           0                              0              

FU_BUSY_15                                           0                              0              

FU_BUSY_16                                           0                              0              

FU_BUSY_17                                           0                              0              

FU_BUSY_18                                           0                              0              

FU_BUSY_19                                           0                              0              

FU_BUSY_20                                           0                              0              

FU_BUSY_21                                           0                              0              

FU_BUSY_22                                           0                              0              

FU_BUSY_23                                           0                              0              

FU_BUSY_24                                           0                              0              

FU_BUSY_25                                           0                              0              

FU_BUSY_26                                           0                              0              

FU_BUSY_27                                           0                              0              

FU_BUSY_28                                           0                              0              

FU_BUSY_29                                           0                              0              

FU_BUSY_30                                           0                              0              

FU_BUSY_31                                           0                              0              

OP_WAIT_0                                     75151102                       75151102              

OP_WAIT_1                                     16421591                       16421591              

OP_WAIT_2                                      4475891                        4475891              

OP_WAIT_3                                      2043139                        2043139              

OP_WAIT_4                                      1626931                        1626931              

OP_WAIT_5                                      1098208                        1098208              

OP_WAIT_6                                       820156                         820156              

OP_WAIT_7                                      1736846                        1736846              

OP_WAIT_8                                      1643881                        1643881              

OP_WAIT_9                                      1051413                        1051413              

OP_WAIT_10                                     2188299                        2188299              

OP_WAIT_11                                      683257                         683257              

OP_WAIT_12                                      575027                         575027              

OP_WAIT_13                                      257658                         257658              

OP_WAIT_14                                      248629                         248629              

OP_WAIT_15                                      129725                         129725              

OP_WAIT_16                                      103548                         103548              

OP_WAIT_17                                       84009                          84009              

OP_WAIT_18                                       68112                          68112              

OP_WAIT_19                                       32982                          32982              

OP_WAIT_20                                       33946                          33946              

OP_WAIT_21                                       22697                          22697              

OP_WAIT_22                                       19882                          19882              

OP_WAIT_23                                       22685                          22685              

OP_WAIT_24                                       14645                          14645              

OP_WAIT_25                                       15371                          15371              

OP_WAIT_26                                       40038                          40038              

OP_WAIT_27                                       27627                          27627              

OP_WAIT_28                                       18077                          18077              

OP_WAIT_29                                       13384                          13384              

OP_WAIT_30                                       15675                          15675              

OP_WAIT_31                                      223046                         223046              

ROW_SIZE_0                                    10563176                       10563176              

ROW_SIZE_1                                     1877105                        1877105              

ROW_SIZE_2                                     1366420                        1366420              

ROW_SIZE_3                                     1188375                        1188375              

ROW_SIZE_4                                     1488234                        1488234              

ROW_SIZE_5                                      366967                         366967              

ROW_SIZE_6                                    15824106                       15824106              

ROW_SIZE_7                                           0                              0              

ROW_SIZE_8                                           0                              0              

ROW_SIZE_9                                           0                              0              

ROW_SIZE_10                                          0                              0              

ROW_SIZE_11                                          0                              0              

ROW_SIZE_12                                          0                              0              

ROW_SIZE_13                                          0                              0              

ROW_SIZE_14                                          0                              0              

ROW_SIZE_15                                          0                              0              

ROW_SIZE_16                                          0                              0              

ROW_SIZE_17                                          0                              0              

ROW_SIZE_18                                          0                              0              

ROW_SIZE_19                                          0                              0              

ROW_SIZE_20                                          0                              0              

ROW_SIZE_21                                          0                              0              

ROW_SIZE_22                                          0                              0              

ROW_SIZE_23                                          0                              0              

ROW_SIZE_24                                          0                              0              

ROW_SIZE_25                                          0                              0              

ROW_SIZE_26                                          0                              0              

ROW_SIZE_27                                          0                              0              

ROW_SIZE_28                                          0                              0              

ROW_SIZE_29                                          0                              0              

ROW_SIZE_30                                          0                              0              

ROW_SIZE_31                                          0                              0              

RET_OP_EXEC_COUNT_0                                  0        0.000%                0        0.000%
RET_OP_EXEC_COUNT_1                          110907477      100.000%        110907477      100.000%
RET_OP_EXEC_COUNT_2                                  0        0.000%                0        0.000%
RET_OP_EXEC_COUNT_3                                  0        0.000%                0        0.000%
RET_OP_EXEC_COUNT_4                                  0        0.000%                0        0.000%
RET_OP_EXEC_COUNT_5                                  0        0.000%                0        0.000%
RET_OP_EXEC_COUNT_6                                  0        0.000%                0        0.000%
RET_OP_EXEC_COUNT_7                                  0        0.000%                0        0.000%
RET_OP_EXEC_COUNT_8                                  0        0.000%                0        0.000%
RET_OP_EXEC_COUNT_9                                  0        0.000%                0        0.000%
RET_OP_EXEC_COUNT_10                                 0        0.000%                0        0.000%
RET_OP_EXEC_COUNT_11                                 0        0.000%                0        0.000%
RET_OP_EXEC_COUNT_12                                 0        0.000%                0        0.000%
RET_OP_EXEC_COUNT_13                                 0        0.000%                0        0.000%
RET_OP_EXEC_COUNT_14                                 0        0.000%                0        0.000%
RET_OP_EXEC_COUNT_15                                 0        0.000%                0        0.000%
RET_OP_EXEC_COUNT_16                                 0        0.000%                0        0.000%
RET_OP_EXEC_COUNT_17                                 0        0.000%                0        0.000%
RET_OP_EXEC_COUNT_18                                 0        0.000%                0        0.000%
RET_OP_EXEC_COUNT_19                                 0        0.000%                0        0.000%
RET_OP_EXEC_COUNT_20                                 0        0.000%                0        0.000%
RET_OP_EXEC_COUNT_21                                 0        0.000%                0        0.000%
RET_OP_EXEC_COUNT_22                                 0        0.000%                0        0.000%
RET_OP_EXEC_COUNT_23                                 0        0.000%                0        0.000%
RET_OP_EXEC_COUNT_24                                 0        0.000%                0        0.000%
RET_OP_EXEC_COUNT_25                                 0        0.000%                0        0.000%
RET_OP_EXEC_COUNT_26                                 0        0.000%                0        0.000%
RET_OP_EXEC_COUNT_27                                 0        0.000%                0        0.000%
RET_OP_EXEC_COUNT_28                                 0        0.000%                0        0.000%
RET_OP_EXEC_COUNT_29                                 0        0.000%                0        0.000%
RET_OP_EXEC_COUNT_30                                 0        0.000%                0        0.000%
RET_OP_EXEC_COUNT_31                                 0        0.000%                0        0.000%
RET_OP_EXEC_COUNT_32                                 0        0.000%                0        0.000%
                                             110907477      100.000%        110907477      100.000%
                                                  1.00         0.00              1.00         0.00

RET_STALL_LENGTH_0                           110901938       99.995%        110901938       99.995%
RET_STALL_LENGTH_100                              3251        0.003%             3251        0.003%
RET_STALL_LENGTH_200                               268        0.000%              268        0.000%
RET_STALL_LENGTH_300                               438        0.000%              438        0.000%
RET_STALL_LENGTH_400                               614        0.001%              614        0.001%
RET_STALL_LENGTH_500                               371        0.000%              371        0.000%
RET_STALL_LENGTH_600                               238        0.000%              238        0.000%
RET_STALL_LENGTH_700                               101        0.000%              101        0.000%
RET_STALL_LENGTH_800                                54        0.000%               54        0.000%
RET_STALL_LENGTH_900                                30        0.000%               30        0.000%
RET_STALL_LENGTH_1000                               22        0.000%               22        0.000%
RET_STALL_LENGTH_1100                               17        0.000%               17        0.000%
RET_STALL_LENGTH_1200                               73        0.000%               73        0.000%
RET_STALL_LENGTH_1300                                9        0.000%                9        0.000%
RET_STALL_LENGTH_1400                                3        0.000%                3        0.000%
RET_STALL_LENGTH_1500                                5        0.000%                5        0.000%
RET_STALL_LENGTH_1600                               15        0.000%               15        0.000%
RET_STALL_LENGTH_1700                               16        0.000%               16        0.000%
RET_STALL_LENGTH_1800                               10        0.000%               10        0.000%
RET_STALL_LENGTH_1900                                1        0.000%                1        0.000%
RET_STALL_LENGTH_2000                                2        0.000%                2        0.000%
RET_STALL_LENGTH_2100                                1        0.000%                1        0.000%
RET_STALL_LENGTH_2200                                0        0.000%                0        0.000%
RET_STALL_LENGTH_2300                                0        0.000%                0        0.000%
RET_STALL_LENGTH_2400                                0        0.000%                0        0.000%
RET_STALL_LENGTH_2500                                0        0.000%                0        0.000%
RET_STALL_LENGTH_2600                                0        0.000%                0        0.000%
RET_STALL_LENGTH_2700                                0        0.000%                0        0.000%
RET_STALL_LENGTH_2800                                0        0.000%                0        0.000%
RET_STALL_LENGTH_2900                                0        0.000%                0        0.000%
RET_STALL_LENGTH_3000                                0        0.000%                0        0.000%
RET_STALL_LENGTH_3100                                0        0.000%                0        0.000%
RET_STALL_LENGTH_3200                                0        0.000%                0        0.000%
RET_STALL_LENGTH_3300                                0        0.000%                0        0.000%
RET_STALL_LENGTH_3400                                0        0.000%                0        0.000%
RET_STALL_LENGTH_3500                                0        0.000%                0        0.000%
RET_STALL_LENGTH_3600                                0        0.000%                0        0.000%
RET_STALL_LENGTH_3700                                0        0.000%                0        0.000%
RET_STALL_LENGTH_3800                                0        0.000%                0        0.000%
RET_STALL_LENGTH_3900                                0        0.000%                0        0.000%
RET_STALL_LENGTH_4000                                0        0.000%                0        0.000%
RET_STALL_LENGTH_4100                                0        0.000%                0        0.000%
RET_STALL_LENGTH_4200                                0        0.000%                0        0.000%
RET_STALL_LENGTH_4300                                0        0.000%                0        0.000%
RET_STALL_LENGTH_4400                                0        0.000%                0        0.000%
RET_STALL_LENGTH_4500                                0        0.000%                0        0.000%
RET_STALL_LENGTH_4600                                0        0.000%                0        0.000%
RET_STALL_LENGTH_4700                                0        0.000%                0        0.000%
RET_STALL_LENGTH_4800                                0        0.000%                0        0.000%
RET_STALL_LENGTH_4900                                0        0.000%                0        0.000%
RET_STALL_LENGTH_5000                                0        0.000%                0        0.000%
                                             110907477      100.000%        110907477      100.000%
                                                  0.00         0.03              0.00         0.03

MEM_BLOCK_LENGTH_0                                4582       75.987%             4582       75.987%
MEM_BLOCK_LENGTH_100                               276        4.577%              276        4.577%
MEM_BLOCK_LENGTH_200                               112        1.857%              112        1.857%
MEM_BLOCK_LENGTH_300                               113        1.874%              113        1.874%
MEM_BLOCK_LENGTH_400                               122        2.023%              122        2.023%
MEM_BLOCK_LENGTH_500                               119        1.973%              119        1.973%
MEM_BLOCK_LENGTH_600                               150        2.488%              150        2.488%
MEM_BLOCK_LENGTH_700                               125        2.073%              125        2.073%
MEM_BLOCK_LENGTH_800                                93        1.542%               93        1.542%
MEM_BLOCK_LENGTH_900                                68        1.128%               68        1.128%
MEM_BLOCK_LENGTH_1000                               42        0.697%               42        0.697%
MEM_BLOCK_LENGTH_1100                               37        0.614%               37        0.614%
MEM_BLOCK_LENGTH_1200                               38        0.630%               38        0.630%
MEM_BLOCK_LENGTH_1300                               23        0.381%               23        0.381%
MEM_BLOCK_LENGTH_1400                               22        0.365%               22        0.365%
MEM_BLOCK_LENGTH_1500                               14        0.232%               14        0.232%
MEM_BLOCK_LENGTH_1600                               13        0.216%               13        0.216%
MEM_BLOCK_LENGTH_1700                               10        0.166%               10        0.166%
MEM_BLOCK_LENGTH_1800                               11        0.182%               11        0.182%
MEM_BLOCK_LENGTH_1900                               11        0.182%               11        0.182%
MEM_BLOCK_LENGTH_2000                               10        0.166%               10        0.166%
MEM_BLOCK_LENGTH_2100                                7        0.116%                7        0.116%
MEM_BLOCK_LENGTH_2200                                4        0.066%                4        0.066%
MEM_BLOCK_LENGTH_2300                                3        0.050%                3        0.050%
MEM_BLOCK_LENGTH_2400                                6        0.100%                6        0.100%
MEM_BLOCK_LENGTH_2500                                6        0.100%                6        0.100%
MEM_BLOCK_LENGTH_2600                                1        0.017%                1        0.017%
MEM_BLOCK_LENGTH_2700                                2        0.033%                2        0.033%
MEM_BLOCK_LENGTH_2800                                1        0.017%                1        0.017%
MEM_BLOCK_LENGTH_2900                                0        0.000%                0        0.000%
MEM_BLOCK_LENGTH_3000                                2        0.033%                2        0.033%
MEM_BLOCK_LENGTH_3100                                1        0.017%                1        0.017%
MEM_BLOCK_LENGTH_3200                                0        0.000%                0        0.000%
MEM_BLOCK_LENGTH_3300                                1        0.017%                1        0.017%
MEM_BLOCK_LENGTH_3400                                1        0.017%                1        0.017%
MEM_BLOCK_LENGTH_3500                                0        0.000%                0        0.000%
MEM_BLOCK_LENGTH_3600                                0        0.000%                0        0.000%
MEM_BLOCK_LENGTH_3700                                0        0.000%                0        0.000%
MEM_BLOCK_LENGTH_3800                                0        0.000%                0        0.000%
MEM_BLOCK_LENGTH_3900                                0        0.000%                0        0.000%
MEM_BLOCK_LENGTH_4000                                0        0.000%                0        0.000%
MEM_BLOCK_LENGTH_4100                                0        0.000%                0        0.000%
MEM_BLOCK_LENGTH_4200                                0        0.000%                0        0.000%
MEM_BLOCK_LENGTH_4300                                1        0.017%                1        0.017%
MEM_BLOCK_LENGTH_4400                                0        0.000%                0        0.000%
MEM_BLOCK_LENGTH_4500                                0        0.000%                0        0.000%
MEM_BLOCK_LENGTH_4600                                0        0.000%                0        0.000%
MEM_BLOCK_LENGTH_4700                                1        0.017%                1        0.017%
MEM_BLOCK_LENGTH_4800                                0        0.000%                0        0.000%
MEM_BLOCK_LENGTH_4900                                0        0.000%                0        0.000%
MEM_BLOCK_LENGTH_5000                                2        0.033%                2        0.033%
                                                  6030      100.000%             6030      100.000%
                                                  1.52         3.62              1.52         3.62

FUS_BUSY_ON_PATH                             138587905        4.0667        138587905        4.0667

FUS_BUSY_OFF_PATH                                    0        0.0000                0        0.0000

FU_BUSY_MEM_STALL                             27678863        0.8122         27678863        0.8122

FUS_EMPTY                                    134041999        3.9333        134041999        3.9333

CHIP_UTILIZATION                                     0        0.0000                0        0.0000

CYCLES_UNDER_MEM_REQ                                 0                              0              

CYCLES_UNDER_NO_MEM_REQ                              0                              0              

CYCLES_UNDER_CRITICAL_MEM_REQ                        0                              0              

CYCLES_UNDER_NONCRITICAL_MEM_REQ                     0                              0              

CHIP_UTILIZATION_UNDER_MEM_REQ                       0          -nan                0          -nan

CHIP_UTILIZATION_UNDER_NO_MEM_REQ                    0          -nan                0          -nan

CHIP_UTILIZATION_UNDER_CRITICAL_MEM_REQ              0          -nan                0          -nan

CHIP_UTILIZATION_UNDER_NONCRITICAL_MEM_REQ             0          -nan                0          -nan

CYCLES_NOT_WAITING_FOR_OFF_CHIP                      0        0.0000                0        0.0000

FUS_BUSY_NOT_WAITING_FOR_OFF_CHIP                    0          -nan                0          -nan

CYCLES_WAITING_FOR_OFF_CHIP                          0        0.0000                0        0.0000

FUS_BUSY_WAITING_FOR_OFF_CHIP                        0          -nan                0          -nan

TOTAL_OFF_CHIP_DELAYS_LEFT                           0                              0              

WRONG_IO_SCHED                                       0                              0              

DVFS_CONFIG_SWITCH                                   0                              0              



