               ramulator.active_cycles_0             2995647                                      # Total active cycles for level _0
                 ramulator.busy_cycles_0             2995647                                      # (All-bank refresh only. busy cycles only include refresh time in rank level) The sum of cycles that the DRAM part is active or under refresh for level _0
            ramulator.serving_requests_0             5566060                                      # The sum of read and write requests that are served in this DRAM element per memory cycle for level _0
    ramulator.average_serving_requests_0            0.435545                                      # The average of read and write requests that are served in this DRAM element per memory cycle for level _0
             ramulator.active_cycles_0_0             2995647                                      # Total active cycles for level _0_0
               ramulator.busy_cycles_0_0             3494607                                      # (All-bank refresh only. busy cycles only include refresh time in rank level) The sum of cycles that the DRAM part is active or under refresh for level _0_0
          ramulator.serving_requests_0_0             5566060                                      # The sum of read and write requests that are served in this DRAM element per memory cycle for level _0_0
  ramulator.average_serving_requests_0_0            0.435545                                      # The average of read and write requests that are served in this DRAM element per memory cycle for level _0_0
           ramulator.active_cycles_0_0_0              876725                                      # Total active cycles for level _0_0_0
             ramulator.busy_cycles_0_0_0              876725                                      # (All-bank refresh only. busy cycles only include refresh time in rank level) The sum of cycles that the DRAM part is active or under refresh for level _0_0_0
        ramulator.serving_requests_0_0_0             1308563                                      # The sum of read and write requests that are served in this DRAM element per memory cycle for level _0_0_0
ramulator.average_serving_requests_0_0_0            0.102395                                      # The average of read and write requests that are served in this DRAM element per memory cycle for level _0_0_0
         ramulator.active_cycles_0_0_0_0              236346                                      # Total active cycles for level _0_0_0_0
           ramulator.busy_cycles_0_0_0_0              236346                                      # (All-bank refresh only. busy cycles only include refresh time in rank level) The sum of cycles that the DRAM part is active or under refresh for level _0_0_0_0
      ramulator.serving_requests_0_0_0_0              309423                                      # The sum of read and write requests that are served in this DRAM element per memory cycle for level _0_0_0_0
ramulator.average_serving_requests_0_0_0_0            0.024212                                      # The average of read and write requests that are served in this DRAM element per memory cycle for level _0_0_0_0
         ramulator.active_cycles_0_0_0_1              255410                                      # Total active cycles for level _0_0_0_1
           ramulator.busy_cycles_0_0_0_1              255410                                      # (All-bank refresh only. busy cycles only include refresh time in rank level) The sum of cycles that the DRAM part is active or under refresh for level _0_0_0_1
      ramulator.serving_requests_0_0_0_1              340919                                      # The sum of read and write requests that are served in this DRAM element per memory cycle for level _0_0_0_1
ramulator.average_serving_requests_0_0_0_1            0.026677                                      # The average of read and write requests that are served in this DRAM element per memory cycle for level _0_0_0_1
         ramulator.active_cycles_0_0_0_2              207992                                      # Total active cycles for level _0_0_0_2
           ramulator.busy_cycles_0_0_0_2              207992                                      # (All-bank refresh only. busy cycles only include refresh time in rank level) The sum of cycles that the DRAM part is active or under refresh for level _0_0_0_2
      ramulator.serving_requests_0_0_0_2              280185                                      # The sum of read and write requests that are served in this DRAM element per memory cycle for level _0_0_0_2
ramulator.average_serving_requests_0_0_0_2            0.021925                                      # The average of read and write requests that are served in this DRAM element per memory cycle for level _0_0_0_2
         ramulator.active_cycles_0_0_0_3              286536                                      # Total active cycles for level _0_0_0_3
           ramulator.busy_cycles_0_0_0_3              286536                                      # (All-bank refresh only. busy cycles only include refresh time in rank level) The sum of cycles that the DRAM part is active or under refresh for level _0_0_0_3
      ramulator.serving_requests_0_0_0_3              378036                                      # The sum of read and write requests that are served in this DRAM element per memory cycle for level _0_0_0_3
ramulator.average_serving_requests_0_0_0_3            0.029581                                      # The average of read and write requests that are served in this DRAM element per memory cycle for level _0_0_0_3
           ramulator.active_cycles_0_0_1             1563661                                      # Total active cycles for level _0_0_1
             ramulator.busy_cycles_0_0_1             1563661                                      # (All-bank refresh only. busy cycles only include refresh time in rank level) The sum of cycles that the DRAM part is active or under refresh for level _0_0_1
        ramulator.serving_requests_0_0_1             1954793                                      # The sum of read and write requests that are served in this DRAM element per memory cycle for level _0_0_1
ramulator.average_serving_requests_0_0_1            0.152963                                      # The average of read and write requests that are served in this DRAM element per memory cycle for level _0_0_1
         ramulator.active_cycles_0_0_1_0              218987                                      # Total active cycles for level _0_0_1_0
           ramulator.busy_cycles_0_0_1_0              218987                                      # (All-bank refresh only. busy cycles only include refresh time in rank level) The sum of cycles that the DRAM part is active or under refresh for level _0_0_1_0
      ramulator.serving_requests_0_0_1_0              286888                                      # The sum of read and write requests that are served in this DRAM element per memory cycle for level _0_0_1_0
ramulator.average_serving_requests_0_0_1_0            0.022449                                      # The average of read and write requests that are served in this DRAM element per memory cycle for level _0_0_1_0
         ramulator.active_cycles_0_0_1_1              194756                                      # Total active cycles for level _0_0_1_1
           ramulator.busy_cycles_0_0_1_1              194756                                      # (All-bank refresh only. busy cycles only include refresh time in rank level) The sum of cycles that the DRAM part is active or under refresh for level _0_0_1_1
      ramulator.serving_requests_0_0_1_1              258135                                      # The sum of read and write requests that are served in this DRAM element per memory cycle for level _0_0_1_1
ramulator.average_serving_requests_0_0_1_1            0.020199                                      # The average of read and write requests that are served in this DRAM element per memory cycle for level _0_0_1_1
         ramulator.active_cycles_0_0_1_2              312616                                      # Total active cycles for level _0_0_1_2
           ramulator.busy_cycles_0_0_1_2              312616                                      # (All-bank refresh only. busy cycles only include refresh time in rank level) The sum of cycles that the DRAM part is active or under refresh for level _0_0_1_2
      ramulator.serving_requests_0_0_1_2              394123                                      # The sum of read and write requests that are served in this DRAM element per memory cycle for level _0_0_1_2
ramulator.average_serving_requests_0_0_1_2            0.030840                                      # The average of read and write requests that are served in this DRAM element per memory cycle for level _0_0_1_2
         ramulator.active_cycles_0_0_1_3              953220                                      # Total active cycles for level _0_0_1_3
           ramulator.busy_cycles_0_0_1_3              953220                                      # (All-bank refresh only. busy cycles only include refresh time in rank level) The sum of cycles that the DRAM part is active or under refresh for level _0_0_1_3
      ramulator.serving_requests_0_0_1_3             1015647                                      # The sum of read and write requests that are served in this DRAM element per memory cycle for level _0_0_1_3
ramulator.average_serving_requests_0_0_1_3            0.079475                                      # The average of read and write requests that are served in this DRAM element per memory cycle for level _0_0_1_3
           ramulator.active_cycles_0_0_2              816955                                      # Total active cycles for level _0_0_2
             ramulator.busy_cycles_0_0_2              816955                                      # (All-bank refresh only. busy cycles only include refresh time in rank level) The sum of cycles that the DRAM part is active or under refresh for level _0_0_2
        ramulator.serving_requests_0_0_2             1198417                                      # The sum of read and write requests that are served in this DRAM element per memory cycle for level _0_0_2
ramulator.average_serving_requests_0_0_2            0.093776                                      # The average of read and write requests that are served in this DRAM element per memory cycle for level _0_0_2
         ramulator.active_cycles_0_0_2_0              244728                                      # Total active cycles for level _0_0_2_0
           ramulator.busy_cycles_0_0_2_0              244728                                      # (All-bank refresh only. busy cycles only include refresh time in rank level) The sum of cycles that the DRAM part is active or under refresh for level _0_0_2_0
      ramulator.serving_requests_0_0_2_0              317095                                      # The sum of read and write requests that are served in this DRAM element per memory cycle for level _0_0_2_0
ramulator.average_serving_requests_0_0_2_0            0.024813                                      # The average of read and write requests that are served in this DRAM element per memory cycle for level _0_0_2_0
         ramulator.active_cycles_0_0_2_1              238960                                      # Total active cycles for level _0_0_2_1
           ramulator.busy_cycles_0_0_2_1              238960                                      # (All-bank refresh only. busy cycles only include refresh time in rank level) The sum of cycles that the DRAM part is active or under refresh for level _0_0_2_1
      ramulator.serving_requests_0_0_2_1              316596                                      # The sum of read and write requests that are served in this DRAM element per memory cycle for level _0_0_2_1
ramulator.average_serving_requests_0_0_2_1            0.024774                                      # The average of read and write requests that are served in this DRAM element per memory cycle for level _0_0_2_1
         ramulator.active_cycles_0_0_2_2              236856                                      # Total active cycles for level _0_0_2_2
           ramulator.busy_cycles_0_0_2_2              236856                                      # (All-bank refresh only. busy cycles only include refresh time in rank level) The sum of cycles that the DRAM part is active or under refresh for level _0_0_2_2
      ramulator.serving_requests_0_0_2_2              320896                                      # The sum of read and write requests that are served in this DRAM element per memory cycle for level _0_0_2_2
ramulator.average_serving_requests_0_0_2_2            0.025110                                      # The average of read and write requests that are served in this DRAM element per memory cycle for level _0_0_2_2
         ramulator.active_cycles_0_0_2_3              191988                                      # Total active cycles for level _0_0_2_3
           ramulator.busy_cycles_0_0_2_3              191988                                      # (All-bank refresh only. busy cycles only include refresh time in rank level) The sum of cycles that the DRAM part is active or under refresh for level _0_0_2_3
      ramulator.serving_requests_0_0_2_3              243830                                      # The sum of read and write requests that are served in this DRAM element per memory cycle for level _0_0_2_3
ramulator.average_serving_requests_0_0_2_3            0.019080                                      # The average of read and write requests that are served in this DRAM element per memory cycle for level _0_0_2_3
           ramulator.active_cycles_0_0_3              762651                                      # Total active cycles for level _0_0_3
             ramulator.busy_cycles_0_0_3              762651                                      # (All-bank refresh only. busy cycles only include refresh time in rank level) The sum of cycles that the DRAM part is active or under refresh for level _0_0_3
        ramulator.serving_requests_0_0_3             1104287                                      # The sum of read and write requests that are served in this DRAM element per memory cycle for level _0_0_3
ramulator.average_serving_requests_0_0_3            0.086411                                      # The average of read and write requests that are served in this DRAM element per memory cycle for level _0_0_3
         ramulator.active_cycles_0_0_3_0              215300                                      # Total active cycles for level _0_0_3_0
           ramulator.busy_cycles_0_0_3_0              215300                                      # (All-bank refresh only. busy cycles only include refresh time in rank level) The sum of cycles that the DRAM part is active or under refresh for level _0_0_3_0
      ramulator.serving_requests_0_0_3_0              278558                                      # The sum of read and write requests that are served in this DRAM element per memory cycle for level _0_0_3_0
ramulator.average_serving_requests_0_0_3_0            0.021797                                      # The average of read and write requests that are served in this DRAM element per memory cycle for level _0_0_3_0
         ramulator.active_cycles_0_0_3_1              247532                                      # Total active cycles for level _0_0_3_1
           ramulator.busy_cycles_0_0_3_1              247532                                      # (All-bank refresh only. busy cycles only include refresh time in rank level) The sum of cycles that the DRAM part is active or under refresh for level _0_0_3_1
      ramulator.serving_requests_0_0_3_1              316177                                      # The sum of read and write requests that are served in this DRAM element per memory cycle for level _0_0_3_1
ramulator.average_serving_requests_0_0_3_1            0.024741                                      # The average of read and write requests that are served in this DRAM element per memory cycle for level _0_0_3_1
         ramulator.active_cycles_0_0_3_2              192273                                      # Total active cycles for level _0_0_3_2
           ramulator.busy_cycles_0_0_3_2              192273                                      # (All-bank refresh only. busy cycles only include refresh time in rank level) The sum of cycles that the DRAM part is active or under refresh for level _0_0_3_2
      ramulator.serving_requests_0_0_3_2              251375                                      # The sum of read and write requests that are served in this DRAM element per memory cycle for level _0_0_3_2
ramulator.average_serving_requests_0_0_3_2            0.019670                                      # The average of read and write requests that are served in this DRAM element per memory cycle for level _0_0_3_2
         ramulator.active_cycles_0_0_3_3              196141                                      # Total active cycles for level _0_0_3_3
           ramulator.busy_cycles_0_0_3_3              196141                                      # (All-bank refresh only. busy cycles only include refresh time in rank level) The sum of cycles that the DRAM part is active or under refresh for level _0_0_3_3
      ramulator.serving_requests_0_0_3_3              258177                                      # The sum of read and write requests that are served in this DRAM element per memory cycle for level _0_0_3_3
ramulator.average_serving_requests_0_0_3_3            0.020202                                      # The average of read and write requests that are served in this DRAM element per memory cycle for level _0_0_3_3
      ramulator.read_transaction_bytes_0             9786752                                      # The total byte of read transaction per channel
     ramulator.write_transaction_bytes_0             4101056                                      # The total byte of write transaction per channel
       ramulator.row_hits_channel_0_core              186581                                      # Number of row hits per channel per core
     ramulator.row_misses_channel_0_core                7875                                      # Number of row misses per channel per core
  ramulator.row_conflicts_channel_0_core               22541                                      # Number of row conflicts per channel per core
  ramulator.read_row_hits_channel_0_core              133991                                      # Number of row hits for read requests per channel per core
                                     [0]            133991.0                                      # 
ramulator.read_row_misses_channel_0_core                5298                                      # Number of row misses for read requests per channel per core
                                     [0]              5298.0                                      # 
ramulator.read_row_conflicts_channel_0_core               13629                                      # Number of row conflicts for read requests per channel per core
                                     [0]             13629.0                                      # 
 ramulator.write_row_hits_channel_0_core               52590                                      # Number of row hits for write requests per channel per core
                                     [0]             52590.0                                      # 
ramulator.write_row_misses_channel_0_core                2577                                      # Number of row misses for write requests per channel per core
                                     [0]              2577.0                                      # 
ramulator.write_row_conflicts_channel_0_core                8912                                      # Number of row conflicts for write requests per channel per core
                                     [0]              8912.0                                      # 
      ramulator.useless_activates_0_core                 102                                      # Number of useless activations. E.g, ACT -> PRE w/o RD or WR
            ramulator.read_latency_avg_0          129.388499                                      # The average memory latency cycles (in memory time domain) per request for all read requests in this channel
            ramulator.read_latency_sum_0            19786995                                      # The memory latency cycles (in memory time domain) sum for all read requests in this channel
        ramulator.req_queue_length_avg_0           11.712047                                      # Average of read and write queue length per memory cycle per channel.
        ramulator.req_queue_length_sum_0           149674471                                      # Sum of read and write queue length per memory cycle per channel.
   ramulator.read_req_queue_length_avg_0            1.523080                                      # Read queue length average per memory cycle per channel.
   ramulator.read_req_queue_length_sum_0            19464243                                      # Read queue length sum per memory cycle per channel.
  ramulator.write_req_queue_length_avg_0           10.188968                                      # Write queue length average per memory cycle per channel.
  ramulator.write_req_queue_length_sum_0           130210228                                      # Write queue length sum per memory cycle per channel.
              ramulator.record_read_hits                 0.0                                      # record read hit count for this core when it reaches request limit or to the end
                                     [0]                 0.0                                      # 
            ramulator.record_read_misses                 0.0                                      # record_read_miss count for this core when it reaches request limit or to the end
                                     [0]                 0.0                                      # 
         ramulator.record_read_conflicts                 0.0                                      # record read conflict count for this core when it reaches request limit or to the end
                                     [0]                 0.0                                      # 
             ramulator.record_write_hits                 0.0                                      # record write hit count for this core when it reaches request limit or to the end
                                     [0]                 0.0                                      # 
           ramulator.record_write_misses                 0.0                                      # record write miss count for this core when it reaches request limit or to the end
                                     [0]                 0.0                                      # 
        ramulator.record_write_conflicts                 0.0                                      # record write conflict for this core when it reaches request limit or to the end
                                     [0]                 0.0                                      # 
                 ramulator.dram_capacity          8589934592                                      # Number of bytes in simulated DRAM
                   ramulator.dram_cycles            12779531                                      # Number of DRAM cycles simulated
             ramulator.incoming_requests              217009                                      # Number of incoming requests to DRAM
                 ramulator.read_requests              152927                                      # Number of incoming read requests to DRAM per core
                                     [0]            152927.0                                      # 
                ramulator.write_requests               64082                                      # Number of incoming write requests to DRAM per core
                                     [0]             64082.0                                      # 
       ramulator.ramulator_active_cycles             2995647                                      # The total number of cycles that the DRAM part is active (serving R/W)
 ramulator.incoming_requests_per_channel            217009.0                                      # Number of incoming requests to each DRAM channel
                                     [0]            217009.0                                      # 
ramulator.incoming_read_reqs_per_channel            152927.0                                      # Number of incoming read requests to each DRAM channel
                                     [0]            152927.0                                      # 
     ramulator.physical_page_replacement                   0                                      # The number of times that physical page replacement happens.
             ramulator.maximum_bandwidth         19200000000                                      # The theoretical maximum bandwidth (Bps)
          ramulator.in_queue_req_num_sum           149674471                                      # Sum of read/write queue length
     ramulator.in_queue_read_req_num_sum            19464243                                      # Sum of read queue length
    ramulator.in_queue_write_req_num_sum           130210228                                      # Sum of write queue length
          ramulator.in_queue_req_num_avg           11.712047                                      # Average of read/write queue length per memory cycle
     ramulator.in_queue_read_req_num_avg            1.523080                                      # Average of read queue length per memory cycle
    ramulator.in_queue_write_req_num_avg           10.188968                                      # Average of write queue length per memory cycle
          ramulator.record_read_requests                 0.0                                      # record read requests for this core when it reaches request limit or to the end
                                     [0]                 0.0                                      # 
         ramulator.record_write_requests                 0.0                                      # record write requests for this core when it reaches request limit or to the end
                                     [0]                 0.0                                      # 
