               ramulator.active_cycles_0               35678                                      # Total active cycles for level _0
                 ramulator.busy_cycles_0               35678                                      # (All-bank refresh only. busy cycles only include refresh time in rank level) The sum of cycles that the DRAM part is active or under refresh for level _0
            ramulator.serving_requests_0               39935                                      # The sum of read and write requests that are served in this DRAM element per memory cycle for level _0
    ramulator.average_serving_requests_0            0.001472                                      # The average of read and write requests that are served in this DRAM element per memory cycle for level _0
             ramulator.active_cycles_0_0               35678                                      # Total active cycles for level _0_0
               ramulator.busy_cycles_0_0             1252838                                      # (All-bank refresh only. busy cycles only include refresh time in rank level) The sum of cycles that the DRAM part is active or under refresh for level _0_0
          ramulator.serving_requests_0_0               39935                                      # The sum of read and write requests that are served in this DRAM element per memory cycle for level _0_0
  ramulator.average_serving_requests_0_0            0.001472                                      # The average of read and write requests that are served in this DRAM element per memory cycle for level _0_0
           ramulator.active_cycles_0_0_0                9260                                      # Total active cycles for level _0_0_0
             ramulator.busy_cycles_0_0_0                9260                                      # (All-bank refresh only. busy cycles only include refresh time in rank level) The sum of cycles that the DRAM part is active or under refresh for level _0_0_0
        ramulator.serving_requests_0_0_0                9384                                      # The sum of read and write requests that are served in this DRAM element per memory cycle for level _0_0_0
ramulator.average_serving_requests_0_0_0            0.000346                                      # The average of read and write requests that are served in this DRAM element per memory cycle for level _0_0_0
         ramulator.active_cycles_0_0_0_0                 188                                      # Total active cycles for level _0_0_0_0
           ramulator.busy_cycles_0_0_0_0                 188                                      # (All-bank refresh only. busy cycles only include refresh time in rank level) The sum of cycles that the DRAM part is active or under refresh for level _0_0_0_0
      ramulator.serving_requests_0_0_0_0                 188                                      # The sum of read and write requests that are served in this DRAM element per memory cycle for level _0_0_0_0
ramulator.average_serving_requests_0_0_0_0            0.000007                                      # The average of read and write requests that are served in this DRAM element per memory cycle for level _0_0_0_0
         ramulator.active_cycles_0_0_0_1                2556                                      # Total active cycles for level _0_0_0_1
           ramulator.busy_cycles_0_0_0_1                2556                                      # (All-bank refresh only. busy cycles only include refresh time in rank level) The sum of cycles that the DRAM part is active or under refresh for level _0_0_0_1
      ramulator.serving_requests_0_0_0_1                2556                                      # The sum of read and write requests that are served in this DRAM element per memory cycle for level _0_0_0_1
ramulator.average_serving_requests_0_0_0_1            0.000094                                      # The average of read and write requests that are served in this DRAM element per memory cycle for level _0_0_0_1
         ramulator.active_cycles_0_0_0_2                4532                                      # Total active cycles for level _0_0_0_2
           ramulator.busy_cycles_0_0_0_2                4532                                      # (All-bank refresh only. busy cycles only include refresh time in rank level) The sum of cycles that the DRAM part is active or under refresh for level _0_0_0_2
      ramulator.serving_requests_0_0_0_2                4532                                      # The sum of read and write requests that are served in this DRAM element per memory cycle for level _0_0_0_2
ramulator.average_serving_requests_0_0_0_2            0.000167                                      # The average of read and write requests that are served in this DRAM element per memory cycle for level _0_0_0_2
         ramulator.active_cycles_0_0_0_3                2038                                      # Total active cycles for level _0_0_0_3
           ramulator.busy_cycles_0_0_0_3                2038                                      # (All-bank refresh only. busy cycles only include refresh time in rank level) The sum of cycles that the DRAM part is active or under refresh for level _0_0_0_3
      ramulator.serving_requests_0_0_0_3                2108                                      # The sum of read and write requests that are served in this DRAM element per memory cycle for level _0_0_0_3
ramulator.average_serving_requests_0_0_0_3            0.000078                                      # The average of read and write requests that are served in this DRAM element per memory cycle for level _0_0_0_3
           ramulator.active_cycles_0_0_1                6832                                      # Total active cycles for level _0_0_1
             ramulator.busy_cycles_0_0_1                6832                                      # (All-bank refresh only. busy cycles only include refresh time in rank level) The sum of cycles that the DRAM part is active or under refresh for level _0_0_1
        ramulator.serving_requests_0_0_1                7519                                      # The sum of read and write requests that are served in this DRAM element per memory cycle for level _0_0_1
ramulator.average_serving_requests_0_0_1            0.000277                                      # The average of read and write requests that are served in this DRAM element per memory cycle for level _0_0_1
         ramulator.active_cycles_0_0_1_0                1634                                      # Total active cycles for level _0_0_1_0
           ramulator.busy_cycles_0_0_1_0                1634                                      # (All-bank refresh only. busy cycles only include refresh time in rank level) The sum of cycles that the DRAM part is active or under refresh for level _0_0_1_0
      ramulator.serving_requests_0_0_1_0                1648                                      # The sum of read and write requests that are served in this DRAM element per memory cycle for level _0_0_1_0
ramulator.average_serving_requests_0_0_1_0            0.000061                                      # The average of read and write requests that are served in this DRAM element per memory cycle for level _0_0_1_0
         ramulator.active_cycles_0_0_1_1                1474                                      # Total active cycles for level _0_0_1_1
           ramulator.busy_cycles_0_0_1_1                1474                                      # (All-bank refresh only. busy cycles only include refresh time in rank level) The sum of cycles that the DRAM part is active or under refresh for level _0_0_1_1
      ramulator.serving_requests_0_0_1_1                2036                                      # The sum of read and write requests that are served in this DRAM element per memory cycle for level _0_0_1_1
ramulator.average_serving_requests_0_0_1_1            0.000075                                      # The average of read and write requests that are served in this DRAM element per memory cycle for level _0_0_1_1
         ramulator.active_cycles_0_0_1_2                2302                                      # Total active cycles for level _0_0_1_2
           ramulator.busy_cycles_0_0_1_2                2302                                      # (All-bank refresh only. busy cycles only include refresh time in rank level) The sum of cycles that the DRAM part is active or under refresh for level _0_0_1_2
      ramulator.serving_requests_0_0_1_2                2302                                      # The sum of read and write requests that are served in this DRAM element per memory cycle for level _0_0_1_2
ramulator.average_serving_requests_0_0_1_2            0.000085                                      # The average of read and write requests that are served in this DRAM element per memory cycle for level _0_0_1_2
         ramulator.active_cycles_0_0_1_3                1515                                      # Total active cycles for level _0_0_1_3
           ramulator.busy_cycles_0_0_1_3                1515                                      # (All-bank refresh only. busy cycles only include refresh time in rank level) The sum of cycles that the DRAM part is active or under refresh for level _0_0_1_3
      ramulator.serving_requests_0_0_1_3                1533                                      # The sum of read and write requests that are served in this DRAM element per memory cycle for level _0_0_1_3
ramulator.average_serving_requests_0_0_1_3            0.000057                                      # The average of read and write requests that are served in this DRAM element per memory cycle for level _0_0_1_3
           ramulator.active_cycles_0_0_2                6992                                      # Total active cycles for level _0_0_2
             ramulator.busy_cycles_0_0_2                6992                                      # (All-bank refresh only. busy cycles only include refresh time in rank level) The sum of cycles that the DRAM part is active or under refresh for level _0_0_2
        ramulator.serving_requests_0_0_2                8348                                      # The sum of read and write requests that are served in this DRAM element per memory cycle for level _0_0_2
ramulator.average_serving_requests_0_0_2            0.000308                                      # The average of read and write requests that are served in this DRAM element per memory cycle for level _0_0_2
         ramulator.active_cycles_0_0_2_0                1479                                      # Total active cycles for level _0_0_2_0
           ramulator.busy_cycles_0_0_2_0                1479                                      # (All-bank refresh only. busy cycles only include refresh time in rank level) The sum of cycles that the DRAM part is active or under refresh for level _0_0_2_0
      ramulator.serving_requests_0_0_2_0                2095                                      # The sum of read and write requests that are served in this DRAM element per memory cycle for level _0_0_2_0
ramulator.average_serving_requests_0_0_2_0            0.000077                                      # The average of read and write requests that are served in this DRAM element per memory cycle for level _0_0_2_0
         ramulator.active_cycles_0_0_2_1                1404                                      # Total active cycles for level _0_0_2_1
           ramulator.busy_cycles_0_0_2_1                1404                                      # (All-bank refresh only. busy cycles only include refresh time in rank level) The sum of cycles that the DRAM part is active or under refresh for level _0_0_2_1
      ramulator.serving_requests_0_0_2_1                1404                                      # The sum of read and write requests that are served in this DRAM element per memory cycle for level _0_0_2_1
ramulator.average_serving_requests_0_0_2_1            0.000052                                      # The average of read and write requests that are served in this DRAM element per memory cycle for level _0_0_2_1
         ramulator.active_cycles_0_0_2_2                1281                                      # Total active cycles for level _0_0_2_2
           ramulator.busy_cycles_0_0_2_2                1281                                      # (All-bank refresh only. busy cycles only include refresh time in rank level) The sum of cycles that the DRAM part is active or under refresh for level _0_0_2_2
      ramulator.serving_requests_0_0_2_2                1281                                      # The sum of read and write requests that are served in this DRAM element per memory cycle for level _0_0_2_2
ramulator.average_serving_requests_0_0_2_2            0.000047                                      # The average of read and write requests that are served in this DRAM element per memory cycle for level _0_0_2_2
         ramulator.active_cycles_0_0_2_3                2870                                      # Total active cycles for level _0_0_2_3
           ramulator.busy_cycles_0_0_2_3                2870                                      # (All-bank refresh only. busy cycles only include refresh time in rank level) The sum of cycles that the DRAM part is active or under refresh for level _0_0_2_3
      ramulator.serving_requests_0_0_2_3                3568                                      # The sum of read and write requests that are served in this DRAM element per memory cycle for level _0_0_2_3
ramulator.average_serving_requests_0_0_2_3            0.000132                                      # The average of read and write requests that are served in this DRAM element per memory cycle for level _0_0_2_3
           ramulator.active_cycles_0_0_3               14188                                      # Total active cycles for level _0_0_3
             ramulator.busy_cycles_0_0_3               14188                                      # (All-bank refresh only. busy cycles only include refresh time in rank level) The sum of cycles that the DRAM part is active or under refresh for level _0_0_3
        ramulator.serving_requests_0_0_3               14684                                      # The sum of read and write requests that are served in this DRAM element per memory cycle for level _0_0_3
ramulator.average_serving_requests_0_0_3            0.000541                                      # The average of read and write requests that are served in this DRAM element per memory cycle for level _0_0_3
         ramulator.active_cycles_0_0_3_0                5344                                      # Total active cycles for level _0_0_3_0
           ramulator.busy_cycles_0_0_3_0                5344                                      # (All-bank refresh only. busy cycles only include refresh time in rank level) The sum of cycles that the DRAM part is active or under refresh for level _0_0_3_0
      ramulator.serving_requests_0_0_3_0                5344                                      # The sum of read and write requests that are served in this DRAM element per memory cycle for level _0_0_3_0
ramulator.average_serving_requests_0_0_3_0            0.000197                                      # The average of read and write requests that are served in this DRAM element per memory cycle for level _0_0_3_0
         ramulator.active_cycles_0_0_3_1                3758                                      # Total active cycles for level _0_0_3_1
           ramulator.busy_cycles_0_0_3_1                3758                                      # (All-bank refresh only. busy cycles only include refresh time in rank level) The sum of cycles that the DRAM part is active or under refresh for level _0_0_3_1
      ramulator.serving_requests_0_0_3_1                4240                                      # The sum of read and write requests that are served in this DRAM element per memory cycle for level _0_0_3_1
ramulator.average_serving_requests_0_0_3_1            0.000156                                      # The average of read and write requests that are served in this DRAM element per memory cycle for level _0_0_3_1
         ramulator.active_cycles_0_0_3_2                5044                                      # Total active cycles for level _0_0_3_2
           ramulator.busy_cycles_0_0_3_2                5044                                      # (All-bank refresh only. busy cycles only include refresh time in rank level) The sum of cycles that the DRAM part is active or under refresh for level _0_0_3_2
      ramulator.serving_requests_0_0_3_2                5044                                      # The sum of read and write requests that are served in this DRAM element per memory cycle for level _0_0_3_2
ramulator.average_serving_requests_0_0_3_2            0.000186                                      # The average of read and write requests that are served in this DRAM element per memory cycle for level _0_0_3_2
         ramulator.active_cycles_0_0_3_3                  42                                      # Total active cycles for level _0_0_3_3
           ramulator.busy_cycles_0_0_3_3                  42                                      # (All-bank refresh only. busy cycles only include refresh time in rank level) The sum of cycles that the DRAM part is active or under refresh for level _0_0_3_3
      ramulator.serving_requests_0_0_3_3                  56                                      # The sum of read and write requests that are served in this DRAM element per memory cycle for level _0_0_3_3
ramulator.average_serving_requests_0_0_3_3            0.000002                                      # The average of read and write requests that are served in this DRAM element per memory cycle for level _0_0_3_3
      ramulator.read_transaction_bytes_0              113984                                      # The total byte of read transaction per channel
     ramulator.write_transaction_bytes_0                   0                                      # The total byte of write transaction per channel
       ramulator.row_hits_channel_0_core                1570                                      # Number of row hits per channel per core
     ramulator.row_misses_channel_0_core                 153                                      # Number of row misses per channel per core
  ramulator.row_conflicts_channel_0_core                  58                                      # Number of row conflicts per channel per core
  ramulator.read_row_hits_channel_0_core                1570                                      # Number of row hits for read requests per channel per core
                                     [0]              1570.0                                      # 
ramulator.read_row_misses_channel_0_core                 153                                      # Number of row misses for read requests per channel per core
                                     [0]               153.0                                      # 
ramulator.read_row_conflicts_channel_0_core                  58                                      # Number of row conflicts for read requests per channel per core
                                     [0]                58.0                                      # 
 ramulator.write_row_hits_channel_0_core                   0                                      # Number of row hits for write requests per channel per core
                                     [0]                 0.0                                      # 
ramulator.write_row_misses_channel_0_core                   0                                      # Number of row misses for write requests per channel per core
                                     [0]                 0.0                                      # 
ramulator.write_row_conflicts_channel_0_core                   0                                      # Number of row conflicts for write requests per channel per core
                                     [0]                 0.0                                      # 
      ramulator.useless_activates_0_core                   0                                      # Number of useless activations. E.g, ACT -> PRE w/o RD or WR
            ramulator.read_latency_avg_0           30.036496                                      # The average memory latency cycles (in memory time domain) per request for all read requests in this channel
            ramulator.read_latency_sum_0               53495                                      # The memory latency cycles (in memory time domain) sum for all read requests in this channel
        ramulator.req_queue_length_avg_0            0.001847                                      # Average of read and write queue length per memory cycle per channel.
        ramulator.req_queue_length_sum_0               50108                                      # Sum of read and write queue length per memory cycle per channel.
   ramulator.read_req_queue_length_avg_0            0.001847                                      # Read queue length average per memory cycle per channel.
   ramulator.read_req_queue_length_sum_0               50108                                      # Read queue length sum per memory cycle per channel.
  ramulator.write_req_queue_length_avg_0            0.000000                                      # Write queue length average per memory cycle per channel.
  ramulator.write_req_queue_length_sum_0                   0                                      # Write queue length sum per memory cycle per channel.
              ramulator.record_read_hits                 0.0                                      # record read hit count for this core when it reaches request limit or to the end
                                     [0]                 0.0                                      # 
            ramulator.record_read_misses                 0.0                                      # record_read_miss count for this core when it reaches request limit or to the end
                                     [0]                 0.0                                      # 
         ramulator.record_read_conflicts                 0.0                                      # record read conflict count for this core when it reaches request limit or to the end
                                     [0]                 0.0                                      # 
             ramulator.record_write_hits                 0.0                                      # record write hit count for this core when it reaches request limit or to the end
                                     [0]                 0.0                                      # 
           ramulator.record_write_misses                 0.0                                      # record write miss count for this core when it reaches request limit or to the end
                                     [0]                 0.0                                      # 
        ramulator.record_write_conflicts                 0.0                                      # record write conflict for this core when it reaches request limit or to the end
                                     [0]                 0.0                                      # 
                 ramulator.dram_capacity          8589934592                                      # Number of bytes in simulated DRAM
                   ramulator.dram_cycles            27126315                                      # Number of DRAM cycles simulated
             ramulator.incoming_requests                1781                                      # Number of incoming requests to DRAM
                 ramulator.read_requests                1781                                      # Number of incoming read requests to DRAM per core
                                     [0]              1781.0                                      # 
                ramulator.write_requests                   0                                      # Number of incoming write requests to DRAM per core
                                     [0]                 0.0                                      # 
       ramulator.ramulator_active_cycles               35678                                      # The total number of cycles that the DRAM part is active (serving R/W)
 ramulator.incoming_requests_per_channel              1781.0                                      # Number of incoming requests to each DRAM channel
                                     [0]              1781.0                                      # 
ramulator.incoming_read_reqs_per_channel              1781.0                                      # Number of incoming read requests to each DRAM channel
                                     [0]              1781.0                                      # 
     ramulator.physical_page_replacement                   0                                      # The number of times that physical page replacement happens.
             ramulator.maximum_bandwidth         19200000000                                      # The theoretical maximum bandwidth (Bps)
          ramulator.in_queue_req_num_sum               50108                                      # Sum of read/write queue length
     ramulator.in_queue_read_req_num_sum               50108                                      # Sum of read queue length
    ramulator.in_queue_write_req_num_sum                   0                                      # Sum of write queue length
          ramulator.in_queue_req_num_avg            0.001847                                      # Average of read/write queue length per memory cycle
     ramulator.in_queue_read_req_num_avg            0.001847                                      # Average of read queue length per memory cycle
    ramulator.in_queue_write_req_num_avg            0.000000                                      # Average of write queue length per memory cycle
          ramulator.record_read_requests                 0.0                                      # record read requests for this core when it reaches request limit or to the end
                                     [0]                 0.0                                      # 
         ramulator.record_write_requests                 0.0                                      # record write requests for this core when it reaches request limit or to the end
                                     [0]                 0.0                                      # 
