/* -*- Mode: c -*- */
####################################################################################################
Core 0
####################################################################################################
Cumulative:        Cycles: 83512974              Instructions: 100000000             IPC: 1.19742

DCACHE_PREF_HIT                                      0                              0              

IFETCH_WB_FIRST_SCHEDULE                             0         -nan%                0         -nan%
PREFETCH_LAST_SCHEDULE                               0         -nan%                0         -nan%
DEMAND_PASS_PREF_SCHEDULE                            0         -nan%                0         -nan%
DEMAND_PASS_LOW_OP_SCHEDULE                          0         -nan%                0         -nan%
DEMAND_LAST_SCHEDULE                                 0         -nan%                0         -nan%
                                                     0         -nan%                0         -nan%
                                                  -nan         -nan              -nan         -nan

SEND_MISS_REQ_QUEUE                             583826                         583826              

L1_DATA_EVICT                                   567569                         567569              

STREAM_BUFFER_REQ                                    0                              0              

PREF_SEND_TO_MEM_REQ                                 0         -nan%                0         -nan%
PREF_SEND_TO_MEM_REQ_FAIL                            0         -nan%                0         -nan%
                                                     0         -nan%                0         -nan%
                                                  -nan         -nan              -nan         -nan

HIT_TRAIN_STREAM                                 84521       14.490%            84521       14.490%
MISS_TRAIN_STREAM                               498796       85.510%           498796       85.510%
                                                583317      100.000%           583317      100.000%
                                                  0.86         0.80              0.86         0.80

STREAM_TRAIN_CREATE                             243363                         243363              

MEM_REQ_MISS_HWP_PREF_Q                              0         -nan%                0         -nan%
MEM_REQ_MISS_SW_PREF_Q                               0         -nan%                0         -nan%
MEM_REQ_MISS_IFETCH_Q                                0         -nan%                0         -nan%
MEM_REQ_MISS_DFETCH_Q                                0         -nan%                0         -nan%
MEM_REQ_MISS_DSTORE_Q                                0         -nan%                0         -nan%
MEM_REQ_MISS_DPRF_Q                                  0         -nan%                0         -nan%
MEM_REQ_MISS_WB_Q                                    0         -nan%                0         -nan%
                                                     0         -nan%                0         -nan%
                                                  -nan         -nan              -nan         -nan

PREF_HIT_BY_DEMAND_IFETCH                            0         -nan%                0         -nan%
PREF_HIT_BY_DEMAND_DFETCH                            0         -nan%                0         -nan%
PREF_HIT_BY_DEMAND_DSTORE                            0         -nan%                0         -nan%
PREF_HIT_BY_DEMAND_IPREF                             0         -nan%                0         -nan%
PREF_HIT_BY_DEMAND_DPRF                              0         -nan%                0         -nan%
PREF_HIT_BY_DEMAND_WB                                0         -nan%                0         -nan%
PREF_HIT_BY_PREF                                     0         -nan%                0         -nan%
                                                     0         -nan%                0         -nan%
                                                  -nan         -nan              -nan         -nan

PREF_HIT_DEMAND_IFETCH                               0         -nan%                0         -nan%
PREF_HIT_DEMAND_DFETCH                               0         -nan%                0         -nan%
PREF_HIT_DEMAND_DSTORE                               0         -nan%                0         -nan%
PREF_HIT_DEMAND_IPREF                                0         -nan%                0         -nan%
PREF_HIT_DEMAND_DPRF                                 0         -nan%                0         -nan%
PREF_HIT_DEMAND_WB                                   0         -nan%                0         -nan%
                                                     0         -nan%                0         -nan%
                                                  -nan         -nan              -nan         -nan

PREF_L1_FILL                                         0         -nan%                0         -nan%
DEMAND_L1_FILL                                       0         -nan%                0         -nan%
                                                     0         -nan%                0         -nan%
                                                  -nan         -nan              -nan         -nan

TOUCH_L1_REPLACE                                     0        0.000%                0        0.000%
NO_TOUCH_L1_REPLACE                             567569      100.000%           567569      100.000%
                                                567569      100.000%           567569      100.000%
                                                  1.00         1.00              1.00         1.00

PREF_REQ_QUE_FULL                                    0                              0              

STREAM_REQ_QUEUE_HIT_BY_DEMAND                       0                              0              

L2HIT_STREAM_PREF_REQ_QUE_FULL                       0                              0              

L2HIT_HIT_TRAIN_STREAM                               0         -nan%                0         -nan%
L2HIT_MISS_TRAIN_STREAM                              0         -nan%                0         -nan%
                                                     0         -nan%                0         -nan%
                                                  -nan         -nan              -nan         -nan

L2HIT_STREAM_TRAIN_CREATE                            0                              0              

L2HIT_STREAM_BUFFER_REQ                              0                              0              

L2HIT_STREAM_PREF_DCACHE_HIT                         0         -nan%                0         -nan%
L2HIT_STREAM_PREF_DCACHE_INSERT                      0         -nan%                0         -nan%
L2HIT_STREAM_L2_MISS                                 0         -nan%                0         -nan%
                                                     0         -nan%                0         -nan%
                                                  -nan         -nan              -nan         -nan

L2HIT_STREAM_DCACHE_PORT_FULL                        0                              0              

L2HIT_STREAM_PREF_L1_PORT_FULL                       0                              0              

L2HIT_TRAIN_HIT_DEMAND                               0         -nan%                0         -nan%
L2HIT_TRAIN_MISS_REQ                                 0         -nan%                0         -nan%
                                                     0         -nan%                0         -nan%
                                                  -nan         -nan              -nan         -nan

L2HIT_TRAIN_FILTER_MISS                              0         -nan%                0         -nan%
L2HIT_TRAIN_FILTER_HIT                               0         -nan%                0         -nan%
                                                     0         -nan%                0         -nan%
                                                  -nan         -nan              -nan         -nan

L2HIT_PREF_REQ_DCACHE_HIT                            0         -nan%                0         -nan%
L2HIT_PREF_REQ_DCACHE_MISS                           0         -nan%                0         -nan%
                                                     0         -nan%                0         -nan%
                                                  -nan         -nan              -nan         -nan

L2HIT_L2SEND_Q_FULL                                  0         -nan%                0         -nan%
L2HIT_L2SEND_Q_ENTER                                 0         -nan%                0         -nan%
                                                     0         -nan%                0         -nan%
                                                  -nan         -nan              -nan         -nan

L2HIT_MEM_REQ                                        0                              0              

REMOVE_REDUNDANT_STREAM_STAT                         0                              0              

REPLACE_OLD_STREAM                              243347                         243347              

REQ_SEND_QUEUE_STALL                                 0                              0              

STREAM_ENTER_RA                                      0                              0              

CORE_STREAM_LENGTH_0                             11454       37.031%            11454       37.031%
CORE_STREAM_LENGTH_10                            15371       49.694%            15371       49.694%
CORE_STREAM_LENGTH_20                             3653       11.810%             3653       11.810%
CORE_STREAM_LENGTH_30                              308        0.996%              308        0.996%
CORE_STREAM_LENGTH_40                               75        0.242%               75        0.242%
CORE_STREAM_LENGTH_50                               27        0.087%               27        0.087%
CORE_STREAM_LENGTH_60                                6        0.019%                6        0.019%
CORE_STREAM_LENGTH_70                                7        0.023%                7        0.023%
CORE_STREAM_LENGTH_80                                2        0.006%                2        0.006%
CORE_STREAM_LENGTH_90                                6        0.019%                6        0.019%
CORE_STREAM_LENGTH_100_P                            22        0.071%               22        0.071%
                                                 30931      100.000%            30931      100.000%
                                                  0.79         0.61              0.79         0.61

CORE_CUM_STREAM_LENGTH_0                         68823       18.019%            68823       18.019%
CORE_CUM_STREAM_LENGTH_10                       209913       54.960%           209913       54.960%
CORE_CUM_STREAM_LENGTH_20                        82852       21.692%            82852       21.692%
CORE_CUM_STREAM_LENGTH_30                         9834        2.575%             9834        2.575%
CORE_CUM_STREAM_LENGTH_40                         3333        0.873%             3333        0.873%
CORE_CUM_STREAM_LENGTH_50                         1440        0.377%             1440        0.377%
CORE_CUM_STREAM_LENGTH_60                          383        0.100%              383        0.100%
CORE_CUM_STREAM_LENGTH_70                          520        0.136%              520        0.136%
CORE_CUM_STREAM_LENGTH_80                          169        0.044%              169        0.044%
CORE_CUM_STREAM_LENGTH_90                          572        0.150%              572        0.150%
CORE_CUM_STREAM_LENGTH_100_P                      4100        1.073%             4100        1.073%
                                                381939      100.000%           381939      100.000%
                                                  1.25         1.17              1.25         1.17

CORE_STREAM_TRAIN_HITS_0                         26929       87.062%            26929       87.062%
CORE_STREAM_TRAIN_HITS_10                         3867       12.502%             3867       12.502%
CORE_STREAM_TRAIN_HITS_20                           47        0.152%               47        0.152%
CORE_STREAM_TRAIN_HITS_30                           25        0.081%               25        0.081%
CORE_STREAM_TRAIN_HITS_40                           26        0.084%               26        0.084%
CORE_STREAM_TRAIN_HITS_50                            9        0.029%                9        0.029%
CORE_STREAM_TRAIN_HITS_60                            5        0.016%                5        0.016%
CORE_STREAM_TRAIN_HITS_70                            2        0.006%                2        0.006%
CORE_STREAM_TRAIN_HITS_80                            1        0.003%                1        0.003%
CORE_STREAM_TRAIN_HITS_90                            3        0.010%                3        0.010%
CORE_STREAM_TRAIN_HITS_100_P                        17        0.055%               17        0.055%
                                                 30931      100.000%            30931      100.000%
                                                  0.14         0.44              0.14         0.44

CORE_CUM_STREAM_TRAIN_HITS_0                    157009       75.396%           157009       75.396%
CORE_CUM_STREAM_TRAIN_HITS_10                    43405       20.843%            43405       20.843%
CORE_CUM_STREAM_TRAIN_HITS_20                     1075        0.516%             1075        0.516%
CORE_CUM_STREAM_TRAIN_HITS_30                      885        0.425%              885        0.425%
CORE_CUM_STREAM_TRAIN_HITS_40                     1147        0.551%             1147        0.551%
CORE_CUM_STREAM_TRAIN_HITS_50                      500        0.240%              500        0.240%
CORE_CUM_STREAM_TRAIN_HITS_60                      316        0.152%              316        0.152%
CORE_CUM_STREAM_TRAIN_HITS_70                      148        0.071%              148        0.071%
CORE_CUM_STREAM_TRAIN_HITS_80                       87        0.042%               87        0.042%
CORE_CUM_STREAM_TRAIN_HITS_90                      285        0.137%              285        0.137%
CORE_CUM_STREAM_TRAIN_HITS_100_P                  3388        1.627%             3388        1.627%
                                                208245      100.000%           208245      100.000%
                                                  0.46         1.38              0.46         1.38

CORE_STREAM_TRAIN_CREATE                        243363                         243363              



