/* -*- Mode: c -*- */
####################################################################################################
Core 0
####################################################################################################
Cumulative:        Cycles: 50645185              Instructions: 100000000             IPC: 1.97452

DCACHE_PREF_HIT                                      0                              0              

IFETCH_WB_FIRST_SCHEDULE                             0         -nan%                0         -nan%
PREFETCH_LAST_SCHEDULE                               0         -nan%                0         -nan%
DEMAND_PASS_PREF_SCHEDULE                            0         -nan%                0         -nan%
DEMAND_PASS_LOW_OP_SCHEDULE                          0         -nan%                0         -nan%
DEMAND_LAST_SCHEDULE                                 0         -nan%                0         -nan%
                                                     0         -nan%                0         -nan%
                                                  -nan         -nan              -nan         -nan

SEND_MISS_REQ_QUEUE                              28400                          28400              

L1_DATA_EVICT                                    12264                          12264              

STREAM_BUFFER_REQ                                    0                              0              

PREF_SEND_TO_MEM_REQ                                 0         -nan%                0         -nan%
PREF_SEND_TO_MEM_REQ_FAIL                            0         -nan%                0         -nan%
                                                     0         -nan%                0         -nan%
                                                  -nan         -nan              -nan         -nan

HIT_TRAIN_STREAM                                   391        1.431%              391        1.431%
MISS_TRAIN_STREAM                                26937       98.569%            26937       98.569%
                                                 27328      100.000%            27328      100.000%
                                                  0.99         0.98              0.99         0.98

STREAM_TRAIN_CREATE                              17514                          17514              

MEM_REQ_MISS_HWP_PREF_Q                              0         -nan%                0         -nan%
MEM_REQ_MISS_SW_PREF_Q                               0         -nan%                0         -nan%
MEM_REQ_MISS_IFETCH_Q                                0         -nan%                0         -nan%
MEM_REQ_MISS_DFETCH_Q                                0         -nan%                0         -nan%
MEM_REQ_MISS_DSTORE_Q                                0         -nan%                0         -nan%
MEM_REQ_MISS_DPRF_Q                                  0         -nan%                0         -nan%
MEM_REQ_MISS_WB_Q                                    0         -nan%                0         -nan%
                                                     0         -nan%                0         -nan%
                                                  -nan         -nan              -nan         -nan

PREF_HIT_BY_DEMAND_IFETCH                            0         -nan%                0         -nan%
PREF_HIT_BY_DEMAND_DFETCH                            0         -nan%                0         -nan%
PREF_HIT_BY_DEMAND_DSTORE                            0         -nan%                0         -nan%
PREF_HIT_BY_DEMAND_IPREF                             0         -nan%                0         -nan%
PREF_HIT_BY_DEMAND_DPRF                              0         -nan%                0         -nan%
PREF_HIT_BY_DEMAND_WB                                0         -nan%                0         -nan%
PREF_HIT_BY_PREF                                     0         -nan%                0         -nan%
                                                     0         -nan%                0         -nan%
                                                  -nan         -nan              -nan         -nan

PREF_HIT_DEMAND_IFETCH                               0         -nan%                0         -nan%
PREF_HIT_DEMAND_DFETCH                               0         -nan%                0         -nan%
PREF_HIT_DEMAND_DSTORE                               0         -nan%                0         -nan%
PREF_HIT_DEMAND_IPREF                                0         -nan%                0         -nan%
PREF_HIT_DEMAND_DPRF                                 0         -nan%                0         -nan%
PREF_HIT_DEMAND_WB                                   0         -nan%                0         -nan%
                                                     0         -nan%                0         -nan%
                                                  -nan         -nan              -nan         -nan

PREF_L1_FILL                                         0         -nan%                0         -nan%
DEMAND_L1_FILL                                       0         -nan%                0         -nan%
                                                     0         -nan%                0         -nan%
                                                  -nan         -nan              -nan         -nan

TOUCH_L1_REPLACE                                     0        0.000%                0        0.000%
NO_TOUCH_L1_REPLACE                              12264      100.000%            12264      100.000%
                                                 12264      100.000%            12264      100.000%
                                                  1.00         1.00              1.00         1.00

PREF_REQ_QUE_FULL                                    0                              0              

STREAM_REQ_QUEUE_HIT_BY_DEMAND                       0                              0              

L2HIT_STREAM_PREF_REQ_QUE_FULL                       0                              0              

L2HIT_HIT_TRAIN_STREAM                               0         -nan%                0         -nan%
L2HIT_MISS_TRAIN_STREAM                              0         -nan%                0         -nan%
                                                     0         -nan%                0         -nan%
                                                  -nan         -nan              -nan         -nan

L2HIT_STREAM_TRAIN_CREATE                            0                              0              

L2HIT_STREAM_BUFFER_REQ                              0                              0              

L2HIT_STREAM_PREF_DCACHE_HIT                         0         -nan%                0         -nan%
L2HIT_STREAM_PREF_DCACHE_INSERT                      0         -nan%                0         -nan%
L2HIT_STREAM_L2_MISS                                 0         -nan%                0         -nan%
                                                     0         -nan%                0         -nan%
                                                  -nan         -nan              -nan         -nan

L2HIT_STREAM_DCACHE_PORT_FULL                        0                              0              

L2HIT_STREAM_PREF_L1_PORT_FULL                       0                              0              

L2HIT_TRAIN_HIT_DEMAND                               0         -nan%                0         -nan%
L2HIT_TRAIN_MISS_REQ                                 0         -nan%                0         -nan%
                                                     0         -nan%                0         -nan%
                                                  -nan         -nan              -nan         -nan

L2HIT_TRAIN_FILTER_MISS                              0         -nan%                0         -nan%
L2HIT_TRAIN_FILTER_HIT                               0         -nan%                0         -nan%
                                                     0         -nan%                0         -nan%
                                                  -nan         -nan              -nan         -nan

L2HIT_PREF_REQ_DCACHE_HIT                            0         -nan%                0         -nan%
L2HIT_PREF_REQ_DCACHE_MISS                           0         -nan%                0         -nan%
                                                     0         -nan%                0         -nan%
                                                  -nan         -nan              -nan         -nan

L2HIT_L2SEND_Q_FULL                                  0         -nan%                0         -nan%
L2HIT_L2SEND_Q_ENTER                                 0         -nan%                0         -nan%
                                                     0         -nan%                0         -nan%
                                                  -nan         -nan              -nan         -nan

L2HIT_MEM_REQ                                        0                              0              

REMOVE_REDUNDANT_STREAM_STAT                         0                              0              

REPLACE_OLD_STREAM                               17498                          17498              

REQ_SEND_QUEUE_STALL                                 0                              0              

STREAM_ENTER_RA                                      0                              0              

CORE_STREAM_LENGTH_0                                25       20.161%               25       20.161%
CORE_STREAM_LENGTH_10                               70       56.452%               70       56.452%
CORE_STREAM_LENGTH_20                               27       21.774%               27       21.774%
CORE_STREAM_LENGTH_30                                2        1.613%                2        1.613%
CORE_STREAM_LENGTH_40                                0        0.000%                0        0.000%
CORE_STREAM_LENGTH_50                                0        0.000%                0        0.000%
CORE_STREAM_LENGTH_60                                0        0.000%                0        0.000%
CORE_STREAM_LENGTH_70                                0        0.000%                0        0.000%
CORE_STREAM_LENGTH_80                                0        0.000%                0        0.000%
CORE_STREAM_LENGTH_90                                0        0.000%                0        0.000%
CORE_STREAM_LENGTH_100_P                             0        0.000%                0        0.000%
                                                   124      100.000%              124      100.000%
                                                  1.05         0.51              1.05         0.51

CORE_CUM_STREAM_LENGTH_0                           178        9.764%              178        9.764%
CORE_CUM_STREAM_LENGTH_10                          979       53.703%              979       53.703%
CORE_CUM_STREAM_LENGTH_20                          606       33.242%              606       33.242%
CORE_CUM_STREAM_LENGTH_30                           60        3.291%               60        3.291%
CORE_CUM_STREAM_LENGTH_40                            0        0.000%                0        0.000%
CORE_CUM_STREAM_LENGTH_50                            0        0.000%                0        0.000%
CORE_CUM_STREAM_LENGTH_60                            0        0.000%                0        0.000%
CORE_CUM_STREAM_LENGTH_70                            0        0.000%                0        0.000%
CORE_CUM_STREAM_LENGTH_80                            0        0.000%                0        0.000%
CORE_CUM_STREAM_LENGTH_90                            0        0.000%                0        0.000%
CORE_CUM_STREAM_LENGTH_100_P                         0        0.000%                0        0.000%
                                                  1823      100.000%             1823      100.000%
                                                  1.30         0.55              1.30         0.55

CORE_STREAM_TRAIN_HITS_0                           107       86.290%              107       86.290%
CORE_STREAM_TRAIN_HITS_10                           17       13.710%               17       13.710%
CORE_STREAM_TRAIN_HITS_20                            0        0.000%                0        0.000%
CORE_STREAM_TRAIN_HITS_30                            0        0.000%                0        0.000%
CORE_STREAM_TRAIN_HITS_40                            0        0.000%                0        0.000%
CORE_STREAM_TRAIN_HITS_50                            0        0.000%                0        0.000%
CORE_STREAM_TRAIN_HITS_60                            0        0.000%                0        0.000%
CORE_STREAM_TRAIN_HITS_70                            0        0.000%                0        0.000%
CORE_STREAM_TRAIN_HITS_80                            0        0.000%                0        0.000%
CORE_STREAM_TRAIN_HITS_90                            0        0.000%                0        0.000%
CORE_STREAM_TRAIN_HITS_100_P                         0        0.000%                0        0.000%
                                                   124      100.000%              124      100.000%
                                                  0.14         0.32              0.14         0.32

CORE_CUM_STREAM_TRAIN_HITS_0                       671       75.648%              671       75.648%
CORE_CUM_STREAM_TRAIN_HITS_10                      216       24.352%              216       24.352%
CORE_CUM_STREAM_TRAIN_HITS_20                        0        0.000%                0        0.000%
CORE_CUM_STREAM_TRAIN_HITS_30                        0        0.000%                0        0.000%
CORE_CUM_STREAM_TRAIN_HITS_40                        0        0.000%                0        0.000%
CORE_CUM_STREAM_TRAIN_HITS_50                        0        0.000%                0        0.000%
CORE_CUM_STREAM_TRAIN_HITS_60                        0        0.000%                0        0.000%
CORE_CUM_STREAM_TRAIN_HITS_70                        0        0.000%                0        0.000%
CORE_CUM_STREAM_TRAIN_HITS_80                        0        0.000%                0        0.000%
CORE_CUM_STREAM_TRAIN_HITS_90                        0        0.000%                0        0.000%
CORE_CUM_STREAM_TRAIN_HITS_100_P                     0        0.000%                0        0.000%
                                                   887      100.000%              887      100.000%
                                                  0.24         0.37              0.24         0.37

CORE_STREAM_TRAIN_CREATE                         17514                          17514              



