               ramulator.active_cycles_0            23691617                                      # Total active cycles for level _0
                 ramulator.busy_cycles_0            23691617                                      # (All-bank refresh only. busy cycles only include refresh time in rank level) The sum of cycles that the DRAM part is active or under refresh for level _0
            ramulator.serving_requests_0            57015738                                      # The sum of read and write requests that are served in this DRAM element per memory cycle for level _0
    ramulator.average_serving_requests_0            1.754600                                      # The average of read and write requests that are served in this DRAM element per memory cycle for level _0
             ramulator.active_cycles_0_0            23691617                                      # Total active cycles for level _0_0
               ramulator.busy_cycles_0_0            24218717                                      # (All-bank refresh only. busy cycles only include refresh time in rank level) The sum of cycles that the DRAM part is active or under refresh for level _0_0
          ramulator.serving_requests_0_0            57015738                                      # The sum of read and write requests that are served in this DRAM element per memory cycle for level _0_0
  ramulator.average_serving_requests_0_0            1.754600                                      # The average of read and write requests that are served in this DRAM element per memory cycle for level _0_0
           ramulator.active_cycles_0_0_0            10852652                                      # Total active cycles for level _0_0_0
             ramulator.busy_cycles_0_0_0            10852652                                      # (All-bank refresh only. busy cycles only include refresh time in rank level) The sum of cycles that the DRAM part is active or under refresh for level _0_0_0
        ramulator.serving_requests_0_0_0            14683317                                      # The sum of read and write requests that are served in this DRAM element per memory cycle for level _0_0_0
ramulator.average_serving_requests_0_0_0            0.451864                                      # The average of read and write requests that are served in this DRAM element per memory cycle for level _0_0_0
         ramulator.active_cycles_0_0_0_0             3261677                                      # Total active cycles for level _0_0_0_0
           ramulator.busy_cycles_0_0_0_0             3261677                                      # (All-bank refresh only. busy cycles only include refresh time in rank level) The sum of cycles that the DRAM part is active or under refresh for level _0_0_0_0
      ramulator.serving_requests_0_0_0_0             3488663                                      # The sum of read and write requests that are served in this DRAM element per memory cycle for level _0_0_0_0
ramulator.average_serving_requests_0_0_0_0            0.107360                                      # The average of read and write requests that are served in this DRAM element per memory cycle for level _0_0_0_0
         ramulator.active_cycles_0_0_0_1             3630285                                      # Total active cycles for level _0_0_0_1
           ramulator.busy_cycles_0_0_0_1             3630285                                      # (All-bank refresh only. busy cycles only include refresh time in rank level) The sum of cycles that the DRAM part is active or under refresh for level _0_0_0_1
      ramulator.serving_requests_0_0_0_1             3872309                                      # The sum of read and write requests that are served in this DRAM element per memory cycle for level _0_0_0_1
ramulator.average_serving_requests_0_0_0_1            0.119166                                      # The average of read and write requests that are served in this DRAM element per memory cycle for level _0_0_0_1
         ramulator.active_cycles_0_0_0_2             3290910                                      # Total active cycles for level _0_0_0_2
           ramulator.busy_cycles_0_0_0_2             3290910                                      # (All-bank refresh only. busy cycles only include refresh time in rank level) The sum of cycles that the DRAM part is active or under refresh for level _0_0_0_2
      ramulator.serving_requests_0_0_0_2             3520963                                      # The sum of read and write requests that are served in this DRAM element per memory cycle for level _0_0_0_2
ramulator.average_serving_requests_0_0_0_2            0.108354                                      # The average of read and write requests that are served in this DRAM element per memory cycle for level _0_0_0_2
         ramulator.active_cycles_0_0_0_3             3535240                                      # Total active cycles for level _0_0_0_3
           ramulator.busy_cycles_0_0_0_3             3535240                                      # (All-bank refresh only. busy cycles only include refresh time in rank level) The sum of cycles that the DRAM part is active or under refresh for level _0_0_0_3
      ramulator.serving_requests_0_0_0_3             3801382                                      # The sum of read and write requests that are served in this DRAM element per memory cycle for level _0_0_0_3
ramulator.average_serving_requests_0_0_0_3            0.116984                                      # The average of read and write requests that are served in this DRAM element per memory cycle for level _0_0_0_3
           ramulator.active_cycles_0_0_1            10329393                                      # Total active cycles for level _0_0_1
             ramulator.busy_cycles_0_0_1            10329393                                      # (All-bank refresh only. busy cycles only include refresh time in rank level) The sum of cycles that the DRAM part is active or under refresh for level _0_0_1
        ramulator.serving_requests_0_0_1            13928334                                      # The sum of read and write requests that are served in this DRAM element per memory cycle for level _0_0_1
ramulator.average_serving_requests_0_0_1            0.428630                                      # The average of read and write requests that are served in this DRAM element per memory cycle for level _0_0_1
         ramulator.active_cycles_0_0_1_0             2864936                                      # Total active cycles for level _0_0_1_0
           ramulator.busy_cycles_0_0_1_0             2864936                                      # (All-bank refresh only. busy cycles only include refresh time in rank level) The sum of cycles that the DRAM part is active or under refresh for level _0_0_1_0
      ramulator.serving_requests_0_0_1_0             3067832                                      # The sum of read and write requests that are served in this DRAM element per memory cycle for level _0_0_1_0
ramulator.average_serving_requests_0_0_1_0            0.094409                                      # The average of read and write requests that are served in this DRAM element per memory cycle for level _0_0_1_0
         ramulator.active_cycles_0_0_1_1             3313083                                      # Total active cycles for level _0_0_1_1
           ramulator.busy_cycles_0_0_1_1             3313083                                      # (All-bank refresh only. busy cycles only include refresh time in rank level) The sum of cycles that the DRAM part is active or under refresh for level _0_0_1_1
      ramulator.serving_requests_0_0_1_1             3536552                                      # The sum of read and write requests that are served in this DRAM element per memory cycle for level _0_0_1_1
ramulator.average_serving_requests_0_0_1_1            0.108834                                      # The average of read and write requests that are served in this DRAM element per memory cycle for level _0_0_1_1
         ramulator.active_cycles_0_0_1_2             3448309                                      # Total active cycles for level _0_0_1_2
           ramulator.busy_cycles_0_0_1_2             3448309                                      # (All-bank refresh only. busy cycles only include refresh time in rank level) The sum of cycles that the DRAM part is active or under refresh for level _0_0_1_2
      ramulator.serving_requests_0_0_1_2             3692378                                      # The sum of read and write requests that are served in this DRAM element per memory cycle for level _0_0_1_2
ramulator.average_serving_requests_0_0_1_2            0.113629                                      # The average of read and write requests that are served in this DRAM element per memory cycle for level _0_0_1_2
         ramulator.active_cycles_0_0_1_3             3389044                                      # Total active cycles for level _0_0_1_3
           ramulator.busy_cycles_0_0_1_3             3389044                                      # (All-bank refresh only. busy cycles only include refresh time in rank level) The sum of cycles that the DRAM part is active or under refresh for level _0_0_1_3
      ramulator.serving_requests_0_0_1_3             3631572                                      # The sum of read and write requests that are served in this DRAM element per memory cycle for level _0_0_1_3
ramulator.average_serving_requests_0_0_1_3            0.111758                                      # The average of read and write requests that are served in this DRAM element per memory cycle for level _0_0_1_3
           ramulator.active_cycles_0_0_2            10517649                                      # Total active cycles for level _0_0_2
             ramulator.busy_cycles_0_0_2            10517649                                      # (All-bank refresh only. busy cycles only include refresh time in rank level) The sum of cycles that the DRAM part is active or under refresh for level _0_0_2
        ramulator.serving_requests_0_0_2            14409962                                      # The sum of read and write requests that are served in this DRAM element per memory cycle for level _0_0_2
ramulator.average_serving_requests_0_0_2            0.443452                                      # The average of read and write requests that are served in this DRAM element per memory cycle for level _0_0_2
         ramulator.active_cycles_0_0_2_0             3057302                                      # Total active cycles for level _0_0_2_0
           ramulator.busy_cycles_0_0_2_0             3057302                                      # (All-bank refresh only. busy cycles only include refresh time in rank level) The sum of cycles that the DRAM part is active or under refresh for level _0_0_2_0
      ramulator.serving_requests_0_0_2_0             3288455                                      # The sum of read and write requests that are served in this DRAM element per memory cycle for level _0_0_2_0
ramulator.average_serving_requests_0_0_2_0            0.101199                                      # The average of read and write requests that are served in this DRAM element per memory cycle for level _0_0_2_0
         ramulator.active_cycles_0_0_2_1             3472149                                      # Total active cycles for level _0_0_2_1
           ramulator.busy_cycles_0_0_2_1             3472149                                      # (All-bank refresh only. busy cycles only include refresh time in rank level) The sum of cycles that the DRAM part is active or under refresh for level _0_0_2_1
      ramulator.serving_requests_0_0_2_1             3719769                                      # The sum of read and write requests that are served in this DRAM element per memory cycle for level _0_0_2_1
ramulator.average_serving_requests_0_0_2_1            0.114472                                      # The average of read and write requests that are served in this DRAM element per memory cycle for level _0_0_2_1
         ramulator.active_cycles_0_0_2_2             3496353                                      # Total active cycles for level _0_0_2_2
           ramulator.busy_cycles_0_0_2_2             3496353                                      # (All-bank refresh only. busy cycles only include refresh time in rank level) The sum of cycles that the DRAM part is active or under refresh for level _0_0_2_2
      ramulator.serving_requests_0_0_2_2             3739184                                      # The sum of read and write requests that are served in this DRAM element per memory cycle for level _0_0_2_2
ramulator.average_serving_requests_0_0_2_2            0.115069                                      # The average of read and write requests that are served in this DRAM element per memory cycle for level _0_0_2_2
         ramulator.active_cycles_0_0_2_3             3407422                                      # Total active cycles for level _0_0_2_3
           ramulator.busy_cycles_0_0_2_3             3407422                                      # (All-bank refresh only. busy cycles only include refresh time in rank level) The sum of cycles that the DRAM part is active or under refresh for level _0_0_2_3
      ramulator.serving_requests_0_0_2_3             3662554                                      # The sum of read and write requests that are served in this DRAM element per memory cycle for level _0_0_2_3
ramulator.average_serving_requests_0_0_2_3            0.112711                                      # The average of read and write requests that are served in this DRAM element per memory cycle for level _0_0_2_3
           ramulator.active_cycles_0_0_3            10388692                                      # Total active cycles for level _0_0_3
             ramulator.busy_cycles_0_0_3            10388692                                      # (All-bank refresh only. busy cycles only include refresh time in rank level) The sum of cycles that the DRAM part is active or under refresh for level _0_0_3
        ramulator.serving_requests_0_0_3            13994125                                      # The sum of read and write requests that are served in this DRAM element per memory cycle for level _0_0_3
ramulator.average_serving_requests_0_0_3            0.430655                                      # The average of read and write requests that are served in this DRAM element per memory cycle for level _0_0_3
         ramulator.active_cycles_0_0_3_0             3461716                                      # Total active cycles for level _0_0_3_0
           ramulator.busy_cycles_0_0_3_0             3461716                                      # (All-bank refresh only. busy cycles only include refresh time in rank level) The sum of cycles that the DRAM part is active or under refresh for level _0_0_3_0
      ramulator.serving_requests_0_0_3_0             3704601                                      # The sum of read and write requests that are served in this DRAM element per memory cycle for level _0_0_3_0
ramulator.average_serving_requests_0_0_3_0            0.114005                                      # The average of read and write requests that are served in this DRAM element per memory cycle for level _0_0_3_0
         ramulator.active_cycles_0_0_3_1             3185745                                      # Total active cycles for level _0_0_3_1
           ramulator.busy_cycles_0_0_3_1             3185745                                      # (All-bank refresh only. busy cycles only include refresh time in rank level) The sum of cycles that the DRAM part is active or under refresh for level _0_0_3_1
      ramulator.serving_requests_0_0_3_1             3420264                                      # The sum of read and write requests that are served in this DRAM element per memory cycle for level _0_0_3_1
ramulator.average_serving_requests_0_0_3_1            0.105255                                      # The average of read and write requests that are served in this DRAM element per memory cycle for level _0_0_3_1
         ramulator.active_cycles_0_0_3_2             3356606                                      # Total active cycles for level _0_0_3_2
           ramulator.busy_cycles_0_0_3_2             3356606                                      # (All-bank refresh only. busy cycles only include refresh time in rank level) The sum of cycles that the DRAM part is active or under refresh for level _0_0_3_2
      ramulator.serving_requests_0_0_3_2             3599334                                      # The sum of read and write requests that are served in this DRAM element per memory cycle for level _0_0_3_2
ramulator.average_serving_requests_0_0_3_2            0.110766                                      # The average of read and write requests that are served in this DRAM element per memory cycle for level _0_0_3_2
         ramulator.active_cycles_0_0_3_3             3060311                                      # Total active cycles for level _0_0_3_3
           ramulator.busy_cycles_0_0_3_3             3060311                                      # (All-bank refresh only. busy cycles only include refresh time in rank level) The sum of cycles that the DRAM part is active or under refresh for level _0_0_3_3
      ramulator.serving_requests_0_0_3_3             3269926                                      # The sum of read and write requests that are served in this DRAM element per memory cycle for level _0_0_3_3
ramulator.average_serving_requests_0_0_3_3            0.100629                                      # The average of read and write requests that are served in this DRAM element per memory cycle for level _0_0_3_3
      ramulator.read_transaction_bytes_0            37745856                                      # The total byte of read transaction per channel
     ramulator.write_transaction_bytes_0            18080448                                      # The total byte of write transaction per channel
       ramulator.row_hits_channel_0_core              358743                                      # Number of row hits per channel per core
     ramulator.row_misses_channel_0_core               57853                                      # Number of row misses per channel per core
  ramulator.row_conflicts_channel_0_core              455690                                      # Number of row conflicts per channel per core
  ramulator.read_row_hits_channel_0_core              338941                                      # Number of row hits for read requests per channel per core
                                     [0]            338941.0                                      # 
ramulator.read_row_misses_channel_0_core               35403                                      # Number of row misses for read requests per channel per core
                                     [0]             35403.0                                      # 
ramulator.read_row_conflicts_channel_0_core              215435                                      # Number of row conflicts for read requests per channel per core
                                     [0]            215435.0                                      # 
 ramulator.write_row_hits_channel_0_core               19802                                      # Number of row hits for write requests per channel per core
                                     [0]             19802.0                                      # 
ramulator.write_row_misses_channel_0_core               22450                                      # Number of row misses for write requests per channel per core
                                     [0]             22450.0                                      # 
ramulator.write_row_conflicts_channel_0_core              240255                                      # Number of row conflicts for write requests per channel per core
                                     [0]            240255.0                                      # 
      ramulator.useless_activates_0_core                 104                                      # Number of useless activations. E.g, ACT -> PRE w/o RD or WR
            ramulator.read_latency_avg_0           54.648577                                      # The average memory latency cycles (in memory time domain) per request for all read requests in this channel
            ramulator.read_latency_sum_0            32240693                                      # The memory latency cycles (in memory time domain) sum for all read requests in this channel
        ramulator.req_queue_length_avg_0           15.095664                                      # Average of read and write queue length per memory cycle per channel.
        ramulator.req_queue_length_sum_0           490533695                                      # Sum of read and write queue length per memory cycle per channel.
   ramulator.read_req_queue_length_avg_0            0.866258                                      # Read queue length average per memory cycle per channel.
   ramulator.read_req_queue_length_sum_0            28149067                                      # Read queue length sum per memory cycle per channel.
  ramulator.write_req_queue_length_avg_0           14.229406                                      # Write queue length average per memory cycle per channel.
  ramulator.write_req_queue_length_sum_0           462384628                                      # Write queue length sum per memory cycle per channel.
              ramulator.record_read_hits                 0.0                                      # record read hit count for this core when it reaches request limit or to the end
                                     [0]                 0.0                                      # 
            ramulator.record_read_misses                 0.0                                      # record_read_miss count for this core when it reaches request limit or to the end
                                     [0]                 0.0                                      # 
         ramulator.record_read_conflicts                 0.0                                      # record read conflict count for this core when it reaches request limit or to the end
                                     [0]                 0.0                                      # 
             ramulator.record_write_hits                 0.0                                      # record write hit count for this core when it reaches request limit or to the end
                                     [0]                 0.0                                      # 
           ramulator.record_write_misses                 0.0                                      # record write miss count for this core when it reaches request limit or to the end
                                     [0]                 0.0                                      # 
        ramulator.record_write_conflicts                 0.0                                      # record write conflict for this core when it reaches request limit or to the end
                                     [0]                 0.0                                      # 
                 ramulator.dram_capacity          8589934592                                      # Number of bytes in simulated DRAM
                   ramulator.dram_cycles            32495006                                      # Number of DRAM cycles simulated
             ramulator.incoming_requests              872480                                      # Number of incoming requests to DRAM
                 ramulator.read_requests              589964                                      # Number of incoming read requests to DRAM per core
                                     [0]            589964.0                                      # 
                ramulator.write_requests              282516                                      # Number of incoming write requests to DRAM per core
                                     [0]            282516.0                                      # 
       ramulator.ramulator_active_cycles            23691617                                      # The total number of cycles that the DRAM part is active (serving R/W)
 ramulator.incoming_requests_per_channel            872480.0                                      # Number of incoming requests to each DRAM channel
                                     [0]            872480.0                                      # 
ramulator.incoming_read_reqs_per_channel            589964.0                                      # Number of incoming read requests to each DRAM channel
                                     [0]            589964.0                                      # 
     ramulator.physical_page_replacement                   0                                      # The number of times that physical page replacement happens.
             ramulator.maximum_bandwidth         19200000000                                      # The theoretical maximum bandwidth (Bps)
          ramulator.in_queue_req_num_sum           490533695                                      # Sum of read/write queue length
     ramulator.in_queue_read_req_num_sum            28149067                                      # Sum of read queue length
    ramulator.in_queue_write_req_num_sum           462384628                                      # Sum of write queue length
          ramulator.in_queue_req_num_avg           15.095664                                      # Average of read/write queue length per memory cycle
     ramulator.in_queue_read_req_num_avg            0.866258                                      # Average of read queue length per memory cycle
    ramulator.in_queue_write_req_num_avg           14.229406                                      # Average of write queue length per memory cycle
          ramulator.record_read_requests                 0.0                                      # record read requests for this core when it reaches request limit or to the end
                                     [0]                 0.0                                      # 
         ramulator.record_write_requests                 0.0                                      # record write requests for this core when it reaches request limit or to the end
                                     [0]                 0.0                                      # 
