/* -*- Mode: c -*- */
####################################################################################################
Core 0
####################################################################################################
Cumulative:        Cycles: 34060710              Instructions: 100000000             IPC: 2.93593

EXECUTION_TIME                           10643971875000                  10643971875000              

NODE_CYCLE                                    34060710                       34060710              

NODE_INST_COUNT                              100000000                      100000000              

NODE_UOP_COUNT                               110907477                      110907477              

FULL_WINDOW_STALL                              9645207       28.318%          9645207       28.318%

FULL_WINDOW_MEM_OP                             3440760       52.010%          3440760       52.010%
FULL_WINDOW_FP_OP                              3086611       46.657%          3086611       46.657%
FULL_WINDOW_OTHER_OP                             88159        1.333%            88159        1.333%
                                               6615530      100.000%          6615530      100.000%
                                                  0.49         0.39              0.49         0.39

RET_BLOCKED_DC_MISS                            1986985        5.834%          1986985        5.834%

RET_BLOCKED_L1_MISS                            1860000        5.461%          1860000        5.461%

RET_BLOCKED_L1_MISS_BW_PREF                     473451        1.390%           473451        1.390%

RET_BLOCKED_L1_ACCESS                           148084        0.435%           148084        0.435%

RET_BLOCKED_MEM_STALL                          1977103        5.805%          1977103        5.805%

RET_BLOCKED_OFFCHIP_DEMAND                           0        0.000%                0        0.000%

OP_ISSUED                                    110907503                      110907503              

OP_RETIRED                                   110907477                      110907477              

REPLAY_SIGNALED                                      0                              0              

REPLAY_COUNTED                                       0                              0              

OFF_CRITICAL_PATH                                    0         -nan%                0         -nan%
ON_CRITICAL_PATH                                     0         -nan%                0         -nan%
                                                     0         -nan%                0         -nan%
                                                  -nan         -nan              -nan         -nan

LD_NO_DEPENDENTS                                524769        2.090%           524769        2.090%
LD_DEPENDENTS                                 24585372       97.910%         24585372       97.910%
                                              25110141      100.000%         25110141      100.000%
                                                  0.98         0.97              0.98         0.97

LD_EXEC_CYCLES_0                                     0        0.000%                0        0.000%
LD_EXEC_CYCLES_1                                     0        0.000%                0        0.000%
LD_EXEC_CYCLES_2                                     0        0.000%                0        0.000%
LD_EXEC_CYCLES_3                              12610500       70.886%         12610500       70.886%
LD_EXEC_CYCLES_4                               5179288       29.114%          5179288       29.114%
                                              17789788      100.000%         17789788      100.000%
                                                  3.29         1.83              3.29         1.83

FU_BUSY_0                                     28265697                       28265697              

FU_BUSY_1                                     24452342                       24452342              

FU_BUSY_2                                     21853921                       21853921              

FU_BUSY_3                                     17163907                       17163907              

FU_BUSY_4                                     14368061                       14368061              

FU_BUSY_5                                     12628619                       12628619              

FU_BUSY_6                                     10707739                       10707739              

FU_BUSY_7                                      9134879                        9134879              

FU_BUSY_8                                            0                              0              

FU_BUSY_9                                            0                              0              

FU_BUSY_10                                           0                              0              

FU_BUSY_11                                           0                              0              

FU_BUSY_12                                           0                              0              

FU_BUSY_13                                           0                              0              

FU_BUSY_14                                           0                              0              

FU_BUSY_15                                           0                              0              

FU_BUSY_16                                           0                              0              

FU_BUSY_17                                           0                              0              

FU_BUSY_18                                           0                              0              

FU_BUSY_19                                           0                              0              

FU_BUSY_20                                           0                              0              

FU_BUSY_21                                           0                              0              

FU_BUSY_22                                           0                              0              

FU_BUSY_23                                           0                              0              

FU_BUSY_24                                           0                              0              

FU_BUSY_25                                           0                              0              

FU_BUSY_26                                           0                              0              

FU_BUSY_27                                           0                              0              

FU_BUSY_28                                           0                              0              

FU_BUSY_29                                           0                              0              

FU_BUSY_30                                           0                              0              

FU_BUSY_31                                           0                              0              

OP_WAIT_0                                     75203727                       75203727              

OP_WAIT_1                                     16449878                       16449878              

OP_WAIT_2                                      4455016                        4455016              

OP_WAIT_3                                      2015306                        2015306              

OP_WAIT_4                                      1601038                        1601038              

OP_WAIT_5                                      1088987                        1088987              

OP_WAIT_6                                       797227                         797227              

OP_WAIT_7                                      1720431                        1720431              

OP_WAIT_8                                      1641528                        1641528              

OP_WAIT_9                                      1041632                        1041632              

OP_WAIT_10                                     2235081                        2235081              

OP_WAIT_11                                      685779                         685779              

OP_WAIT_12                                      605509                         605509              

OP_WAIT_13                                      257445                         257445              

OP_WAIT_14                                      231438                         231438              

OP_WAIT_15                                      122747                         122747              

OP_WAIT_16                                      103620                         103620              

OP_WAIT_17                                       88725                          88725              

OP_WAIT_18                                       68950                          68950              

OP_WAIT_19                                       34699                          34699              

OP_WAIT_20                                       32197                          32197              

OP_WAIT_21                                       20802                          20802              

OP_WAIT_22                                       17203                          17203              

OP_WAIT_23                                       20461                          20461              

OP_WAIT_24                                       18029                          18029              

OP_WAIT_25                                       19324                          19324              

OP_WAIT_26                                       50294                          50294              

OP_WAIT_27                                       34466                          34466              

OP_WAIT_28                                       15649                          15649              

OP_WAIT_29                                        4030                           4030              

OP_WAIT_30                                        9156                           9156              

OP_WAIT_31                                      217103                         217103              

ROW_SIZE_0                                    10525520                       10525520              

ROW_SIZE_1                                     1893337                        1893337              

ROW_SIZE_2                                     1376325                        1376325              

ROW_SIZE_3                                     1190986                        1190986              

ROW_SIZE_4                                     1485571                        1485571              

ROW_SIZE_5                                      370862                         370862              

ROW_SIZE_6                                    15815323                       15815323              

ROW_SIZE_7                                           0                              0              

ROW_SIZE_8                                           0                              0              

ROW_SIZE_9                                           0                              0              

ROW_SIZE_10                                          0                              0              

ROW_SIZE_11                                          0                              0              

ROW_SIZE_12                                          0                              0              

ROW_SIZE_13                                          0                              0              

ROW_SIZE_14                                          0                              0              

ROW_SIZE_15                                          0                              0              

ROW_SIZE_16                                          0                              0              

ROW_SIZE_17                                          0                              0              

ROW_SIZE_18                                          0                              0              

ROW_SIZE_19                                          0                              0              

ROW_SIZE_20                                          0                              0              

ROW_SIZE_21                                          0                              0              

ROW_SIZE_22                                          0                              0              

ROW_SIZE_23                                          0                              0              

ROW_SIZE_24                                          0                              0              

ROW_SIZE_25                                          0                              0              

ROW_SIZE_26                                          0                              0              

ROW_SIZE_27                                          0                              0              

ROW_SIZE_28                                          0                              0              

ROW_SIZE_29                                          0                              0              

ROW_SIZE_30                                          0                              0              

ROW_SIZE_31                                          0                              0              

RET_OP_EXEC_COUNT_0                                  0        0.000%                0        0.000%
RET_OP_EXEC_COUNT_1                          110907477      100.000%        110907477      100.000%
RET_OP_EXEC_COUNT_2                                  0        0.000%                0        0.000%
RET_OP_EXEC_COUNT_3                                  0        0.000%                0        0.000%
RET_OP_EXEC_COUNT_4                                  0        0.000%                0        0.000%
RET_OP_EXEC_COUNT_5                                  0        0.000%                0        0.000%
RET_OP_EXEC_COUNT_6                                  0        0.000%                0        0.000%
RET_OP_EXEC_COUNT_7                                  0        0.000%                0        0.000%
RET_OP_EXEC_COUNT_8                                  0        0.000%                0        0.000%
RET_OP_EXEC_COUNT_9                                  0        0.000%                0        0.000%
RET_OP_EXEC_COUNT_10                                 0        0.000%                0        0.000%
RET_OP_EXEC_COUNT_11                                 0        0.000%                0        0.000%
RET_OP_EXEC_COUNT_12                                 0        0.000%                0        0.000%
RET_OP_EXEC_COUNT_13                                 0        0.000%                0        0.000%
RET_OP_EXEC_COUNT_14                                 0        0.000%                0        0.000%
RET_OP_EXEC_COUNT_15                                 0        0.000%                0        0.000%
RET_OP_EXEC_COUNT_16                                 0        0.000%                0        0.000%
RET_OP_EXEC_COUNT_17                                 0        0.000%                0        0.000%
RET_OP_EXEC_COUNT_18                                 0        0.000%                0        0.000%
RET_OP_EXEC_COUNT_19                                 0        0.000%                0        0.000%
RET_OP_EXEC_COUNT_20                                 0        0.000%                0        0.000%
RET_OP_EXEC_COUNT_21                                 0        0.000%                0        0.000%
RET_OP_EXEC_COUNT_22                                 0        0.000%                0        0.000%
RET_OP_EXEC_COUNT_23                                 0        0.000%                0        0.000%
RET_OP_EXEC_COUNT_24                                 0        0.000%                0        0.000%
RET_OP_EXEC_COUNT_25                                 0        0.000%                0        0.000%
RET_OP_EXEC_COUNT_26                                 0        0.000%                0        0.000%
RET_OP_EXEC_COUNT_27                                 0        0.000%                0        0.000%
RET_OP_EXEC_COUNT_28                                 0        0.000%                0        0.000%
RET_OP_EXEC_COUNT_29                                 0        0.000%                0        0.000%
RET_OP_EXEC_COUNT_30                                 0        0.000%                0        0.000%
RET_OP_EXEC_COUNT_31                                 0        0.000%                0        0.000%
RET_OP_EXEC_COUNT_32                                 0        0.000%                0        0.000%
                                             110907477      100.000%        110907477      100.000%
                                                  1.00         0.00              1.00         0.00

RET_STALL_LENGTH_0                           110901717       99.995%        110901717       99.995%
RET_STALL_LENGTH_100                              3454        0.003%             3454        0.003%
RET_STALL_LENGTH_200                               264        0.000%              264        0.000%
RET_STALL_LENGTH_300                               478        0.000%              478        0.000%
RET_STALL_LENGTH_400                               628        0.001%              628        0.001%
RET_STALL_LENGTH_500                               390        0.000%              390        0.000%
RET_STALL_LENGTH_600                               189        0.000%              189        0.000%
RET_STALL_LENGTH_700                               105        0.000%              105        0.000%
RET_STALL_LENGTH_800                                58        0.000%               58        0.000%
RET_STALL_LENGTH_900                                27        0.000%               27        0.000%
RET_STALL_LENGTH_1000                               15        0.000%               15        0.000%
RET_STALL_LENGTH_1100                               29        0.000%               29        0.000%
RET_STALL_LENGTH_1200                               63        0.000%               63        0.000%
RET_STALL_LENGTH_1300                                9        0.000%                9        0.000%
RET_STALL_LENGTH_1400                                4        0.000%                4        0.000%
RET_STALL_LENGTH_1500                                2        0.000%                2        0.000%
RET_STALL_LENGTH_1600                               20        0.000%               20        0.000%
RET_STALL_LENGTH_1700                               12        0.000%               12        0.000%
RET_STALL_LENGTH_1800                                5        0.000%                5        0.000%
RET_STALL_LENGTH_1900                                5        0.000%                5        0.000%
RET_STALL_LENGTH_2000                                1        0.000%                1        0.000%
RET_STALL_LENGTH_2100                                1        0.000%                1        0.000%
RET_STALL_LENGTH_2200                                1        0.000%                1        0.000%
RET_STALL_LENGTH_2300                                0        0.000%                0        0.000%
RET_STALL_LENGTH_2400                                0        0.000%                0        0.000%
RET_STALL_LENGTH_2500                                0        0.000%                0        0.000%
RET_STALL_LENGTH_2600                                0        0.000%                0        0.000%
RET_STALL_LENGTH_2700                                0        0.000%                0        0.000%
RET_STALL_LENGTH_2800                                0        0.000%                0        0.000%
RET_STALL_LENGTH_2900                                0        0.000%                0        0.000%
RET_STALL_LENGTH_3000                                0        0.000%                0        0.000%
RET_STALL_LENGTH_3100                                0        0.000%                0        0.000%
RET_STALL_LENGTH_3200                                0        0.000%                0        0.000%
RET_STALL_LENGTH_3300                                0        0.000%                0        0.000%
RET_STALL_LENGTH_3400                                0        0.000%                0        0.000%
RET_STALL_LENGTH_3500                                0        0.000%                0        0.000%
RET_STALL_LENGTH_3600                                0        0.000%                0        0.000%
RET_STALL_LENGTH_3700                                0        0.000%                0        0.000%
RET_STALL_LENGTH_3800                                0        0.000%                0        0.000%
RET_STALL_LENGTH_3900                                0        0.000%                0        0.000%
RET_STALL_LENGTH_4000                                0        0.000%                0        0.000%
RET_STALL_LENGTH_4100                                0        0.000%                0        0.000%
RET_STALL_LENGTH_4200                                0        0.000%                0        0.000%
RET_STALL_LENGTH_4300                                0        0.000%                0        0.000%
RET_STALL_LENGTH_4400                                0        0.000%                0        0.000%
RET_STALL_LENGTH_4500                                0        0.000%                0        0.000%
RET_STALL_LENGTH_4600                                0        0.000%                0        0.000%
RET_STALL_LENGTH_4700                                0        0.000%                0        0.000%
RET_STALL_LENGTH_4800                                0        0.000%                0        0.000%
RET_STALL_LENGTH_4900                                0        0.000%                0        0.000%
RET_STALL_LENGTH_5000                                0        0.000%                0        0.000%
                                             110907477      100.000%        110907477      100.000%
                                                  0.00         0.03              0.00         0.03

MEM_BLOCK_LENGTH_0                                7267       82.336%             7267       82.336%
MEM_BLOCK_LENGTH_100                               320        3.626%              320        3.626%
MEM_BLOCK_LENGTH_200                               105        1.190%              105        1.190%
MEM_BLOCK_LENGTH_300                               170        1.926%              170        1.926%
MEM_BLOCK_LENGTH_400                               206        2.334%              206        2.334%
MEM_BLOCK_LENGTH_500                               153        1.734%              153        1.734%
MEM_BLOCK_LENGTH_600                               130        1.473%              130        1.473%
MEM_BLOCK_LENGTH_700                               132        1.496%              132        1.496%
MEM_BLOCK_LENGTH_800                                68        0.770%               68        0.770%
MEM_BLOCK_LENGTH_900                                53        0.600%               53        0.600%
MEM_BLOCK_LENGTH_1000                               38        0.431%               38        0.431%
MEM_BLOCK_LENGTH_1100                               28        0.317%               28        0.317%
MEM_BLOCK_LENGTH_1200                               24        0.272%               24        0.272%
MEM_BLOCK_LENGTH_1300                               20        0.227%               20        0.227%
MEM_BLOCK_LENGTH_1400                               21        0.238%               21        0.238%
MEM_BLOCK_LENGTH_1500                               18        0.204%               18        0.204%
MEM_BLOCK_LENGTH_1600                               14        0.159%               14        0.159%
MEM_BLOCK_LENGTH_1700                               13        0.147%               13        0.147%
MEM_BLOCK_LENGTH_1800                                6        0.068%                6        0.068%
MEM_BLOCK_LENGTH_1900                               10        0.113%               10        0.113%
MEM_BLOCK_LENGTH_2000                                5        0.057%                5        0.057%
MEM_BLOCK_LENGTH_2100                                9        0.102%                9        0.102%
MEM_BLOCK_LENGTH_2200                                1        0.011%                1        0.011%
MEM_BLOCK_LENGTH_2300                                1        0.011%                1        0.011%
MEM_BLOCK_LENGTH_2400                                1        0.011%                1        0.011%
MEM_BLOCK_LENGTH_2500                                3        0.034%                3        0.034%
MEM_BLOCK_LENGTH_2600                                2        0.023%                2        0.023%
MEM_BLOCK_LENGTH_2700                                1        0.011%                1        0.011%
MEM_BLOCK_LENGTH_2800                                2        0.023%                2        0.023%
MEM_BLOCK_LENGTH_2900                                1        0.011%                1        0.011%
MEM_BLOCK_LENGTH_3000                                0        0.000%                0        0.000%
MEM_BLOCK_LENGTH_3100                                0        0.000%                0        0.000%
MEM_BLOCK_LENGTH_3200                                0        0.000%                0        0.000%
MEM_BLOCK_LENGTH_3300                                0        0.000%                0        0.000%
MEM_BLOCK_LENGTH_3400                                1        0.011%                1        0.011%
MEM_BLOCK_LENGTH_3500                                0        0.000%                0        0.000%
MEM_BLOCK_LENGTH_3600                                1        0.011%                1        0.011%
MEM_BLOCK_LENGTH_3700                                0        0.000%                0        0.000%
MEM_BLOCK_LENGTH_3800                                0        0.000%                0        0.000%
MEM_BLOCK_LENGTH_3900                                0        0.000%                0        0.000%
MEM_BLOCK_LENGTH_4000                                0        0.000%                0        0.000%
MEM_BLOCK_LENGTH_4100                                0        0.000%                0        0.000%
MEM_BLOCK_LENGTH_4200                                0        0.000%                0        0.000%
MEM_BLOCK_LENGTH_4300                                0        0.000%                0        0.000%
MEM_BLOCK_LENGTH_4400                                0        0.000%                0        0.000%
MEM_BLOCK_LENGTH_4500                                1        0.011%                1        0.011%
MEM_BLOCK_LENGTH_4600                                0        0.000%                0        0.000%
MEM_BLOCK_LENGTH_4700                                0        0.000%                0        0.000%
MEM_BLOCK_LENGTH_4800                                0        0.000%                0        0.000%
MEM_BLOCK_LENGTH_4900                                0        0.000%                0        0.000%
MEM_BLOCK_LENGTH_5000                                1        0.011%                1        0.011%
                                                  8826      100.000%             8826      100.000%
                                                  0.98         2.81              0.98         2.81

FUS_BUSY_ON_PATH                             138575165        4.0685        138575165        4.0685

FUS_BUSY_OFF_PATH                                    0        0.0000                0        0.0000

FU_BUSY_MEM_STALL                             27666123        0.8123         27666123        0.8123

FUS_EMPTY                                    133910515        3.9315        133910515        3.9315

CHIP_UTILIZATION                                     0        0.0000                0        0.0000

CYCLES_UNDER_MEM_REQ                                 0                              0              

CYCLES_UNDER_NO_MEM_REQ                              0                              0              

CYCLES_UNDER_CRITICAL_MEM_REQ                        0                              0              

CYCLES_UNDER_NONCRITICAL_MEM_REQ                     0                              0              

CHIP_UTILIZATION_UNDER_MEM_REQ                       0          -nan                0          -nan

CHIP_UTILIZATION_UNDER_NO_MEM_REQ                    0          -nan                0          -nan

CHIP_UTILIZATION_UNDER_CRITICAL_MEM_REQ              0          -nan                0          -nan

CHIP_UTILIZATION_UNDER_NONCRITICAL_MEM_REQ             0          -nan                0          -nan

CYCLES_NOT_WAITING_FOR_OFF_CHIP                      0        0.0000                0        0.0000

FUS_BUSY_NOT_WAITING_FOR_OFF_CHIP                    0          -nan                0          -nan

CYCLES_WAITING_FOR_OFF_CHIP                          0        0.0000                0        0.0000

FUS_BUSY_WAITING_FOR_OFF_CHIP                        0          -nan                0          -nan

TOTAL_OFF_CHIP_DELAYS_LEFT                           0                              0              

WRONG_IO_SCHED                                       0                              0              

DVFS_CONFIG_SWITCH                                   0                              0              



