/* -*- Mode: c -*- */
####################################################################################################
Core 0
####################################################################################################
Cumulative:        Cycles: 93053244              Instructions: 100000000             IPC: 1.07465

EXECUTION_TIME                           29079138750000                  29079138750000              

NODE_CYCLE                                    93053244                       93053244              

NODE_INST_COUNT                              100000000                      100000000              

NODE_UOP_COUNT                               128794889                      128794889              

FULL_WINDOW_STALL                             11944345       12.836%         11944345       12.836%

FULL_WINDOW_MEM_OP                            11509135       99.877%         11509135       99.877%
FULL_WINDOW_FP_OP                                  969        0.008%              969        0.008%
FULL_WINDOW_OTHER_OP                             13185        0.114%            13185        0.114%
                                              11523289      100.000%         11523289      100.000%
                                                  0.00         0.07              0.00         0.07

RET_BLOCKED_DC_MISS                           43482035       46.728%         43482035       46.728%

RET_BLOCKED_L1_MISS                           33350618       35.840%         33350618       35.840%

RET_BLOCKED_L1_MISS_BW_PREF                     561011        0.603%           561011        0.603%

RET_BLOCKED_L1_ACCESS                         10168195       10.927%         10168195       10.927%

RET_BLOCKED_MEM_STALL                         33350618       35.840%         33350618       35.840%

RET_BLOCKED_OFFCHIP_DEMAND                           0        0.000%                0        0.000%

OP_ISSUED                                    128794950                      128794950              

OP_RETIRED                                   128794889                      128794889              

REPLAY_SIGNALED                                      0                              0              

REPLAY_COUNTED                                       0                              0              

OFF_CRITICAL_PATH                                    0         -nan%                0         -nan%
ON_CRITICAL_PATH                                     0         -nan%                0         -nan%
                                                     0         -nan%                0         -nan%
                                                  -nan         -nan              -nan         -nan

LD_NO_DEPENDENTS                               3774526       12.293%          3774526       12.293%
LD_DEPENDENTS                                 26930030       87.707%         26930030       87.707%
                                              30704556      100.000%         30704556      100.000%
                                                  0.88         0.83              0.88         0.83

LD_EXEC_CYCLES_0                                     0        0.000%                0        0.000%
LD_EXEC_CYCLES_1                                     0        0.000%                0        0.000%
LD_EXEC_CYCLES_2                                     0        0.000%                0        0.000%
LD_EXEC_CYCLES_3                              24475731       89.741%         24475731       89.741%
LD_EXEC_CYCLES_4                               2798028       10.259%          2798028       10.259%
                                              27273759      100.000%         27273759      100.000%
                                                  3.10         1.04              3.10         1.04

FU_BUSY_0                                     40583647                       40583647              

FU_BUSY_1                                     33318413                       33318413              

FU_BUSY_2                                     25166834                       25166834              

FU_BUSY_3                                     17899872                       17899872              

FU_BUSY_4                                     10839109                       10839109              

FU_BUSY_5                                      5986946                        5986946              

FU_BUSY_6                                      3210282                        3210282              

FU_BUSY_7                                      1722024                        1722024              

FU_BUSY_8                                            0                              0              

FU_BUSY_9                                            0                              0              

FU_BUSY_10                                           0                              0              

FU_BUSY_11                                           0                              0              

FU_BUSY_12                                           0                              0              

FU_BUSY_13                                           0                              0              

FU_BUSY_14                                           0                              0              

FU_BUSY_15                                           0                              0              

FU_BUSY_16                                           0                              0              

FU_BUSY_17                                           0                              0              

FU_BUSY_18                                           0                              0              

FU_BUSY_19                                           0                              0              

FU_BUSY_20                                           0                              0              

FU_BUSY_21                                           0                              0              

FU_BUSY_22                                           0                              0              

FU_BUSY_23                                           0                              0              

FU_BUSY_24                                           0                              0              

FU_BUSY_25                                           0                              0              

FU_BUSY_26                                           0                              0              

FU_BUSY_27                                           0                              0              

FU_BUSY_28                                           0                              0              

FU_BUSY_29                                           0                              0              

FU_BUSY_30                                           0                              0              

FU_BUSY_31                                           0                              0              

OP_WAIT_0                                     92821572                       92821572              

OP_WAIT_1                                     32953950                       32953950              

OP_WAIT_2                                      1810192                        1810192              

OP_WAIT_3                                       448711                         448711              

OP_WAIT_4                                       225833                         225833              

OP_WAIT_5                                        90281                          90281              

OP_WAIT_6                                        64265                          64265              

OP_WAIT_7                                        49032                          49032              

OP_WAIT_8                                        44897                          44897              

OP_WAIT_9                                        38882                          38882              

OP_WAIT_10                                       40938                          40938              

OP_WAIT_11                                       42649                          42649              

OP_WAIT_12                                       31052                          31052              

OP_WAIT_13                                       33797                          33797              

OP_WAIT_14                                       24832                          24832              

OP_WAIT_15                                       17363                          17363              

OP_WAIT_16                                       11850                          11850              

OP_WAIT_17                                       12893                          12893              

OP_WAIT_18                                        5374                           5374              

OP_WAIT_19                                        4377                           4377              

OP_WAIT_20                                        4254                           4254              

OP_WAIT_21                                        4609                           4609              

OP_WAIT_22                                        1408                           1408              

OP_WAIT_23                                        1630                           1630              

OP_WAIT_24                                         636                            636              

OP_WAIT_25                                        1229                           1229              

OP_WAIT_26                                         262                            262              

OP_WAIT_27                                         205                            205              

OP_WAIT_28                                         165                            165              

OP_WAIT_29                                         333                            333              

OP_WAIT_30                                          93                             93              

OP_WAIT_31                                        7325                           7325              

ROW_SIZE_0                                    51267047                       51267047              

ROW_SIZE_1                                     7419898                        7419898              

ROW_SIZE_2                                     4208587                        4208587              

ROW_SIZE_3                                     2057188                        2057188              

ROW_SIZE_4                                     1680939                        1680939              

ROW_SIZE_5                                     1190269                        1190269              

ROW_SIZE_6                                    15685192                       15685192              

ROW_SIZE_7                                           0                              0              

ROW_SIZE_8                                           0                              0              

ROW_SIZE_9                                           0                              0              

ROW_SIZE_10                                          0                              0              

ROW_SIZE_11                                          0                              0              

ROW_SIZE_12                                          0                              0              

ROW_SIZE_13                                          0                              0              

ROW_SIZE_14                                          0                              0              

ROW_SIZE_15                                          0                              0              

ROW_SIZE_16                                          0                              0              

ROW_SIZE_17                                          0                              0              

ROW_SIZE_18                                          0                              0              

ROW_SIZE_19                                          0                              0              

ROW_SIZE_20                                          0                              0              

ROW_SIZE_21                                          0                              0              

ROW_SIZE_22                                          0                              0              

ROW_SIZE_23                                          0                              0              

ROW_SIZE_24                                          0                              0              

ROW_SIZE_25                                          0                              0              

ROW_SIZE_26                                          0                              0              

ROW_SIZE_27                                          0                              0              

ROW_SIZE_28                                          0                              0              

ROW_SIZE_29                                          0                              0              

ROW_SIZE_30                                          0                              0              

ROW_SIZE_31                                          0                              0              

RET_OP_EXEC_COUNT_0                                  0        0.000%                0        0.000%
RET_OP_EXEC_COUNT_1                          128794889      100.000%        128794889      100.000%
RET_OP_EXEC_COUNT_2                                  0        0.000%                0        0.000%
RET_OP_EXEC_COUNT_3                                  0        0.000%                0        0.000%
RET_OP_EXEC_COUNT_4                                  0        0.000%                0        0.000%
RET_OP_EXEC_COUNT_5                                  0        0.000%                0        0.000%
RET_OP_EXEC_COUNT_6                                  0        0.000%                0        0.000%
RET_OP_EXEC_COUNT_7                                  0        0.000%                0        0.000%
RET_OP_EXEC_COUNT_8                                  0        0.000%                0        0.000%
RET_OP_EXEC_COUNT_9                                  0        0.000%                0        0.000%
RET_OP_EXEC_COUNT_10                                 0        0.000%                0        0.000%
RET_OP_EXEC_COUNT_11                                 0        0.000%                0        0.000%
RET_OP_EXEC_COUNT_12                                 0        0.000%                0        0.000%
RET_OP_EXEC_COUNT_13                                 0        0.000%                0        0.000%
RET_OP_EXEC_COUNT_14                                 0        0.000%                0        0.000%
RET_OP_EXEC_COUNT_15                                 0        0.000%                0        0.000%
RET_OP_EXEC_COUNT_16                                 0        0.000%                0        0.000%
RET_OP_EXEC_COUNT_17                                 0        0.000%                0        0.000%
RET_OP_EXEC_COUNT_18                                 0        0.000%                0        0.000%
RET_OP_EXEC_COUNT_19                                 0        0.000%                0        0.000%
RET_OP_EXEC_COUNT_20                                 0        0.000%                0        0.000%
RET_OP_EXEC_COUNT_21                                 0        0.000%                0        0.000%
RET_OP_EXEC_COUNT_22                                 0        0.000%                0        0.000%
RET_OP_EXEC_COUNT_23                                 0        0.000%                0        0.000%
RET_OP_EXEC_COUNT_24                                 0        0.000%                0        0.000%
RET_OP_EXEC_COUNT_25                                 0        0.000%                0        0.000%
RET_OP_EXEC_COUNT_26                                 0        0.000%                0        0.000%
RET_OP_EXEC_COUNT_27                                 0        0.000%                0        0.000%
RET_OP_EXEC_COUNT_28                                 0        0.000%                0        0.000%
RET_OP_EXEC_COUNT_29                                 0        0.000%                0        0.000%
RET_OP_EXEC_COUNT_30                                 0        0.000%                0        0.000%
RET_OP_EXEC_COUNT_31                                 0        0.000%                0        0.000%
RET_OP_EXEC_COUNT_32                                 0        0.000%                0        0.000%
                                             128794889      100.000%        128794889      100.000%
                                                  1.00         0.00              1.00         0.00

RET_STALL_LENGTH_0                           128651134       99.888%        128651134       99.888%
RET_STALL_LENGTH_100                            128230        0.100%           128230        0.100%
RET_STALL_LENGTH_200                              2178        0.002%             2178        0.002%
RET_STALL_LENGTH_300                              1161        0.001%             1161        0.001%
RET_STALL_LENGTH_400                              3542        0.003%             3542        0.003%
RET_STALL_LENGTH_500                              4622        0.004%             4622        0.004%
RET_STALL_LENGTH_600                              1214        0.001%             1214        0.001%
RET_STALL_LENGTH_700                               256        0.000%              256        0.000%
RET_STALL_LENGTH_800                               161        0.000%              161        0.000%
RET_STALL_LENGTH_900                               203        0.000%              203        0.000%
RET_STALL_LENGTH_1000                              256        0.000%              256        0.000%
RET_STALL_LENGTH_1100                              392        0.000%              392        0.000%
RET_STALL_LENGTH_1200                             1113        0.001%             1113        0.001%
RET_STALL_LENGTH_1300                              157        0.000%              157        0.000%
RET_STALL_LENGTH_1400                               32        0.000%               32        0.000%
RET_STALL_LENGTH_1500                               28        0.000%               28        0.000%
RET_STALL_LENGTH_1600                               45        0.000%               45        0.000%
RET_STALL_LENGTH_1700                               91        0.000%               91        0.000%
RET_STALL_LENGTH_1800                               60        0.000%               60        0.000%
RET_STALL_LENGTH_1900                               11        0.000%               11        0.000%
RET_STALL_LENGTH_2000                                2        0.000%                2        0.000%
RET_STALL_LENGTH_2100                                0        0.000%                0        0.000%
RET_STALL_LENGTH_2200                                0        0.000%                0        0.000%
RET_STALL_LENGTH_2300                                0        0.000%                0        0.000%
RET_STALL_LENGTH_2400                                1        0.000%                1        0.000%
RET_STALL_LENGTH_2500                                0        0.000%                0        0.000%
RET_STALL_LENGTH_2600                                0        0.000%                0        0.000%
RET_STALL_LENGTH_2700                                0        0.000%                0        0.000%
RET_STALL_LENGTH_2800                                0        0.000%                0        0.000%
RET_STALL_LENGTH_2900                                0        0.000%                0        0.000%
RET_STALL_LENGTH_3000                                0        0.000%                0        0.000%
RET_STALL_LENGTH_3100                                0        0.000%                0        0.000%
RET_STALL_LENGTH_3200                                0        0.000%                0        0.000%
RET_STALL_LENGTH_3300                                0        0.000%                0        0.000%
RET_STALL_LENGTH_3400                                0        0.000%                0        0.000%
RET_STALL_LENGTH_3500                                0        0.000%                0        0.000%
RET_STALL_LENGTH_3600                                0        0.000%                0        0.000%
RET_STALL_LENGTH_3700                                0        0.000%                0        0.000%
RET_STALL_LENGTH_3800                                0        0.000%                0        0.000%
RET_STALL_LENGTH_3900                                0        0.000%                0        0.000%
RET_STALL_LENGTH_4000                                0        0.000%                0        0.000%
RET_STALL_LENGTH_4100                                0        0.000%                0        0.000%
RET_STALL_LENGTH_4200                                0        0.000%                0        0.000%
RET_STALL_LENGTH_4300                                0        0.000%                0        0.000%
RET_STALL_LENGTH_4400                                0        0.000%                0        0.000%
RET_STALL_LENGTH_4500                                0        0.000%                0        0.000%
RET_STALL_LENGTH_4600                                0        0.000%                0        0.000%
RET_STALL_LENGTH_4700                                0        0.000%                0        0.000%
RET_STALL_LENGTH_4800                                0        0.000%                0        0.000%
RET_STALL_LENGTH_4900                                0        0.000%                0        0.000%
RET_STALL_LENGTH_5000                                0        0.000%                0        0.000%
                                             128794889      100.000%        128794889      100.000%
                                                  0.00         0.08              0.00         0.08

MEM_BLOCK_LENGTH_0                                   0         -nan%                0         -nan%
MEM_BLOCK_LENGTH_100                                 0         -nan%                0         -nan%
MEM_BLOCK_LENGTH_200                                 0         -nan%                0         -nan%
MEM_BLOCK_LENGTH_300                                 0         -nan%                0         -nan%
MEM_BLOCK_LENGTH_400                                 0         -nan%                0         -nan%
MEM_BLOCK_LENGTH_500                                 0         -nan%                0         -nan%
MEM_BLOCK_LENGTH_600                                 0         -nan%                0         -nan%
MEM_BLOCK_LENGTH_700                                 0         -nan%                0         -nan%
MEM_BLOCK_LENGTH_800                                 0         -nan%                0         -nan%
MEM_BLOCK_LENGTH_900                                 0         -nan%                0         -nan%
MEM_BLOCK_LENGTH_1000                                0         -nan%                0         -nan%
MEM_BLOCK_LENGTH_1100                                0         -nan%                0         -nan%
MEM_BLOCK_LENGTH_1200                                0         -nan%                0         -nan%
MEM_BLOCK_LENGTH_1300                                0         -nan%                0         -nan%
MEM_BLOCK_LENGTH_1400                                0         -nan%                0         -nan%
MEM_BLOCK_LENGTH_1500                                0         -nan%                0         -nan%
MEM_BLOCK_LENGTH_1600                                0         -nan%                0         -nan%
MEM_BLOCK_LENGTH_1700                                0         -nan%                0         -nan%
MEM_BLOCK_LENGTH_1800                                0         -nan%                0         -nan%
MEM_BLOCK_LENGTH_1900                                0         -nan%                0         -nan%
MEM_BLOCK_LENGTH_2000                                0         -nan%                0         -nan%
MEM_BLOCK_LENGTH_2100                                0         -nan%                0         -nan%
MEM_BLOCK_LENGTH_2200                                0         -nan%                0         -nan%
MEM_BLOCK_LENGTH_2300                                0         -nan%                0         -nan%
MEM_BLOCK_LENGTH_2400                                0         -nan%                0         -nan%
MEM_BLOCK_LENGTH_2500                                0         -nan%                0         -nan%
MEM_BLOCK_LENGTH_2600                                0         -nan%                0         -nan%
MEM_BLOCK_LENGTH_2700                                0         -nan%                0         -nan%
MEM_BLOCK_LENGTH_2800                                0         -nan%                0         -nan%
MEM_BLOCK_LENGTH_2900                                0         -nan%                0         -nan%
MEM_BLOCK_LENGTH_3000                                0         -nan%                0         -nan%
MEM_BLOCK_LENGTH_3100                                0         -nan%                0         -nan%
MEM_BLOCK_LENGTH_3200                                0         -nan%                0         -nan%
MEM_BLOCK_LENGTH_3300                                0         -nan%                0         -nan%
MEM_BLOCK_LENGTH_3400                                0         -nan%                0         -nan%
MEM_BLOCK_LENGTH_3500                                0         -nan%                0         -nan%
MEM_BLOCK_LENGTH_3600                                0         -nan%                0         -nan%
MEM_BLOCK_LENGTH_3700                                0         -nan%                0         -nan%
MEM_BLOCK_LENGTH_3800                                0         -nan%                0         -nan%
MEM_BLOCK_LENGTH_3900                                0         -nan%                0         -nan%
MEM_BLOCK_LENGTH_4000                                0         -nan%                0         -nan%
MEM_BLOCK_LENGTH_4100                                0         -nan%                0         -nan%
MEM_BLOCK_LENGTH_4200                                0         -nan%                0         -nan%
MEM_BLOCK_LENGTH_4300                                0         -nan%                0         -nan%
MEM_BLOCK_LENGTH_4400                                0         -nan%                0         -nan%
MEM_BLOCK_LENGTH_4500                                0         -nan%                0         -nan%
MEM_BLOCK_LENGTH_4600                                0         -nan%                0         -nan%
MEM_BLOCK_LENGTH_4700                                0         -nan%                0         -nan%
MEM_BLOCK_LENGTH_4800                                0         -nan%                0         -nan%
MEM_BLOCK_LENGTH_4900                                0         -nan%                0         -nan%
MEM_BLOCK_LENGTH_5000                                0         -nan%                0         -nan%
                                                     0         -nan%                0         -nan%
                                                  -nan         -nan              -nan         -nan

FUS_BUSY_ON_PATH                             138727127        1.4908        138727127        1.4908

FUS_BUSY_OFF_PATH                                    0        0.0000                0        0.0000

FU_BUSY_MEM_STALL                              8659075        0.0931          8659075        0.0931

FUS_EMPTY                                    605698825        6.5092        605698825        6.5092

CHIP_UTILIZATION                                     0        0.0000                0        0.0000

CYCLES_UNDER_MEM_REQ                                 0                              0              

CYCLES_UNDER_NO_MEM_REQ                              0                              0              

CYCLES_UNDER_CRITICAL_MEM_REQ                        0                              0              

CYCLES_UNDER_NONCRITICAL_MEM_REQ                     0                              0              

CHIP_UTILIZATION_UNDER_MEM_REQ                       0          -nan                0          -nan

CHIP_UTILIZATION_UNDER_NO_MEM_REQ                    0          -nan                0          -nan

CHIP_UTILIZATION_UNDER_CRITICAL_MEM_REQ              0          -nan                0          -nan

CHIP_UTILIZATION_UNDER_NONCRITICAL_MEM_REQ             0          -nan                0          -nan

CYCLES_NOT_WAITING_FOR_OFF_CHIP                      0        0.0000                0        0.0000

FUS_BUSY_NOT_WAITING_FOR_OFF_CHIP                    0          -nan                0          -nan

CYCLES_WAITING_FOR_OFF_CHIP                          0        0.0000                0        0.0000

FUS_BUSY_WAITING_FOR_OFF_CHIP                        0          -nan                0          -nan

TOTAL_OFF_CHIP_DELAYS_LEFT                           0                              0              

WRONG_IO_SCHED                                       0                              0              

DVFS_CONFIG_SWITCH                                   0                              0              



