/* -*- Mode: c -*- */
####################################################################################################
Core 0
####################################################################################################
Cumulative:        Cycles: 34078738              Instructions: 100000000             IPC: 2.93438

DCACHE_PREF_HIT                                      0                              0              

IFETCH_WB_FIRST_SCHEDULE                             0         -nan%                0         -nan%
PREFETCH_LAST_SCHEDULE                               0         -nan%                0         -nan%
DEMAND_PASS_PREF_SCHEDULE                            0         -nan%                0         -nan%
DEMAND_PASS_LOW_OP_SCHEDULE                          0         -nan%                0         -nan%
DEMAND_LAST_SCHEDULE                                 0         -nan%                0         -nan%
                                                     0         -nan%                0         -nan%
                                                  -nan         -nan              -nan         -nan

SEND_MISS_REQ_QUEUE                             152927                         152927              

L1_DATA_EVICT                                   136548                         136548              

STREAM_BUFFER_REQ                                    0                              0              

PREF_SEND_TO_MEM_REQ                                 0         -nan%                0         -nan%
PREF_SEND_TO_MEM_REQ_FAIL                            0         -nan%                0         -nan%
                                                     0         -nan%                0         -nan%
                                                  -nan         -nan              -nan         -nan

HIT_TRAIN_STREAM                                105029       76.089%           105029       76.089%
MISS_TRAIN_STREAM                                33005       23.911%            33005       23.911%
                                                138034      100.000%           138034      100.000%
                                                  0.24         0.39              0.24         0.39

STREAM_TRAIN_CREATE                              25668                          25668              

MEM_REQ_MISS_HWP_PREF_Q                              0         -nan%                0         -nan%
MEM_REQ_MISS_SW_PREF_Q                               0         -nan%                0         -nan%
MEM_REQ_MISS_IFETCH_Q                                0         -nan%                0         -nan%
MEM_REQ_MISS_DFETCH_Q                                0         -nan%                0         -nan%
MEM_REQ_MISS_DSTORE_Q                                0         -nan%                0         -nan%
MEM_REQ_MISS_DPRF_Q                                  0         -nan%                0         -nan%
MEM_REQ_MISS_WB_Q                                    0         -nan%                0         -nan%
                                                     0         -nan%                0         -nan%
                                                  -nan         -nan              -nan         -nan

PREF_HIT_BY_DEMAND_IFETCH                            0         -nan%                0         -nan%
PREF_HIT_BY_DEMAND_DFETCH                            0         -nan%                0         -nan%
PREF_HIT_BY_DEMAND_DSTORE                            0         -nan%                0         -nan%
PREF_HIT_BY_DEMAND_IPREF                             0         -nan%                0         -nan%
PREF_HIT_BY_DEMAND_DPRF                              0         -nan%                0         -nan%
PREF_HIT_BY_DEMAND_WB                                0         -nan%                0         -nan%
PREF_HIT_BY_PREF                                     0         -nan%                0         -nan%
                                                     0         -nan%                0         -nan%
                                                  -nan         -nan              -nan         -nan

PREF_HIT_DEMAND_IFETCH                               0         -nan%                0         -nan%
PREF_HIT_DEMAND_DFETCH                               0         -nan%                0         -nan%
PREF_HIT_DEMAND_DSTORE                               0         -nan%                0         -nan%
PREF_HIT_DEMAND_IPREF                                0         -nan%                0         -nan%
PREF_HIT_DEMAND_DPRF                                 0         -nan%                0         -nan%
PREF_HIT_DEMAND_WB                                   0         -nan%                0         -nan%
                                                     0         -nan%                0         -nan%
                                                  -nan         -nan              -nan         -nan

PREF_L1_FILL                                         0         -nan%                0         -nan%
DEMAND_L1_FILL                                       0         -nan%                0         -nan%
                                                     0         -nan%                0         -nan%
                                                  -nan         -nan              -nan         -nan

TOUCH_L1_REPLACE                                     0        0.000%                0        0.000%
NO_TOUCH_L1_REPLACE                             136548      100.000%           136548      100.000%
                                                136548      100.000%           136548      100.000%
                                                  1.00         1.00              1.00         1.00

PREF_REQ_QUE_FULL                                    0                              0              

STREAM_REQ_QUEUE_HIT_BY_DEMAND                       0                              0              

L2HIT_STREAM_PREF_REQ_QUE_FULL                       0                              0              

L2HIT_HIT_TRAIN_STREAM                               0         -nan%                0         -nan%
L2HIT_MISS_TRAIN_STREAM                              0         -nan%                0         -nan%
                                                     0         -nan%                0         -nan%
                                                  -nan         -nan              -nan         -nan

L2HIT_STREAM_TRAIN_CREATE                            0                              0              

L2HIT_STREAM_BUFFER_REQ                              0                              0              

L2HIT_STREAM_PREF_DCACHE_HIT                         0         -nan%                0         -nan%
L2HIT_STREAM_PREF_DCACHE_INSERT                      0         -nan%                0         -nan%
L2HIT_STREAM_L2_MISS                                 0         -nan%                0         -nan%
                                                     0         -nan%                0         -nan%
                                                  -nan         -nan              -nan         -nan

L2HIT_STREAM_DCACHE_PORT_FULL                        0                              0              

L2HIT_STREAM_PREF_L1_PORT_FULL                       0                              0              

L2HIT_TRAIN_HIT_DEMAND                               0         -nan%                0         -nan%
L2HIT_TRAIN_MISS_REQ                                 0         -nan%                0         -nan%
                                                     0         -nan%                0         -nan%
                                                  -nan         -nan              -nan         -nan

L2HIT_TRAIN_FILTER_MISS                              0         -nan%                0         -nan%
L2HIT_TRAIN_FILTER_HIT                               0         -nan%                0         -nan%
                                                     0         -nan%                0         -nan%
                                                  -nan         -nan              -nan         -nan

L2HIT_PREF_REQ_DCACHE_HIT                            0         -nan%                0         -nan%
L2HIT_PREF_REQ_DCACHE_MISS                           0         -nan%                0         -nan%
                                                     0         -nan%                0         -nan%
                                                  -nan         -nan              -nan         -nan

L2HIT_L2SEND_Q_FULL                                  0         -nan%                0         -nan%
L2HIT_L2SEND_Q_ENTER                                 0         -nan%                0         -nan%
                                                     0         -nan%                0         -nan%
                                                  -nan         -nan              -nan         -nan

L2HIT_MEM_REQ                                        0                              0              

REMOVE_REDUNDANT_STREAM_STAT                         0                              0              

REPLACE_OLD_STREAM                               25652                          25652              

REQ_SEND_QUEUE_STALL                                 0                              0              

STREAM_ENTER_RA                                      0                              0              

CORE_STREAM_LENGTH_0                               166        9.905%              166        9.905%
CORE_STREAM_LENGTH_10                              506       30.191%              506       30.191%
CORE_STREAM_LENGTH_20                              271       16.169%              271       16.169%
CORE_STREAM_LENGTH_30                              216       12.888%              216       12.888%
CORE_STREAM_LENGTH_40                              113        6.742%              113        6.742%
CORE_STREAM_LENGTH_50                               96        5.728%               96        5.728%
CORE_STREAM_LENGTH_60                               31        1.850%               31        1.850%
CORE_STREAM_LENGTH_70                               32        1.909%               32        1.909%
CORE_STREAM_LENGTH_80                                9        0.537%                9        0.537%
CORE_STREAM_LENGTH_90                               19        1.134%               19        1.134%
CORE_STREAM_LENGTH_100_P                           217       12.947%              217       12.947%
                                                  1676      100.000%             1676      100.000%
                                                  3.25         3.19              3.25         3.19

CORE_CUM_STREAM_LENGTH_0                          1179        0.524%             1179        0.524%
CORE_CUM_STREAM_LENGTH_10                         7865        3.493%             7865        3.493%
CORE_CUM_STREAM_LENGTH_20                         6469        2.873%             6469        2.873%
CORE_CUM_STREAM_LENGTH_30                         6912        3.070%             6912        3.070%
CORE_CUM_STREAM_LENGTH_40                         4934        2.191%             4934        2.191%
CORE_CUM_STREAM_LENGTH_50                         5026        2.232%             5026        2.232%
CORE_CUM_STREAM_LENGTH_60                         2003        0.890%             2003        0.890%
CORE_CUM_STREAM_LENGTH_70                         2324        1.032%             2324        1.032%
CORE_CUM_STREAM_LENGTH_80                          774        0.344%              774        0.344%
CORE_CUM_STREAM_LENGTH_90                         1802        0.800%             1802        0.800%
CORE_CUM_STREAM_LENGTH_100_P                    185884       82.552%           185884       82.552%
                                                225172      100.000%           225172      100.000%
                                                  8.86         8.45              8.86         8.45

CORE_STREAM_TRAIN_HITS_0                           953       56.862%              953       56.862%
CORE_STREAM_TRAIN_HITS_10                          440       26.253%              440       26.253%
CORE_STREAM_TRAIN_HITS_20                           68        4.057%               68        4.057%
CORE_STREAM_TRAIN_HITS_30                           26        1.551%               26        1.551%
CORE_STREAM_TRAIN_HITS_40                           10        0.597%               10        0.597%
CORE_STREAM_TRAIN_HITS_50                            8        0.477%                8        0.477%
CORE_STREAM_TRAIN_HITS_60                            5        0.298%                5        0.298%
CORE_STREAM_TRAIN_HITS_70                           11        0.656%               11        0.656%
CORE_STREAM_TRAIN_HITS_80                            9        0.537%                9        0.537%
CORE_STREAM_TRAIN_HITS_90                           20        1.193%               20        1.193%
CORE_STREAM_TRAIN_HITS_100_P                       126        7.518%              126        7.518%
                                                  1676      100.000%             1676      100.000%
                                                  1.40         2.66              1.40         2.66

CORE_CUM_STREAM_TRAIN_HITS_0                      5919        5.297%             5919        5.297%
CORE_CUM_STREAM_TRAIN_HITS_10                     5647        5.054%             5647        5.054%
CORE_CUM_STREAM_TRAIN_HITS_20                     1607        1.438%             1607        1.438%
CORE_CUM_STREAM_TRAIN_HITS_30                      847        0.758%              847        0.758%
CORE_CUM_STREAM_TRAIN_HITS_40                      442        0.396%              442        0.396%
CORE_CUM_STREAM_TRAIN_HITS_50                      446        0.399%              446        0.399%
CORE_CUM_STREAM_TRAIN_HITS_60                      321        0.287%              321        0.287%
CORE_CUM_STREAM_TRAIN_HITS_70                      815        0.729%              815        0.729%
CORE_CUM_STREAM_TRAIN_HITS_80                      754        0.675%              754        0.675%
CORE_CUM_STREAM_TRAIN_HITS_90                     1870        1.674%             1870        1.674%
CORE_CUM_STREAM_TRAIN_HITS_100_P                 93065       83.292%            93065       83.292%
                                                111733      100.000%           111733      100.000%
                                                  8.74         8.31              8.74         8.31

CORE_STREAM_TRAIN_CREATE                         25668                          25668              



