/* -*- Mode: c -*- */
####################################################################################################
Core 0
####################################################################################################
Cumulative:        Cycles: 34055246              Instructions: 100000000             IPC: 2.93641

EXECUTION_TIME                           10642264375000                  10642264375000              

NODE_CYCLE                                    34055246                       34055246              

NODE_INST_COUNT                              100000000                      100000000              

NODE_UOP_COUNT                               110907477                      110907477              

FULL_WINDOW_STALL                              9635365       28.293%          9635365       28.293%

FULL_WINDOW_MEM_OP                             3434883       51.984%          3434883       51.984%
FULL_WINDOW_FP_OP                              3087333       46.725%          3087333       46.725%
FULL_WINDOW_OTHER_OP                             85305        1.291%            85305        1.291%
                                               6607521      100.000%          6607521      100.000%
                                                  0.49         0.39              0.49         0.39

RET_BLOCKED_DC_MISS                            1992800        5.852%          1992800        5.852%

RET_BLOCKED_L1_MISS                            1875390        5.507%          1875390        5.507%

RET_BLOCKED_L1_MISS_BW_PREF                     500424        1.469%           500424        1.469%

RET_BLOCKED_L1_ACCESS                           140291        0.412%           140291        0.412%

RET_BLOCKED_MEM_STALL                          1940816        5.699%          1940816        5.699%

RET_BLOCKED_OFFCHIP_DEMAND                           0        0.000%                0        0.000%

OP_ISSUED                                    110907503                      110907503              

OP_RETIRED                                   110907477                      110907477              

REPLAY_SIGNALED                                      0                              0              

REPLAY_COUNTED                                       0                              0              

OFF_CRITICAL_PATH                                    0         -nan%                0         -nan%
ON_CRITICAL_PATH                                     0         -nan%                0         -nan%
                                                     0         -nan%                0         -nan%
                                                  -nan         -nan              -nan         -nan

LD_NO_DEPENDENTS                                520856        2.074%           520856        2.074%
LD_DEPENDENTS                                 24589285       97.926%         24589285       97.926%
                                              25110141      100.000%         25110141      100.000%
                                                  0.98         0.97              0.98         0.97

LD_EXEC_CYCLES_0                                     0        0.000%                0        0.000%
LD_EXEC_CYCLES_1                                     0        0.000%                0        0.000%
LD_EXEC_CYCLES_2                                     0        0.000%                0        0.000%
LD_EXEC_CYCLES_3                              12603853       70.969%         12603853       70.969%
LD_EXEC_CYCLES_4                               5155688       29.031%          5155688       29.031%
                                              17759541      100.000%         17759541      100.000%
                                                  3.29         1.83              3.29         1.83

FU_BUSY_0                                     28207108                       28207108              

FU_BUSY_1                                     24416737                       24416737              

FU_BUSY_2                                     21829062                       21829062              

FU_BUSY_3                                     17144797                       17144797              

FU_BUSY_4                                     14341205                       14341205              

FU_BUSY_5                                     12601843                       12601843              

FU_BUSY_6                                     10713018                       10713018              

FU_BUSY_7                                      9134724                        9134724              

FU_BUSY_8                                            0                              0              

FU_BUSY_9                                            0                              0              

FU_BUSY_10                                           0                              0              

FU_BUSY_11                                           0                              0              

FU_BUSY_12                                           0                              0              

FU_BUSY_13                                           0                              0              

FU_BUSY_14                                           0                              0              

FU_BUSY_15                                           0                              0              

FU_BUSY_16                                           0                              0              

FU_BUSY_17                                           0                              0              

FU_BUSY_18                                           0                              0              

FU_BUSY_19                                           0                              0              

FU_BUSY_20                                           0                              0              

FU_BUSY_21                                           0                              0              

FU_BUSY_22                                           0                              0              

FU_BUSY_23                                           0                              0              

FU_BUSY_24                                           0                              0              

FU_BUSY_25                                           0                              0              

FU_BUSY_26                                           0                              0              

FU_BUSY_27                                           0                              0              

FU_BUSY_28                                           0                              0              

FU_BUSY_29                                           0                              0              

FU_BUSY_30                                           0                              0              

FU_BUSY_31                                           0                              0              

OP_WAIT_0                                     75169695                       75169695              

OP_WAIT_1                                     16457436                       16457436              

OP_WAIT_2                                      4460447                        4460447              

OP_WAIT_3                                      2031469                        2031469              

OP_WAIT_4                                      1610644                        1610644              

OP_WAIT_5                                      1096336                        1096336              

OP_WAIT_6                                       802202                         802202              

OP_WAIT_7                                      1719196                        1719196              

OP_WAIT_8                                      1637180                        1637180              

OP_WAIT_9                                      1032853                        1032853              

OP_WAIT_10                                     2233647                        2233647              

OP_WAIT_11                                      685886                         685886              

OP_WAIT_12                                      601540                         601540              

OP_WAIT_13                                      256815                         256815              

OP_WAIT_14                                      233489                         233489              

OP_WAIT_15                                      124684                         124684              

OP_WAIT_16                                      103985                         103985              

OP_WAIT_17                                       88083                          88083              

OP_WAIT_18                                       69517                          69517              

OP_WAIT_19                                       35899                          35899              

OP_WAIT_20                                       33585                          33585              

OP_WAIT_21                                       21139                          21139              

OP_WAIT_22                                       17213                          17213              

OP_WAIT_23                                       20217                          20217              

OP_WAIT_24                                       17429                          17429              

OP_WAIT_25                                       18574                          18574              

OP_WAIT_26                                       48830                          48830              

OP_WAIT_27                                       33373                          33373              

OP_WAIT_28                                       15702                          15702              

OP_WAIT_29                                        4791                           4791              

OP_WAIT_30                                        9531                           9531              

OP_WAIT_31                                      216090                         216090              

ROW_SIZE_0                                    10502202                       10502202              

ROW_SIZE_1                                     1875026                        1875026              

ROW_SIZE_2                                     1370206                        1370206              

ROW_SIZE_3                                     1202240                        1202240              

ROW_SIZE_4                                     1489305                        1489305              

ROW_SIZE_5                                      364975                         364975              

ROW_SIZE_6                                    15817204                       15817204              

ROW_SIZE_7                                           0                              0              

ROW_SIZE_8                                           0                              0              

ROW_SIZE_9                                           0                              0              

ROW_SIZE_10                                          0                              0              

ROW_SIZE_11                                          0                              0              

ROW_SIZE_12                                          0                              0              

ROW_SIZE_13                                          0                              0              

ROW_SIZE_14                                          0                              0              

ROW_SIZE_15                                          0                              0              

ROW_SIZE_16                                          0                              0              

ROW_SIZE_17                                          0                              0              

ROW_SIZE_18                                          0                              0              

ROW_SIZE_19                                          0                              0              

ROW_SIZE_20                                          0                              0              

ROW_SIZE_21                                          0                              0              

ROW_SIZE_22                                          0                              0              

ROW_SIZE_23                                          0                              0              

ROW_SIZE_24                                          0                              0              

ROW_SIZE_25                                          0                              0              

ROW_SIZE_26                                          0                              0              

ROW_SIZE_27                                          0                              0              

ROW_SIZE_28                                          0                              0              

ROW_SIZE_29                                          0                              0              

ROW_SIZE_30                                          0                              0              

ROW_SIZE_31                                          0                              0              

RET_OP_EXEC_COUNT_0                                  0        0.000%                0        0.000%
RET_OP_EXEC_COUNT_1                          110907477      100.000%        110907477      100.000%
RET_OP_EXEC_COUNT_2                                  0        0.000%                0        0.000%
RET_OP_EXEC_COUNT_3                                  0        0.000%                0        0.000%
RET_OP_EXEC_COUNT_4                                  0        0.000%                0        0.000%
RET_OP_EXEC_COUNT_5                                  0        0.000%                0        0.000%
RET_OP_EXEC_COUNT_6                                  0        0.000%                0        0.000%
RET_OP_EXEC_COUNT_7                                  0        0.000%                0        0.000%
RET_OP_EXEC_COUNT_8                                  0        0.000%                0        0.000%
RET_OP_EXEC_COUNT_9                                  0        0.000%                0        0.000%
RET_OP_EXEC_COUNT_10                                 0        0.000%                0        0.000%
RET_OP_EXEC_COUNT_11                                 0        0.000%                0        0.000%
RET_OP_EXEC_COUNT_12                                 0        0.000%                0        0.000%
RET_OP_EXEC_COUNT_13                                 0        0.000%                0        0.000%
RET_OP_EXEC_COUNT_14                                 0        0.000%                0        0.000%
RET_OP_EXEC_COUNT_15                                 0        0.000%                0        0.000%
RET_OP_EXEC_COUNT_16                                 0        0.000%                0        0.000%
RET_OP_EXEC_COUNT_17                                 0        0.000%                0        0.000%
RET_OP_EXEC_COUNT_18                                 0        0.000%                0        0.000%
RET_OP_EXEC_COUNT_19                                 0        0.000%                0        0.000%
RET_OP_EXEC_COUNT_20                                 0        0.000%                0        0.000%
RET_OP_EXEC_COUNT_21                                 0        0.000%                0        0.000%
RET_OP_EXEC_COUNT_22                                 0        0.000%                0        0.000%
RET_OP_EXEC_COUNT_23                                 0        0.000%                0        0.000%
RET_OP_EXEC_COUNT_24                                 0        0.000%                0        0.000%
RET_OP_EXEC_COUNT_25                                 0        0.000%                0        0.000%
RET_OP_EXEC_COUNT_26                                 0        0.000%                0        0.000%
RET_OP_EXEC_COUNT_27                                 0        0.000%                0        0.000%
RET_OP_EXEC_COUNT_28                                 0        0.000%                0        0.000%
RET_OP_EXEC_COUNT_29                                 0        0.000%                0        0.000%
RET_OP_EXEC_COUNT_30                                 0        0.000%                0        0.000%
RET_OP_EXEC_COUNT_31                                 0        0.000%                0        0.000%
RET_OP_EXEC_COUNT_32                                 0        0.000%                0        0.000%
                                             110907477      100.000%        110907477      100.000%
                                                  1.00         0.00              1.00         0.00

RET_STALL_LENGTH_0                           110901735       99.995%        110901735       99.995%
RET_STALL_LENGTH_100                              3401        0.003%             3401        0.003%
RET_STALL_LENGTH_200                               303        0.000%              303        0.000%
RET_STALL_LENGTH_300                               481        0.000%              481        0.000%
RET_STALL_LENGTH_400                               608        0.001%              608        0.001%
RET_STALL_LENGTH_500                               357        0.000%              357        0.000%
RET_STALL_LENGTH_600                               223        0.000%              223        0.000%
RET_STALL_LENGTH_700                               126        0.000%              126        0.000%
RET_STALL_LENGTH_800                                56        0.000%               56        0.000%
RET_STALL_LENGTH_900                                30        0.000%               30        0.000%
RET_STALL_LENGTH_1000                               15        0.000%               15        0.000%
RET_STALL_LENGTH_1100                               14        0.000%               14        0.000%
RET_STALL_LENGTH_1200                               71        0.000%               71        0.000%
RET_STALL_LENGTH_1300                               14        0.000%               14        0.000%
RET_STALL_LENGTH_1400                                5        0.000%                5        0.000%
RET_STALL_LENGTH_1500                                4        0.000%                4        0.000%
RET_STALL_LENGTH_1600                               10        0.000%               10        0.000%
RET_STALL_LENGTH_1700                                7        0.000%                7        0.000%
RET_STALL_LENGTH_1800                                9        0.000%                9        0.000%
RET_STALL_LENGTH_1900                                5        0.000%                5        0.000%
RET_STALL_LENGTH_2000                                2        0.000%                2        0.000%
RET_STALL_LENGTH_2100                                0        0.000%                0        0.000%
RET_STALL_LENGTH_2200                                0        0.000%                0        0.000%
RET_STALL_LENGTH_2300                                0        0.000%                0        0.000%
RET_STALL_LENGTH_2400                                0        0.000%                0        0.000%
RET_STALL_LENGTH_2500                                1        0.000%                1        0.000%
RET_STALL_LENGTH_2600                                0        0.000%                0        0.000%
RET_STALL_LENGTH_2700                                0        0.000%                0        0.000%
RET_STALL_LENGTH_2800                                0        0.000%                0        0.000%
RET_STALL_LENGTH_2900                                0        0.000%                0        0.000%
RET_STALL_LENGTH_3000                                0        0.000%                0        0.000%
RET_STALL_LENGTH_3100                                0        0.000%                0        0.000%
RET_STALL_LENGTH_3200                                0        0.000%                0        0.000%
RET_STALL_LENGTH_3300                                0        0.000%                0        0.000%
RET_STALL_LENGTH_3400                                0        0.000%                0        0.000%
RET_STALL_LENGTH_3500                                0        0.000%                0        0.000%
RET_STALL_LENGTH_3600                                0        0.000%                0        0.000%
RET_STALL_LENGTH_3700                                0        0.000%                0        0.000%
RET_STALL_LENGTH_3800                                0        0.000%                0        0.000%
RET_STALL_LENGTH_3900                                0        0.000%                0        0.000%
RET_STALL_LENGTH_4000                                0        0.000%                0        0.000%
RET_STALL_LENGTH_4100                                0        0.000%                0        0.000%
RET_STALL_LENGTH_4200                                0        0.000%                0        0.000%
RET_STALL_LENGTH_4300                                0        0.000%                0        0.000%
RET_STALL_LENGTH_4400                                0        0.000%                0        0.000%
RET_STALL_LENGTH_4500                                0        0.000%                0        0.000%
RET_STALL_LENGTH_4600                                0        0.000%                0        0.000%
RET_STALL_LENGTH_4700                                0        0.000%                0        0.000%
RET_STALL_LENGTH_4800                                0        0.000%                0        0.000%
RET_STALL_LENGTH_4900                                0        0.000%                0        0.000%
RET_STALL_LENGTH_5000                                0        0.000%                0        0.000%
                                             110907477      100.000%        110907477      100.000%
                                                  0.00         0.03              0.00         0.03

MEM_BLOCK_LENGTH_0                                5326       80.223%             5326       80.223%
MEM_BLOCK_LENGTH_100                               256        3.856%              256        3.856%
MEM_BLOCK_LENGTH_200                                97        1.461%               97        1.461%
MEM_BLOCK_LENGTH_300                               125        1.883%              125        1.883%
MEM_BLOCK_LENGTH_400                               112        1.687%              112        1.687%
MEM_BLOCK_LENGTH_500                               135        2.033%              135        2.033%
MEM_BLOCK_LENGTH_600                               129        1.943%              129        1.943%
MEM_BLOCK_LENGTH_700                               100        1.506%              100        1.506%
MEM_BLOCK_LENGTH_800                                82        1.235%               82        1.235%
MEM_BLOCK_LENGTH_900                                47        0.708%               47        0.708%
MEM_BLOCK_LENGTH_1000                               34        0.512%               34        0.512%
MEM_BLOCK_LENGTH_1100                               27        0.407%               27        0.407%
MEM_BLOCK_LENGTH_1200                               23        0.346%               23        0.346%
MEM_BLOCK_LENGTH_1300                               20        0.301%               20        0.301%
MEM_BLOCK_LENGTH_1400                               15        0.226%               15        0.226%
MEM_BLOCK_LENGTH_1500                               15        0.226%               15        0.226%
MEM_BLOCK_LENGTH_1600                               19        0.286%               19        0.286%
MEM_BLOCK_LENGTH_1700                                9        0.136%                9        0.136%
MEM_BLOCK_LENGTH_1800                                6        0.090%                6        0.090%
MEM_BLOCK_LENGTH_1900                               11        0.166%               11        0.166%
MEM_BLOCK_LENGTH_2000                                6        0.090%                6        0.090%
MEM_BLOCK_LENGTH_2100                                3        0.045%                3        0.045%
MEM_BLOCK_LENGTH_2200                                4        0.060%                4        0.060%
MEM_BLOCK_LENGTH_2300                                4        0.060%                4        0.060%
MEM_BLOCK_LENGTH_2400                                2        0.030%                2        0.030%
MEM_BLOCK_LENGTH_2500                                2        0.030%                2        0.030%
MEM_BLOCK_LENGTH_2600                                2        0.030%                2        0.030%
MEM_BLOCK_LENGTH_2700                                1        0.015%                1        0.015%
MEM_BLOCK_LENGTH_2800                                1        0.015%                1        0.015%
MEM_BLOCK_LENGTH_2900                                2        0.030%                2        0.030%
MEM_BLOCK_LENGTH_3000                                0        0.000%                0        0.000%
MEM_BLOCK_LENGTH_3100                                0        0.000%                0        0.000%
MEM_BLOCK_LENGTH_3200                                1        0.015%                1        0.015%
MEM_BLOCK_LENGTH_3300                                0        0.000%                0        0.000%
MEM_BLOCK_LENGTH_3400                                0        0.000%                0        0.000%
MEM_BLOCK_LENGTH_3500                                1        0.015%                1        0.015%
MEM_BLOCK_LENGTH_3600                                1        0.015%                1        0.015%
MEM_BLOCK_LENGTH_3700                                0        0.000%                0        0.000%
MEM_BLOCK_LENGTH_3800                                2        0.030%                2        0.030%
MEM_BLOCK_LENGTH_3900                                0        0.000%                0        0.000%
MEM_BLOCK_LENGTH_4000                                0        0.000%                0        0.000%
MEM_BLOCK_LENGTH_4100                                2        0.030%                2        0.030%
MEM_BLOCK_LENGTH_4200                                1        0.015%                1        0.015%
MEM_BLOCK_LENGTH_4300                                1        0.015%                1        0.015%
MEM_BLOCK_LENGTH_4400                                0        0.000%                0        0.000%
MEM_BLOCK_LENGTH_4500                                0        0.000%                0        0.000%
MEM_BLOCK_LENGTH_4600                                0        0.000%                0        0.000%
MEM_BLOCK_LENGTH_4700                                0        0.000%                0        0.000%
MEM_BLOCK_LENGTH_4800                                1        0.015%                1        0.015%
MEM_BLOCK_LENGTH_4900                                0        0.000%                0        0.000%
MEM_BLOCK_LENGTH_5000                               14        0.211%               14        0.211%
                                                  6639      100.000%             6639      100.000%
                                                  1.30         3.96              1.30         3.96

FUS_BUSY_ON_PATH                             138388494        4.0636        138388494        4.0636

FUS_BUSY_OFF_PATH                                    0        0.0000                0        0.0000

FU_BUSY_MEM_STALL                             27479452        0.8069         27479452        0.8069

FUS_EMPTY                                    134053474        3.9364        134053474        3.9364

CHIP_UTILIZATION                                     0        0.0000                0        0.0000

CYCLES_UNDER_MEM_REQ                                 0                              0              

CYCLES_UNDER_NO_MEM_REQ                              0                              0              

CYCLES_UNDER_CRITICAL_MEM_REQ                        0                              0              

CYCLES_UNDER_NONCRITICAL_MEM_REQ                     0                              0              

CHIP_UTILIZATION_UNDER_MEM_REQ                       0          -nan                0          -nan

CHIP_UTILIZATION_UNDER_NO_MEM_REQ                    0          -nan                0          -nan

CHIP_UTILIZATION_UNDER_CRITICAL_MEM_REQ              0          -nan                0          -nan

CHIP_UTILIZATION_UNDER_NONCRITICAL_MEM_REQ             0          -nan                0          -nan

CYCLES_NOT_WAITING_FOR_OFF_CHIP                      0        0.0000                0        0.0000

FUS_BUSY_NOT_WAITING_FOR_OFF_CHIP                    0          -nan                0          -nan

CYCLES_WAITING_FOR_OFF_CHIP                          0        0.0000                0        0.0000

FUS_BUSY_WAITING_FOR_OFF_CHIP                        0          -nan                0          -nan

TOTAL_OFF_CHIP_DELAYS_LEFT                           0                              0              

WRONG_IO_SCHED                                       0                              0              

DVFS_CONFIG_SWITCH                                   0                              0              



