/* -*- Mode: c -*- */
####################################################################################################
Core 0
####################################################################################################
Cumulative:        Cycles: 34055246              Instructions: 100000000             IPC: 2.93641

PREF_DL0REQ_QUEUE_HIT_BY_DEMAND                      0                              0              

PREF_UMLC_REQ_QUEUE_HIT_BY_DEMAND                    0                              0              

PREF_UL1REQ_QUEUE_HIT_BY_DEMAND                      0                              0              

PREF_DL0REQ_QUEUE_FULL                               0                              0              

PREF_UMLC_REQ_QUEUE_FULL                             0                              0              

PREF_UL1REQ_QUEUE_FULL                           43727                          43727              

PREF_DC_HIT_NOSEND                                   0                              0              

PREF_WBQDC_HIT_NOSEND                                0                              0              

PREF_MLCQ_STALL                                      0                              0              

PREF_L1Q_STALL                                       0                              0              

PREF_UMLC_REQ_SEND_QUEUE_STALL                       0                              0              

PREF_UL1REQ_SEND_QUEUE_STALL                   1342947                        1342947              

PREF_UMLC_REQ_QUEUE_SENTREQ                          0                              0              

PREF_UL1REQ_QUEUE_SENTREQ                       113568                         113568              

PREF_NEWREQ_MATCHED                               4630                           4630              

PREF_UMLC_REQ_QUEUE_MATCHED_REQ                      0                              0              

PREF_UL1REQ_QUEUE_MATCHED_REQ                    63875                          63875              

PREF_DL0REQ_QUEUE_MATCHED_REQ                        0                              0              

L1_PREF_HIT                                      74024                          74024              

L1_PREF_UNIQUE_HIT                               69002                          69002              

L1_PREF_LATE                                      1381                           1381              

L1_LATE_PREF_CYCLES                             376321                         376321              

L1_LATE_PREF_CYCLES_DIST_0                         620       44.895%              620       44.895%
L1_LATE_PREF_CYCLES_DIST_100                       206       14.917%              206       14.917%
L1_LATE_PREF_CYCLES_DIST_200                        98        7.096%               98        7.096%
L1_LATE_PREF_CYCLES_DIST_300                        73        5.286%               73        5.286%
L1_LATE_PREF_CYCLES_DIST_400                        79        5.720%               79        5.720%
L1_LATE_PREF_CYCLES_DIST_500                        62        4.490%               62        4.490%
L1_LATE_PREF_CYCLES_DIST_600                        69        4.996%               69        4.996%
L1_LATE_PREF_CYCLES_DIST_700                        45        3.259%               45        3.259%
L1_LATE_PREF_CYCLES_DIST_800                        38        2.752%               38        2.752%
L1_LATE_PREF_CYCLES_DIST_900                        38        2.752%               38        2.752%
L1_LATE_PREF_CYCLES_DIST_1000                       36        2.607%               36        2.607%
L1_LATE_PREF_CYCLES_DIST_1100                        5        0.362%                5        0.362%
L1_LATE_PREF_CYCLES_DIST_1200                        4        0.290%                4        0.290%
L1_LATE_PREF_CYCLES_DIST_1300                        1        0.072%                1        0.072%
L1_LATE_PREF_CYCLES_DIST_1400                        2        0.145%                2        0.145%
L1_LATE_PREF_CYCLES_DIST_1500                        1        0.072%                1        0.072%
L1_LATE_PREF_CYCLES_DIST_1600                        0        0.000%                0        0.000%
L1_LATE_PREF_CYCLES_DIST_1700                        3        0.217%                3        0.217%
L1_LATE_PREF_CYCLES_DIST_1800                        0        0.000%                0        0.000%
L1_LATE_PREF_CYCLES_DIST_1900                        0        0.000%                0        0.000%
L1_LATE_PREF_CYCLES_DIST_2000                        1        0.072%                1        0.072%
                                                  1381      100.000%             1381      100.000%
                                                  2.33         2.73              2.33         2.73

MLC_PREF_HIT                                         0                              0              

MLC_PREF_UNIQUE_HIT                                  0                              0              

MLC_PREF_LATE                                        0                              0              

PREF_HYBRID_SEL_0                                    0         -nan%                0         -nan%
PREF_HYBRID_SEL_1                                    0         -nan%                0         -nan%
PREF_HYBRID_SEL_2                                    0         -nan%                0         -nan%
PREF_HYBRID_SEL_3                                    0         -nan%                0         -nan%
PREF_HYBRID_SEL_4                                    0         -nan%                0         -nan%
PREF_HYBRID_SEL_5                                    0         -nan%                0         -nan%
PREF_HYBRID_SEL_6                                    0         -nan%                0         -nan%
                                                     0         -nan%                0         -nan%
                                                  -nan         -nan              -nan         -nan

PREF_DISTANCE_1                                      0        0.000%                0        0.000%
PREF_DISTANCE_2                                      0        0.000%                0        0.000%
PREF_DISTANCE_3                                      1        7.143%                1        7.143%
PREF_DISTANCE_4                                      1        7.143%                1        7.143%
PREF_DISTANCE_5                                     12       85.714%               12       85.714%
PREF_DISTANCE_6                                      0        0.000%                0        0.000%
PREF_DISTANCE_7                                      0        0.000%                0        0.000%
PREF_DISTANCE_8                                      0        0.000%                0        0.000%
PREF_DISTANCE_9                                      0        0.000%                0        0.000%
PREF_DISTANCE_10                                     0        0.000%                0        0.000%
                                                    14      100.000%               14      100.000%
                                                  3.79         0.58              3.79         0.58

PREF_REPL_MRU                                        0         -nan%                0         -nan%
PREF_REPL_MID                                        0         -nan%                0         -nan%
PREF_REPL_LOWQTR                                     0         -nan%                0         -nan%
PREF_REPL_LRU                                        0         -nan%                0         -nan%
                                                     0         -nan%                0         -nan%
                                                  -nan         -nan              -nan         -nan

PREF_REPL_MOVEDOWN                                   0         -nan%                0         -nan%
PREF_REPL_MOVEUP                                     0         -nan%                0         -nan%
                                                     0         -nan%                0         -nan%
                                                  -nan         -nan              -nan         -nan

PREF_COV_1                                           0         -nan%                0         -nan%
PREF_COV_2                                           0         -nan%                0         -nan%
PREF_COV_3                                           0         -nan%                0         -nan%
PREF_COV_4                                           0         -nan%                0         -nan%
PREF_COV_5                                           0         -nan%                0         -nan%
PREF_COV_6                                           0         -nan%                0         -nan%
PREF_COV_7                                           0         -nan%                0         -nan%
PREF_COV_8                                           0         -nan%                0         -nan%
PREF_COV_9                                           0         -nan%                0         -nan%
PREF_COV_10                                          0         -nan%                0         -nan%
                                                     0         -nan%                0         -nan%
                                                  -nan         -nan              -nan         -nan

PREF_POL_1                                           0        0.000%                0        0.000%
PREF_POL_2                                           0        0.000%                0        0.000%
PREF_POL_3                                           0        0.000%                0        0.000%
PREF_POL_4                                           0        0.000%                0        0.000%
PREF_POL_5                                           0        0.000%                0        0.000%
PREF_POL_6                                           0        0.000%                0        0.000%
PREF_POL_7                                           0        0.000%                0        0.000%
PREF_POL_8                                           0        0.000%                0        0.000%
PREF_POL_9                                           0        0.000%                0        0.000%
PREF_POL_10                                         14      100.000%               14      100.000%
                                                    14      100.000%               14      100.000%
                                                  9.00         9.34              9.00         9.34

PREF_ACC_1                                          12       85.714%               12       85.714%
PREF_ACC_2                                           2       14.286%                2       14.286%
PREF_ACC_3                                           0        0.000%                0        0.000%
PREF_ACC_4                                           0        0.000%                0        0.000%
PREF_ACC_5                                           0        0.000%                0        0.000%
PREF_ACC_6                                           0        0.000%                0        0.000%
PREF_ACC_7                                           0        0.000%                0        0.000%
PREF_ACC_8                                           0        0.000%                0        0.000%
PREF_ACC_9                                           0        0.000%                0        0.000%
PREF_ACC_10                                          0        0.000%                0        0.000%
                                                    14      100.000%               14      100.000%
                                                  0.14         0.34              0.14         0.34

PREF_TIMELY_1                                        0        0.000%                0        0.000%
PREF_TIMELY_2                                        0        0.000%                0        0.000%
PREF_TIMELY_3                                        0        0.000%                0        0.000%
PREF_TIMELY_4                                        0        0.000%                0        0.000%
PREF_TIMELY_5                                        0        0.000%                0        0.000%
PREF_TIMELY_6                                        0        0.000%                0        0.000%
PREF_TIMELY_7                                        0        0.000%                0        0.000%
PREF_TIMELY_8                                        0        0.000%                0        0.000%
PREF_TIMELY_9                                        2       14.286%                2       14.286%
PREF_TIMELY_10                                      12       85.714%               12       85.714%
                                                    14      100.000%               14      100.000%
                                                  8.86         8.52              8.86         8.52

PREF_UNUSED_EVICT                                 3923                           3923              

PREF_REGION_SENT                                     0                              0              

PREF_REGION_USEFUL                                   0                              0              

PREF_REGION_EVICT                                    0                              0              

PREF_PFPOL                                           0                              0              

PREF_PHASE_NEWPHASE_DET                              0                              0              

PREF_PHASE_NEWPHASE_NOTVALID                         0                              0              

PREF_PHASE_SENTPREF                                  0                              0              

PREF_PHASE_OVERWRITE_PAGE                            0                              0              

PREF_UPDATE_COUNT                                   14                             14              

PREF_ACC1_HT_HP                                      0        0.000%                0        0.000%
PREF_ACC1_HT_LP                                      4       28.571%                4       28.571%
PREF_ACC1_LT_HP                                      0        0.000%                0        0.000%
PREF_ACC1_LT_LP                                     10       71.429%               10       71.429%
PREF_ACC2_HT_HP                                      0        0.000%                0        0.000%
PREF_ACC2_HT_LP                                      0        0.000%                0        0.000%
PREF_ACC2_LT_HP                                      0        0.000%                0        0.000%
PREF_ACC2_LT_LP                                      0        0.000%                0        0.000%
PREF_ACC3_HT_HP                                      0        0.000%                0        0.000%
PREF_ACC3_HT_LP                                      0        0.000%                0        0.000%
PREF_ACC3_LT_HP                                      0        0.000%                0        0.000%
PREF_ACC3_LT_LP                                      0        0.000%                0        0.000%
PREF_ACC4_HT_HP                                      0        0.000%                0        0.000%
PREF_ACC4_HT_LP                                      0        0.000%                0        0.000%
PREF_ACC4_LT_HP                                      0        0.000%                0        0.000%
PREF_ACC4_LT_LP                                      0        0.000%                0        0.000%
                                                    14      100.000%               14      100.000%
                                                  2.43         0.94              2.43         0.94



