/* -*- Mode: c -*- */
####################################################################################################
Core 0
####################################################################################################
Cumulative:        Cycles: 92405729              Instructions: 100000002             IPC: 1.08218

PREF_DL0REQ_QUEUE_HIT_BY_DEMAND                      0                              0              

PREF_UMLC_REQ_QUEUE_HIT_BY_DEMAND                    0                              0              

PREF_UL1REQ_QUEUE_HIT_BY_DEMAND                      0                              0              

PREF_DL0REQ_QUEUE_FULL                               0                              0              

PREF_UMLC_REQ_QUEUE_FULL                             0                              0              

PREF_UL1REQ_QUEUE_FULL                               0                              0              

PREF_DC_HIT_NOSEND                                   0                              0              

PREF_WBQDC_HIT_NOSEND                                0                              0              

PREF_MLCQ_STALL                                      0                              0              

PREF_L1Q_STALL                                       0                              0              

PREF_UMLC_REQ_SEND_QUEUE_STALL                       0                              0              

PREF_UL1REQ_SEND_QUEUE_STALL                         0                              0              

PREF_UMLC_REQ_QUEUE_SENTREQ                          0                              0              

PREF_UL1REQ_QUEUE_SENTREQ                       119876                         119876              

PREF_NEWREQ_MATCHED                               9085                           9085              

PREF_UMLC_REQ_QUEUE_MATCHED_REQ                      0                              0              

PREF_UL1REQ_QUEUE_MATCHED_REQ                     4302                           4302              

PREF_DL0REQ_QUEUE_MATCHED_REQ                        0                              0              

L1_PREF_HIT                                     485310                         485310              

L1_PREF_UNIQUE_HIT                               23415                          23415              

L1_PREF_LATE                                      3399                           3399              

L1_LATE_PREF_CYCLES                             222859                         222859              

L1_LATE_PREF_CYCLES_DIST_0                        2857       84.054%             2857       84.054%
L1_LATE_PREF_CYCLES_DIST_100                       324        9.532%              324        9.532%
L1_LATE_PREF_CYCLES_DIST_200                        57        1.677%               57        1.677%
L1_LATE_PREF_CYCLES_DIST_300                        20        0.588%               20        0.588%
L1_LATE_PREF_CYCLES_DIST_400                        33        0.971%               33        0.971%
L1_LATE_PREF_CYCLES_DIST_500                        43        1.265%               43        1.265%
L1_LATE_PREF_CYCLES_DIST_600                        23        0.677%               23        0.677%
L1_LATE_PREF_CYCLES_DIST_700                        13        0.382%               13        0.382%
L1_LATE_PREF_CYCLES_DIST_800                         9        0.265%                9        0.265%
L1_LATE_PREF_CYCLES_DIST_900                         6        0.177%                6        0.177%
L1_LATE_PREF_CYCLES_DIST_1000                        1        0.029%                1        0.029%
L1_LATE_PREF_CYCLES_DIST_1100                        7        0.206%                7        0.206%
L1_LATE_PREF_CYCLES_DIST_1200                        2        0.059%                2        0.059%
L1_LATE_PREF_CYCLES_DIST_1300                        0        0.000%                0        0.000%
L1_LATE_PREF_CYCLES_DIST_1400                        0        0.000%                0        0.000%
L1_LATE_PREF_CYCLES_DIST_1500                        0        0.000%                0        0.000%
L1_LATE_PREF_CYCLES_DIST_1600                        1        0.029%                1        0.029%
L1_LATE_PREF_CYCLES_DIST_1700                        3        0.088%                3        0.088%
L1_LATE_PREF_CYCLES_DIST_1800                        0        0.000%                0        0.000%
L1_LATE_PREF_CYCLES_DIST_1900                        0        0.000%                0        0.000%
L1_LATE_PREF_CYCLES_DIST_2000                        0        0.000%                0        0.000%
                                                  3399      100.000%             3399      100.000%
                                                  0.41         1.35              0.41         1.35

MLC_PREF_HIT                                         0                              0              

MLC_PREF_UNIQUE_HIT                                  0                              0              

MLC_PREF_LATE                                        0                              0              

PREF_HYBRID_SEL_0                                    0         -nan%                0         -nan%
PREF_HYBRID_SEL_1                                    0         -nan%                0         -nan%
PREF_HYBRID_SEL_2                                    0         -nan%                0         -nan%
PREF_HYBRID_SEL_3                                    0         -nan%                0         -nan%
PREF_HYBRID_SEL_4                                    0         -nan%                0         -nan%
PREF_HYBRID_SEL_5                                    0         -nan%                0         -nan%
PREF_HYBRID_SEL_6                                    0         -nan%                0         -nan%
                                                     0         -nan%                0         -nan%
                                                  -nan         -nan              -nan         -nan

PREF_DISTANCE_1                                     58       82.857%               58       82.857%
PREF_DISTANCE_2                                      9       12.857%                9       12.857%
PREF_DISTANCE_3                                      3        4.286%                3        4.286%
PREF_DISTANCE_4                                      0        0.000%                0        0.000%
PREF_DISTANCE_5                                      0        0.000%                0        0.000%
PREF_DISTANCE_6                                      0        0.000%                0        0.000%
PREF_DISTANCE_7                                      0        0.000%                0        0.000%
PREF_DISTANCE_8                                      0        0.000%                0        0.000%
PREF_DISTANCE_9                                      0        0.000%                0        0.000%
PREF_DISTANCE_10                                     0        0.000%                0        0.000%
                                                    70      100.000%               70      100.000%
                                                  0.21         0.47              0.21         0.47

PREF_REPL_MRU                                        0         -nan%                0         -nan%
PREF_REPL_MID                                        0         -nan%                0         -nan%
PREF_REPL_LOWQTR                                     0         -nan%                0         -nan%
PREF_REPL_LRU                                        0         -nan%                0         -nan%
                                                     0         -nan%                0         -nan%
                                                  -nan         -nan              -nan         -nan

PREF_REPL_MOVEDOWN                                   0         -nan%                0         -nan%
PREF_REPL_MOVEUP                                     0         -nan%                0         -nan%
                                                     0         -nan%                0         -nan%
                                                  -nan         -nan              -nan         -nan

PREF_COV_1                                           0         -nan%                0         -nan%
PREF_COV_2                                           0         -nan%                0         -nan%
PREF_COV_3                                           0         -nan%                0         -nan%
PREF_COV_4                                           0         -nan%                0         -nan%
PREF_COV_5                                           0         -nan%                0         -nan%
PREF_COV_6                                           0         -nan%                0         -nan%
PREF_COV_7                                           0         -nan%                0         -nan%
PREF_COV_8                                           0         -nan%                0         -nan%
PREF_COV_9                                           0         -nan%                0         -nan%
PREF_COV_10                                          0         -nan%                0         -nan%
                                                     0         -nan%                0         -nan%
                                                  -nan         -nan              -nan         -nan

PREF_POL_1                                           0        0.000%                0        0.000%
PREF_POL_2                                           0        0.000%                0        0.000%
PREF_POL_3                                           0        0.000%                0        0.000%
PREF_POL_4                                           0        0.000%                0        0.000%
PREF_POL_5                                           0        0.000%                0        0.000%
PREF_POL_6                                           0        0.000%                0        0.000%
PREF_POL_7                                           0        0.000%                0        0.000%
PREF_POL_8                                           0        0.000%                0        0.000%
PREF_POL_9                                           0        0.000%                0        0.000%
PREF_POL_10                                         70      100.000%               70      100.000%
                                                    70      100.000%               70      100.000%
                                                  9.00         9.06              9.00         9.06

PREF_ACC_1                                           0        0.000%                0        0.000%
PREF_ACC_2                                           0        0.000%                0        0.000%
PREF_ACC_3                                           0        0.000%                0        0.000%
PREF_ACC_4                                           0        0.000%                0        0.000%
PREF_ACC_5                                           1        1.429%                1        1.429%
PREF_ACC_6                                           7       10.000%                7       10.000%
PREF_ACC_7                                          43       61.429%               43       61.429%
PREF_ACC_8                                          19       27.143%               19       27.143%
PREF_ACC_9                                           0        0.000%                0        0.000%
PREF_ACC_10                                          0        0.000%                0        0.000%
                                                    70      100.000%               70      100.000%
                                                  6.14         0.64              6.14         0.64

PREF_TIMELY_1                                        0        0.000%                0        0.000%
PREF_TIMELY_2                                        0        0.000%                0        0.000%
PREF_TIMELY_3                                        0        0.000%                0        0.000%
PREF_TIMELY_4                                        0        0.000%                0        0.000%
PREF_TIMELY_5                                        0        0.000%                0        0.000%
PREF_TIMELY_6                                        0        0.000%                0        0.000%
PREF_TIMELY_7                                        0        0.000%                0        0.000%
PREF_TIMELY_8                                        2        2.857%                2        2.857%
PREF_TIMELY_9                                       58       82.857%               58       82.857%
PREF_TIMELY_10                                      10       14.286%               10       14.286%
                                                    70      100.000%               70      100.000%
                                                  8.11         3.11              8.11         3.11

PREF_UNUSED_EVICT                                52749                          52749              

PREF_REGION_SENT                                     0                              0              

PREF_REGION_USEFUL                                   0                              0              

PREF_REGION_EVICT                                    0                              0              

PREF_PFPOL                                           0                              0              

PREF_PHASE_NEWPHASE_DET                              0                              0              

PREF_PHASE_NEWPHASE_NOTVALID                         0                              0              

PREF_PHASE_SENTPREF                                  0                              0              

PREF_PHASE_OVERWRITE_PAGE                            0                              0              

PREF_UPDATE_COUNT                                   70                             70              

PREF_ACC1_HT_HP                                      0        0.000%                0        0.000%
PREF_ACC1_HT_LP                                      0        0.000%                0        0.000%
PREF_ACC1_LT_HP                                      0        0.000%                0        0.000%
PREF_ACC1_LT_LP                                      0        0.000%                0        0.000%
PREF_ACC2_HT_HP                                      0        0.000%                0        0.000%
PREF_ACC2_HT_LP                                      0        0.000%                0        0.000%
PREF_ACC2_LT_HP                                      0        0.000%                0        0.000%
PREF_ACC2_LT_LP                                      8       11.429%                8       11.429%
PREF_ACC3_HT_HP                                      0        0.000%                0        0.000%
PREF_ACC3_HT_LP                                      0        0.000%                0        0.000%
PREF_ACC3_LT_HP                                      0        0.000%                0        0.000%
PREF_ACC3_LT_LP                                      0        0.000%                0        0.000%
PREF_ACC4_HT_HP                                      0        0.000%                0        0.000%
PREF_ACC4_HT_LP                                      0        0.000%                0        0.000%
PREF_ACC4_LT_HP                                      0        0.000%                0        0.000%
PREF_ACC4_LT_LP                                     62       88.571%               62       88.571%
                                                    70      100.000%               70      100.000%
                                                 14.09        13.60             14.09        13.60



