               ramulator.active_cycles_0            24801695                                      # Total active cycles for level _0
                 ramulator.busy_cycles_0            24801695                                      # (All-bank refresh only. busy cycles only include refresh time in rank level) The sum of cycles that the DRAM part is active or under refresh for level _0
            ramulator.serving_requests_0            60214252                                      # The sum of read and write requests that are served in this DRAM element per memory cycle for level _0
    ramulator.average_serving_requests_0            1.737677                                      # The average of read and write requests that are served in this DRAM element per memory cycle for level _0
             ramulator.active_cycles_0_0            24801695                                      # Total active cycles for level _0_0
               ramulator.busy_cycles_0_0            25388015                                      # (All-bank refresh only. busy cycles only include refresh time in rank level) The sum of cycles that the DRAM part is active or under refresh for level _0_0
          ramulator.serving_requests_0_0            60214252                                      # The sum of read and write requests that are served in this DRAM element per memory cycle for level _0_0
  ramulator.average_serving_requests_0_0            1.737677                                      # The average of read and write requests that are served in this DRAM element per memory cycle for level _0_0
           ramulator.active_cycles_0_0_0            11344936                                      # Total active cycles for level _0_0_0
             ramulator.busy_cycles_0_0_0            11344936                                      # (All-bank refresh only. busy cycles only include refresh time in rank level) The sum of cycles that the DRAM part is active or under refresh for level _0_0_0
        ramulator.serving_requests_0_0_0            15528113                                      # The sum of read and write requests that are served in this DRAM element per memory cycle for level _0_0_0
ramulator.average_serving_requests_0_0_0            0.448114                                      # The average of read and write requests that are served in this DRAM element per memory cycle for level _0_0_0
         ramulator.active_cycles_0_0_0_0             3488903                                      # Total active cycles for level _0_0_0_0
           ramulator.busy_cycles_0_0_0_0             3488903                                      # (All-bank refresh only. busy cycles only include refresh time in rank level) The sum of cycles that the DRAM part is active or under refresh for level _0_0_0_0
      ramulator.serving_requests_0_0_0_0             3708812                                      # The sum of read and write requests that are served in this DRAM element per memory cycle for level _0_0_0_0
ramulator.average_serving_requests_0_0_0_0            0.107030                                      # The average of read and write requests that are served in this DRAM element per memory cycle for level _0_0_0_0
         ramulator.active_cycles_0_0_0_1             3796495                                      # Total active cycles for level _0_0_0_1
           ramulator.busy_cycles_0_0_0_1             3796495                                      # (All-bank refresh only. busy cycles only include refresh time in rank level) The sum of cycles that the DRAM part is active or under refresh for level _0_0_0_1
      ramulator.serving_requests_0_0_0_1             4039922                                      # The sum of read and write requests that are served in this DRAM element per memory cycle for level _0_0_0_1
ramulator.average_serving_requests_0_0_0_1            0.116585                                      # The average of read and write requests that are served in this DRAM element per memory cycle for level _0_0_0_1
         ramulator.active_cycles_0_0_0_2             3441632                                      # Total active cycles for level _0_0_0_2
           ramulator.busy_cycles_0_0_0_2             3441632                                      # (All-bank refresh only. busy cycles only include refresh time in rank level) The sum of cycles that the DRAM part is active or under refresh for level _0_0_0_2
      ramulator.serving_requests_0_0_0_2             3663587                                      # The sum of read and write requests that are served in this DRAM element per memory cycle for level _0_0_0_2
ramulator.average_serving_requests_0_0_0_2            0.105725                                      # The average of read and write requests that are served in this DRAM element per memory cycle for level _0_0_0_2
         ramulator.active_cycles_0_0_0_3             3859328                                      # Total active cycles for level _0_0_0_3
           ramulator.busy_cycles_0_0_0_3             3859328                                      # (All-bank refresh only. busy cycles only include refresh time in rank level) The sum of cycles that the DRAM part is active or under refresh for level _0_0_0_3
      ramulator.serving_requests_0_0_0_3             4115792                                      # The sum of read and write requests that are served in this DRAM element per memory cycle for level _0_0_0_3
ramulator.average_serving_requests_0_0_0_3            0.118774                                      # The average of read and write requests that are served in this DRAM element per memory cycle for level _0_0_0_3
           ramulator.active_cycles_0_0_1            10907908                                      # Total active cycles for level _0_0_1
             ramulator.busy_cycles_0_0_1            10907908                                      # (All-bank refresh only. busy cycles only include refresh time in rank level) The sum of cycles that the DRAM part is active or under refresh for level _0_0_1
        ramulator.serving_requests_0_0_1            14659404                                      # The sum of read and write requests that are served in this DRAM element per memory cycle for level _0_0_1
ramulator.average_serving_requests_0_0_1            0.423044                                      # The average of read and write requests that are served in this DRAM element per memory cycle for level _0_0_1
         ramulator.active_cycles_0_0_1_0             3328357                                      # Total active cycles for level _0_0_1_0
           ramulator.busy_cycles_0_0_1_0             3328357                                      # (All-bank refresh only. busy cycles only include refresh time in rank level) The sum of cycles that the DRAM part is active or under refresh for level _0_0_1_0
      ramulator.serving_requests_0_0_1_0             3536451                                      # The sum of read and write requests that are served in this DRAM element per memory cycle for level _0_0_1_0
ramulator.average_serving_requests_0_0_1_0            0.102056                                      # The average of read and write requests that are served in this DRAM element per memory cycle for level _0_0_1_0
         ramulator.active_cycles_0_0_1_1             3408113                                      # Total active cycles for level _0_0_1_1
           ramulator.busy_cycles_0_0_1_1             3408113                                      # (All-bank refresh only. busy cycles only include refresh time in rank level) The sum of cycles that the DRAM part is active or under refresh for level _0_0_1_1
      ramulator.serving_requests_0_0_1_1             3626842                                      # The sum of read and write requests that are served in this DRAM element per memory cycle for level _0_0_1_1
ramulator.average_serving_requests_0_0_1_1            0.104664                                      # The average of read and write requests that are served in this DRAM element per memory cycle for level _0_0_1_1
         ramulator.active_cycles_0_0_1_2             3575910                                      # Total active cycles for level _0_0_1_2
           ramulator.busy_cycles_0_0_1_2             3575910                                      # (All-bank refresh only. busy cycles only include refresh time in rank level) The sum of cycles that the DRAM part is active or under refresh for level _0_0_1_2
      ramulator.serving_requests_0_0_1_2             3815274                                      # The sum of read and write requests that are served in this DRAM element per memory cycle for level _0_0_1_2
ramulator.average_serving_requests_0_0_1_2            0.110102                                      # The average of read and write requests that are served in this DRAM element per memory cycle for level _0_0_1_2
         ramulator.active_cycles_0_0_1_3             3450660                                      # Total active cycles for level _0_0_1_3
           ramulator.busy_cycles_0_0_1_3             3450660                                      # (All-bank refresh only. busy cycles only include refresh time in rank level) The sum of cycles that the DRAM part is active or under refresh for level _0_0_1_3
      ramulator.serving_requests_0_0_1_3             3680837                                      # The sum of read and write requests that are served in this DRAM element per memory cycle for level _0_0_1_3
ramulator.average_serving_requests_0_0_1_3            0.106222                                      # The average of read and write requests that are served in this DRAM element per memory cycle for level _0_0_1_3
           ramulator.active_cycles_0_0_2            11391118                                      # Total active cycles for level _0_0_2
             ramulator.busy_cycles_0_0_2            11391118                                      # (All-bank refresh only. busy cycles only include refresh time in rank level) The sum of cycles that the DRAM part is active or under refresh for level _0_0_2
        ramulator.serving_requests_0_0_2            15455392                                      # The sum of read and write requests that are served in this DRAM element per memory cycle for level _0_0_2
ramulator.average_serving_requests_0_0_2            0.446015                                      # The average of read and write requests that are served in this DRAM element per memory cycle for level _0_0_2
         ramulator.active_cycles_0_0_2_0             3344608                                      # Total active cycles for level _0_0_2_0
           ramulator.busy_cycles_0_0_2_0             3344608                                      # (All-bank refresh only. busy cycles only include refresh time in rank level) The sum of cycles that the DRAM part is active or under refresh for level _0_0_2_0
      ramulator.serving_requests_0_0_2_0             3566332                                      # The sum of read and write requests that are served in this DRAM element per memory cycle for level _0_0_2_0
ramulator.average_serving_requests_0_0_2_0            0.102918                                      # The average of read and write requests that are served in this DRAM element per memory cycle for level _0_0_2_0
         ramulator.active_cycles_0_0_2_1             3621674                                      # Total active cycles for level _0_0_2_1
           ramulator.busy_cycles_0_0_2_1             3621674                                      # (All-bank refresh only. busy cycles only include refresh time in rank level) The sum of cycles that the DRAM part is active or under refresh for level _0_0_2_1
      ramulator.serving_requests_0_0_2_1             3864257                                      # The sum of read and write requests that are served in this DRAM element per memory cycle for level _0_0_2_1
ramulator.average_serving_requests_0_0_2_1            0.111516                                      # The average of read and write requests that are served in this DRAM element per memory cycle for level _0_0_2_1
         ramulator.active_cycles_0_0_2_2             3735889                                      # Total active cycles for level _0_0_2_2
           ramulator.busy_cycles_0_0_2_2             3735889                                      # (All-bank refresh only. busy cycles only include refresh time in rank level) The sum of cycles that the DRAM part is active or under refresh for level _0_0_2_2
      ramulator.serving_requests_0_0_2_2             3975056                                      # The sum of read and write requests that are served in this DRAM element per memory cycle for level _0_0_2_2
ramulator.average_serving_requests_0_0_2_2            0.114713                                      # The average of read and write requests that are served in this DRAM element per memory cycle for level _0_0_2_2
         ramulator.active_cycles_0_0_2_3             3797750                                      # Total active cycles for level _0_0_2_3
           ramulator.busy_cycles_0_0_2_3             3797750                                      # (All-bank refresh only. busy cycles only include refresh time in rank level) The sum of cycles that the DRAM part is active or under refresh for level _0_0_2_3
      ramulator.serving_requests_0_0_2_3             4049747                                      # The sum of read and write requests that are served in this DRAM element per memory cycle for level _0_0_2_3
ramulator.average_serving_requests_0_0_2_3            0.116869                                      # The average of read and write requests that are served in this DRAM element per memory cycle for level _0_0_2_3
           ramulator.active_cycles_0_0_3            10757088                                      # Total active cycles for level _0_0_3
             ramulator.busy_cycles_0_0_3            10757088                                      # (All-bank refresh only. busy cycles only include refresh time in rank level) The sum of cycles that the DRAM part is active or under refresh for level _0_0_3
        ramulator.serving_requests_0_0_3            14571343                                      # The sum of read and write requests that are served in this DRAM element per memory cycle for level _0_0_3
ramulator.average_serving_requests_0_0_3            0.420503                                      # The average of read and write requests that are served in this DRAM element per memory cycle for level _0_0_3
         ramulator.active_cycles_0_0_3_0             3463004                                      # Total active cycles for level _0_0_3_0
           ramulator.busy_cycles_0_0_3_0             3463004                                      # (All-bank refresh only. busy cycles only include refresh time in rank level) The sum of cycles that the DRAM part is active or under refresh for level _0_0_3_0
      ramulator.serving_requests_0_0_3_0             3691816                                      # The sum of read and write requests that are served in this DRAM element per memory cycle for level _0_0_3_0
ramulator.average_serving_requests_0_0_3_0            0.106539                                      # The average of read and write requests that are served in this DRAM element per memory cycle for level _0_0_3_0
         ramulator.active_cycles_0_0_3_1             3366747                                      # Total active cycles for level _0_0_3_1
           ramulator.busy_cycles_0_0_3_1             3366747                                      # (All-bank refresh only. busy cycles only include refresh time in rank level) The sum of cycles that the DRAM part is active or under refresh for level _0_0_3_1
      ramulator.serving_requests_0_0_3_1             3597991                                      # The sum of read and write requests that are served in this DRAM element per memory cycle for level _0_0_3_1
ramulator.average_serving_requests_0_0_3_1            0.103832                                      # The average of read and write requests that are served in this DRAM element per memory cycle for level _0_0_3_1
         ramulator.active_cycles_0_0_3_2             3599523                                      # Total active cycles for level _0_0_3_2
           ramulator.busy_cycles_0_0_3_2             3599523                                      # (All-bank refresh only. busy cycles only include refresh time in rank level) The sum of cycles that the DRAM part is active or under refresh for level _0_0_3_2
      ramulator.serving_requests_0_0_3_2             3836147                                      # The sum of read and write requests that are served in this DRAM element per memory cycle for level _0_0_3_2
ramulator.average_serving_requests_0_0_3_2            0.110704                                      # The average of read and write requests that are served in this DRAM element per memory cycle for level _0_0_3_2
         ramulator.active_cycles_0_0_3_3             3233092                                      # Total active cycles for level _0_0_3_3
           ramulator.busy_cycles_0_0_3_3             3233092                                      # (All-bank refresh only. busy cycles only include refresh time in rank level) The sum of cycles that the DRAM part is active or under refresh for level _0_0_3_3
      ramulator.serving_requests_0_0_3_3             3445389                                      # The sum of read and write requests that are served in this DRAM element per memory cycle for level _0_0_3_3
ramulator.average_serving_requests_0_0_3_3            0.099428                                      # The average of read and write requests that are served in this DRAM element per memory cycle for level _0_0_3_3
      ramulator.read_transaction_bytes_0            38145728                                      # The total byte of read transaction per channel
     ramulator.write_transaction_bytes_0            20433088                                      # The total byte of write transaction per channel
       ramulator.row_hits_channel_0_core              358255                                      # Number of row hits per channel per core
     ramulator.row_misses_channel_0_core               62066                                      # Number of row misses per channel per core
  ramulator.row_conflicts_channel_0_core              494973                                      # Number of row conflicts per channel per core
  ramulator.read_row_hits_channel_0_core              336274                                      # Number of row hits for read requests per channel per core
                                     [0]            336274.0                                      # 
ramulator.read_row_misses_channel_0_core               36782                                      # Number of row misses for read requests per channel per core
                                     [0]             36782.0                                      # 
ramulator.read_row_conflicts_channel_0_core              222971                                      # Number of row conflicts for read requests per channel per core
                                     [0]            222971.0                                      # 
 ramulator.write_row_hits_channel_0_core               21981                                      # Number of row hits for write requests per channel per core
                                     [0]             21981.0                                      # 
ramulator.write_row_misses_channel_0_core               25284                                      # Number of row misses for write requests per channel per core
                                     [0]             25284.0                                      # 
ramulator.write_row_conflicts_channel_0_core              272002                                      # Number of row conflicts for write requests per channel per core
                                     [0]            272002.0                                      # 
      ramulator.useless_activates_0_core                 117                                      # Number of useless activations. E.g, ACT -> PRE w/o RD or WR
            ramulator.read_latency_avg_0           55.060835                                      # The average memory latency cycles (in memory time domain) per request for all read requests in this channel
            ramulator.read_latency_sum_0            32827160                                      # The memory latency cycles (in memory time domain) sum for all read requests in this channel
        ramulator.req_queue_length_avg_0           15.007620                                      # Average of read and write queue length per memory cycle per channel.
        ramulator.req_queue_length_sum_0           520046486                                      # Sum of read and write queue length per memory cycle per channel.
   ramulator.read_req_queue_length_avg_0            0.824832                                      # Read queue length average per memory cycle per channel.
   ramulator.read_req_queue_length_sum_0            28582216                                      # Read queue length sum per memory cycle per channel.
  ramulator.write_req_queue_length_avg_0           14.182788                                      # Write queue length average per memory cycle per channel.
  ramulator.write_req_queue_length_sum_0           491464270                                      # Write queue length sum per memory cycle per channel.
              ramulator.record_read_hits                 0.0                                      # record read hit count for this core when it reaches request limit or to the end
                                     [0]                 0.0                                      # 
            ramulator.record_read_misses                 0.0                                      # record_read_miss count for this core when it reaches request limit or to the end
                                     [0]                 0.0                                      # 
         ramulator.record_read_conflicts                 0.0                                      # record read conflict count for this core when it reaches request limit or to the end
                                     [0]                 0.0                                      # 
             ramulator.record_write_hits                 0.0                                      # record write hit count for this core when it reaches request limit or to the end
                                     [0]                 0.0                                      # 
           ramulator.record_write_misses                 0.0                                      # record write miss count for this core when it reaches request limit or to the end
                                     [0]                 0.0                                      # 
        ramulator.record_write_conflicts                 0.0                                      # record write conflict for this core when it reaches request limit or to the end
                                     [0]                 0.0                                      # 
                 ramulator.dram_capacity          8589934592                                      # Number of bytes in simulated DRAM
                   ramulator.dram_cycles            34652162                                      # Number of DRAM cycles simulated
             ramulator.incoming_requests              915487                                      # Number of incoming requests to DRAM
                 ramulator.read_requests              596198                                      # Number of incoming read requests to DRAM per core
                                     [0]            596198.0                                      # 
                ramulator.write_requests              319289                                      # Number of incoming write requests to DRAM per core
                                     [0]            319289.0                                      # 
       ramulator.ramulator_active_cycles            24801695                                      # The total number of cycles that the DRAM part is active (serving R/W)
 ramulator.incoming_requests_per_channel            915487.0                                      # Number of incoming requests to each DRAM channel
                                     [0]            915487.0                                      # 
ramulator.incoming_read_reqs_per_channel            596198.0                                      # Number of incoming read requests to each DRAM channel
                                     [0]            596198.0                                      # 
     ramulator.physical_page_replacement                   0                                      # The number of times that physical page replacement happens.
             ramulator.maximum_bandwidth         19200000000                                      # The theoretical maximum bandwidth (Bps)
          ramulator.in_queue_req_num_sum           520046486                                      # Sum of read/write queue length
     ramulator.in_queue_read_req_num_sum            28582216                                      # Sum of read queue length
    ramulator.in_queue_write_req_num_sum           491464270                                      # Sum of write queue length
          ramulator.in_queue_req_num_avg           15.007620                                      # Average of read/write queue length per memory cycle
     ramulator.in_queue_read_req_num_avg            0.824832                                      # Average of read queue length per memory cycle
    ramulator.in_queue_write_req_num_avg           14.182788                                      # Average of write queue length per memory cycle
          ramulator.record_read_requests                 0.0                                      # record read requests for this core when it reaches request limit or to the end
                                     [0]                 0.0                                      # 
         ramulator.record_write_requests                 0.0                                      # record write requests for this core when it reaches request limit or to the end
                                     [0]                 0.0                                      # 
