/* -*- Mode: c -*- */
####################################################################################################
Core 0
####################################################################################################
Cumulative:        Cycles: 92405729              Instructions: 100000002             IPC: 1.08218

DCACHE_PREF_HIT                                      0                              0              

IFETCH_WB_FIRST_SCHEDULE                             0         -nan%                0         -nan%
PREFETCH_LAST_SCHEDULE                               0         -nan%                0         -nan%
DEMAND_PASS_PREF_SCHEDULE                            0         -nan%                0         -nan%
DEMAND_PASS_LOW_OP_SCHEDULE                          0         -nan%                0         -nan%
DEMAND_LAST_SCHEDULE                                 0         -nan%                0         -nan%
                                                     0         -nan%                0         -nan%
                                                  -nan         -nan              -nan         -nan

SEND_MISS_REQ_QUEUE                             596198                         596198              

L1_DATA_EVICT                                   579814                         579814              

STREAM_BUFFER_REQ                                    0                              0              

PREF_SEND_TO_MEM_REQ                                 0         -nan%                0         -nan%
PREF_SEND_TO_MEM_REQ_FAIL                            0         -nan%                0         -nan%
                                                     0         -nan%                0         -nan%
                                                  -nan         -nan              -nan         -nan

HIT_TRAIN_STREAM                                122323       18.586%           122323       18.586%
MISS_TRAIN_STREAM                               535832       81.414%           535832       81.414%
                                                658155      100.000%           658155      100.000%
                                                  0.81         0.75              0.81         0.75

STREAM_TRAIN_CREATE                             246208                         246208              

MEM_REQ_MISS_HWP_PREF_Q                              0         -nan%                0         -nan%
MEM_REQ_MISS_SW_PREF_Q                               0         -nan%                0         -nan%
MEM_REQ_MISS_IFETCH_Q                                0         -nan%                0         -nan%
MEM_REQ_MISS_DFETCH_Q                                0         -nan%                0         -nan%
MEM_REQ_MISS_DSTORE_Q                                0         -nan%                0         -nan%
MEM_REQ_MISS_DPRF_Q                                  0         -nan%                0         -nan%
MEM_REQ_MISS_WB_Q                                    0         -nan%                0         -nan%
                                                     0         -nan%                0         -nan%
                                                  -nan         -nan              -nan         -nan

PREF_HIT_BY_DEMAND_IFETCH                            0         -nan%                0         -nan%
PREF_HIT_BY_DEMAND_DFETCH                            0         -nan%                0         -nan%
PREF_HIT_BY_DEMAND_DSTORE                            0         -nan%                0         -nan%
PREF_HIT_BY_DEMAND_IPREF                             0         -nan%                0         -nan%
PREF_HIT_BY_DEMAND_DPRF                              0         -nan%                0         -nan%
PREF_HIT_BY_DEMAND_WB                                0         -nan%                0         -nan%
PREF_HIT_BY_PREF                                     0         -nan%                0         -nan%
                                                     0         -nan%                0         -nan%
                                                  -nan         -nan              -nan         -nan

PREF_HIT_DEMAND_IFETCH                               0         -nan%                0         -nan%
PREF_HIT_DEMAND_DFETCH                               0         -nan%                0         -nan%
PREF_HIT_DEMAND_DSTORE                               0         -nan%                0         -nan%
PREF_HIT_DEMAND_IPREF                                0         -nan%                0         -nan%
PREF_HIT_DEMAND_DPRF                                 0         -nan%                0         -nan%
PREF_HIT_DEMAND_WB                                   0         -nan%                0         -nan%
                                                     0         -nan%                0         -nan%
                                                  -nan         -nan              -nan         -nan

PREF_L1_FILL                                         0         -nan%                0         -nan%
DEMAND_L1_FILL                                       0         -nan%                0         -nan%
                                                     0         -nan%                0         -nan%
                                                  -nan         -nan              -nan         -nan

TOUCH_L1_REPLACE                                     0        0.000%                0        0.000%
NO_TOUCH_L1_REPLACE                             579814      100.000%           579814      100.000%
                                                579814      100.000%           579814      100.000%
                                                  1.00         1.00              1.00         1.00

PREF_REQ_QUE_FULL                                    0                              0              

STREAM_REQ_QUEUE_HIT_BY_DEMAND                       0                              0              

L2HIT_STREAM_PREF_REQ_QUE_FULL                       0                              0              

L2HIT_HIT_TRAIN_STREAM                               0         -nan%                0         -nan%
L2HIT_MISS_TRAIN_STREAM                              0         -nan%                0         -nan%
                                                     0         -nan%                0         -nan%
                                                  -nan         -nan              -nan         -nan

L2HIT_STREAM_TRAIN_CREATE                            0                              0              

L2HIT_STREAM_BUFFER_REQ                              0                              0              

L2HIT_STREAM_PREF_DCACHE_HIT                         0         -nan%                0         -nan%
L2HIT_STREAM_PREF_DCACHE_INSERT                      0         -nan%                0         -nan%
L2HIT_STREAM_L2_MISS                                 0         -nan%                0         -nan%
                                                     0         -nan%                0         -nan%
                                                  -nan         -nan              -nan         -nan

L2HIT_STREAM_DCACHE_PORT_FULL                        0                              0              

L2HIT_STREAM_PREF_L1_PORT_FULL                       0                              0              

L2HIT_TRAIN_HIT_DEMAND                               0         -nan%                0         -nan%
L2HIT_TRAIN_MISS_REQ                                 0         -nan%                0         -nan%
                                                     0         -nan%                0         -nan%
                                                  -nan         -nan              -nan         -nan

L2HIT_TRAIN_FILTER_MISS                              0         -nan%                0         -nan%
L2HIT_TRAIN_FILTER_HIT                               0         -nan%                0         -nan%
                                                     0         -nan%                0         -nan%
                                                  -nan         -nan              -nan         -nan

L2HIT_PREF_REQ_DCACHE_HIT                            0         -nan%                0         -nan%
L2HIT_PREF_REQ_DCACHE_MISS                           0         -nan%                0         -nan%
                                                     0         -nan%                0         -nan%
                                                  -nan         -nan              -nan         -nan

L2HIT_L2SEND_Q_FULL                                  0         -nan%                0         -nan%
L2HIT_L2SEND_Q_ENTER                                 0         -nan%                0         -nan%
                                                     0         -nan%                0         -nan%
                                                  -nan         -nan              -nan         -nan

L2HIT_MEM_REQ                                        0                              0              

REMOVE_REDUNDANT_STREAM_STAT                         0                              0              

REPLACE_OLD_STREAM                              246192                         246192              

REQ_SEND_QUEUE_STALL                                 0                              0              

STREAM_ENTER_RA                                      0                              0              

CORE_STREAM_LENGTH_0                             21091       50.580%            21091       50.580%
CORE_STREAM_LENGTH_10                            16467       39.491%            16467       39.491%
CORE_STREAM_LENGTH_20                             3740        8.969%             3740        8.969%
CORE_STREAM_LENGTH_30                              292        0.700%              292        0.700%
CORE_STREAM_LENGTH_40                               39        0.094%               39        0.094%
CORE_STREAM_LENGTH_50                               28        0.067%               28        0.067%
CORE_STREAM_LENGTH_60                               10        0.024%               10        0.024%
CORE_STREAM_LENGTH_70                                7        0.017%                7        0.017%
CORE_STREAM_LENGTH_80                                3        0.007%                3        0.007%
CORE_STREAM_LENGTH_90                                1        0.002%                1        0.002%
CORE_STREAM_LENGTH_100_P                            20        0.048%               20        0.048%
                                                 41698      100.000%            41698      100.000%
                                                  0.61         0.60              0.61         0.60

CORE_CUM_STREAM_LENGTH_0                        121282       26.885%           121282       26.885%
CORE_CUM_STREAM_LENGTH_10                       226563       50.223%           226563       50.223%
CORE_CUM_STREAM_LENGTH_20                        85307       18.910%            85307       18.910%
CORE_CUM_STREAM_LENGTH_30                         9702        2.151%             9702        2.151%
CORE_CUM_STREAM_LENGTH_40                         1728        0.383%             1728        0.383%
CORE_CUM_STREAM_LENGTH_50                         1532        0.340%             1532        0.340%
CORE_CUM_STREAM_LENGTH_60                          645        0.143%              645        0.143%
CORE_CUM_STREAM_LENGTH_70                          521        0.115%              521        0.115%
CORE_CUM_STREAM_LENGTH_80                          251        0.056%              251        0.056%
CORE_CUM_STREAM_LENGTH_90                           94        0.021%               94        0.021%
CORE_CUM_STREAM_LENGTH_100_P                      3488        0.773%             3488        0.773%
                                                451113      100.000%           451113      100.000%
                                                  1.08         1.03              1.08         1.03

CORE_STREAM_TRAIN_HITS_0                         35960       86.239%            35960       86.239%
CORE_STREAM_TRAIN_HITS_10                         5359       12.852%             5359       12.852%
CORE_STREAM_TRAIN_HITS_20                          258        0.619%              258        0.619%
CORE_STREAM_TRAIN_HITS_30                           37        0.089%               37        0.089%
CORE_STREAM_TRAIN_HITS_40                           34        0.082%               34        0.082%
CORE_STREAM_TRAIN_HITS_50                           14        0.034%               14        0.034%
CORE_STREAM_TRAIN_HITS_60                            4        0.010%                4        0.010%
CORE_STREAM_TRAIN_HITS_70                            8        0.019%                8        0.019%
CORE_STREAM_TRAIN_HITS_80                            2        0.005%                2        0.005%
CORE_STREAM_TRAIN_HITS_90                            5        0.012%                5        0.012%
CORE_STREAM_TRAIN_HITS_100_P                        17        0.041%               17        0.041%
                                                 41698      100.000%            41698      100.000%
                                                  0.16         0.45              0.16         0.45

CORE_CUM_STREAM_TRAIN_HITS_0                    212272       73.421%           212272       73.421%
CORE_CUM_STREAM_TRAIN_HITS_10                    62843       21.736%            62843       21.736%
CORE_CUM_STREAM_TRAIN_HITS_20                     5905        2.042%             5905        2.042%
CORE_CUM_STREAM_TRAIN_HITS_30                     1240        0.429%             1240        0.429%
CORE_CUM_STREAM_TRAIN_HITS_40                     1484        0.513%             1484        0.513%
CORE_CUM_STREAM_TRAIN_HITS_50                      759        0.263%              759        0.263%
CORE_CUM_STREAM_TRAIN_HITS_60                      254        0.088%              254        0.088%
CORE_CUM_STREAM_TRAIN_HITS_70                      579        0.200%              579        0.200%
CORE_CUM_STREAM_TRAIN_HITS_80                      164        0.057%              164        0.057%
CORE_CUM_STREAM_TRAIN_HITS_90                      476        0.165%              476        0.165%
CORE_CUM_STREAM_TRAIN_HITS_100_P                  3139        1.086%             3139        1.086%
                                                289115      100.000%           289115      100.000%
                                                  0.45         1.23              0.45         1.23

CORE_STREAM_TRAIN_CREATE                        246208                         246208              



