/* -*- Mode: c -*- */
####################################################################################################
Core 0
####################################################################################################
Cumulative:        Cycles: 51827251              Instructions: 100000000             IPC: 1.92949

DCACHE_PREF_HIT                                      0                              0              

IFETCH_WB_FIRST_SCHEDULE                             0         -nan%                0         -nan%
PREFETCH_LAST_SCHEDULE                               0         -nan%                0         -nan%
DEMAND_PASS_PREF_SCHEDULE                            0         -nan%                0         -nan%
DEMAND_PASS_LOW_OP_SCHEDULE                          0         -nan%                0         -nan%
DEMAND_LAST_SCHEDULE                                 0         -nan%                0         -nan%
                                                     0         -nan%                0         -nan%
                                                  -nan         -nan              -nan         -nan

SEND_MISS_REQ_QUEUE                              28375                          28375              

L1_DATA_EVICT                                    12108                          12108              

STREAM_BUFFER_REQ                                    0                              0              

PREF_SEND_TO_MEM_REQ                                 0         -nan%                0         -nan%
PREF_SEND_TO_MEM_REQ_FAIL                            0         -nan%                0         -nan%
                                                     0         -nan%                0         -nan%
                                                  -nan         -nan              -nan         -nan

HIT_TRAIN_STREAM                                  1036        3.708%             1036        3.708%
MISS_TRAIN_STREAM                                26905       96.292%            26905       96.292%
                                                 27941      100.000%            27941      100.000%
                                                  0.96         0.95              0.96         0.95

STREAM_TRAIN_CREATE                              17288                          17288              

MEM_REQ_MISS_HWP_PREF_Q                              0         -nan%                0         -nan%
MEM_REQ_MISS_SW_PREF_Q                               0         -nan%                0         -nan%
MEM_REQ_MISS_IFETCH_Q                                0         -nan%                0         -nan%
MEM_REQ_MISS_DFETCH_Q                                0         -nan%                0         -nan%
MEM_REQ_MISS_DSTORE_Q                                0         -nan%                0         -nan%
MEM_REQ_MISS_DPRF_Q                                  0         -nan%                0         -nan%
MEM_REQ_MISS_WB_Q                                    0         -nan%                0         -nan%
                                                     0         -nan%                0         -nan%
                                                  -nan         -nan              -nan         -nan

PREF_HIT_BY_DEMAND_IFETCH                            0         -nan%                0         -nan%
PREF_HIT_BY_DEMAND_DFETCH                            0         -nan%                0         -nan%
PREF_HIT_BY_DEMAND_DSTORE                            0         -nan%                0         -nan%
PREF_HIT_BY_DEMAND_IPREF                             0         -nan%                0         -nan%
PREF_HIT_BY_DEMAND_DPRF                              0         -nan%                0         -nan%
PREF_HIT_BY_DEMAND_WB                                0         -nan%                0         -nan%
PREF_HIT_BY_PREF                                     0         -nan%                0         -nan%
                                                     0         -nan%                0         -nan%
                                                  -nan         -nan              -nan         -nan

PREF_HIT_DEMAND_IFETCH                               0         -nan%                0         -nan%
PREF_HIT_DEMAND_DFETCH                               0         -nan%                0         -nan%
PREF_HIT_DEMAND_DSTORE                               0         -nan%                0         -nan%
PREF_HIT_DEMAND_IPREF                                0         -nan%                0         -nan%
PREF_HIT_DEMAND_DPRF                                 0         -nan%                0         -nan%
PREF_HIT_DEMAND_WB                                   0         -nan%                0         -nan%
                                                     0         -nan%                0         -nan%
                                                  -nan         -nan              -nan         -nan

PREF_L1_FILL                                         0         -nan%                0         -nan%
DEMAND_L1_FILL                                       0         -nan%                0         -nan%
                                                     0         -nan%                0         -nan%
                                                  -nan         -nan              -nan         -nan

TOUCH_L1_REPLACE                                     0        0.000%                0        0.000%
NO_TOUCH_L1_REPLACE                              12108      100.000%            12108      100.000%
                                                 12108      100.000%            12108      100.000%
                                                  1.00         1.00              1.00         1.00

PREF_REQ_QUE_FULL                                    0                              0              

STREAM_REQ_QUEUE_HIT_BY_DEMAND                       0                              0              

L2HIT_STREAM_PREF_REQ_QUE_FULL                       0                              0              

L2HIT_HIT_TRAIN_STREAM                               0         -nan%                0         -nan%
L2HIT_MISS_TRAIN_STREAM                              0         -nan%                0         -nan%
                                                     0         -nan%                0         -nan%
                                                  -nan         -nan              -nan         -nan

L2HIT_STREAM_TRAIN_CREATE                            0                              0              

L2HIT_STREAM_BUFFER_REQ                              0                              0              

L2HIT_STREAM_PREF_DCACHE_HIT                         0         -nan%                0         -nan%
L2HIT_STREAM_PREF_DCACHE_INSERT                      0         -nan%                0         -nan%
L2HIT_STREAM_L2_MISS                                 0         -nan%                0         -nan%
                                                     0         -nan%                0         -nan%
                                                  -nan         -nan              -nan         -nan

L2HIT_STREAM_DCACHE_PORT_FULL                        0                              0              

L2HIT_STREAM_PREF_L1_PORT_FULL                       0                              0              

L2HIT_TRAIN_HIT_DEMAND                               0         -nan%                0         -nan%
L2HIT_TRAIN_MISS_REQ                                 0         -nan%                0         -nan%
                                                     0         -nan%                0         -nan%
                                                  -nan         -nan              -nan         -nan

L2HIT_TRAIN_FILTER_MISS                              0         -nan%                0         -nan%
L2HIT_TRAIN_FILTER_HIT                               0         -nan%                0         -nan%
                                                     0         -nan%                0         -nan%
                                                  -nan         -nan              -nan         -nan

L2HIT_PREF_REQ_DCACHE_HIT                            0         -nan%                0         -nan%
L2HIT_PREF_REQ_DCACHE_MISS                           0         -nan%                0         -nan%
                                                     0         -nan%                0         -nan%
                                                  -nan         -nan              -nan         -nan

L2HIT_L2SEND_Q_FULL                                  0         -nan%                0         -nan%
L2HIT_L2SEND_Q_ENTER                                 0         -nan%                0         -nan%
                                                     0         -nan%                0         -nan%
                                                  -nan         -nan              -nan         -nan

L2HIT_MEM_REQ                                        0                              0              

REMOVE_REDUNDANT_STREAM_STAT                         0                              0              

REPLACE_OLD_STREAM                               17272                          17272              

REQ_SEND_QUEUE_STALL                                 0                              0              

STREAM_ENTER_RA                                      0                              0              

CORE_STREAM_LENGTH_0                                41       23.563%               41       23.563%
CORE_STREAM_LENGTH_10                               67       38.506%               67       38.506%
CORE_STREAM_LENGTH_20                               40       22.989%               40       22.989%
CORE_STREAM_LENGTH_30                                6        3.448%                6        3.448%
CORE_STREAM_LENGTH_40                                9        5.172%                9        5.172%
CORE_STREAM_LENGTH_50                                6        3.448%                6        3.448%
CORE_STREAM_LENGTH_60                                2        1.149%                2        1.149%
CORE_STREAM_LENGTH_70                                0        0.000%                0        0.000%
CORE_STREAM_LENGTH_80                                1        0.575%                1        0.575%
CORE_STREAM_LENGTH_90                                2        1.149%                2        1.149%
CORE_STREAM_LENGTH_100_P                             0        0.000%                0        0.000%
                                                   174      100.000%              174      100.000%
                                                  1.55         1.44              1.55         1.44

CORE_CUM_STREAM_LENGTH_0                           286        8.223%              286        8.223%
CORE_CUM_STREAM_LENGTH_10                          969       27.861%              969       27.861%
CORE_CUM_STREAM_LENGTH_20                          928       26.682%              928       26.682%
CORE_CUM_STREAM_LENGTH_30                          201        5.779%              201        5.779%
CORE_CUM_STREAM_LENGTH_40                          385       11.070%              385       11.070%
CORE_CUM_STREAM_LENGTH_50                          319        9.172%              319        9.172%
CORE_CUM_STREAM_LENGTH_60                          125        3.594%              125        3.594%
CORE_CUM_STREAM_LENGTH_70                            0        0.000%                0        0.000%
CORE_CUM_STREAM_LENGTH_80                           84        2.415%               84        2.415%
CORE_CUM_STREAM_LENGTH_90                          181        5.204%              181        5.204%
CORE_CUM_STREAM_LENGTH_100_P                         0        0.000%                0        0.000%
                                                  3478      100.000%             3478      100.000%
                                                  2.76         2.17              2.76         2.17

CORE_STREAM_TRAIN_HITS_0                           121       69.540%              121       69.540%
CORE_STREAM_TRAIN_HITS_10                           37       21.264%               37       21.264%
CORE_STREAM_TRAIN_HITS_20                           11        6.322%               11        6.322%
CORE_STREAM_TRAIN_HITS_30                            2        1.149%                2        1.149%
CORE_STREAM_TRAIN_HITS_40                            3        1.724%                3        1.724%
CORE_STREAM_TRAIN_HITS_50                            0        0.000%                0        0.000%
CORE_STREAM_TRAIN_HITS_60                            0        0.000%                0        0.000%
CORE_STREAM_TRAIN_HITS_70                            0        0.000%                0        0.000%
CORE_STREAM_TRAIN_HITS_80                            0        0.000%                0        0.000%
CORE_STREAM_TRAIN_HITS_90                            0        0.000%                0        0.000%
CORE_STREAM_TRAIN_HITS_100_P                         0        0.000%                0        0.000%
                                                   174      100.000%              174      100.000%
                                                  0.44         0.72              0.44         0.72

CORE_CUM_STREAM_TRAIN_HITS_0                       751       43.360%              751       43.360%
CORE_CUM_STREAM_TRAIN_HITS_10                      515       29.734%              515       29.734%
CORE_CUM_STREAM_TRAIN_HITS_20                      261       15.069%              261       15.069%
CORE_CUM_STREAM_TRAIN_HITS_30                       68        3.926%               68        3.926%
CORE_CUM_STREAM_TRAIN_HITS_40                      137        7.910%              137        7.910%
CORE_CUM_STREAM_TRAIN_HITS_50                        0        0.000%                0        0.000%
CORE_CUM_STREAM_TRAIN_HITS_60                        0        0.000%                0        0.000%
CORE_CUM_STREAM_TRAIN_HITS_70                        0        0.000%                0        0.000%
CORE_CUM_STREAM_TRAIN_HITS_80                        0        0.000%                0        0.000%
CORE_CUM_STREAM_TRAIN_HITS_90                        0        0.000%                0        0.000%
CORE_CUM_STREAM_TRAIN_HITS_100_P                     0        0.000%                0        0.000%
                                                  1732      100.000%             1732      100.000%
                                                  1.03         1.00              1.03         1.00

CORE_STREAM_TRAIN_CREATE                         17288                          17288              



