/* -*- Mode: c -*- */
####################################################################################################
Core 0
####################################################################################################
Cumulative:        Cycles: 34213405              Instructions: 100000000             IPC: 2.92283

DCACHE_PREF_HIT                                      0                              0              

IFETCH_WB_FIRST_SCHEDULE                             0         -nan%                0         -nan%
PREFETCH_LAST_SCHEDULE                               0         -nan%                0         -nan%
DEMAND_PASS_PREF_SCHEDULE                            0         -nan%                0         -nan%
DEMAND_PASS_LOW_OP_SCHEDULE                          0         -nan%                0         -nan%
DEMAND_LAST_SCHEDULE                                 0         -nan%                0         -nan%
                                                     0         -nan%                0         -nan%
                                                  -nan         -nan              -nan         -nan

SEND_MISS_REQ_QUEUE                             153047                         153047              

L1_DATA_EVICT                                   136663                         136663              

STREAM_BUFFER_REQ                                    0                              0              

PREF_SEND_TO_MEM_REQ                                 0         -nan%                0         -nan%
PREF_SEND_TO_MEM_REQ_FAIL                            0         -nan%                0         -nan%
                                                     0         -nan%                0         -nan%
                                                  -nan         -nan              -nan         -nan

HIT_TRAIN_STREAM                                105088       76.048%           105088       76.048%
MISS_TRAIN_STREAM                                33099       23.952%            33099       23.952%
                                                138187      100.000%           138187      100.000%
                                                  0.24         0.39              0.24         0.39

STREAM_TRAIN_CREATE                              25708                          25708              

MEM_REQ_MISS_HWP_PREF_Q                              0         -nan%                0         -nan%
MEM_REQ_MISS_SW_PREF_Q                               0         -nan%                0         -nan%
MEM_REQ_MISS_IFETCH_Q                                0         -nan%                0         -nan%
MEM_REQ_MISS_DFETCH_Q                                0         -nan%                0         -nan%
MEM_REQ_MISS_DSTORE_Q                                0         -nan%                0         -nan%
MEM_REQ_MISS_DPRF_Q                                  0         -nan%                0         -nan%
MEM_REQ_MISS_WB_Q                                    0         -nan%                0         -nan%
                                                     0         -nan%                0         -nan%
                                                  -nan         -nan              -nan         -nan

PREF_HIT_BY_DEMAND_IFETCH                            0         -nan%                0         -nan%
PREF_HIT_BY_DEMAND_DFETCH                            0         -nan%                0         -nan%
PREF_HIT_BY_DEMAND_DSTORE                            0         -nan%                0         -nan%
PREF_HIT_BY_DEMAND_IPREF                             0         -nan%                0         -nan%
PREF_HIT_BY_DEMAND_DPRF                              0         -nan%                0         -nan%
PREF_HIT_BY_DEMAND_WB                                0         -nan%                0         -nan%
PREF_HIT_BY_PREF                                     0         -nan%                0         -nan%
                                                     0         -nan%                0         -nan%
                                                  -nan         -nan              -nan         -nan

PREF_HIT_DEMAND_IFETCH                               0         -nan%                0         -nan%
PREF_HIT_DEMAND_DFETCH                               0         -nan%                0         -nan%
PREF_HIT_DEMAND_DSTORE                               0         -nan%                0         -nan%
PREF_HIT_DEMAND_IPREF                                0         -nan%                0         -nan%
PREF_HIT_DEMAND_DPRF                                 0         -nan%                0         -nan%
PREF_HIT_DEMAND_WB                                   0         -nan%                0         -nan%
                                                     0         -nan%                0         -nan%
                                                  -nan         -nan              -nan         -nan

PREF_L1_FILL                                         0         -nan%                0         -nan%
DEMAND_L1_FILL                                       0         -nan%                0         -nan%
                                                     0         -nan%                0         -nan%
                                                  -nan         -nan              -nan         -nan

TOUCH_L1_REPLACE                                     0        0.000%                0        0.000%
NO_TOUCH_L1_REPLACE                             136663      100.000%           136663      100.000%
                                                136663      100.000%           136663      100.000%
                                                  1.00         1.00              1.00         1.00

PREF_REQ_QUE_FULL                                    0                              0              

STREAM_REQ_QUEUE_HIT_BY_DEMAND                       0                              0              

L2HIT_STREAM_PREF_REQ_QUE_FULL                       0                              0              

L2HIT_HIT_TRAIN_STREAM                               0         -nan%                0         -nan%
L2HIT_MISS_TRAIN_STREAM                              0         -nan%                0         -nan%
                                                     0         -nan%                0         -nan%
                                                  -nan         -nan              -nan         -nan

L2HIT_STREAM_TRAIN_CREATE                            0                              0              

L2HIT_STREAM_BUFFER_REQ                              0                              0              

L2HIT_STREAM_PREF_DCACHE_HIT                         0         -nan%                0         -nan%
L2HIT_STREAM_PREF_DCACHE_INSERT                      0         -nan%                0         -nan%
L2HIT_STREAM_L2_MISS                                 0         -nan%                0         -nan%
                                                     0         -nan%                0         -nan%
                                                  -nan         -nan              -nan         -nan

L2HIT_STREAM_DCACHE_PORT_FULL                        0                              0              

L2HIT_STREAM_PREF_L1_PORT_FULL                       0                              0              

L2HIT_TRAIN_HIT_DEMAND                               0         -nan%                0         -nan%
L2HIT_TRAIN_MISS_REQ                                 0         -nan%                0         -nan%
                                                     0         -nan%                0         -nan%
                                                  -nan         -nan              -nan         -nan

L2HIT_TRAIN_FILTER_MISS                              0         -nan%                0         -nan%
L2HIT_TRAIN_FILTER_HIT                               0         -nan%                0         -nan%
                                                     0         -nan%                0         -nan%
                                                  -nan         -nan              -nan         -nan

L2HIT_PREF_REQ_DCACHE_HIT                            0         -nan%                0         -nan%
L2HIT_PREF_REQ_DCACHE_MISS                           0         -nan%                0         -nan%
                                                     0         -nan%                0         -nan%
                                                  -nan         -nan              -nan         -nan

L2HIT_L2SEND_Q_FULL                                  0         -nan%                0         -nan%
L2HIT_L2SEND_Q_ENTER                                 0         -nan%                0         -nan%
                                                     0         -nan%                0         -nan%
                                                  -nan         -nan              -nan         -nan

L2HIT_MEM_REQ                                        0                              0              

REMOVE_REDUNDANT_STREAM_STAT                         0                              0              

REPLACE_OLD_STREAM                               25692                          25692              

REQ_SEND_QUEUE_STALL                                 0                              0              

STREAM_ENTER_RA                                      0                              0              

CORE_STREAM_LENGTH_0                               201       11.625%              201       11.625%
CORE_STREAM_LENGTH_10                              539       31.174%              539       31.174%
CORE_STREAM_LENGTH_20                              271       15.674%              271       15.674%
CORE_STREAM_LENGTH_30                              245       14.170%              245       14.170%
CORE_STREAM_LENGTH_40                               99        5.726%               99        5.726%
CORE_STREAM_LENGTH_50                               74        4.280%               74        4.280%
CORE_STREAM_LENGTH_60                               25        1.446%               25        1.446%
CORE_STREAM_LENGTH_70                               35        2.024%               35        2.024%
CORE_STREAM_LENGTH_80                               14        0.810%               14        0.810%
CORE_STREAM_LENGTH_90                               20        1.157%               20        1.157%
CORE_STREAM_LENGTH_100_P                           206       11.914%              206       11.914%
                                                  1729      100.000%             1729      100.000%
                                                  3.08         3.10              3.08         3.10

CORE_CUM_STREAM_LENGTH_0                          1428        0.636%             1428        0.636%
CORE_CUM_STREAM_LENGTH_10                         8380        3.735%             8380        3.735%
CORE_CUM_STREAM_LENGTH_20                         6476        2.886%             6476        2.886%
CORE_CUM_STREAM_LENGTH_30                         7931        3.534%             7931        3.534%
CORE_CUM_STREAM_LENGTH_40                         4345        1.936%             4345        1.936%
CORE_CUM_STREAM_LENGTH_50                         3942        1.757%             3942        1.757%
CORE_CUM_STREAM_LENGTH_60                         1607        0.716%             1607        0.716%
CORE_CUM_STREAM_LENGTH_70                         2568        1.144%             2568        1.144%
CORE_CUM_STREAM_LENGTH_80                         1185        0.528%             1185        0.528%
CORE_CUM_STREAM_LENGTH_90                         1931        0.861%             1931        0.861%
CORE_CUM_STREAM_LENGTH_100_P                    184596       82.266%           184596       82.266%
                                                224389      100.000%           224389      100.000%
                                                  8.84         8.43              8.84         8.43

CORE_STREAM_TRAIN_HITS_0                          1026       59.341%             1026       59.341%
CORE_STREAM_TRAIN_HITS_10                          416       24.060%              416       24.060%
CORE_STREAM_TRAIN_HITS_20                           72        4.164%               72        4.164%
CORE_STREAM_TRAIN_HITS_30                           29        1.677%               29        1.677%
CORE_STREAM_TRAIN_HITS_40                           12        0.694%               12        0.694%
CORE_STREAM_TRAIN_HITS_50                            8        0.463%                8        0.463%
CORE_STREAM_TRAIN_HITS_60                            7        0.405%                7        0.405%
CORE_STREAM_TRAIN_HITS_70                            8        0.463%                8        0.463%
CORE_STREAM_TRAIN_HITS_80                           15        0.868%               15        0.868%
CORE_STREAM_TRAIN_HITS_90                           17        0.983%               17        0.983%
CORE_STREAM_TRAIN_HITS_100_P                       119        6.883%              119        6.883%
                                                  1729      100.000%             1729      100.000%
                                                  1.33         2.59              1.33         2.59

CORE_CUM_STREAM_TRAIN_HITS_0                      6358        5.677%             6358        5.677%
CORE_CUM_STREAM_TRAIN_HITS_10                     5219        4.660%             5219        4.660%
CORE_CUM_STREAM_TRAIN_HITS_20                     1655        1.478%             1655        1.478%
CORE_CUM_STREAM_TRAIN_HITS_30                      948        0.846%              948        0.846%
CORE_CUM_STREAM_TRAIN_HITS_40                      506        0.452%              506        0.452%
CORE_CUM_STREAM_TRAIN_HITS_50                      434        0.387%              434        0.387%
CORE_CUM_STREAM_TRAIN_HITS_60                      457        0.408%              457        0.408%
CORE_CUM_STREAM_TRAIN_HITS_70                      598        0.534%              598        0.534%
CORE_CUM_STREAM_TRAIN_HITS_80                     1284        1.146%             1284        1.146%
CORE_CUM_STREAM_TRAIN_HITS_90                     1590        1.420%             1590        1.420%
CORE_CUM_STREAM_TRAIN_HITS_100_P                 92955       82.993%            92955       82.993%
                                                112004      100.000%           112004      100.000%
                                                  8.72         8.27              8.72         8.27

CORE_STREAM_TRAIN_CREATE                         25708                          25708              



