               ramulator.active_cycles_0             4303697                                      # Total active cycles for level _0
                 ramulator.busy_cycles_0             4303697                                      # (All-bank refresh only. busy cycles only include refresh time in rank level) The sum of cycles that the DRAM part is active or under refresh for level _0
            ramulator.serving_requests_0             7170260                                      # The sum of read and write requests that are served in this DRAM element per memory cycle for level _0
    ramulator.average_serving_requests_0            0.560874                                      # The average of read and write requests that are served in this DRAM element per memory cycle for level _0
             ramulator.active_cycles_0_0             4303697                                      # Total active cycles for level _0_0
               ramulator.busy_cycles_0_0             4761917                                      # (All-bank refresh only. busy cycles only include refresh time in rank level) The sum of cycles that the DRAM part is active or under refresh for level _0_0
          ramulator.serving_requests_0_0             7170260                                      # The sum of read and write requests that are served in this DRAM element per memory cycle for level _0_0
  ramulator.average_serving_requests_0_0            0.560874                                      # The average of read and write requests that are served in this DRAM element per memory cycle for level _0_0
           ramulator.active_cycles_0_0_0             1036686                                      # Total active cycles for level _0_0_0
             ramulator.busy_cycles_0_0_0             1036686                                      # (All-bank refresh only. busy cycles only include refresh time in rank level) The sum of cycles that the DRAM part is active or under refresh for level _0_0_0
        ramulator.serving_requests_0_0_0             1528576                                      # The sum of read and write requests that are served in this DRAM element per memory cycle for level _0_0_0
ramulator.average_serving_requests_0_0_0            0.119569                                      # The average of read and write requests that are served in this DRAM element per memory cycle for level _0_0_0
         ramulator.active_cycles_0_0_0_0              303011                                      # Total active cycles for level _0_0_0_0
           ramulator.busy_cycles_0_0_0_0              303011                                      # (All-bank refresh only. busy cycles only include refresh time in rank level) The sum of cycles that the DRAM part is active or under refresh for level _0_0_0_0
      ramulator.serving_requests_0_0_0_0              383220                                      # The sum of read and write requests that are served in this DRAM element per memory cycle for level _0_0_0_0
ramulator.average_serving_requests_0_0_0_0            0.029976                                      # The average of read and write requests that are served in this DRAM element per memory cycle for level _0_0_0_0
         ramulator.active_cycles_0_0_0_1              329515                                      # Total active cycles for level _0_0_0_1
           ramulator.busy_cycles_0_0_0_1              329515                                      # (All-bank refresh only. busy cycles only include refresh time in rank level) The sum of cycles that the DRAM part is active or under refresh for level _0_0_0_1
      ramulator.serving_requests_0_0_0_1              420399                                      # The sum of read and write requests that are served in this DRAM element per memory cycle for level _0_0_0_1
ramulator.average_serving_requests_0_0_0_1            0.032885                                      # The average of read and write requests that are served in this DRAM element per memory cycle for level _0_0_0_1
         ramulator.active_cycles_0_0_0_2              243513                                      # Total active cycles for level _0_0_0_2
           ramulator.busy_cycles_0_0_0_2              243513                                      # (All-bank refresh only. busy cycles only include refresh time in rank level) The sum of cycles that the DRAM part is active or under refresh for level _0_0_0_2
      ramulator.serving_requests_0_0_0_2              318205                                      # The sum of read and write requests that are served in this DRAM element per memory cycle for level _0_0_0_2
ramulator.average_serving_requests_0_0_0_2            0.024891                                      # The average of read and write requests that are served in this DRAM element per memory cycle for level _0_0_0_2
         ramulator.active_cycles_0_0_0_3              312319                                      # Total active cycles for level _0_0_0_3
           ramulator.busy_cycles_0_0_0_3              312319                                      # (All-bank refresh only. busy cycles only include refresh time in rank level) The sum of cycles that the DRAM part is active or under refresh for level _0_0_0_3
      ramulator.serving_requests_0_0_0_3              406752                                      # The sum of read and write requests that are served in this DRAM element per memory cycle for level _0_0_0_3
ramulator.average_serving_requests_0_0_0_3            0.031817                                      # The average of read and write requests that are served in this DRAM element per memory cycle for level _0_0_0_3
           ramulator.active_cycles_0_0_1              961986                                      # Total active cycles for level _0_0_1
             ramulator.busy_cycles_0_0_1              961986                                      # (All-bank refresh only. busy cycles only include refresh time in rank level) The sum of cycles that the DRAM part is active or under refresh for level _0_0_1
        ramulator.serving_requests_0_0_1             1362781                                      # The sum of read and write requests that are served in this DRAM element per memory cycle for level _0_0_1
ramulator.average_serving_requests_0_0_1            0.106600                                      # The average of read and write requests that are served in this DRAM element per memory cycle for level _0_0_1
         ramulator.active_cycles_0_0_1_0              232036                                      # Total active cycles for level _0_0_1_0
           ramulator.busy_cycles_0_0_1_0              232036                                      # (All-bank refresh only. busy cycles only include refresh time in rank level) The sum of cycles that the DRAM part is active or under refresh for level _0_0_1_0
      ramulator.serving_requests_0_0_1_0              301223                                      # The sum of read and write requests that are served in this DRAM element per memory cycle for level _0_0_1_0
ramulator.average_serving_requests_0_0_1_0            0.023562                                      # The average of read and write requests that are served in this DRAM element per memory cycle for level _0_0_1_0
         ramulator.active_cycles_0_0_1_1              224129                                      # Total active cycles for level _0_0_1_1
           ramulator.busy_cycles_0_0_1_1              224129                                      # (All-bank refresh only. busy cycles only include refresh time in rank level) The sum of cycles that the DRAM part is active or under refresh for level _0_0_1_1
      ramulator.serving_requests_0_0_1_1              289041                                      # The sum of read and write requests that are served in this DRAM element per memory cycle for level _0_0_1_1
ramulator.average_serving_requests_0_0_1_1            0.022609                                      # The average of read and write requests that are served in this DRAM element per memory cycle for level _0_0_1_1
         ramulator.active_cycles_0_0_1_2              334918                                      # Total active cycles for level _0_0_1_2
           ramulator.busy_cycles_0_0_1_2              334918                                      # (All-bank refresh only. busy cycles only include refresh time in rank level) The sum of cycles that the DRAM part is active or under refresh for level _0_0_1_2
      ramulator.serving_requests_0_0_1_2              417165                                      # The sum of read and write requests that are served in this DRAM element per memory cycle for level _0_0_1_2
ramulator.average_serving_requests_0_0_1_2            0.032632                                      # The average of read and write requests that are served in this DRAM element per memory cycle for level _0_0_1_2
         ramulator.active_cycles_0_0_1_3              294494                                      # Total active cycles for level _0_0_1_3
           ramulator.busy_cycles_0_0_1_3              294494                                      # (All-bank refresh only. busy cycles only include refresh time in rank level) The sum of cycles that the DRAM part is active or under refresh for level _0_0_1_3
      ramulator.serving_requests_0_0_1_3              355352                                      # The sum of read and write requests that are served in this DRAM element per memory cycle for level _0_0_1_3
ramulator.average_serving_requests_0_0_1_3            0.027796                                      # The average of read and write requests that are served in this DRAM element per memory cycle for level _0_0_1_3
           ramulator.active_cycles_0_0_2              900843                                      # Total active cycles for level _0_0_2
             ramulator.busy_cycles_0_0_2              900843                                      # (All-bank refresh only. busy cycles only include refresh time in rank level) The sum of cycles that the DRAM part is active or under refresh for level _0_0_2
        ramulator.serving_requests_0_0_2             1317645                                      # The sum of read and write requests that are served in this DRAM element per memory cycle for level _0_0_2
ramulator.average_serving_requests_0_0_2            0.103069                                      # The average of read and write requests that are served in this DRAM element per memory cycle for level _0_0_2
         ramulator.active_cycles_0_0_2_0              281187                                      # Total active cycles for level _0_0_2_0
           ramulator.busy_cycles_0_0_2_0              281187                                      # (All-bank refresh only. busy cycles only include refresh time in rank level) The sum of cycles that the DRAM part is active or under refresh for level _0_0_2_0
      ramulator.serving_requests_0_0_2_0              355729                                      # The sum of read and write requests that are served in this DRAM element per memory cycle for level _0_0_2_0
ramulator.average_serving_requests_0_0_2_0            0.027826                                      # The average of read and write requests that are served in this DRAM element per memory cycle for level _0_0_2_0
         ramulator.active_cycles_0_0_2_1              261397                                      # Total active cycles for level _0_0_2_1
           ramulator.busy_cycles_0_0_2_1              261397                                      # (All-bank refresh only. busy cycles only include refresh time in rank level) The sum of cycles that the DRAM part is active or under refresh for level _0_0_2_1
      ramulator.serving_requests_0_0_2_1              341426                                      # The sum of read and write requests that are served in this DRAM element per memory cycle for level _0_0_2_1
ramulator.average_serving_requests_0_0_2_1            0.026707                                      # The average of read and write requests that are served in this DRAM element per memory cycle for level _0_0_2_1
         ramulator.active_cycles_0_0_2_2              288497                                      # Total active cycles for level _0_0_2_2
           ramulator.busy_cycles_0_0_2_2              288497                                      # (All-bank refresh only. busy cycles only include refresh time in rank level) The sum of cycles that the DRAM part is active or under refresh for level _0_0_2_2
      ramulator.serving_requests_0_0_2_2              376047                                      # The sum of read and write requests that are served in this DRAM element per memory cycle for level _0_0_2_2
ramulator.average_serving_requests_0_0_2_2            0.029415                                      # The average of read and write requests that are served in this DRAM element per memory cycle for level _0_0_2_2
         ramulator.active_cycles_0_0_2_3              192707                                      # Total active cycles for level _0_0_2_3
           ramulator.busy_cycles_0_0_2_3              192707                                      # (All-bank refresh only. busy cycles only include refresh time in rank level) The sum of cycles that the DRAM part is active or under refresh for level _0_0_2_3
      ramulator.serving_requests_0_0_2_3              244443                                      # The sum of read and write requests that are served in this DRAM element per memory cycle for level _0_0_2_3
ramulator.average_serving_requests_0_0_2_3            0.019121                                      # The average of read and write requests that are served in this DRAM element per memory cycle for level _0_0_2_3
           ramulator.active_cycles_0_0_3             2572338                                      # Total active cycles for level _0_0_3
             ramulator.busy_cycles_0_0_3             2572338                                      # (All-bank refresh only. busy cycles only include refresh time in rank level) The sum of cycles that the DRAM part is active or under refresh for level _0_0_3
        ramulator.serving_requests_0_0_3             2933143                                      # The sum of read and write requests that are served in this DRAM element per memory cycle for level _0_0_3
ramulator.average_serving_requests_0_0_3            0.229437                                      # The average of read and write requests that are served in this DRAM element per memory cycle for level _0_0_3
         ramulator.active_cycles_0_0_3_0              233629                                      # Total active cycles for level _0_0_3_0
           ramulator.busy_cycles_0_0_3_0              233629                                      # (All-bank refresh only. busy cycles only include refresh time in rank level) The sum of cycles that the DRAM part is active or under refresh for level _0_0_3_0
      ramulator.serving_requests_0_0_3_0              298561                                      # The sum of read and write requests that are served in this DRAM element per memory cycle for level _0_0_3_0
ramulator.average_serving_requests_0_0_3_0            0.023354                                      # The average of read and write requests that are served in this DRAM element per memory cycle for level _0_0_3_0
         ramulator.active_cycles_0_0_3_1             1490582                                      # Total active cycles for level _0_0_3_1
           ramulator.busy_cycles_0_0_3_1             1490582                                      # (All-bank refresh only. busy cycles only include refresh time in rank level) The sum of cycles that the DRAM part is active or under refresh for level _0_0_3_1
      ramulator.serving_requests_0_0_3_1             1558890                                      # The sum of read and write requests that are served in this DRAM element per memory cycle for level _0_0_3_1
ramulator.average_serving_requests_0_0_3_1            0.121940                                      # The average of read and write requests that are served in this DRAM element per memory cycle for level _0_0_3_1
         ramulator.active_cycles_0_0_3_2              212490                                      # Total active cycles for level _0_0_3_2
           ramulator.busy_cycles_0_0_3_2              212490                                      # (All-bank refresh only. busy cycles only include refresh time in rank level) The sum of cycles that the DRAM part is active or under refresh for level _0_0_3_2
      ramulator.serving_requests_0_0_3_2              272090                                      # The sum of read and write requests that are served in this DRAM element per memory cycle for level _0_0_3_2
ramulator.average_serving_requests_0_0_3_2            0.021284                                      # The average of read and write requests that are served in this DRAM element per memory cycle for level _0_0_3_2
         ramulator.active_cycles_0_0_3_3              687528                                      # Total active cycles for level _0_0_3_3
           ramulator.busy_cycles_0_0_3_3              687528                                      # (All-bank refresh only. busy cycles only include refresh time in rank level) The sum of cycles that the DRAM part is active or under refresh for level _0_0_3_3
      ramulator.serving_requests_0_0_3_3              749880                                      # The sum of read and write requests that are served in this DRAM element per memory cycle for level _0_0_3_3
ramulator.average_serving_requests_0_0_3_3            0.058657                                      # The average of read and write requests that are served in this DRAM element per memory cycle for level _0_0_3_3
      ramulator.read_transaction_bytes_0             9800064                                      # The total byte of read transaction per channel
     ramulator.write_transaction_bytes_0             4068096                                      # The total byte of write transaction per channel
       ramulator.row_hits_channel_0_core              182796                                      # Number of row hits per channel per core
     ramulator.row_misses_channel_0_core                8451                                      # Number of row misses per channel per core
  ramulator.row_conflicts_channel_0_core               25443                                      # Number of row conflicts per channel per core
  ramulator.read_row_hits_channel_0_core              133750                                      # Number of row hits for read requests per channel per core
                                     [0]            133750.0                                      # 
ramulator.read_row_misses_channel_0_core                5202                                      # Number of row misses for read requests per channel per core
                                     [0]              5202.0                                      # 
ramulator.read_row_conflicts_channel_0_core               14174                                      # Number of row conflicts for read requests per channel per core
                                     [0]             14174.0                                      # 
 ramulator.write_row_hits_channel_0_core               49046                                      # Number of row hits for write requests per channel per core
                                     [0]             49046.0                                      # 
ramulator.write_row_misses_channel_0_core                3249                                      # Number of row misses for write requests per channel per core
                                     [0]              3249.0                                      # 
ramulator.write_row_conflicts_channel_0_core               11269                                      # Number of row conflicts for write requests per channel per core
                                     [0]             11269.0                                      # 
      ramulator.useless_activates_0_core                 148                                      # Number of useless activations. E.g, ACT -> PRE w/o RD or WR
            ramulator.read_latency_avg_0          129.735241                                      # The average memory latency cycles (in memory time domain) per request for all read requests in this channel
            ramulator.read_latency_sum_0            19866098                                      # The memory latency cycles (in memory time domain) sum for all read requests in this channel
        ramulator.req_queue_length_avg_0           12.844141                                      # Average of read and write queue length per memory cycle per channel.
        ramulator.req_queue_length_sum_0           164200464                                      # Sum of read and write queue length per memory cycle per channel.
   ramulator.read_req_queue_length_avg_0            1.528120                                      # Read queue length average per memory cycle per channel.
   ramulator.read_req_queue_length_sum_0            19535597                                      # Read queue length sum per memory cycle per channel.
  ramulator.write_req_queue_length_avg_0           11.316021                                      # Write queue length average per memory cycle per channel.
  ramulator.write_req_queue_length_sum_0           144664867                                      # Write queue length sum per memory cycle per channel.
              ramulator.record_read_hits                 0.0                                      # record read hit count for this core when it reaches request limit or to the end
                                     [0]                 0.0                                      # 
            ramulator.record_read_misses                 0.0                                      # record_read_miss count for this core when it reaches request limit or to the end
                                     [0]                 0.0                                      # 
         ramulator.record_read_conflicts                 0.0                                      # record read conflict count for this core when it reaches request limit or to the end
                                     [0]                 0.0                                      # 
             ramulator.record_write_hits                 0.0                                      # record write hit count for this core when it reaches request limit or to the end
                                     [0]                 0.0                                      # 
           ramulator.record_write_misses                 0.0                                      # record write miss count for this core when it reaches request limit or to the end
                                     [0]                 0.0                                      # 
        ramulator.record_write_conflicts                 0.0                                      # record write conflict for this core when it reaches request limit or to the end
                                     [0]                 0.0                                      # 
                 ramulator.dram_capacity          8589934592                                      # Number of bytes in simulated DRAM
                   ramulator.dram_cycles            12784075                                      # Number of DRAM cycles simulated
             ramulator.incoming_requests              216706                                      # Number of incoming requests to DRAM
                 ramulator.read_requests              153128                                      # Number of incoming read requests to DRAM per core
                                     [0]            153128.0                                      # 
                ramulator.write_requests               63578                                      # Number of incoming write requests to DRAM per core
                                     [0]             63578.0                                      # 
       ramulator.ramulator_active_cycles             4309926                                      # The total number of cycles that the DRAM part is active (serving R/W)
 ramulator.incoming_requests_per_channel            216706.0                                      # Number of incoming requests to each DRAM channel
                                     [0]            216706.0                                      # 
ramulator.incoming_read_reqs_per_channel            153128.0                                      # Number of incoming read requests to each DRAM channel
                                     [0]            153128.0                                      # 
     ramulator.physical_page_replacement                   0                                      # The number of times that physical page replacement happens.
             ramulator.maximum_bandwidth         19200000000                                      # The theoretical maximum bandwidth (Bps)
          ramulator.in_queue_req_num_sum           164200464                                      # Sum of read/write queue length
     ramulator.in_queue_read_req_num_sum            19535597                                      # Sum of read queue length
    ramulator.in_queue_write_req_num_sum           144664867                                      # Sum of write queue length
          ramulator.in_queue_req_num_avg           12.844141                                      # Average of read/write queue length per memory cycle
     ramulator.in_queue_read_req_num_avg            1.528120                                      # Average of read queue length per memory cycle
    ramulator.in_queue_write_req_num_avg           11.316021                                      # Average of write queue length per memory cycle
          ramulator.record_read_requests                 0.0                                      # record read requests for this core when it reaches request limit or to the end
                                     [0]                 0.0                                      # 
         ramulator.record_write_requests                 0.0                                      # record write requests for this core when it reaches request limit or to the end
                                     [0]                 0.0                                      # 
