/* -*- Mode: c -*- */
####################################################################################################
Core 0
####################################################################################################
Cumulative:        Cycles: 78918706              Instructions: 100000000             IPC: 1.26713

EXECUTION_TIME                           24662095625000                  24662095625000              

NODE_CYCLE                                    78918706                       78918706              

NODE_INST_COUNT                              100000000                      100000000              

NODE_UOP_COUNT                               128794889                      128794889              

FULL_WINDOW_STALL                             15335435       19.432%         15335435       19.432%

FULL_WINDOW_MEM_OP                            14712619       99.743%         14712619       99.743%
FULL_WINDOW_FP_OP                                 1853        0.013%             1853        0.013%
FULL_WINDOW_OTHER_OP                             35987        0.244%            35987        0.244%
                                              14750459      100.000%         14750459      100.000%
                                                  0.01         0.10              0.01         0.10

RET_BLOCKED_DC_MISS                           37236358       47.183%         37236358       47.183%

RET_BLOCKED_L1_MISS                           33685617       42.684%         33685617       42.684%

RET_BLOCKED_L1_MISS_BW_PREF                     457675        0.580%           457675        0.580%

RET_BLOCKED_L1_ACCESS                          3594390        4.555%          3594390        4.555%

RET_BLOCKED_MEM_STALL                         33685617       42.684%         33685617       42.684%

RET_BLOCKED_OFFCHIP_DEMAND                           0        0.000%                0        0.000%

OP_ISSUED                                    128794950                      128794950              

OP_RETIRED                                   128794889                      128794889              

REPLAY_SIGNALED                                      0                              0              

REPLAY_COUNTED                                       0                              0              

OFF_CRITICAL_PATH                                    0         -nan%                0         -nan%
ON_CRITICAL_PATH                                     0         -nan%                0         -nan%
                                                     0         -nan%                0         -nan%
                                                  -nan         -nan              -nan         -nan

LD_NO_DEPENDENTS                               3599436       11.723%          3599436       11.723%
LD_DEPENDENTS                                 27105120       88.277%         27105120       88.277%
                                              30704556      100.000%         30704556      100.000%
                                                  0.88         0.84              0.88         0.84

LD_EXEC_CYCLES_0                                     0        0.000%                0        0.000%
LD_EXEC_CYCLES_1                                     0        0.000%                0        0.000%
LD_EXEC_CYCLES_2                                     0        0.000%                0        0.000%
LD_EXEC_CYCLES_3                              24665698       88.095%         24665698       88.095%
LD_EXEC_CYCLES_4                               3333227       11.905%          3333227       11.905%
                                              27998925      100.000%         27998925      100.000%
                                                  3.12         1.12              3.12         1.12

FU_BUSY_0                                     36374948                       36374948              

FU_BUSY_1                                     31547847                       31547847              

FU_BUSY_2                                     25185688                       25185688              

FU_BUSY_3                                     18880590                       18880590              

FU_BUSY_4                                     12486431                       12486431              

FU_BUSY_5                                      7672390                        7672390              

FU_BUSY_6                                      4351583                        4351583              

FU_BUSY_7                                      2550800                        2550800              

FU_BUSY_8                                            0                              0              

FU_BUSY_9                                            0                              0              

FU_BUSY_10                                           0                              0              

FU_BUSY_11                                           0                              0              

FU_BUSY_12                                           0                              0              

FU_BUSY_13                                           0                              0              

FU_BUSY_14                                           0                              0              

FU_BUSY_15                                           0                              0              

FU_BUSY_16                                           0                              0              

FU_BUSY_17                                           0                              0              

FU_BUSY_18                                           0                              0              

FU_BUSY_19                                           0                              0              

FU_BUSY_20                                           0                              0              

FU_BUSY_21                                           0                              0              

FU_BUSY_22                                           0                              0              

FU_BUSY_23                                           0                              0              

FU_BUSY_24                                           0                              0              

FU_BUSY_25                                           0                              0              

FU_BUSY_26                                           0                              0              

FU_BUSY_27                                           0                              0              

FU_BUSY_28                                           0                              0              

FU_BUSY_29                                           0                              0              

FU_BUSY_30                                           0                              0              

FU_BUSY_31                                           0                              0              

OP_WAIT_0                                     94384172                       94384172              

OP_WAIT_1                                     30871022                       30871022              

OP_WAIT_2                                      2200271                        2200271              

OP_WAIT_3                                       563921                         563921              

OP_WAIT_4                                       251045                         251045              

OP_WAIT_5                                        98959                          98959              

OP_WAIT_6                                        79443                          79443              

OP_WAIT_7                                        51790                          51790              

OP_WAIT_8                                        50663                          50663              

OP_WAIT_9                                        35575                          35575              

OP_WAIT_10                                       35251                          35251              

OP_WAIT_11                                       33079                          33079              

OP_WAIT_12                                       30728                          30728              

OP_WAIT_13                                       34776                          34776              

OP_WAIT_14                                       19568                          19568              

OP_WAIT_15                                       12419                          12419              

OP_WAIT_16                                       10532                          10532              

OP_WAIT_17                                        5121                           5121              

OP_WAIT_18                                        4049                           4049              

OP_WAIT_19                                        1922                           1922              

OP_WAIT_20                                        4684                           4684              

OP_WAIT_21                                        2894                           2894              

OP_WAIT_22                                         812                            812              

OP_WAIT_23                                         342                            342              

OP_WAIT_24                                          72                             72              

OP_WAIT_25                                         484                            484              

OP_WAIT_26                                         344                            344              

OP_WAIT_27                                        1036                           1036              

OP_WAIT_28                                         132                            132              

OP_WAIT_29                                         156                            156              

OP_WAIT_30                                          28                             28              

OP_WAIT_31                                        9599                           9599              

ROW_SIZE_0                                    43174433                       43174433              

ROW_SIZE_1                                     4856989                        4856989              

ROW_SIZE_2                                     3496944                        3496944              

ROW_SIZE_3                                     1933100                        1933100              

ROW_SIZE_4                                     1538712                        1538712              

ROW_SIZE_5                                     1088924                        1088924              

ROW_SIZE_6                                    16590874                       16590874              

ROW_SIZE_7                                           0                              0              

ROW_SIZE_8                                           0                              0              

ROW_SIZE_9                                           0                              0              

ROW_SIZE_10                                          0                              0              

ROW_SIZE_11                                          0                              0              

ROW_SIZE_12                                          0                              0              

ROW_SIZE_13                                          0                              0              

ROW_SIZE_14                                          0                              0              

ROW_SIZE_15                                          0                              0              

ROW_SIZE_16                                          0                              0              

ROW_SIZE_17                                          0                              0              

ROW_SIZE_18                                          0                              0              

ROW_SIZE_19                                          0                              0              

ROW_SIZE_20                                          0                              0              

ROW_SIZE_21                                          0                              0              

ROW_SIZE_22                                          0                              0              

ROW_SIZE_23                                          0                              0              

ROW_SIZE_24                                          0                              0              

ROW_SIZE_25                                          0                              0              

ROW_SIZE_26                                          0                              0              

ROW_SIZE_27                                          0                              0              

ROW_SIZE_28                                          0                              0              

ROW_SIZE_29                                          0                              0              

ROW_SIZE_30                                          0                              0              

ROW_SIZE_31                                          0                              0              

RET_OP_EXEC_COUNT_0                                  0        0.000%                0        0.000%
RET_OP_EXEC_COUNT_1                          128794889      100.000%        128794889      100.000%
RET_OP_EXEC_COUNT_2                                  0        0.000%                0        0.000%
RET_OP_EXEC_COUNT_3                                  0        0.000%                0        0.000%
RET_OP_EXEC_COUNT_4                                  0        0.000%                0        0.000%
RET_OP_EXEC_COUNT_5                                  0        0.000%                0        0.000%
RET_OP_EXEC_COUNT_6                                  0        0.000%                0        0.000%
RET_OP_EXEC_COUNT_7                                  0        0.000%                0        0.000%
RET_OP_EXEC_COUNT_8                                  0        0.000%                0        0.000%
RET_OP_EXEC_COUNT_9                                  0        0.000%                0        0.000%
RET_OP_EXEC_COUNT_10                                 0        0.000%                0        0.000%
RET_OP_EXEC_COUNT_11                                 0        0.000%                0        0.000%
RET_OP_EXEC_COUNT_12                                 0        0.000%                0        0.000%
RET_OP_EXEC_COUNT_13                                 0        0.000%                0        0.000%
RET_OP_EXEC_COUNT_14                                 0        0.000%                0        0.000%
RET_OP_EXEC_COUNT_15                                 0        0.000%                0        0.000%
RET_OP_EXEC_COUNT_16                                 0        0.000%                0        0.000%
RET_OP_EXEC_COUNT_17                                 0        0.000%                0        0.000%
RET_OP_EXEC_COUNT_18                                 0        0.000%                0        0.000%
RET_OP_EXEC_COUNT_19                                 0        0.000%                0        0.000%
RET_OP_EXEC_COUNT_20                                 0        0.000%                0        0.000%
RET_OP_EXEC_COUNT_21                                 0        0.000%                0        0.000%
RET_OP_EXEC_COUNT_22                                 0        0.000%                0        0.000%
RET_OP_EXEC_COUNT_23                                 0        0.000%                0        0.000%
RET_OP_EXEC_COUNT_24                                 0        0.000%                0        0.000%
RET_OP_EXEC_COUNT_25                                 0        0.000%                0        0.000%
RET_OP_EXEC_COUNT_26                                 0        0.000%                0        0.000%
RET_OP_EXEC_COUNT_27                                 0        0.000%                0        0.000%
RET_OP_EXEC_COUNT_28                                 0        0.000%                0        0.000%
RET_OP_EXEC_COUNT_29                                 0        0.000%                0        0.000%
RET_OP_EXEC_COUNT_30                                 0        0.000%                0        0.000%
RET_OP_EXEC_COUNT_31                                 0        0.000%                0        0.000%
RET_OP_EXEC_COUNT_32                                 0        0.000%                0        0.000%
                                             128794889      100.000%        128794889      100.000%
                                                  1.00         0.00              1.00         0.00

RET_STALL_LENGTH_0                           128652042       99.889%        128652042       99.889%
RET_STALL_LENGTH_100                            125881        0.098%           125881        0.098%
RET_STALL_LENGTH_200                              2271        0.002%             2271        0.002%
RET_STALL_LENGTH_300                              1226        0.001%             1226        0.001%
RET_STALL_LENGTH_400                              3715        0.003%             3715        0.003%
RET_STALL_LENGTH_500                              5495        0.004%             5495        0.004%
RET_STALL_LENGTH_600                              1571        0.001%             1571        0.001%
RET_STALL_LENGTH_700                               301        0.000%              301        0.000%
RET_STALL_LENGTH_800                               108        0.000%              108        0.000%
RET_STALL_LENGTH_900                               130        0.000%              130        0.000%
RET_STALL_LENGTH_1000                              206        0.000%              206        0.000%
RET_STALL_LENGTH_1100                              348        0.000%              348        0.000%
RET_STALL_LENGTH_1200                             1143        0.001%             1143        0.001%
RET_STALL_LENGTH_1300                              146        0.000%              146        0.000%
RET_STALL_LENGTH_1400                               34        0.000%               34        0.000%
RET_STALL_LENGTH_1500                                9        0.000%                9        0.000%
RET_STALL_LENGTH_1600                               57        0.000%               57        0.000%
RET_STALL_LENGTH_1700                              121        0.000%              121        0.000%
RET_STALL_LENGTH_1800                               66        0.000%               66        0.000%
RET_STALL_LENGTH_1900                               16        0.000%               16        0.000%
RET_STALL_LENGTH_2000                                3        0.000%                3        0.000%
RET_STALL_LENGTH_2100                                0        0.000%                0        0.000%
RET_STALL_LENGTH_2200                                0        0.000%                0        0.000%
RET_STALL_LENGTH_2300                                0        0.000%                0        0.000%
RET_STALL_LENGTH_2400                                0        0.000%                0        0.000%
RET_STALL_LENGTH_2500                                0        0.000%                0        0.000%
RET_STALL_LENGTH_2600                                0        0.000%                0        0.000%
RET_STALL_LENGTH_2700                                0        0.000%                0        0.000%
RET_STALL_LENGTH_2800                                0        0.000%                0        0.000%
RET_STALL_LENGTH_2900                                0        0.000%                0        0.000%
RET_STALL_LENGTH_3000                                0        0.000%                0        0.000%
RET_STALL_LENGTH_3100                                0        0.000%                0        0.000%
RET_STALL_LENGTH_3200                                0        0.000%                0        0.000%
RET_STALL_LENGTH_3300                                0        0.000%                0        0.000%
RET_STALL_LENGTH_3400                                0        0.000%                0        0.000%
RET_STALL_LENGTH_3500                                0        0.000%                0        0.000%
RET_STALL_LENGTH_3600                                0        0.000%                0        0.000%
RET_STALL_LENGTH_3700                                0        0.000%                0        0.000%
RET_STALL_LENGTH_3800                                0        0.000%                0        0.000%
RET_STALL_LENGTH_3900                                0        0.000%                0        0.000%
RET_STALL_LENGTH_4000                                0        0.000%                0        0.000%
RET_STALL_LENGTH_4100                                0        0.000%                0        0.000%
RET_STALL_LENGTH_4200                                0        0.000%                0        0.000%
RET_STALL_LENGTH_4300                                0        0.000%                0        0.000%
RET_STALL_LENGTH_4400                                0        0.000%                0        0.000%
RET_STALL_LENGTH_4500                                0        0.000%                0        0.000%
RET_STALL_LENGTH_4600                                0        0.000%                0        0.000%
RET_STALL_LENGTH_4700                                0        0.000%                0        0.000%
RET_STALL_LENGTH_4800                                0        0.000%                0        0.000%
RET_STALL_LENGTH_4900                                0        0.000%                0        0.000%
RET_STALL_LENGTH_5000                                0        0.000%                0        0.000%
                                             128794889      100.000%        128794889      100.000%
                                                  0.00         0.08              0.00         0.08

MEM_BLOCK_LENGTH_0                                   0         -nan%                0         -nan%
MEM_BLOCK_LENGTH_100                                 0         -nan%                0         -nan%
MEM_BLOCK_LENGTH_200                                 0         -nan%                0         -nan%
MEM_BLOCK_LENGTH_300                                 0         -nan%                0         -nan%
MEM_BLOCK_LENGTH_400                                 0         -nan%                0         -nan%
MEM_BLOCK_LENGTH_500                                 0         -nan%                0         -nan%
MEM_BLOCK_LENGTH_600                                 0         -nan%                0         -nan%
MEM_BLOCK_LENGTH_700                                 0         -nan%                0         -nan%
MEM_BLOCK_LENGTH_800                                 0         -nan%                0         -nan%
MEM_BLOCK_LENGTH_900                                 0         -nan%                0         -nan%
MEM_BLOCK_LENGTH_1000                                0         -nan%                0         -nan%
MEM_BLOCK_LENGTH_1100                                0         -nan%                0         -nan%
MEM_BLOCK_LENGTH_1200                                0         -nan%                0         -nan%
MEM_BLOCK_LENGTH_1300                                0         -nan%                0         -nan%
MEM_BLOCK_LENGTH_1400                                0         -nan%                0         -nan%
MEM_BLOCK_LENGTH_1500                                0         -nan%                0         -nan%
MEM_BLOCK_LENGTH_1600                                0         -nan%                0         -nan%
MEM_BLOCK_LENGTH_1700                                0         -nan%                0         -nan%
MEM_BLOCK_LENGTH_1800                                0         -nan%                0         -nan%
MEM_BLOCK_LENGTH_1900                                0         -nan%                0         -nan%
MEM_BLOCK_LENGTH_2000                                0         -nan%                0         -nan%
MEM_BLOCK_LENGTH_2100                                0         -nan%                0         -nan%
MEM_BLOCK_LENGTH_2200                                0         -nan%                0         -nan%
MEM_BLOCK_LENGTH_2300                                0         -nan%                0         -nan%
MEM_BLOCK_LENGTH_2400                                0         -nan%                0         -nan%
MEM_BLOCK_LENGTH_2500                                0         -nan%                0         -nan%
MEM_BLOCK_LENGTH_2600                                0         -nan%                0         -nan%
MEM_BLOCK_LENGTH_2700                                0         -nan%                0         -nan%
MEM_BLOCK_LENGTH_2800                                0         -nan%                0         -nan%
MEM_BLOCK_LENGTH_2900                                0         -nan%                0         -nan%
MEM_BLOCK_LENGTH_3000                                0         -nan%                0         -nan%
MEM_BLOCK_LENGTH_3100                                0         -nan%                0         -nan%
MEM_BLOCK_LENGTH_3200                                0         -nan%                0         -nan%
MEM_BLOCK_LENGTH_3300                                0         -nan%                0         -nan%
MEM_BLOCK_LENGTH_3400                                0         -nan%                0         -nan%
MEM_BLOCK_LENGTH_3500                                0         -nan%                0         -nan%
MEM_BLOCK_LENGTH_3600                                0         -nan%                0         -nan%
MEM_BLOCK_LENGTH_3700                                0         -nan%                0         -nan%
MEM_BLOCK_LENGTH_3800                                0         -nan%                0         -nan%
MEM_BLOCK_LENGTH_3900                                0         -nan%                0         -nan%
MEM_BLOCK_LENGTH_4000                                0         -nan%                0         -nan%
MEM_BLOCK_LENGTH_4100                                0         -nan%                0         -nan%
MEM_BLOCK_LENGTH_4200                                0         -nan%                0         -nan%
MEM_BLOCK_LENGTH_4300                                0         -nan%                0         -nan%
MEM_BLOCK_LENGTH_4400                                0         -nan%                0         -nan%
MEM_BLOCK_LENGTH_4500                                0         -nan%                0         -nan%
MEM_BLOCK_LENGTH_4600                                0         -nan%                0         -nan%
MEM_BLOCK_LENGTH_4700                                0         -nan%                0         -nan%
MEM_BLOCK_LENGTH_4800                                0         -nan%                0         -nan%
MEM_BLOCK_LENGTH_4900                                0         -nan%                0         -nan%
MEM_BLOCK_LENGTH_5000                                0         -nan%                0         -nan%
                                                     0         -nan%                0         -nan%
                                                  -nan         -nan              -nan         -nan

FUS_BUSY_ON_PATH                             139050277        1.7619        139050277        1.7619

FUS_BUSY_OFF_PATH                                    0        0.0000                0        0.0000

FU_BUSY_MEM_STALL                              8982221        0.1138          8982221        0.1138

FUS_EMPTY                                    492299371        6.2381        492299371        6.2381

CHIP_UTILIZATION                                     0        0.0000                0        0.0000

CYCLES_UNDER_MEM_REQ                                 0                              0              

CYCLES_UNDER_NO_MEM_REQ                              0                              0              

CYCLES_UNDER_CRITICAL_MEM_REQ                        0                              0              

CYCLES_UNDER_NONCRITICAL_MEM_REQ                     0                              0              

CHIP_UTILIZATION_UNDER_MEM_REQ                       0          -nan                0          -nan

CHIP_UTILIZATION_UNDER_NO_MEM_REQ                    0          -nan                0          -nan

CHIP_UTILIZATION_UNDER_CRITICAL_MEM_REQ              0          -nan                0          -nan

CHIP_UTILIZATION_UNDER_NONCRITICAL_MEM_REQ             0          -nan                0          -nan

CYCLES_NOT_WAITING_FOR_OFF_CHIP                      0        0.0000                0        0.0000

FUS_BUSY_NOT_WAITING_FOR_OFF_CHIP                    0          -nan                0          -nan

CYCLES_WAITING_FOR_OFF_CHIP                          0        0.0000                0        0.0000

FUS_BUSY_WAITING_FOR_OFF_CHIP                        0          -nan                0          -nan

TOTAL_OFF_CHIP_DELAYS_LEFT                           0                              0              

WRONG_IO_SCHED                                       0                              0              

DVFS_CONFIG_SWITCH                                   0                              0              



