               ramulator.active_cycles_0             2311267                                      # Total active cycles for level _0
                 ramulator.busy_cycles_0             2311267                                      # (All-bank refresh only. busy cycles only include refresh time in rank level) The sum of cycles that the DRAM part is active or under refresh for level _0
            ramulator.serving_requests_0             4945444                                      # The sum of read and write requests that are served in this DRAM element per memory cycle for level _0
    ramulator.average_serving_requests_0            0.385867                                      # The average of read and write requests that are served in this DRAM element per memory cycle for level _0
             ramulator.active_cycles_0_0             2311267                                      # Total active cycles for level _0_0
               ramulator.busy_cycles_0_0             2841727                                      # (All-bank refresh only. busy cycles only include refresh time in rank level) The sum of cycles that the DRAM part is active or under refresh for level _0_0
          ramulator.serving_requests_0_0             4945444                                      # The sum of read and write requests that are served in this DRAM element per memory cycle for level _0_0
  ramulator.average_serving_requests_0_0            0.385867                                      # The average of read and write requests that are served in this DRAM element per memory cycle for level _0_0
           ramulator.active_cycles_0_0_0              877916                                      # Total active cycles for level _0_0_0
             ramulator.busy_cycles_0_0_0              877916                                      # (All-bank refresh only. busy cycles only include refresh time in rank level) The sum of cycles that the DRAM part is active or under refresh for level _0_0_0
        ramulator.serving_requests_0_0_0             1317520                                      # The sum of read and write requests that are served in this DRAM element per memory cycle for level _0_0_0
ramulator.average_serving_requests_0_0_0            0.102799                                      # The average of read and write requests that are served in this DRAM element per memory cycle for level _0_0_0
         ramulator.active_cycles_0_0_0_0              237389                                      # Total active cycles for level _0_0_0_0
           ramulator.busy_cycles_0_0_0_0              237389                                      # (All-bank refresh only. busy cycles only include refresh time in rank level) The sum of cycles that the DRAM part is active or under refresh for level _0_0_0_0
      ramulator.serving_requests_0_0_0_0              309913                                      # The sum of read and write requests that are served in this DRAM element per memory cycle for level _0_0_0_0
ramulator.average_serving_requests_0_0_0_0            0.024181                                      # The average of read and write requests that are served in this DRAM element per memory cycle for level _0_0_0_0
         ramulator.active_cycles_0_0_0_1              255507                                      # Total active cycles for level _0_0_0_1
           ramulator.busy_cycles_0_0_0_1              255507                                      # (All-bank refresh only. busy cycles only include refresh time in rank level) The sum of cycles that the DRAM part is active or under refresh for level _0_0_0_1
      ramulator.serving_requests_0_0_0_1              341585                                      # The sum of read and write requests that are served in this DRAM element per memory cycle for level _0_0_0_1
ramulator.average_serving_requests_0_0_0_1            0.026652                                      # The average of read and write requests that are served in this DRAM element per memory cycle for level _0_0_0_1
         ramulator.active_cycles_0_0_0_2              214914                                      # Total active cycles for level _0_0_0_2
           ramulator.busy_cycles_0_0_0_2              214914                                      # (All-bank refresh only. busy cycles only include refresh time in rank level) The sum of cycles that the DRAM part is active or under refresh for level _0_0_0_2
      ramulator.serving_requests_0_0_0_2              288930                                      # The sum of read and write requests that are served in this DRAM element per memory cycle for level _0_0_0_2
ramulator.average_serving_requests_0_0_0_2            0.022544                                      # The average of read and write requests that are served in this DRAM element per memory cycle for level _0_0_0_2
         ramulator.active_cycles_0_0_0_3              282617                                      # Total active cycles for level _0_0_0_3
           ramulator.busy_cycles_0_0_0_3              282617                                      # (All-bank refresh only. busy cycles only include refresh time in rank level) The sum of cycles that the DRAM part is active or under refresh for level _0_0_0_3
      ramulator.serving_requests_0_0_0_3              377092                                      # The sum of read and write requests that are served in this DRAM element per memory cycle for level _0_0_0_3
ramulator.average_serving_requests_0_0_0_3            0.029423                                      # The average of read and write requests that are served in this DRAM element per memory cycle for level _0_0_0_3
           ramulator.active_cycles_0_0_1              844348                                      # Total active cycles for level _0_0_1
             ramulator.busy_cycles_0_0_1              844348                                      # (All-bank refresh only. busy cycles only include refresh time in rank level) The sum of cycles that the DRAM part is active or under refresh for level _0_0_1
        ramulator.serving_requests_0_0_1             1233011                                      # The sum of read and write requests that are served in this DRAM element per memory cycle for level _0_0_1
ramulator.average_serving_requests_0_0_1            0.096205                                      # The average of read and write requests that are served in this DRAM element per memory cycle for level _0_0_1
         ramulator.active_cycles_0_0_1_0              251012                                      # Total active cycles for level _0_0_1_0
           ramulator.busy_cycles_0_0_1_0              251012                                      # (All-bank refresh only. busy cycles only include refresh time in rank level) The sum of cycles that the DRAM part is active or under refresh for level _0_0_1_0
      ramulator.serving_requests_0_0_1_0              319990                                      # The sum of read and write requests that are served in this DRAM element per memory cycle for level _0_0_1_0
ramulator.average_serving_requests_0_0_1_0            0.024967                                      # The average of read and write requests that are served in this DRAM element per memory cycle for level _0_0_1_0
         ramulator.active_cycles_0_0_1_1              210868                                      # Total active cycles for level _0_0_1_1
           ramulator.busy_cycles_0_0_1_1              210868                                      # (All-bank refresh only. busy cycles only include refresh time in rank level) The sum of cycles that the DRAM part is active or under refresh for level _0_0_1_1
      ramulator.serving_requests_0_0_1_1              275086                                      # The sum of read and write requests that are served in this DRAM element per memory cycle for level _0_0_1_1
ramulator.average_serving_requests_0_0_1_1            0.021464                                      # The average of read and write requests that are served in this DRAM element per memory cycle for level _0_0_1_1
         ramulator.active_cycles_0_0_1_2              281378                                      # Total active cycles for level _0_0_1_2
           ramulator.busy_cycles_0_0_1_2              281378                                      # (All-bank refresh only. busy cycles only include refresh time in rank level) The sum of cycles that the DRAM part is active or under refresh for level _0_0_1_2
      ramulator.serving_requests_0_0_1_2              362662                                      # The sum of read and write requests that are served in this DRAM element per memory cycle for level _0_0_1_2
ramulator.average_serving_requests_0_0_1_2            0.028297                                      # The average of read and write requests that are served in this DRAM element per memory cycle for level _0_0_1_2
         ramulator.active_cycles_0_0_1_3              216759                                      # Total active cycles for level _0_0_1_3
           ramulator.busy_cycles_0_0_1_3              216759                                      # (All-bank refresh only. busy cycles only include refresh time in rank level) The sum of cycles that the DRAM part is active or under refresh for level _0_0_1_3
      ramulator.serving_requests_0_0_1_3              275273                                      # The sum of read and write requests that are served in this DRAM element per memory cycle for level _0_0_1_3
ramulator.average_serving_requests_0_0_1_3            0.021478                                      # The average of read and write requests that are served in this DRAM element per memory cycle for level _0_0_1_3
           ramulator.active_cycles_0_0_2              896018                                      # Total active cycles for level _0_0_2
             ramulator.busy_cycles_0_0_2              896018                                      # (All-bank refresh only. busy cycles only include refresh time in rank level) The sum of cycles that the DRAM part is active or under refresh for level _0_0_2
        ramulator.serving_requests_0_0_2             1289367                                      # The sum of read and write requests that are served in this DRAM element per memory cycle for level _0_0_2
ramulator.average_serving_requests_0_0_2            0.100603                                      # The average of read and write requests that are served in this DRAM element per memory cycle for level _0_0_2
         ramulator.active_cycles_0_0_2_0              287851                                      # Total active cycles for level _0_0_2_0
           ramulator.busy_cycles_0_0_2_0              287851                                      # (All-bank refresh only. busy cycles only include refresh time in rank level) The sum of cycles that the DRAM part is active or under refresh for level _0_0_2_0
      ramulator.serving_requests_0_0_2_0              363063                                      # The sum of read and write requests that are served in this DRAM element per memory cycle for level _0_0_2_0
ramulator.average_serving_requests_0_0_2_0            0.028328                                      # The average of read and write requests that are served in this DRAM element per memory cycle for level _0_0_2_0
         ramulator.active_cycles_0_0_2_1              252296                                      # Total active cycles for level _0_0_2_1
           ramulator.busy_cycles_0_0_2_1              252296                                      # (All-bank refresh only. busy cycles only include refresh time in rank level) The sum of cycles that the DRAM part is active or under refresh for level _0_0_2_1
      ramulator.serving_requests_0_0_2_1              329554                                      # The sum of read and write requests that are served in this DRAM element per memory cycle for level _0_0_2_1
ramulator.average_serving_requests_0_0_2_1            0.025713                                      # The average of read and write requests that are served in this DRAM element per memory cycle for level _0_0_2_1
         ramulator.active_cycles_0_0_2_2              254309                                      # Total active cycles for level _0_0_2_2
           ramulator.busy_cycles_0_0_2_2              254309                                      # (All-bank refresh only. busy cycles only include refresh time in rank level) The sum of cycles that the DRAM part is active or under refresh for level _0_0_2_2
      ramulator.serving_requests_0_0_2_2              340538                                      # The sum of read and write requests that are served in this DRAM element per memory cycle for level _0_0_2_2
ramulator.average_serving_requests_0_0_2_2            0.026570                                      # The average of read and write requests that are served in this DRAM element per memory cycle for level _0_0_2_2
         ramulator.active_cycles_0_0_2_3              204783                                      # Total active cycles for level _0_0_2_3
           ramulator.busy_cycles_0_0_2_3              204783                                      # (All-bank refresh only. busy cycles only include refresh time in rank level) The sum of cycles that the DRAM part is active or under refresh for level _0_0_2_3
      ramulator.serving_requests_0_0_2_3              256212                                      # The sum of read and write requests that are served in this DRAM element per memory cycle for level _0_0_2_3
ramulator.average_serving_requests_0_0_2_3            0.019991                                      # The average of read and write requests that are served in this DRAM element per memory cycle for level _0_0_2_3
           ramulator.active_cycles_0_0_3              754975                                      # Total active cycles for level _0_0_3
             ramulator.busy_cycles_0_0_3              754975                                      # (All-bank refresh only. busy cycles only include refresh time in rank level) The sum of cycles that the DRAM part is active or under refresh for level _0_0_3
        ramulator.serving_requests_0_0_3             1105546                                      # The sum of read and write requests that are served in this DRAM element per memory cycle for level _0_0_3
ramulator.average_serving_requests_0_0_3            0.086260                                      # The average of read and write requests that are served in this DRAM element per memory cycle for level _0_0_3
         ramulator.active_cycles_0_0_3_0              234810                                      # Total active cycles for level _0_0_3_0
           ramulator.busy_cycles_0_0_3_0              234810                                      # (All-bank refresh only. busy cycles only include refresh time in rank level) The sum of cycles that the DRAM part is active or under refresh for level _0_0_3_0
      ramulator.serving_requests_0_0_3_0              301054                                      # The sum of read and write requests that are served in this DRAM element per memory cycle for level _0_0_3_0
ramulator.average_serving_requests_0_0_3_0            0.023490                                      # The average of read and write requests that are served in this DRAM element per memory cycle for level _0_0_3_0
         ramulator.active_cycles_0_0_3_1              248023                                      # Total active cycles for level _0_0_3_1
           ramulator.busy_cycles_0_0_3_1              248023                                      # (All-bank refresh only. busy cycles only include refresh time in rank level) The sum of cycles that the DRAM part is active or under refresh for level _0_0_3_1
      ramulator.serving_requests_0_0_3_1              316629                                      # The sum of read and write requests that are served in this DRAM element per memory cycle for level _0_0_3_1
ramulator.average_serving_requests_0_0_3_1            0.024705                                      # The average of read and write requests that are served in this DRAM element per memory cycle for level _0_0_3_1
         ramulator.active_cycles_0_0_3_2              190075                                      # Total active cycles for level _0_0_3_2
           ramulator.busy_cycles_0_0_3_2              190075                                      # (All-bank refresh only. busy cycles only include refresh time in rank level) The sum of cycles that the DRAM part is active or under refresh for level _0_0_3_2
      ramulator.serving_requests_0_0_3_2              249687                                      # The sum of read and write requests that are served in this DRAM element per memory cycle for level _0_0_3_2
ramulator.average_serving_requests_0_0_3_2            0.019482                                      # The average of read and write requests that are served in this DRAM element per memory cycle for level _0_0_3_2
         ramulator.active_cycles_0_0_3_3              175679                                      # Total active cycles for level _0_0_3_3
           ramulator.busy_cycles_0_0_3_3              175679                                      # (All-bank refresh only. busy cycles only include refresh time in rank level) The sum of cycles that the DRAM part is active or under refresh for level _0_0_3_3
      ramulator.serving_requests_0_0_3_3              238176                                      # The sum of read and write requests that are served in this DRAM element per memory cycle for level _0_0_3_3
ramulator.average_serving_requests_0_0_3_3            0.018584                                      # The average of read and write requests that are served in this DRAM element per memory cycle for level _0_0_3_3
      ramulator.read_transaction_bytes_0             9835904                                      # The total byte of read transaction per channel
     ramulator.write_transaction_bytes_0             4101632                                      # The total byte of write transaction per channel
       ramulator.row_hits_channel_0_core              187430                                      # Number of row hits per channel per core
     ramulator.row_misses_channel_0_core                7943                                      # Number of row misses per channel per core
  ramulator.row_conflicts_channel_0_core               22401                                      # Number of row conflicts per channel per core
  ramulator.read_row_hits_channel_0_core              134775                                      # Number of row hits for read requests per channel per core
                                     [0]            134775.0                                      # 
ramulator.read_row_misses_channel_0_core                5334                                      # Number of row misses for read requests per channel per core
                                     [0]              5334.0                                      # 
ramulator.read_row_conflicts_channel_0_core               13577                                      # Number of row conflicts for read requests per channel per core
                                     [0]             13577.0                                      # 
 ramulator.write_row_hits_channel_0_core               52655                                      # Number of row hits for write requests per channel per core
                                     [0]             52655.0                                      # 
ramulator.write_row_misses_channel_0_core                2609                                      # Number of row misses for write requests per channel per core
                                     [0]              2609.0                                      # 
ramulator.write_row_conflicts_channel_0_core                8824                                      # Number of row conflicts for write requests per channel per core
                                     [0]              8824.0                                      # 
      ramulator.useless_activates_0_core                 121                                      # Number of useless activations. E.g, ACT -> PRE w/o RD or WR
            ramulator.read_latency_avg_0          129.676900                                      # The average memory latency cycles (in memory time domain) per request for all read requests in this channel
            ramulator.read_latency_sum_0            19929524                                      # The memory latency cycles (in memory time domain) sum for all read requests in this channel
        ramulator.req_queue_length_avg_0           13.304082                                      # Average of read and write queue length per memory cycle per channel.
        ramulator.req_queue_length_sum_0           170510976                                      # Sum of read and write queue length per memory cycle per channel.
   ramulator.read_req_queue_length_avg_0            1.529703                                      # Read queue length average per memory cycle per channel.
   ramulator.read_req_queue_length_sum_0            19605347                                      # Read queue length sum per memory cycle per channel.
  ramulator.write_req_queue_length_avg_0           11.774379                                      # Write queue length average per memory cycle per channel.
  ramulator.write_req_queue_length_sum_0           150905629                                      # Write queue length sum per memory cycle per channel.
              ramulator.record_read_hits                 0.0                                      # record read hit count for this core when it reaches request limit or to the end
                                     [0]                 0.0                                      # 
            ramulator.record_read_misses                 0.0                                      # record_read_miss count for this core when it reaches request limit or to the end
                                     [0]                 0.0                                      # 
         ramulator.record_read_conflicts                 0.0                                      # record read conflict count for this core when it reaches request limit or to the end
                                     [0]                 0.0                                      # 
             ramulator.record_write_hits                 0.0                                      # record write hit count for this core when it reaches request limit or to the end
                                     [0]                 0.0                                      # 
           ramulator.record_write_misses                 0.0                                      # record write miss count for this core when it reaches request limit or to the end
                                     [0]                 0.0                                      # 
        ramulator.record_write_conflicts                 0.0                                      # record write conflict for this core when it reaches request limit or to the end
                                     [0]                 0.0                                      # 
                 ramulator.dram_capacity          8589934592                                      # Number of bytes in simulated DRAM
                   ramulator.dram_cycles            12816441                                      # Number of DRAM cycles simulated
             ramulator.incoming_requests              217799                                      # Number of incoming requests to DRAM
                 ramulator.read_requests              153686                                      # Number of incoming read requests to DRAM per core
                                     [0]            153686.0                                      # 
                ramulator.write_requests               64113                                      # Number of incoming write requests to DRAM per core
                                     [0]             64113.0                                      # 
       ramulator.ramulator_active_cycles             2311267                                      # The total number of cycles that the DRAM part is active (serving R/W)
 ramulator.incoming_requests_per_channel            217799.0                                      # Number of incoming requests to each DRAM channel
                                     [0]            217799.0                                      # 
ramulator.incoming_read_reqs_per_channel            153686.0                                      # Number of incoming read requests to each DRAM channel
                                     [0]            153686.0                                      # 
     ramulator.physical_page_replacement                   0                                      # The number of times that physical page replacement happens.
             ramulator.maximum_bandwidth         19200000000                                      # The theoretical maximum bandwidth (Bps)
          ramulator.in_queue_req_num_sum           170510976                                      # Sum of read/write queue length
     ramulator.in_queue_read_req_num_sum            19605347                                      # Sum of read queue length
    ramulator.in_queue_write_req_num_sum           150905629                                      # Sum of write queue length
          ramulator.in_queue_req_num_avg           13.304082                                      # Average of read/write queue length per memory cycle
     ramulator.in_queue_read_req_num_avg            1.529703                                      # Average of read queue length per memory cycle
    ramulator.in_queue_write_req_num_avg           11.774379                                      # Average of write queue length per memory cycle
          ramulator.record_read_requests                 0.0                                      # record read requests for this core when it reaches request limit or to the end
                                     [0]                 0.0                                      # 
         ramulator.record_write_requests                 0.0                                      # record write requests for this core when it reaches request limit or to the end
                                     [0]                 0.0                                      # 
