/* -*- Mode: c -*- */
####################################################################################################
Core 0
####################################################################################################
Cumulative:        Cycles: 35481941              Instructions: 100000000             IPC: 2.81834

EXECUTION_TIME                           11088106562500                  11088106562500              

NODE_CYCLE                                    35481941                       35481941              

NODE_INST_COUNT                              100000000                      100000000              

NODE_UOP_COUNT                               110907477                      110907477              

FULL_WINDOW_STALL                             10493110       29.573%         10493110       29.573%

FULL_WINDOW_MEM_OP                             3708376       51.747%          3708376       51.747%
FULL_WINDOW_FP_OP                              3303809       46.102%          3303809       46.102%
FULL_WINDOW_OTHER_OP                            154189        2.152%           154189        2.152%
                                               7166374      100.000%          7166374      100.000%
                                                  0.50         0.41              0.50         0.41

RET_BLOCKED_DC_MISS                            3612167       10.180%          3612167       10.180%

RET_BLOCKED_L1_MISS                            1815918        5.118%          1815918        5.118%

RET_BLOCKED_L1_MISS_BW_PREF                     453455        1.278%           453455        1.278%

RET_BLOCKED_L1_ACCESS                          1813610        5.111%          1813610        5.111%

RET_BLOCKED_MEM_STALL                          1891336        5.330%          1891336        5.330%

RET_BLOCKED_OFFCHIP_DEMAND                           0        0.000%                0        0.000%

OP_ISSUED                                    110907515                      110907515              

OP_RETIRED                                   110907477                      110907477              

REPLAY_SIGNALED                                      0                              0              

REPLAY_COUNTED                                       0                              0              

OFF_CRITICAL_PATH                                    0         -nan%                0         -nan%
ON_CRITICAL_PATH                                     0         -nan%                0         -nan%
                                                     0         -nan%                0         -nan%
                                                  -nan         -nan              -nan         -nan

LD_NO_DEPENDENTS                                475096        1.892%           475096        1.892%
LD_DEPENDENTS                                 24635045       98.108%         24635045       98.108%
                                              25110141      100.000%         25110141      100.000%
                                                  0.98         0.97              0.98         0.97

LD_EXEC_CYCLES_0                                     0        0.000%                0        0.000%
LD_EXEC_CYCLES_1                                     0        0.000%                0        0.000%
LD_EXEC_CYCLES_2                                     0        0.000%                0        0.000%
LD_EXEC_CYCLES_3                              11765082       72.363%         11765082       72.363%
LD_EXEC_CYCLES_4                               4493440       27.637%          4493440       27.637%
                                              16258522      100.000%         16258522      100.000%
                                                  3.28         1.78              3.28         1.78

FU_BUSY_0                                     28914791                       28914791              

FU_BUSY_1                                     24767660                       24767660              

FU_BUSY_2                                     21896421                       21896421              

FU_BUSY_3                                     17244688                       17244688              

FU_BUSY_4                                     14357477                       14357477              

FU_BUSY_5                                     12784894                       12784894              

FU_BUSY_6                                     10990271                       10990271              

FU_BUSY_7                                      9494291                        9494291              

FU_BUSY_8                                            0                              0              

FU_BUSY_9                                            0                              0              

FU_BUSY_10                                           0                              0              

FU_BUSY_11                                           0                              0              

FU_BUSY_12                                           0                              0              

FU_BUSY_13                                           0                              0              

FU_BUSY_14                                           0                              0              

FU_BUSY_15                                           0                              0              

FU_BUSY_16                                           0                              0              

FU_BUSY_17                                           0                              0              

FU_BUSY_18                                           0                              0              

FU_BUSY_19                                           0                              0              

FU_BUSY_20                                           0                              0              

FU_BUSY_21                                           0                              0              

FU_BUSY_22                                           0                              0              

FU_BUSY_23                                           0                              0              

FU_BUSY_24                                           0                              0              

FU_BUSY_25                                           0                              0              

FU_BUSY_26                                           0                              0              

FU_BUSY_27                                           0                              0              

FU_BUSY_28                                           0                              0              

FU_BUSY_29                                           0                              0              

FU_BUSY_30                                           0                              0              

FU_BUSY_31                                           0                              0              

OP_WAIT_0                                     74686782                       74686782              

OP_WAIT_1                                     15681929                       15681929              

OP_WAIT_2                                      4587033                        4587033              

OP_WAIT_3                                      2310527                        2310527              

OP_WAIT_4                                      1707651                        1707651              

OP_WAIT_5                                      1175347                        1175347              

OP_WAIT_6                                       890768                         890768              

OP_WAIT_7                                      1706136                        1706136              

OP_WAIT_8                                      1645119                        1645119              

OP_WAIT_9                                       938556                         938556              

OP_WAIT_10                                     2259341                        2259341              

OP_WAIT_11                                      643317                         643317              

OP_WAIT_12                                      627112                         627112              

OP_WAIT_13                                      230022                         230022              

OP_WAIT_14                                      405524                         405524              

OP_WAIT_15                                      208444                         208444              

OP_WAIT_16                                      170985                         170985              

OP_WAIT_17                                      113778                         113778              

OP_WAIT_18                                       94833                          94833              

OP_WAIT_19                                       56980                          56980              

OP_WAIT_20                                       48613                          48613              

OP_WAIT_21                                       94102                          94102              

OP_WAIT_22                                       36970                          36970              

OP_WAIT_23                                       27678                          27678              

OP_WAIT_24                                       24714                          24714              

OP_WAIT_25                                       47868                          47868              

OP_WAIT_26                                       74422                          74422              

OP_WAIT_27                                       55642                          55642              

OP_WAIT_28                                       21704                          21704              

OP_WAIT_29                                       18380                          18380              

OP_WAIT_30                                       20813                          20813              

OP_WAIT_31                                      296387                         296387              

ROW_SIZE_0                                    12193416                       12193416              

ROW_SIZE_1                                     1943550                        1943550              

ROW_SIZE_2                                     1350547                        1350547              

ROW_SIZE_3                                     1172039                        1172039              

ROW_SIZE_4                                     1531932                        1531932              

ROW_SIZE_5                                      408422                         408422              

ROW_SIZE_6                                    15762813                       15762813              

ROW_SIZE_7                                           0                              0              

ROW_SIZE_8                                           0                              0              

ROW_SIZE_9                                           0                              0              

ROW_SIZE_10                                          0                              0              

ROW_SIZE_11                                          0                              0              

ROW_SIZE_12                                          0                              0              

ROW_SIZE_13                                          0                              0              

ROW_SIZE_14                                          0                              0              

ROW_SIZE_15                                          0                              0              

ROW_SIZE_16                                          0                              0              

ROW_SIZE_17                                          0                              0              

ROW_SIZE_18                                          0                              0              

ROW_SIZE_19                                          0                              0              

ROW_SIZE_20                                          0                              0              

ROW_SIZE_21                                          0                              0              

ROW_SIZE_22                                          0                              0              

ROW_SIZE_23                                          0                              0              

ROW_SIZE_24                                          0                              0              

ROW_SIZE_25                                          0                              0              

ROW_SIZE_26                                          0                              0              

ROW_SIZE_27                                          0                              0              

ROW_SIZE_28                                          0                              0              

ROW_SIZE_29                                          0                              0              

ROW_SIZE_30                                          0                              0              

ROW_SIZE_31                                          0                              0              

RET_OP_EXEC_COUNT_0                                  0        0.000%                0        0.000%
RET_OP_EXEC_COUNT_1                          110907477      100.000%        110907477      100.000%
RET_OP_EXEC_COUNT_2                                  0        0.000%                0        0.000%
RET_OP_EXEC_COUNT_3                                  0        0.000%                0        0.000%
RET_OP_EXEC_COUNT_4                                  0        0.000%                0        0.000%
RET_OP_EXEC_COUNT_5                                  0        0.000%                0        0.000%
RET_OP_EXEC_COUNT_6                                  0        0.000%                0        0.000%
RET_OP_EXEC_COUNT_7                                  0        0.000%                0        0.000%
RET_OP_EXEC_COUNT_8                                  0        0.000%                0        0.000%
RET_OP_EXEC_COUNT_9                                  0        0.000%                0        0.000%
RET_OP_EXEC_COUNT_10                                 0        0.000%                0        0.000%
RET_OP_EXEC_COUNT_11                                 0        0.000%                0        0.000%
RET_OP_EXEC_COUNT_12                                 0        0.000%                0        0.000%
RET_OP_EXEC_COUNT_13                                 0        0.000%                0        0.000%
RET_OP_EXEC_COUNT_14                                 0        0.000%                0        0.000%
RET_OP_EXEC_COUNT_15                                 0        0.000%                0        0.000%
RET_OP_EXEC_COUNT_16                                 0        0.000%                0        0.000%
RET_OP_EXEC_COUNT_17                                 0        0.000%                0        0.000%
RET_OP_EXEC_COUNT_18                                 0        0.000%                0        0.000%
RET_OP_EXEC_COUNT_19                                 0        0.000%                0        0.000%
RET_OP_EXEC_COUNT_20                                 0        0.000%                0        0.000%
RET_OP_EXEC_COUNT_21                                 0        0.000%                0        0.000%
RET_OP_EXEC_COUNT_22                                 0        0.000%                0        0.000%
RET_OP_EXEC_COUNT_23                                 0        0.000%                0        0.000%
RET_OP_EXEC_COUNT_24                                 0        0.000%                0        0.000%
RET_OP_EXEC_COUNT_25                                 0        0.000%                0        0.000%
RET_OP_EXEC_COUNT_26                                 0        0.000%                0        0.000%
RET_OP_EXEC_COUNT_27                                 0        0.000%                0        0.000%
RET_OP_EXEC_COUNT_28                                 0        0.000%                0        0.000%
RET_OP_EXEC_COUNT_29                                 0        0.000%                0        0.000%
RET_OP_EXEC_COUNT_30                                 0        0.000%                0        0.000%
RET_OP_EXEC_COUNT_31                                 0        0.000%                0        0.000%
RET_OP_EXEC_COUNT_32                                 0        0.000%                0        0.000%
                                             110907477      100.000%        110907477      100.000%
                                                  1.00         0.00              1.00         0.00

RET_STALL_LENGTH_0                           110902131       99.995%        110902131       99.995%
RET_STALL_LENGTH_100                              3066        0.003%             3066        0.003%
RET_STALL_LENGTH_200                               266        0.000%              266        0.000%
RET_STALL_LENGTH_300                               524        0.000%              524        0.000%
RET_STALL_LENGTH_400                               589        0.001%              589        0.001%
RET_STALL_LENGTH_500                               376        0.000%              376        0.000%
RET_STALL_LENGTH_600                               194        0.000%              194        0.000%
RET_STALL_LENGTH_700                                98        0.000%               98        0.000%
RET_STALL_LENGTH_800                                55        0.000%               55        0.000%
RET_STALL_LENGTH_900                                29        0.000%               29        0.000%
RET_STALL_LENGTH_1000                               13        0.000%               13        0.000%
RET_STALL_LENGTH_1100                               21        0.000%               21        0.000%
RET_STALL_LENGTH_1200                               75        0.000%               75        0.000%
RET_STALL_LENGTH_1300                                8        0.000%                8        0.000%
RET_STALL_LENGTH_1400                                3        0.000%                3        0.000%
RET_STALL_LENGTH_1500                                4        0.000%                4        0.000%
RET_STALL_LENGTH_1600                               12        0.000%               12        0.000%
RET_STALL_LENGTH_1700                                6        0.000%                6        0.000%
RET_STALL_LENGTH_1800                                5        0.000%                5        0.000%
RET_STALL_LENGTH_1900                                0        0.000%                0        0.000%
RET_STALL_LENGTH_2000                                1        0.000%                1        0.000%
RET_STALL_LENGTH_2100                                0        0.000%                0        0.000%
RET_STALL_LENGTH_2200                                1        0.000%                1        0.000%
RET_STALL_LENGTH_2300                                0        0.000%                0        0.000%
RET_STALL_LENGTH_2400                                0        0.000%                0        0.000%
RET_STALL_LENGTH_2500                                0        0.000%                0        0.000%
RET_STALL_LENGTH_2600                                0        0.000%                0        0.000%
RET_STALL_LENGTH_2700                                0        0.000%                0        0.000%
RET_STALL_LENGTH_2800                                0        0.000%                0        0.000%
RET_STALL_LENGTH_2900                                0        0.000%                0        0.000%
RET_STALL_LENGTH_3000                                0        0.000%                0        0.000%
RET_STALL_LENGTH_3100                                0        0.000%                0        0.000%
RET_STALL_LENGTH_3200                                0        0.000%                0        0.000%
RET_STALL_LENGTH_3300                                0        0.000%                0        0.000%
RET_STALL_LENGTH_3400                                0        0.000%                0        0.000%
RET_STALL_LENGTH_3500                                0        0.000%                0        0.000%
RET_STALL_LENGTH_3600                                0        0.000%                0        0.000%
RET_STALL_LENGTH_3700                                0        0.000%                0        0.000%
RET_STALL_LENGTH_3800                                0        0.000%                0        0.000%
RET_STALL_LENGTH_3900                                0        0.000%                0        0.000%
RET_STALL_LENGTH_4000                                0        0.000%                0        0.000%
RET_STALL_LENGTH_4100                                0        0.000%                0        0.000%
RET_STALL_LENGTH_4200                                0        0.000%                0        0.000%
RET_STALL_LENGTH_4300                                0        0.000%                0        0.000%
RET_STALL_LENGTH_4400                                0        0.000%                0        0.000%
RET_STALL_LENGTH_4500                                0        0.000%                0        0.000%
RET_STALL_LENGTH_4600                                0        0.000%                0        0.000%
RET_STALL_LENGTH_4700                                0        0.000%                0        0.000%
RET_STALL_LENGTH_4800                                0        0.000%                0        0.000%
RET_STALL_LENGTH_4900                                0        0.000%                0        0.000%
RET_STALL_LENGTH_5000                                0        0.000%                0        0.000%
                                             110907477      100.000%        110907477      100.000%
                                                  0.00         0.03              0.00         0.03

MEM_BLOCK_LENGTH_0                                3804       70.236%             3804       70.236%
MEM_BLOCK_LENGTH_100                               359        6.629%              359        6.629%
MEM_BLOCK_LENGTH_200                               160        2.954%              160        2.954%
MEM_BLOCK_LENGTH_300                               154        2.843%              154        2.843%
MEM_BLOCK_LENGTH_400                               148        2.733%              148        2.733%
MEM_BLOCK_LENGTH_500                               145        2.677%              145        2.677%
MEM_BLOCK_LENGTH_600                               143        2.640%              143        2.640%
MEM_BLOCK_LENGTH_700                               105        1.939%              105        1.939%
MEM_BLOCK_LENGTH_800                               112        2.068%              112        2.068%
MEM_BLOCK_LENGTH_900                                83        1.532%               83        1.532%
MEM_BLOCK_LENGTH_1000                               38        0.702%               38        0.702%
MEM_BLOCK_LENGTH_1100                               29        0.535%               29        0.535%
MEM_BLOCK_LENGTH_1200                               20        0.369%               20        0.369%
MEM_BLOCK_LENGTH_1300                               13        0.240%               13        0.240%
MEM_BLOCK_LENGTH_1400                               23        0.425%               23        0.425%
MEM_BLOCK_LENGTH_1500                               16        0.295%               16        0.295%
MEM_BLOCK_LENGTH_1600                               13        0.240%               13        0.240%
MEM_BLOCK_LENGTH_1700                                6        0.111%                6        0.111%
MEM_BLOCK_LENGTH_1800                                5        0.092%                5        0.092%
MEM_BLOCK_LENGTH_1900                                8        0.148%                8        0.148%
MEM_BLOCK_LENGTH_2000                                5        0.092%                5        0.092%
MEM_BLOCK_LENGTH_2100                                3        0.055%                3        0.055%
MEM_BLOCK_LENGTH_2200                                6        0.111%                6        0.111%
MEM_BLOCK_LENGTH_2300                                5        0.092%                5        0.092%
MEM_BLOCK_LENGTH_2400                                3        0.055%                3        0.055%
MEM_BLOCK_LENGTH_2500                                0        0.000%                0        0.000%
MEM_BLOCK_LENGTH_2600                                0        0.000%                0        0.000%
MEM_BLOCK_LENGTH_2700                                1        0.018%                1        0.018%
MEM_BLOCK_LENGTH_2800                                3        0.055%                3        0.055%
MEM_BLOCK_LENGTH_2900                                1        0.018%                1        0.018%
MEM_BLOCK_LENGTH_3000                                0        0.000%                0        0.000%
MEM_BLOCK_LENGTH_3100                                0        0.000%                0        0.000%
MEM_BLOCK_LENGTH_3200                                1        0.018%                1        0.018%
MEM_BLOCK_LENGTH_3300                                3        0.055%                3        0.055%
MEM_BLOCK_LENGTH_3400                                0        0.000%                0        0.000%
MEM_BLOCK_LENGTH_3500                                0        0.000%                0        0.000%
MEM_BLOCK_LENGTH_3600                                0        0.000%                0        0.000%
MEM_BLOCK_LENGTH_3700                                0        0.000%                0        0.000%
MEM_BLOCK_LENGTH_3800                                0        0.000%                0        0.000%
MEM_BLOCK_LENGTH_3900                                0        0.000%                0        0.000%
MEM_BLOCK_LENGTH_4000                                0        0.000%                0        0.000%
MEM_BLOCK_LENGTH_4100                                0        0.000%                0        0.000%
MEM_BLOCK_LENGTH_4200                                0        0.000%                0        0.000%
MEM_BLOCK_LENGTH_4300                                0        0.000%                0        0.000%
MEM_BLOCK_LENGTH_4400                                0        0.000%                0        0.000%
MEM_BLOCK_LENGTH_4500                                0        0.000%                0        0.000%
MEM_BLOCK_LENGTH_4600                                0        0.000%                0        0.000%
MEM_BLOCK_LENGTH_4700                                0        0.000%                0        0.000%
MEM_BLOCK_LENGTH_4800                                0        0.000%                0        0.000%
MEM_BLOCK_LENGTH_4900                                0        0.000%                0        0.000%
MEM_BLOCK_LENGTH_5000                                1        0.018%                1        0.018%
                                                  5416      100.000%             5416      100.000%
                                                  1.61         3.33              1.61         3.33

FUS_BUSY_ON_PATH                             140450493        3.9584        140450493        3.9584

FUS_BUSY_OFF_PATH                                    0        0.0000                0        0.0000

FU_BUSY_MEM_STALL                             29541448        0.8326         29541448        0.8326

FUS_EMPTY                                    143405035        4.0416        143405035        4.0416

CHIP_UTILIZATION                                     0        0.0000                0        0.0000

CYCLES_UNDER_MEM_REQ                                 0                              0              

CYCLES_UNDER_NO_MEM_REQ                              0                              0              

CYCLES_UNDER_CRITICAL_MEM_REQ                        0                              0              

CYCLES_UNDER_NONCRITICAL_MEM_REQ                     0                              0              

CHIP_UTILIZATION_UNDER_MEM_REQ                       0          -nan                0          -nan

CHIP_UTILIZATION_UNDER_NO_MEM_REQ                    0          -nan                0          -nan

CHIP_UTILIZATION_UNDER_CRITICAL_MEM_REQ              0          -nan                0          -nan

CHIP_UTILIZATION_UNDER_NONCRITICAL_MEM_REQ             0          -nan                0          -nan

CYCLES_NOT_WAITING_FOR_OFF_CHIP                      0        0.0000                0        0.0000

FUS_BUSY_NOT_WAITING_FOR_OFF_CHIP                    0          -nan                0          -nan

CYCLES_WAITING_FOR_OFF_CHIP                          0        0.0000                0        0.0000

FUS_BUSY_WAITING_FOR_OFF_CHIP                        0          -nan                0          -nan

TOTAL_OFF_CHIP_DELAYS_LEFT                           0                              0              

WRONG_IO_SCHED                                       0                              0              

DVFS_CONFIG_SWITCH                                   0                              0              



