               ramulator.active_cycles_0             3806390                                      # Total active cycles for level _0
                 ramulator.busy_cycles_0             3806390                                      # (All-bank refresh only. busy cycles only include refresh time in rank level) The sum of cycles that the DRAM part is active or under refresh for level _0
            ramulator.serving_requests_0             6765713                                      # The sum of read and write requests that are served in this DRAM element per memory cycle for level _0
    ramulator.average_serving_requests_0            0.508481                                      # The average of read and write requests that are served in this DRAM element per memory cycle for level _0
             ramulator.active_cycles_0_0             3806390                                      # Total active cycles for level _0_0
               ramulator.busy_cycles_0_0             4297790                                      # (All-bank refresh only. busy cycles only include refresh time in rank level) The sum of cycles that the DRAM part is active or under refresh for level _0_0
          ramulator.serving_requests_0_0             6765713                                      # The sum of read and write requests that are served in this DRAM element per memory cycle for level _0_0
  ramulator.average_serving_requests_0_0            0.508481                                      # The average of read and write requests that are served in this DRAM element per memory cycle for level _0_0
           ramulator.active_cycles_0_0_0             1626713                                      # Total active cycles for level _0_0_0
             ramulator.busy_cycles_0_0_0             1626713                                      # (All-bank refresh only. busy cycles only include refresh time in rank level) The sum of cycles that the DRAM part is active or under refresh for level _0_0_0
        ramulator.serving_requests_0_0_0             2115091                                      # The sum of read and write requests that are served in this DRAM element per memory cycle for level _0_0_0
ramulator.average_serving_requests_0_0_0            0.158961                                      # The average of read and write requests that are served in this DRAM element per memory cycle for level _0_0_0
         ramulator.active_cycles_0_0_0_0              523931                                      # Total active cycles for level _0_0_0_0
           ramulator.busy_cycles_0_0_0_0              523931                                      # (All-bank refresh only. busy cycles only include refresh time in rank level) The sum of cycles that the DRAM part is active or under refresh for level _0_0_0_0
      ramulator.serving_requests_0_0_0_0              598300                                      # The sum of read and write requests that are served in this DRAM element per memory cycle for level _0_0_0_0
ramulator.average_serving_requests_0_0_0_0            0.044966                                      # The average of read and write requests that are served in this DRAM element per memory cycle for level _0_0_0_0
         ramulator.active_cycles_0_0_0_1              283867                                      # Total active cycles for level _0_0_0_1
           ramulator.busy_cycles_0_0_0_1              283867                                      # (All-bank refresh only. busy cycles only include refresh time in rank level) The sum of cycles that the DRAM part is active or under refresh for level _0_0_0_1
      ramulator.serving_requests_0_0_0_1              373782                                      # The sum of read and write requests that are served in this DRAM element per memory cycle for level _0_0_0_1
ramulator.average_serving_requests_0_0_0_1            0.028092                                      # The average of read and write requests that are served in this DRAM element per memory cycle for level _0_0_0_1
         ramulator.active_cycles_0_0_0_2              245819                                      # Total active cycles for level _0_0_0_2
           ramulator.busy_cycles_0_0_0_2              245819                                      # (All-bank refresh only. busy cycles only include refresh time in rank level) The sum of cycles that the DRAM part is active or under refresh for level _0_0_0_2
      ramulator.serving_requests_0_0_0_2              319939                                      # The sum of read and write requests that are served in this DRAM element per memory cycle for level _0_0_0_2
ramulator.average_serving_requests_0_0_0_2            0.024045                                      # The average of read and write requests that are served in this DRAM element per memory cycle for level _0_0_0_2
         ramulator.active_cycles_0_0_0_3              671480                                      # Total active cycles for level _0_0_0_3
           ramulator.busy_cycles_0_0_0_3              671480                                      # (All-bank refresh only. busy cycles only include refresh time in rank level) The sum of cycles that the DRAM part is active or under refresh for level _0_0_0_3
      ramulator.serving_requests_0_0_0_3              765404                                      # The sum of read and write requests that are served in this DRAM element per memory cycle for level _0_0_0_3
ramulator.average_serving_requests_0_0_0_3            0.057524                                      # The average of read and write requests that are served in this DRAM element per memory cycle for level _0_0_0_3
           ramulator.active_cycles_0_0_1             1092632                                      # Total active cycles for level _0_0_1
             ramulator.busy_cycles_0_0_1             1092632                                      # (All-bank refresh only. busy cycles only include refresh time in rank level) The sum of cycles that the DRAM part is active or under refresh for level _0_0_1
        ramulator.serving_requests_0_0_1             1502421                                      # The sum of read and write requests that are served in this DRAM element per memory cycle for level _0_0_1
ramulator.average_serving_requests_0_0_1            0.112915                                      # The average of read and write requests that are served in this DRAM element per memory cycle for level _0_0_1
         ramulator.active_cycles_0_0_1_0              262949                                      # Total active cycles for level _0_0_1_0
           ramulator.busy_cycles_0_0_1_0              262949                                      # (All-bank refresh only. busy cycles only include refresh time in rank level) The sum of cycles that the DRAM part is active or under refresh for level _0_0_1_0
      ramulator.serving_requests_0_0_1_0              330630                                      # The sum of read and write requests that are served in this DRAM element per memory cycle for level _0_0_1_0
ramulator.average_serving_requests_0_0_1_0            0.024849                                      # The average of read and write requests that are served in this DRAM element per memory cycle for level _0_0_1_0
         ramulator.active_cycles_0_0_1_1              401649                                      # Total active cycles for level _0_0_1_1
           ramulator.busy_cycles_0_0_1_1              401649                                      # (All-bank refresh only. busy cycles only include refresh time in rank level) The sum of cycles that the DRAM part is active or under refresh for level _0_0_1_1
      ramulator.serving_requests_0_0_1_1              467222                                      # The sum of read and write requests that are served in this DRAM element per memory cycle for level _0_0_1_1
ramulator.average_serving_requests_0_0_1_1            0.035114                                      # The average of read and write requests that are served in this DRAM element per memory cycle for level _0_0_1_1
         ramulator.active_cycles_0_0_1_2              309118                                      # Total active cycles for level _0_0_1_2
           ramulator.busy_cycles_0_0_1_2              309118                                      # (All-bank refresh only. busy cycles only include refresh time in rank level) The sum of cycles that the DRAM part is active or under refresh for level _0_0_1_2
      ramulator.serving_requests_0_0_1_2              393567                                      # The sum of read and write requests that are served in this DRAM element per memory cycle for level _0_0_1_2
ramulator.average_serving_requests_0_0_1_2            0.029579                                      # The average of read and write requests that are served in this DRAM element per memory cycle for level _0_0_1_2
         ramulator.active_cycles_0_0_1_3              251959                                      # Total active cycles for level _0_0_1_3
           ramulator.busy_cycles_0_0_1_3              251959                                      # (All-bank refresh only. busy cycles only include refresh time in rank level) The sum of cycles that the DRAM part is active or under refresh for level _0_0_1_3
      ramulator.serving_requests_0_0_1_3              311002                                      # The sum of read and write requests that are served in this DRAM element per memory cycle for level _0_0_1_3
ramulator.average_serving_requests_0_0_1_3            0.023374                                      # The average of read and write requests that are served in this DRAM element per memory cycle for level _0_0_1_3
           ramulator.active_cycles_0_0_2             1314442                                      # Total active cycles for level _0_0_2
             ramulator.busy_cycles_0_0_2             1314442                                      # (All-bank refresh only. busy cycles only include refresh time in rank level) The sum of cycles that the DRAM part is active or under refresh for level _0_0_2
        ramulator.serving_requests_0_0_2             1836817                                      # The sum of read and write requests that are served in this DRAM element per memory cycle for level _0_0_2
ramulator.average_serving_requests_0_0_2            0.138047                                      # The average of read and write requests that are served in this DRAM element per memory cycle for level _0_0_2
         ramulator.active_cycles_0_0_2_0              405698                                      # Total active cycles for level _0_0_2_0
           ramulator.busy_cycles_0_0_2_0              405698                                      # (All-bank refresh only. busy cycles only include refresh time in rank level) The sum of cycles that the DRAM part is active or under refresh for level _0_0_2_0
      ramulator.serving_requests_0_0_2_0              480638                                      # The sum of read and write requests that are served in this DRAM element per memory cycle for level _0_0_2_0
ramulator.average_serving_requests_0_0_2_0            0.036123                                      # The average of read and write requests that are served in this DRAM element per memory cycle for level _0_0_2_0
         ramulator.active_cycles_0_0_2_1              401137                                      # Total active cycles for level _0_0_2_1
           ramulator.busy_cycles_0_0_2_1              401137                                      # (All-bank refresh only. busy cycles only include refresh time in rank level) The sum of cycles that the DRAM part is active or under refresh for level _0_0_2_1
      ramulator.serving_requests_0_0_2_1              480828                                      # The sum of read and write requests that are served in this DRAM element per memory cycle for level _0_0_2_1
ramulator.average_serving_requests_0_0_2_1            0.036137                                      # The average of read and write requests that are served in this DRAM element per memory cycle for level _0_0_2_1
         ramulator.active_cycles_0_0_2_2              555205                                      # Total active cycles for level _0_0_2_2
           ramulator.busy_cycles_0_0_2_2              555205                                      # (All-bank refresh only. busy cycles only include refresh time in rank level) The sum of cycles that the DRAM part is active or under refresh for level _0_0_2_2
      ramulator.serving_requests_0_0_2_2              643597                                      # The sum of read and write requests that are served in this DRAM element per memory cycle for level _0_0_2_2
ramulator.average_serving_requests_0_0_2_2            0.048370                                      # The average of read and write requests that are served in this DRAM element per memory cycle for level _0_0_2_2
         ramulator.active_cycles_0_0_2_3              179572                                      # Total active cycles for level _0_0_2_3
           ramulator.busy_cycles_0_0_2_3              179572                                      # (All-bank refresh only. busy cycles only include refresh time in rank level) The sum of cycles that the DRAM part is active or under refresh for level _0_0_2_3
      ramulator.serving_requests_0_0_2_3              231754                                      # The sum of read and write requests that are served in this DRAM element per memory cycle for level _0_0_2_3
ramulator.average_serving_requests_0_0_2_3            0.017418                                      # The average of read and write requests that are served in this DRAM element per memory cycle for level _0_0_2_3
           ramulator.active_cycles_0_0_3              953888                                      # Total active cycles for level _0_0_3
             ramulator.busy_cycles_0_0_3              953888                                      # (All-bank refresh only. busy cycles only include refresh time in rank level) The sum of cycles that the DRAM part is active or under refresh for level _0_0_3
        ramulator.serving_requests_0_0_3             1310498                                      # The sum of read and write requests that are served in this DRAM element per memory cycle for level _0_0_3
ramulator.average_serving_requests_0_0_3            0.098491                                      # The average of read and write requests that are served in this DRAM element per memory cycle for level _0_0_3
         ramulator.active_cycles_0_0_3_0              230523                                      # Total active cycles for level _0_0_3_0
           ramulator.busy_cycles_0_0_3_0              230523                                      # (All-bank refresh only. busy cycles only include refresh time in rank level) The sum of cycles that the DRAM part is active or under refresh for level _0_0_3_0
      ramulator.serving_requests_0_0_3_0              295388                                      # The sum of read and write requests that are served in this DRAM element per memory cycle for level _0_0_3_0
ramulator.average_serving_requests_0_0_3_0            0.022200                                      # The average of read and write requests that are served in this DRAM element per memory cycle for level _0_0_3_0
         ramulator.active_cycles_0_0_3_1              337126                                      # Total active cycles for level _0_0_3_1
           ramulator.busy_cycles_0_0_3_1              337126                                      # (All-bank refresh only. busy cycles only include refresh time in rank level) The sum of cycles that the DRAM part is active or under refresh for level _0_0_3_1
      ramulator.serving_requests_0_0_3_1              405410                                      # The sum of read and write requests that are served in this DRAM element per memory cycle for level _0_0_3_1
ramulator.average_serving_requests_0_0_3_1            0.030469                                      # The average of read and write requests that are served in this DRAM element per memory cycle for level _0_0_3_1
         ramulator.active_cycles_0_0_3_2              294190                                      # Total active cycles for level _0_0_3_2
           ramulator.busy_cycles_0_0_3_2              294190                                      # (All-bank refresh only. busy cycles only include refresh time in rank level) The sum of cycles that the DRAM part is active or under refresh for level _0_0_3_2
      ramulator.serving_requests_0_0_3_2              354582                                      # The sum of read and write requests that are served in this DRAM element per memory cycle for level _0_0_3_2
ramulator.average_serving_requests_0_0_3_2            0.026649                                      # The average of read and write requests that are served in this DRAM element per memory cycle for level _0_0_3_2
         ramulator.active_cycles_0_0_3_3              194315                                      # Total active cycles for level _0_0_3_3
           ramulator.busy_cycles_0_0_3_3              194315                                      # (All-bank refresh only. busy cycles only include refresh time in rank level) The sum of cycles that the DRAM part is active or under refresh for level _0_0_3_3
      ramulator.serving_requests_0_0_3_3              255118                                      # The sum of read and write requests that are served in this DRAM element per memory cycle for level _0_0_3_3
ramulator.average_serving_requests_0_0_3_3            0.019174                                      # The average of read and write requests that are served in this DRAM element per memory cycle for level _0_0_3_3
      ramulator.read_transaction_bytes_0             9866496                                      # The total byte of read transaction per channel
     ramulator.write_transaction_bytes_0             4160192                                      # The total byte of write transaction per channel
       ramulator.row_hits_channel_0_core              182834                                      # Number of row hits per channel per core
     ramulator.row_misses_channel_0_core                9304                                      # Number of row misses per channel per core
  ramulator.row_conflicts_channel_0_core               27029                                      # Number of row conflicts per channel per core
  ramulator.read_row_hits_channel_0_core              134406                                      # Number of row hits for read requests per channel per core
                                     [0]            134406.0                                      # 
ramulator.read_row_misses_channel_0_core                5239                                      # Number of row misses for read requests per channel per core
                                     [0]              5239.0                                      # 
ramulator.read_row_conflicts_channel_0_core               14519                                      # Number of row conflicts for read requests per channel per core
                                     [0]             14519.0                                      # 
 ramulator.write_row_hits_channel_0_core               48428                                      # Number of row hits for write requests per channel per core
                                     [0]             48428.0                                      # 
ramulator.write_row_misses_channel_0_core                4065                                      # Number of row misses for write requests per channel per core
                                     [0]              4065.0                                      # 
ramulator.write_row_conflicts_channel_0_core               12510                                      # Number of row conflicts for write requests per channel per core
                                     [0]             12510.0                                      # 
      ramulator.useless_activates_0_core                 131                                      # Number of useless activations. E.g, ACT -> PRE w/o RD or WR
            ramulator.read_latency_avg_0          125.064488                                      # The average memory latency cycles (in memory time domain) per request for all read requests in this channel
            ramulator.read_latency_sum_0            19280942                                      # The memory latency cycles (in memory time domain) sum for all read requests in this channel
        ramulator.req_queue_length_avg_0           12.475252                                      # Average of read and write queue length per memory cycle per channel.
        ramulator.req_queue_length_sum_0           165992377                                      # Sum of read and write queue length per memory cycle per channel.
   ramulator.read_req_queue_length_avg_0            1.423751                                      # Read queue length average per memory cycle per channel.
   ramulator.read_req_queue_length_sum_0            18944055                                      # Read queue length sum per memory cycle per channel.
  ramulator.write_req_queue_length_avg_0           11.051501                                      # Write queue length average per memory cycle per channel.
  ramulator.write_req_queue_length_sum_0           147048322                                      # Write queue length sum per memory cycle per channel.
              ramulator.record_read_hits                 0.0                                      # record read hit count for this core when it reaches request limit or to the end
                                     [0]                 0.0                                      # 
            ramulator.record_read_misses                 0.0                                      # record_read_miss count for this core when it reaches request limit or to the end
                                     [0]                 0.0                                      # 
         ramulator.record_read_conflicts                 0.0                                      # record read conflict count for this core when it reaches request limit or to the end
                                     [0]                 0.0                                      # 
             ramulator.record_write_hits                 0.0                                      # record write hit count for this core when it reaches request limit or to the end
                                     [0]                 0.0                                      # 
           ramulator.record_write_misses                 0.0                                      # record write miss count for this core when it reaches request limit or to the end
                                     [0]                 0.0                                      # 
        ramulator.record_write_conflicts                 0.0                                      # record write conflict for this core when it reaches request limit or to the end
                                     [0]                 0.0                                      # 
                 ramulator.dram_capacity          8589934592                                      # Number of bytes in simulated DRAM
                   ramulator.dram_cycles            13305733                                      # Number of DRAM cycles simulated
             ramulator.incoming_requests              219188                                      # Number of incoming requests to DRAM
                 ramulator.read_requests              154168                                      # Number of incoming read requests to DRAM per core
                                     [0]            154168.0                                      # 
                ramulator.write_requests               65020                                      # Number of incoming write requests to DRAM per core
                                     [0]             65020.0                                      # 
       ramulator.ramulator_active_cycles             3812914                                      # The total number of cycles that the DRAM part is active (serving R/W)
 ramulator.incoming_requests_per_channel            219188.0                                      # Number of incoming requests to each DRAM channel
                                     [0]            219188.0                                      # 
ramulator.incoming_read_reqs_per_channel            154168.0                                      # Number of incoming read requests to each DRAM channel
                                     [0]            154168.0                                      # 
     ramulator.physical_page_replacement                   0                                      # The number of times that physical page replacement happens.
             ramulator.maximum_bandwidth         19200000000                                      # The theoretical maximum bandwidth (Bps)
          ramulator.in_queue_req_num_sum           165992377                                      # Sum of read/write queue length
     ramulator.in_queue_read_req_num_sum            18944055                                      # Sum of read queue length
    ramulator.in_queue_write_req_num_sum           147048322                                      # Sum of write queue length
          ramulator.in_queue_req_num_avg           12.475252                                      # Average of read/write queue length per memory cycle
     ramulator.in_queue_read_req_num_avg            1.423751                                      # Average of read queue length per memory cycle
    ramulator.in_queue_write_req_num_avg           11.051501                                      # Average of write queue length per memory cycle
          ramulator.record_read_requests                 0.0                                      # record read requests for this core when it reaches request limit or to the end
                                     [0]                 0.0                                      # 
         ramulator.record_write_requests                 0.0                                      # record write requests for this core when it reaches request limit or to the end
                                     [0]                 0.0                                      # 
