/* -*- Mode: c -*- */
####################################################################################################
Core 0
####################################################################################################
Cumulative:        Cycles: 34098634              Instructions: 100000000             IPC: 2.93267

EXECUTION_TIME                           10655823125000                  10655823125000              

NODE_CYCLE                                    34098634                       34098634              

NODE_INST_COUNT                              100000000                      100000000              

NODE_UOP_COUNT                               110907477                      110907477              

FULL_WINDOW_STALL                              9634161       28.254%          9634161       28.254%

FULL_WINDOW_MEM_OP                             3432664       51.967%          3432664       51.967%
FULL_WINDOW_FP_OP                              3086608       46.728%          3086608       46.728%
FULL_WINDOW_OTHER_OP                             86229        1.305%            86229        1.305%
                                               6605501      100.000%          6605501      100.000%
                                                  0.49         0.39              0.49         0.39

RET_BLOCKED_DC_MISS                            1970015        5.777%          1970015        5.777%

RET_BLOCKED_L1_MISS                            1841941        5.402%          1841941        5.402%

RET_BLOCKED_L1_MISS_BW_PREF                     461043        1.352%           461043        1.352%

RET_BLOCKED_L1_ACCESS                           148381        0.435%           148381        0.435%

RET_BLOCKED_MEM_STALL                          1966366        5.767%          1966366        5.767%

RET_BLOCKED_OFFCHIP_DEMAND                           0        0.000%                0        0.000%

OP_ISSUED                                    110907485                      110907485              

OP_RETIRED                                   110907477                      110907477              

REPLAY_SIGNALED                                      0                              0              

REPLAY_COUNTED                                       0                              0              

OFF_CRITICAL_PATH                                    0         -nan%                0         -nan%
ON_CRITICAL_PATH                                     0         -nan%                0         -nan%
                                                     0         -nan%                0         -nan%
                                                  -nan         -nan              -nan         -nan

LD_NO_DEPENDENTS                                525001        2.091%           525001        2.091%
LD_DEPENDENTS                                 24585140       97.909%         24585140       97.909%
                                              25110141      100.000%         25110141      100.000%
                                                  0.98         0.97              0.98         0.97

LD_EXEC_CYCLES_0                                     0        0.000%                0        0.000%
LD_EXEC_CYCLES_1                                     0        0.000%                0        0.000%
LD_EXEC_CYCLES_2                                     0        0.000%                0        0.000%
LD_EXEC_CYCLES_3                              12613985       70.897%         12613985       70.897%
LD_EXEC_CYCLES_4                               5178077       29.103%          5178077       29.103%
                                              17792062      100.000%         17792062      100.000%
                                                  3.29         1.83              3.29         1.83

FU_BUSY_0                                     28267841                       28267841              

FU_BUSY_1                                     24454855                       24454855              

FU_BUSY_2                                     21840502                       21840502              

FU_BUSY_3                                     17152671                       17152671              

FU_BUSY_4                                     14361867                       14361867              

FU_BUSY_5                                     12608794                       12608794              

FU_BUSY_6                                     10698815                       10698815              

FU_BUSY_7                                      9134234                        9134234              

FU_BUSY_8                                            0                              0              

FU_BUSY_9                                            0                              0              

FU_BUSY_10                                           0                              0              

FU_BUSY_11                                           0                              0              

FU_BUSY_12                                           0                              0              

FU_BUSY_13                                           0                              0              

FU_BUSY_14                                           0                              0              

FU_BUSY_15                                           0                              0              

FU_BUSY_16                                           0                              0              

FU_BUSY_17                                           0                              0              

FU_BUSY_18                                           0                              0              

FU_BUSY_19                                           0                              0              

FU_BUSY_20                                           0                              0              

FU_BUSY_21                                           0                              0              

FU_BUSY_22                                           0                              0              

FU_BUSY_23                                           0                              0              

FU_BUSY_24                                           0                              0              

FU_BUSY_25                                           0                              0              

FU_BUSY_26                                           0                              0              

FU_BUSY_27                                           0                              0              

FU_BUSY_28                                           0                              0              

FU_BUSY_29                                           0                              0              

FU_BUSY_30                                           0                              0              

FU_BUSY_31                                           0                              0              

OP_WAIT_0                                     75205182                       75205182              

OP_WAIT_1                                     16456133                       16456133              

OP_WAIT_2                                      4454246                        4454246              

OP_WAIT_3                                      2016486                        2016486              

OP_WAIT_4                                      1600904                        1600904              

OP_WAIT_5                                      1092532                        1092532              

OP_WAIT_6                                       798491                         798491              

OP_WAIT_7                                      1717302                        1717302              

OP_WAIT_8                                      1638908                        1638908              

OP_WAIT_9                                      1037889                        1037889              

OP_WAIT_10                                     2235681                        2235681              

OP_WAIT_11                                      686533                         686533              

OP_WAIT_12                                      605760                         605760              

OP_WAIT_13                                      257044                         257044              

OP_WAIT_14                                      231270                         231270              

OP_WAIT_15                                      122238                         122238              

OP_WAIT_16                                      102371                         102371              

OP_WAIT_17                                       87723                          87723              

OP_WAIT_18                                       67945                          67945              

OP_WAIT_19                                       34518                          34518              

OP_WAIT_20                                       32205                          32205              

OP_WAIT_21                                       20791                          20791              

OP_WAIT_22                                       17047                          17047              

OP_WAIT_23                                       20418                          20418              

OP_WAIT_24                                       18140                          18140              

OP_WAIT_25                                       19289                          19289              

OP_WAIT_26                                       50278                          50278              

OP_WAIT_27                                       34536                          34536              

OP_WAIT_28                                       15725                          15725              

OP_WAIT_29                                        4075                           4075              

OP_WAIT_30                                        9294                           9294              

OP_WAIT_31                                      216523                         216523              

ROW_SIZE_0                                    10529590                       10529590              

ROW_SIZE_1                                     1906285                        1906285              

ROW_SIZE_2                                     1378297                        1378297              

ROW_SIZE_3                                     1192422                        1192422              

ROW_SIZE_4                                     1485170                        1485170              

ROW_SIZE_5                                      372500                         372500              

ROW_SIZE_6                                    15810692                       15810692              

ROW_SIZE_7                                           0                              0              

ROW_SIZE_8                                           0                              0              

ROW_SIZE_9                                           0                              0              

ROW_SIZE_10                                          0                              0              

ROW_SIZE_11                                          0                              0              

ROW_SIZE_12                                          0                              0              

ROW_SIZE_13                                          0                              0              

ROW_SIZE_14                                          0                              0              

ROW_SIZE_15                                          0                              0              

ROW_SIZE_16                                          0                              0              

ROW_SIZE_17                                          0                              0              

ROW_SIZE_18                                          0                              0              

ROW_SIZE_19                                          0                              0              

ROW_SIZE_20                                          0                              0              

ROW_SIZE_21                                          0                              0              

ROW_SIZE_22                                          0                              0              

ROW_SIZE_23                                          0                              0              

ROW_SIZE_24                                          0                              0              

ROW_SIZE_25                                          0                              0              

ROW_SIZE_26                                          0                              0              

ROW_SIZE_27                                          0                              0              

ROW_SIZE_28                                          0                              0              

ROW_SIZE_29                                          0                              0              

ROW_SIZE_30                                          0                              0              

ROW_SIZE_31                                          0                              0              

RET_OP_EXEC_COUNT_0                                  0        0.000%                0        0.000%
RET_OP_EXEC_COUNT_1                          110907477      100.000%        110907477      100.000%
RET_OP_EXEC_COUNT_2                                  0        0.000%                0        0.000%
RET_OP_EXEC_COUNT_3                                  0        0.000%                0        0.000%
RET_OP_EXEC_COUNT_4                                  0        0.000%                0        0.000%
RET_OP_EXEC_COUNT_5                                  0        0.000%                0        0.000%
RET_OP_EXEC_COUNT_6                                  0        0.000%                0        0.000%
RET_OP_EXEC_COUNT_7                                  0        0.000%                0        0.000%
RET_OP_EXEC_COUNT_8                                  0        0.000%                0        0.000%
RET_OP_EXEC_COUNT_9                                  0        0.000%                0        0.000%
RET_OP_EXEC_COUNT_10                                 0        0.000%                0        0.000%
RET_OP_EXEC_COUNT_11                                 0        0.000%                0        0.000%
RET_OP_EXEC_COUNT_12                                 0        0.000%                0        0.000%
RET_OP_EXEC_COUNT_13                                 0        0.000%                0        0.000%
RET_OP_EXEC_COUNT_14                                 0        0.000%                0        0.000%
RET_OP_EXEC_COUNT_15                                 0        0.000%                0        0.000%
RET_OP_EXEC_COUNT_16                                 0        0.000%                0        0.000%
RET_OP_EXEC_COUNT_17                                 0        0.000%                0        0.000%
RET_OP_EXEC_COUNT_18                                 0        0.000%                0        0.000%
RET_OP_EXEC_COUNT_19                                 0        0.000%                0        0.000%
RET_OP_EXEC_COUNT_20                                 0        0.000%                0        0.000%
RET_OP_EXEC_COUNT_21                                 0        0.000%                0        0.000%
RET_OP_EXEC_COUNT_22                                 0        0.000%                0        0.000%
RET_OP_EXEC_COUNT_23                                 0        0.000%                0        0.000%
RET_OP_EXEC_COUNT_24                                 0        0.000%                0        0.000%
RET_OP_EXEC_COUNT_25                                 0        0.000%                0        0.000%
RET_OP_EXEC_COUNT_26                                 0        0.000%                0        0.000%
RET_OP_EXEC_COUNT_27                                 0        0.000%                0        0.000%
RET_OP_EXEC_COUNT_28                                 0        0.000%                0        0.000%
RET_OP_EXEC_COUNT_29                                 0        0.000%                0        0.000%
RET_OP_EXEC_COUNT_30                                 0        0.000%                0        0.000%
RET_OP_EXEC_COUNT_31                                 0        0.000%                0        0.000%
RET_OP_EXEC_COUNT_32                                 0        0.000%                0        0.000%
                                             110907477      100.000%        110907477      100.000%
                                                  1.00         0.00              1.00         0.00

RET_STALL_LENGTH_0                           110901808       99.995%        110901808       99.995%
RET_STALL_LENGTH_100                              3388        0.003%             3388        0.003%
RET_STALL_LENGTH_200                               253        0.000%              253        0.000%
RET_STALL_LENGTH_300                               476        0.000%              476        0.000%
RET_STALL_LENGTH_400                               602        0.001%              602        0.001%
RET_STALL_LENGTH_500                               386        0.000%              386        0.000%
RET_STALL_LENGTH_600                               207        0.000%              207        0.000%
RET_STALL_LENGTH_700                               107        0.000%              107        0.000%
RET_STALL_LENGTH_800                                43        0.000%               43        0.000%
RET_STALL_LENGTH_900                                30        0.000%               30        0.000%
RET_STALL_LENGTH_1000                               17        0.000%               17        0.000%
RET_STALL_LENGTH_1100                               23        0.000%               23        0.000%
RET_STALL_LENGTH_1200                               74        0.000%               74        0.000%
RET_STALL_LENGTH_1300                               12        0.000%               12        0.000%
RET_STALL_LENGTH_1400                                4        0.000%                4        0.000%
RET_STALL_LENGTH_1500                                3        0.000%                3        0.000%
RET_STALL_LENGTH_1600                               14        0.000%               14        0.000%
RET_STALL_LENGTH_1700                               10        0.000%               10        0.000%
RET_STALL_LENGTH_1800                               12        0.000%               12        0.000%
RET_STALL_LENGTH_1900                                5        0.000%                5        0.000%
RET_STALL_LENGTH_2000                                1        0.000%                1        0.000%
RET_STALL_LENGTH_2100                                2        0.000%                2        0.000%
RET_STALL_LENGTH_2200                                0        0.000%                0        0.000%
RET_STALL_LENGTH_2300                                0        0.000%                0        0.000%
RET_STALL_LENGTH_2400                                0        0.000%                0        0.000%
RET_STALL_LENGTH_2500                                0        0.000%                0        0.000%
RET_STALL_LENGTH_2600                                0        0.000%                0        0.000%
RET_STALL_LENGTH_2700                                0        0.000%                0        0.000%
RET_STALL_LENGTH_2800                                0        0.000%                0        0.000%
RET_STALL_LENGTH_2900                                0        0.000%                0        0.000%
RET_STALL_LENGTH_3000                                0        0.000%                0        0.000%
RET_STALL_LENGTH_3100                                0        0.000%                0        0.000%
RET_STALL_LENGTH_3200                                0        0.000%                0        0.000%
RET_STALL_LENGTH_3300                                0        0.000%                0        0.000%
RET_STALL_LENGTH_3400                                0        0.000%                0        0.000%
RET_STALL_LENGTH_3500                                0        0.000%                0        0.000%
RET_STALL_LENGTH_3600                                0        0.000%                0        0.000%
RET_STALL_LENGTH_3700                                0        0.000%                0        0.000%
RET_STALL_LENGTH_3800                                0        0.000%                0        0.000%
RET_STALL_LENGTH_3900                                0        0.000%                0        0.000%
RET_STALL_LENGTH_4000                                0        0.000%                0        0.000%
RET_STALL_LENGTH_4100                                0        0.000%                0        0.000%
RET_STALL_LENGTH_4200                                0        0.000%                0        0.000%
RET_STALL_LENGTH_4300                                0        0.000%                0        0.000%
RET_STALL_LENGTH_4400                                0        0.000%                0        0.000%
RET_STALL_LENGTH_4500                                0        0.000%                0        0.000%
RET_STALL_LENGTH_4600                                0        0.000%                0        0.000%
RET_STALL_LENGTH_4700                                0        0.000%                0        0.000%
RET_STALL_LENGTH_4800                                0        0.000%                0        0.000%
RET_STALL_LENGTH_4900                                0        0.000%                0        0.000%
RET_STALL_LENGTH_5000                                0        0.000%                0        0.000%
                                             110907477      100.000%        110907477      100.000%
                                                  0.00         0.03              0.00         0.03

MEM_BLOCK_LENGTH_0                                7255       81.829%             7255       81.829%
MEM_BLOCK_LENGTH_100                               331        3.733%              331        3.733%
MEM_BLOCK_LENGTH_200                               126        1.421%              126        1.421%
MEM_BLOCK_LENGTH_300                               173        1.951%              173        1.951%
MEM_BLOCK_LENGTH_400                               212        2.391%              212        2.391%
MEM_BLOCK_LENGTH_500                               158        1.782%              158        1.782%
MEM_BLOCK_LENGTH_600                               146        1.647%              146        1.647%
MEM_BLOCK_LENGTH_700                               134        1.511%              134        1.511%
MEM_BLOCK_LENGTH_800                                81        0.914%               81        0.914%
MEM_BLOCK_LENGTH_900                                46        0.519%               46        0.519%
MEM_BLOCK_LENGTH_1000                               31        0.350%               31        0.350%
MEM_BLOCK_LENGTH_1100                               22        0.248%               22        0.248%
MEM_BLOCK_LENGTH_1200                               26        0.293%               26        0.293%
MEM_BLOCK_LENGTH_1300                               22        0.248%               22        0.248%
MEM_BLOCK_LENGTH_1400                               13        0.147%               13        0.147%
MEM_BLOCK_LENGTH_1500                               14        0.158%               14        0.158%
MEM_BLOCK_LENGTH_1600                               13        0.147%               13        0.147%
MEM_BLOCK_LENGTH_1700                               12        0.135%               12        0.135%
MEM_BLOCK_LENGTH_1800                               15        0.169%               15        0.169%
MEM_BLOCK_LENGTH_1900                               10        0.113%               10        0.113%
MEM_BLOCK_LENGTH_2000                                5        0.056%                5        0.056%
MEM_BLOCK_LENGTH_2100                                5        0.056%                5        0.056%
MEM_BLOCK_LENGTH_2200                                2        0.023%                2        0.023%
MEM_BLOCK_LENGTH_2300                                3        0.034%                3        0.034%
MEM_BLOCK_LENGTH_2400                                2        0.023%                2        0.023%
MEM_BLOCK_LENGTH_2500                                2        0.023%                2        0.023%
MEM_BLOCK_LENGTH_2600                                0        0.000%                0        0.000%
MEM_BLOCK_LENGTH_2700                                0        0.000%                0        0.000%
MEM_BLOCK_LENGTH_2800                                0        0.000%                0        0.000%
MEM_BLOCK_LENGTH_2900                                0        0.000%                0        0.000%
MEM_BLOCK_LENGTH_3000                                0        0.000%                0        0.000%
MEM_BLOCK_LENGTH_3100                                1        0.011%                1        0.011%
MEM_BLOCK_LENGTH_3200                                3        0.034%                3        0.034%
MEM_BLOCK_LENGTH_3300                                1        0.011%                1        0.011%
MEM_BLOCK_LENGTH_3400                                1        0.011%                1        0.011%
MEM_BLOCK_LENGTH_3500                                0        0.000%                0        0.000%
MEM_BLOCK_LENGTH_3600                                0        0.000%                0        0.000%
MEM_BLOCK_LENGTH_3700                                0        0.000%                0        0.000%
MEM_BLOCK_LENGTH_3800                                0        0.000%                0        0.000%
MEM_BLOCK_LENGTH_3900                                0        0.000%                0        0.000%
MEM_BLOCK_LENGTH_4000                                0        0.000%                0        0.000%
MEM_BLOCK_LENGTH_4100                                0        0.000%                0        0.000%
MEM_BLOCK_LENGTH_4200                                0        0.000%                0        0.000%
MEM_BLOCK_LENGTH_4300                                0        0.000%                0        0.000%
MEM_BLOCK_LENGTH_4400                                0        0.000%                0        0.000%
MEM_BLOCK_LENGTH_4500                                0        0.000%                0        0.000%
MEM_BLOCK_LENGTH_4600                                0        0.000%                0        0.000%
MEM_BLOCK_LENGTH_4700                                0        0.000%                0        0.000%
MEM_BLOCK_LENGTH_4800                                0        0.000%                0        0.000%
MEM_BLOCK_LENGTH_4900                                0        0.000%                0        0.000%
MEM_BLOCK_LENGTH_5000                                1        0.011%                1        0.011%
                                                  8866      100.000%             8866      100.000%
                                                  0.98         2.75              0.98         2.75

FUS_BUSY_ON_PATH                             138519579        4.0623        138519579        4.0623

FUS_BUSY_OFF_PATH                                    0        0.0000                0        0.0000

FU_BUSY_MEM_STALL                             27610543        0.8097         27610543        0.8097

FUS_EMPTY                                    134269493        3.9377        134269493        3.9377

CHIP_UTILIZATION                                     0        0.0000                0        0.0000

CYCLES_UNDER_MEM_REQ                                 0                              0              

CYCLES_UNDER_NO_MEM_REQ                              0                              0              

CYCLES_UNDER_CRITICAL_MEM_REQ                        0                              0              

CYCLES_UNDER_NONCRITICAL_MEM_REQ                     0                              0              

CHIP_UTILIZATION_UNDER_MEM_REQ                       0          -nan                0          -nan

CHIP_UTILIZATION_UNDER_NO_MEM_REQ                    0          -nan                0          -nan

CHIP_UTILIZATION_UNDER_CRITICAL_MEM_REQ              0          -nan                0          -nan

CHIP_UTILIZATION_UNDER_NONCRITICAL_MEM_REQ             0          -nan                0          -nan

CYCLES_NOT_WAITING_FOR_OFF_CHIP                      0        0.0000                0        0.0000

FUS_BUSY_NOT_WAITING_FOR_OFF_CHIP                    0          -nan                0          -nan

CYCLES_WAITING_FOR_OFF_CHIP                          0        0.0000                0        0.0000

FUS_BUSY_WAITING_FOR_OFF_CHIP                        0          -nan                0          -nan

TOTAL_OFF_CHIP_DELAYS_LEFT                           0                              0              

WRONG_IO_SCHED                                       0                              0              

DVFS_CONFIG_SWITCH                                   0                              0              



