               ramulator.active_cycles_0             2942764                                      # Total active cycles for level _0
                 ramulator.busy_cycles_0             2942764                                      # (All-bank refresh only. busy cycles only include refresh time in rank level) The sum of cycles that the DRAM part is active or under refresh for level _0
            ramulator.serving_requests_0             6217565                                      # The sum of read and write requests that are served in this DRAM element per memory cycle for level _0
    ramulator.average_serving_requests_0            0.486241                                      # The average of read and write requests that are served in this DRAM element per memory cycle for level _0
             ramulator.active_cycles_0_0             2942764                                      # Total active cycles for level _0_0
               ramulator.busy_cycles_0_0             3440884                                      # (All-bank refresh only. busy cycles only include refresh time in rank level) The sum of cycles that the DRAM part is active or under refresh for level _0_0
          ramulator.serving_requests_0_0             6217565                                      # The sum of read and write requests that are served in this DRAM element per memory cycle for level _0_0
  ramulator.average_serving_requests_0_0            0.486241                                      # The average of read and write requests that are served in this DRAM element per memory cycle for level _0_0
           ramulator.active_cycles_0_0_0              861335                                      # Total active cycles for level _0_0_0
             ramulator.busy_cycles_0_0_0              861335                                      # (All-bank refresh only. busy cycles only include refresh time in rank level) The sum of cycles that the DRAM part is active or under refresh for level _0_0_0
        ramulator.serving_requests_0_0_0             1288909                                      # The sum of read and write requests that are served in this DRAM element per memory cycle for level _0_0_0
ramulator.average_serving_requests_0_0_0            0.100798                                      # The average of read and write requests that are served in this DRAM element per memory cycle for level _0_0_0
         ramulator.active_cycles_0_0_0_0              231230                                      # Total active cycles for level _0_0_0_0
           ramulator.busy_cycles_0_0_0_0              231230                                      # (All-bank refresh only. busy cycles only include refresh time in rank level) The sum of cycles that the DRAM part is active or under refresh for level _0_0_0_0
      ramulator.serving_requests_0_0_0_0              307271                                      # The sum of read and write requests that are served in this DRAM element per memory cycle for level _0_0_0_0
ramulator.average_serving_requests_0_0_0_0            0.024030                                      # The average of read and write requests that are served in this DRAM element per memory cycle for level _0_0_0_0
         ramulator.active_cycles_0_0_0_1              244461                                      # Total active cycles for level _0_0_0_1
           ramulator.busy_cycles_0_0_0_1              244461                                      # (All-bank refresh only. busy cycles only include refresh time in rank level) The sum of cycles that the DRAM part is active or under refresh for level _0_0_0_1
      ramulator.serving_requests_0_0_0_1              328637                                      # The sum of read and write requests that are served in this DRAM element per memory cycle for level _0_0_0_1
ramulator.average_serving_requests_0_0_0_1            0.025701                                      # The average of read and write requests that are served in this DRAM element per memory cycle for level _0_0_0_1
         ramulator.active_cycles_0_0_0_2              220164                                      # Total active cycles for level _0_0_0_2
           ramulator.busy_cycles_0_0_0_2              220164                                      # (All-bank refresh only. busy cycles only include refresh time in rank level) The sum of cycles that the DRAM part is active or under refresh for level _0_0_0_2
      ramulator.serving_requests_0_0_0_2              292591                                      # The sum of read and write requests that are served in this DRAM element per memory cycle for level _0_0_0_2
ramulator.average_serving_requests_0_0_0_2            0.022882                                      # The average of read and write requests that are served in this DRAM element per memory cycle for level _0_0_0_2
         ramulator.active_cycles_0_0_0_3              267848                                      # Total active cycles for level _0_0_0_3
           ramulator.busy_cycles_0_0_0_3              267848                                      # (All-bank refresh only. busy cycles only include refresh time in rank level) The sum of cycles that the DRAM part is active or under refresh for level _0_0_0_3
      ramulator.serving_requests_0_0_0_3              360410                                      # The sum of read and write requests that are served in this DRAM element per memory cycle for level _0_0_0_3
ramulator.average_serving_requests_0_0_0_3            0.028186                                      # The average of read and write requests that are served in this DRAM element per memory cycle for level _0_0_0_3
           ramulator.active_cycles_0_0_1             1548771                                      # Total active cycles for level _0_0_1
             ramulator.busy_cycles_0_0_1             1548771                                      # (All-bank refresh only. busy cycles only include refresh time in rank level) The sum of cycles that the DRAM part is active or under refresh for level _0_0_1
        ramulator.serving_requests_0_0_1             1937329                                      # The sum of read and write requests that are served in this DRAM element per memory cycle for level _0_0_1
ramulator.average_serving_requests_0_0_1            0.151508                                      # The average of read and write requests that are served in this DRAM element per memory cycle for level _0_0_1
         ramulator.active_cycles_0_0_1_0              235111                                      # Total active cycles for level _0_0_1_0
           ramulator.busy_cycles_0_0_1_0              235111                                      # (All-bank refresh only. busy cycles only include refresh time in rank level) The sum of cycles that the DRAM part is active or under refresh for level _0_0_1_0
      ramulator.serving_requests_0_0_1_0              304267                                      # The sum of read and write requests that are served in this DRAM element per memory cycle for level _0_0_1_0
ramulator.average_serving_requests_0_0_1_0            0.023795                                      # The average of read and write requests that are served in this DRAM element per memory cycle for level _0_0_1_0
         ramulator.active_cycles_0_0_1_1              213452                                      # Total active cycles for level _0_0_1_1
           ramulator.busy_cycles_0_0_1_1              213452                                      # (All-bank refresh only. busy cycles only include refresh time in rank level) The sum of cycles that the DRAM part is active or under refresh for level _0_0_1_1
      ramulator.serving_requests_0_0_1_1              276903                                      # The sum of read and write requests that are served in this DRAM element per memory cycle for level _0_0_1_1
ramulator.average_serving_requests_0_0_1_1            0.021655                                      # The average of read and write requests that are served in this DRAM element per memory cycle for level _0_0_1_1
         ramulator.active_cycles_0_0_1_2              270768                                      # Total active cycles for level _0_0_1_2
           ramulator.busy_cycles_0_0_1_2              270768                                      # (All-bank refresh only. busy cycles only include refresh time in rank level) The sum of cycles that the DRAM part is active or under refresh for level _0_0_1_2
      ramulator.serving_requests_0_0_1_2              351192                                      # The sum of read and write requests that are served in this DRAM element per memory cycle for level _0_0_1_2
ramulator.average_serving_requests_0_0_1_2            0.027465                                      # The average of read and write requests that are served in this DRAM element per memory cycle for level _0_0_1_2
         ramulator.active_cycles_0_0_1_3              944285                                      # Total active cycles for level _0_0_1_3
           ramulator.busy_cycles_0_0_1_3              944285                                      # (All-bank refresh only. busy cycles only include refresh time in rank level) The sum of cycles that the DRAM part is active or under refresh for level _0_0_1_3
      ramulator.serving_requests_0_0_1_3             1004967                                      # The sum of read and write requests that are served in this DRAM element per memory cycle for level _0_0_1_3
ramulator.average_serving_requests_0_0_1_3            0.078593                                      # The average of read and write requests that are served in this DRAM element per memory cycle for level _0_0_1_3
           ramulator.active_cycles_0_0_2              812538                                      # Total active cycles for level _0_0_2
             ramulator.busy_cycles_0_0_2              812538                                      # (All-bank refresh only. busy cycles only include refresh time in rank level) The sum of cycles that the DRAM part is active or under refresh for level _0_0_2
        ramulator.serving_requests_0_0_2             1193101                                      # The sum of read and write requests that are served in this DRAM element per memory cycle for level _0_0_2
ramulator.average_serving_requests_0_0_2            0.093306                                      # The average of read and write requests that are served in this DRAM element per memory cycle for level _0_0_2
         ramulator.active_cycles_0_0_2_0              250779                                      # Total active cycles for level _0_0_2_0
           ramulator.busy_cycles_0_0_2_0              250779                                      # (All-bank refresh only. busy cycles only include refresh time in rank level) The sum of cycles that the DRAM part is active or under refresh for level _0_0_2_0
      ramulator.serving_requests_0_0_2_0              323173                                      # The sum of read and write requests that are served in this DRAM element per memory cycle for level _0_0_2_0
ramulator.average_serving_requests_0_0_2_0            0.025274                                      # The average of read and write requests that are served in this DRAM element per memory cycle for level _0_0_2_0
         ramulator.active_cycles_0_0_2_1              258103                                      # Total active cycles for level _0_0_2_1
           ramulator.busy_cycles_0_0_2_1              258103                                      # (All-bank refresh only. busy cycles only include refresh time in rank level) The sum of cycles that the DRAM part is active or under refresh for level _0_0_2_1
      ramulator.serving_requests_0_0_2_1              335766                                      # The sum of read and write requests that are served in this DRAM element per memory cycle for level _0_0_2_1
ramulator.average_serving_requests_0_0_2_1            0.026258                                      # The average of read and write requests that are served in this DRAM element per memory cycle for level _0_0_2_1
         ramulator.active_cycles_0_0_2_2              239204                                      # Total active cycles for level _0_0_2_2
           ramulator.busy_cycles_0_0_2_2              239204                                      # (All-bank refresh only. busy cycles only include refresh time in rank level) The sum of cycles that the DRAM part is active or under refresh for level _0_0_2_2
      ramulator.serving_requests_0_0_2_2              323181                                      # The sum of read and write requests that are served in this DRAM element per memory cycle for level _0_0_2_2
ramulator.average_serving_requests_0_0_2_2            0.025274                                      # The average of read and write requests that are served in this DRAM element per memory cycle for level _0_0_2_2
         ramulator.active_cycles_0_0_2_3              159944                                      # Total active cycles for level _0_0_2_3
           ramulator.busy_cycles_0_0_2_3              159944                                      # (All-bank refresh only. busy cycles only include refresh time in rank level) The sum of cycles that the DRAM part is active or under refresh for level _0_0_2_3
      ramulator.serving_requests_0_0_2_3              210981                                      # The sum of read and write requests that are served in this DRAM element per memory cycle for level _0_0_2_3
ramulator.average_serving_requests_0_0_2_3            0.016500                                      # The average of read and write requests that are served in this DRAM element per memory cycle for level _0_0_2_3
           ramulator.active_cycles_0_0_3             1457205                                      # Total active cycles for level _0_0_3
             ramulator.busy_cycles_0_0_3             1457205                                      # (All-bank refresh only. busy cycles only include refresh time in rank level) The sum of cycles that the DRAM part is active or under refresh for level _0_0_3
        ramulator.serving_requests_0_0_3             1798226                                      # The sum of read and write requests that are served in this DRAM element per memory cycle for level _0_0_3
ramulator.average_serving_requests_0_0_3            0.140629                                      # The average of read and write requests that are served in this DRAM element per memory cycle for level _0_0_3
         ramulator.active_cycles_0_0_3_0              225301                                      # Total active cycles for level _0_0_3_0
           ramulator.busy_cycles_0_0_3_0              225301                                      # (All-bank refresh only. busy cycles only include refresh time in rank level) The sum of cycles that the DRAM part is active or under refresh for level _0_0_3_0
      ramulator.serving_requests_0_0_3_0              289867                                      # The sum of read and write requests that are served in this DRAM element per memory cycle for level _0_0_3_0
ramulator.average_serving_requests_0_0_3_0            0.022669                                      # The average of read and write requests that are served in this DRAM element per memory cycle for level _0_0_3_0
         ramulator.active_cycles_0_0_3_1              212074                                      # Total active cycles for level _0_0_3_1
           ramulator.busy_cycles_0_0_3_1              212074                                      # (All-bank refresh only. busy cycles only include refresh time in rank level) The sum of cycles that the DRAM part is active or under refresh for level _0_0_3_1
      ramulator.serving_requests_0_0_3_1              279509                                      # The sum of read and write requests that are served in this DRAM element per memory cycle for level _0_0_3_1
ramulator.average_serving_requests_0_0_3_1            0.021859                                      # The average of read and write requests that are served in this DRAM element per memory cycle for level _0_0_3_1
         ramulator.active_cycles_0_0_3_2              932269                                      # Total active cycles for level _0_0_3_2
           ramulator.busy_cycles_0_0_3_2              932269                                      # (All-bank refresh only. busy cycles only include refresh time in rank level) The sum of cycles that the DRAM part is active or under refresh for level _0_0_3_2
      ramulator.serving_requests_0_0_3_2              990744                                      # The sum of read and write requests that are served in this DRAM element per memory cycle for level _0_0_3_2
ramulator.average_serving_requests_0_0_3_2            0.077481                                      # The average of read and write requests that are served in this DRAM element per memory cycle for level _0_0_3_2
         ramulator.active_cycles_0_0_3_3              176743                                      # Total active cycles for level _0_0_3_3
           ramulator.busy_cycles_0_0_3_3              176743                                      # (All-bank refresh only. busy cycles only include refresh time in rank level) The sum of cycles that the DRAM part is active or under refresh for level _0_0_3_3
      ramulator.serving_requests_0_0_3_3              238106                                      # The sum of read and write requests that are served in this DRAM element per memory cycle for level _0_0_3_3
ramulator.average_serving_requests_0_0_3_3            0.018621                                      # The average of read and write requests that are served in this DRAM element per memory cycle for level _0_0_3_3
      ramulator.read_transaction_bytes_0             9780608                                      # The total byte of read transaction per channel
     ramulator.write_transaction_bytes_0             4100096                                      # The total byte of write transaction per channel
       ramulator.row_hits_channel_0_core              186747                                      # Number of row hits per channel per core
     ramulator.row_misses_channel_0_core                7778                                      # Number of row misses per channel per core
  ramulator.row_conflicts_channel_0_core               22361                                      # Number of row conflicts per channel per core
  ramulator.read_row_hits_channel_0_core              134045                                      # Number of row hits for read requests per channel per core
                                     [0]            134045.0                                      # 
ramulator.read_row_misses_channel_0_core                5226                                      # Number of row misses for read requests per channel per core
                                     [0]              5226.0                                      # 
ramulator.read_row_conflicts_channel_0_core               13551                                      # Number of row conflicts for read requests per channel per core
                                     [0]             13551.0                                      # 
 ramulator.write_row_hits_channel_0_core               52702                                      # Number of row hits for write requests per channel per core
                                     [0]             52702.0                                      # 
ramulator.write_row_misses_channel_0_core                2552                                      # Number of row misses for write requests per channel per core
                                     [0]              2552.0                                      # 
ramulator.write_row_conflicts_channel_0_core                8810                                      # Number of row conflicts for write requests per channel per core
                                     [0]              8810.0                                      # 
      ramulator.useless_activates_0_core                 103                                      # Number of useless activations. E.g, ACT -> PRE w/o RD or WR
            ramulator.read_latency_avg_0          129.663759                                      # The average memory latency cycles (in memory time domain) per request for all read requests in this channel
            ramulator.read_latency_sum_0            19817420                                      # The memory latency cycles (in memory time domain) sum for all read requests in this channel
        ramulator.req_queue_length_avg_0           13.293510                                      # Average of read and write queue length per memory cycle per channel.
        ramulator.req_queue_length_sum_0           169984007                                      # Sum of read and write queue length per memory cycle per channel.
   ramulator.read_req_queue_length_avg_0            1.525058                                      # Read queue length average per memory cycle per channel.
   ramulator.read_req_queue_length_sum_0            19500901                                      # Read queue length sum per memory cycle per channel.
  ramulator.write_req_queue_length_avg_0           11.768452                                      # Write queue length average per memory cycle per channel.
  ramulator.write_req_queue_length_sum_0           150483106                                      # Write queue length sum per memory cycle per channel.
              ramulator.record_read_hits                 0.0                                      # record read hit count for this core when it reaches request limit or to the end
                                     [0]                 0.0                                      # 
            ramulator.record_read_misses                 0.0                                      # record_read_miss count for this core when it reaches request limit or to the end
                                     [0]                 0.0                                      # 
         ramulator.record_read_conflicts                 0.0                                      # record read conflict count for this core when it reaches request limit or to the end
                                     [0]                 0.0                                      # 
             ramulator.record_write_hits                 0.0                                      # record write hit count for this core when it reaches request limit or to the end
                                     [0]                 0.0                                      # 
           ramulator.record_write_misses                 0.0                                      # record write miss count for this core when it reaches request limit or to the end
                                     [0]                 0.0                                      # 
        ramulator.record_write_conflicts                 0.0                                      # record write conflict for this core when it reaches request limit or to the end
                                     [0]                 0.0                                      # 
                 ramulator.dram_capacity          8589934592                                      # Number of bytes in simulated DRAM
                   ramulator.dram_cycles            12786992                                      # Number of DRAM cycles simulated
             ramulator.incoming_requests              216918                                      # Number of incoming requests to DRAM
                 ramulator.read_requests              152837                                      # Number of incoming read requests to DRAM per core
                                     [0]            152837.0                                      # 
                ramulator.write_requests               64081                                      # Number of incoming write requests to DRAM per core
                                     [0]             64081.0                                      # 
       ramulator.ramulator_active_cycles             2942764                                      # The total number of cycles that the DRAM part is active (serving R/W)
 ramulator.incoming_requests_per_channel            216918.0                                      # Number of incoming requests to each DRAM channel
                                     [0]            216918.0                                      # 
ramulator.incoming_read_reqs_per_channel            152837.0                                      # Number of incoming read requests to each DRAM channel
                                     [0]            152837.0                                      # 
     ramulator.physical_page_replacement                   0                                      # The number of times that physical page replacement happens.
             ramulator.maximum_bandwidth         19200000000                                      # The theoretical maximum bandwidth (Bps)
          ramulator.in_queue_req_num_sum           169984007                                      # Sum of read/write queue length
     ramulator.in_queue_read_req_num_sum            19500901                                      # Sum of read queue length
    ramulator.in_queue_write_req_num_sum           150483106                                      # Sum of write queue length
          ramulator.in_queue_req_num_avg           13.293510                                      # Average of read/write queue length per memory cycle
     ramulator.in_queue_read_req_num_avg            1.525058                                      # Average of read queue length per memory cycle
    ramulator.in_queue_write_req_num_avg           11.768452                                      # Average of write queue length per memory cycle
          ramulator.record_read_requests                 0.0                                      # record read requests for this core when it reaches request limit or to the end
                                     [0]                 0.0                                      # 
         ramulator.record_write_requests                 0.0                                      # record write requests for this core when it reaches request limit or to the end
                                     [0]                 0.0                                      # 
