               ramulator.active_cycles_0             2472687                                      # Total active cycles for level _0
                 ramulator.busy_cycles_0             2472687                                      # (All-bank refresh only. busy cycles only include refresh time in rank level) The sum of cycles that the DRAM part is active or under refresh for level _0
            ramulator.serving_requests_0             4977160                                      # The sum of read and write requests that are served in this DRAM element per memory cycle for level _0
    ramulator.average_serving_requests_0            0.388232                                      # The average of read and write requests that are served in this DRAM element per memory cycle for level _0
             ramulator.active_cycles_0_0             2472687                                      # Total active cycles for level _0_0
               ramulator.busy_cycles_0_0             3005667                                      # (All-bank refresh only. busy cycles only include refresh time in rank level) The sum of cycles that the DRAM part is active or under refresh for level _0_0
          ramulator.serving_requests_0_0             4977160                                      # The sum of read and write requests that are served in this DRAM element per memory cycle for level _0_0
  ramulator.average_serving_requests_0_0            0.388232                                      # The average of read and write requests that are served in this DRAM element per memory cycle for level _0_0
           ramulator.active_cycles_0_0_0              849653                                      # Total active cycles for level _0_0_0
             ramulator.busy_cycles_0_0_0              849653                                      # (All-bank refresh only. busy cycles only include refresh time in rank level) The sum of cycles that the DRAM part is active or under refresh for level _0_0_0
        ramulator.serving_requests_0_0_0             1272668                                      # The sum of read and write requests that are served in this DRAM element per memory cycle for level _0_0_0
ramulator.average_serving_requests_0_0_0            0.099272                                      # The average of read and write requests that are served in this DRAM element per memory cycle for level _0_0_0
         ramulator.active_cycles_0_0_0_0              225048                                      # Total active cycles for level _0_0_0_0
           ramulator.busy_cycles_0_0_0_0              225048                                      # (All-bank refresh only. busy cycles only include refresh time in rank level) The sum of cycles that the DRAM part is active or under refresh for level _0_0_0_0
      ramulator.serving_requests_0_0_0_0              296866                                      # The sum of read and write requests that are served in this DRAM element per memory cycle for level _0_0_0_0
ramulator.average_serving_requests_0_0_0_0            0.023156                                      # The average of read and write requests that are served in this DRAM element per memory cycle for level _0_0_0_0
         ramulator.active_cycles_0_0_0_1              249816                                      # Total active cycles for level _0_0_0_1
           ramulator.busy_cycles_0_0_0_1              249816                                      # (All-bank refresh only. busy cycles only include refresh time in rank level) The sum of cycles that the DRAM part is active or under refresh for level _0_0_0_1
      ramulator.serving_requests_0_0_0_1              334888                                      # The sum of read and write requests that are served in this DRAM element per memory cycle for level _0_0_0_1
ramulator.average_serving_requests_0_0_0_1            0.026122                                      # The average of read and write requests that are served in this DRAM element per memory cycle for level _0_0_0_1
         ramulator.active_cycles_0_0_0_2              201143                                      # Total active cycles for level _0_0_0_2
           ramulator.busy_cycles_0_0_0_2              201143                                      # (All-bank refresh only. busy cycles only include refresh time in rank level) The sum of cycles that the DRAM part is active or under refresh for level _0_0_0_2
      ramulator.serving_requests_0_0_0_2              272197                                      # The sum of read and write requests that are served in this DRAM element per memory cycle for level _0_0_0_2
ramulator.average_serving_requests_0_0_0_2            0.021232                                      # The average of read and write requests that are served in this DRAM element per memory cycle for level _0_0_0_2
         ramulator.active_cycles_0_0_0_3              277290                                      # Total active cycles for level _0_0_0_3
           ramulator.busy_cycles_0_0_0_3              277290                                      # (All-bank refresh only. busy cycles only include refresh time in rank level) The sum of cycles that the DRAM part is active or under refresh for level _0_0_0_3
      ramulator.serving_requests_0_0_0_3              368717                                      # The sum of read and write requests that are served in this DRAM element per memory cycle for level _0_0_0_3
ramulator.average_serving_requests_0_0_0_3            0.028761                                      # The average of read and write requests that are served in this DRAM element per memory cycle for level _0_0_0_3
           ramulator.active_cycles_0_0_1             1027843                                      # Total active cycles for level _0_0_1
             ramulator.busy_cycles_0_0_1             1027843                                      # (All-bank refresh only. busy cycles only include refresh time in rank level) The sum of cycles that the DRAM part is active or under refresh for level _0_0_1
        ramulator.serving_requests_0_0_1             1403761                                      # The sum of read and write requests that are served in this DRAM element per memory cycle for level _0_0_1
ramulator.average_serving_requests_0_0_1            0.109497                                      # The average of read and write requests that are served in this DRAM element per memory cycle for level _0_0_1
         ramulator.active_cycles_0_0_1_0              450635                                      # Total active cycles for level _0_0_1_0
           ramulator.busy_cycles_0_0_1_0              450635                                      # (All-bank refresh only. busy cycles only include refresh time in rank level) The sum of cycles that the DRAM part is active or under refresh for level _0_0_1_0
      ramulator.serving_requests_0_0_1_0              520914                                      # The sum of read and write requests that are served in this DRAM element per memory cycle for level _0_0_1_0
ramulator.average_serving_requests_0_0_1_0            0.040633                                      # The average of read and write requests that are served in this DRAM element per memory cycle for level _0_0_1_0
         ramulator.active_cycles_0_0_1_1              199712                                      # Total active cycles for level _0_0_1_1
           ramulator.busy_cycles_0_0_1_1              199712                                      # (All-bank refresh only. busy cycles only include refresh time in rank level) The sum of cycles that the DRAM part is active or under refresh for level _0_0_1_1
      ramulator.serving_requests_0_0_1_1              264099                                      # The sum of read and write requests that are served in this DRAM element per memory cycle for level _0_0_1_1
ramulator.average_serving_requests_0_0_1_1            0.020600                                      # The average of read and write requests that are served in this DRAM element per memory cycle for level _0_0_1_1
         ramulator.active_cycles_0_0_1_2              287304                                      # Total active cycles for level _0_0_1_2
           ramulator.busy_cycles_0_0_1_2              287304                                      # (All-bank refresh only. busy cycles only include refresh time in rank level) The sum of cycles that the DRAM part is active or under refresh for level _0_0_1_2
      ramulator.serving_requests_0_0_1_2              369383                                      # The sum of read and write requests that are served in this DRAM element per memory cycle for level _0_0_1_2
ramulator.average_serving_requests_0_0_1_2            0.028813                                      # The average of read and write requests that are served in this DRAM element per memory cycle for level _0_0_1_2
         ramulator.active_cycles_0_0_1_3              191025                                      # Total active cycles for level _0_0_1_3
           ramulator.busy_cycles_0_0_1_3              191025                                      # (All-bank refresh only. busy cycles only include refresh time in rank level) The sum of cycles that the DRAM part is active or under refresh for level _0_0_1_3
      ramulator.serving_requests_0_0_1_3              249365                                      # The sum of read and write requests that are served in this DRAM element per memory cycle for level _0_0_1_3
ramulator.average_serving_requests_0_0_1_3            0.019451                                      # The average of read and write requests that are served in this DRAM element per memory cycle for level _0_0_1_3
           ramulator.active_cycles_0_0_2              845848                                      # Total active cycles for level _0_0_2
             ramulator.busy_cycles_0_0_2              845848                                      # (All-bank refresh only. busy cycles only include refresh time in rank level) The sum of cycles that the DRAM part is active or under refresh for level _0_0_2
        ramulator.serving_requests_0_0_2             1226580                                      # The sum of read and write requests that are served in this DRAM element per memory cycle for level _0_0_2
ramulator.average_serving_requests_0_0_2            0.095677                                      # The average of read and write requests that are served in this DRAM element per memory cycle for level _0_0_2
         ramulator.active_cycles_0_0_2_0              257567                                      # Total active cycles for level _0_0_2_0
           ramulator.busy_cycles_0_0_2_0              257567                                      # (All-bank refresh only. busy cycles only include refresh time in rank level) The sum of cycles that the DRAM part is active or under refresh for level _0_0_2_0
      ramulator.serving_requests_0_0_2_0              330529                                      # The sum of read and write requests that are served in this DRAM element per memory cycle for level _0_0_2_0
ramulator.average_serving_requests_0_0_2_0            0.025782                                      # The average of read and write requests that are served in this DRAM element per memory cycle for level _0_0_2_0
         ramulator.active_cycles_0_0_2_1              227267                                      # Total active cycles for level _0_0_2_1
           ramulator.busy_cycles_0_0_2_1              227267                                      # (All-bank refresh only. busy cycles only include refresh time in rank level) The sum of cycles that the DRAM part is active or under refresh for level _0_0_2_1
      ramulator.serving_requests_0_0_2_1              304812                                      # The sum of read and write requests that are served in this DRAM element per memory cycle for level _0_0_2_1
ramulator.average_serving_requests_0_0_2_1            0.023776                                      # The average of read and write requests that are served in this DRAM element per memory cycle for level _0_0_2_1
         ramulator.active_cycles_0_0_2_2              237849                                      # Total active cycles for level _0_0_2_2
           ramulator.busy_cycles_0_0_2_2              237849                                      # (All-bank refresh only. busy cycles only include refresh time in rank level) The sum of cycles that the DRAM part is active or under refresh for level _0_0_2_2
      ramulator.serving_requests_0_0_2_2              321632                                      # The sum of read and write requests that are served in this DRAM element per memory cycle for level _0_0_2_2
ramulator.average_serving_requests_0_0_2_2            0.025088                                      # The average of read and write requests that are served in this DRAM element per memory cycle for level _0_0_2_2
         ramulator.active_cycles_0_0_2_3              218004                                      # Total active cycles for level _0_0_2_3
           ramulator.busy_cycles_0_0_2_3              218004                                      # (All-bank refresh only. busy cycles only include refresh time in rank level) The sum of cycles that the DRAM part is active or under refresh for level _0_0_2_3
      ramulator.serving_requests_0_0_2_3              269607                                      # The sum of read and write requests that are served in this DRAM element per memory cycle for level _0_0_2_3
ramulator.average_serving_requests_0_0_2_3            0.021030                                      # The average of read and write requests that are served in this DRAM element per memory cycle for level _0_0_2_3
           ramulator.active_cycles_0_0_3              737677                                      # Total active cycles for level _0_0_3
             ramulator.busy_cycles_0_0_3              737677                                      # (All-bank refresh only. busy cycles only include refresh time in rank level) The sum of cycles that the DRAM part is active or under refresh for level _0_0_3
        ramulator.serving_requests_0_0_3             1074130                                      # The sum of read and write requests that are served in this DRAM element per memory cycle for level _0_0_3
ramulator.average_serving_requests_0_0_3            0.083785                                      # The average of read and write requests that are served in this DRAM element per memory cycle for level _0_0_3
         ramulator.active_cycles_0_0_3_0              231171                                      # Total active cycles for level _0_0_3_0
           ramulator.busy_cycles_0_0_3_0              231171                                      # (All-bank refresh only. busy cycles only include refresh time in rank level) The sum of cycles that the DRAM part is active or under refresh for level _0_0_3_0
      ramulator.serving_requests_0_0_3_0              295277                                      # The sum of read and write requests that are served in this DRAM element per memory cycle for level _0_0_3_0
ramulator.average_serving_requests_0_0_3_0            0.023032                                      # The average of read and write requests that are served in this DRAM element per memory cycle for level _0_0_3_0
         ramulator.active_cycles_0_0_3_1              223580                                      # Total active cycles for level _0_0_3_1
           ramulator.busy_cycles_0_0_3_1              223580                                      # (All-bank refresh only. busy cycles only include refresh time in rank level) The sum of cycles that the DRAM part is active or under refresh for level _0_0_3_1
      ramulator.serving_requests_0_0_3_1              290553                                      # The sum of read and write requests that are served in this DRAM element per memory cycle for level _0_0_3_1
ramulator.average_serving_requests_0_0_3_1            0.022664                                      # The average of read and write requests that are served in this DRAM element per memory cycle for level _0_0_3_1
         ramulator.active_cycles_0_0_3_2              197595                                      # Total active cycles for level _0_0_3_2
           ramulator.busy_cycles_0_0_3_2              197595                                      # (All-bank refresh only. busy cycles only include refresh time in rank level) The sum of cycles that the DRAM part is active or under refresh for level _0_0_3_2
      ramulator.serving_requests_0_0_3_2              257367                                      # The sum of read and write requests that are served in this DRAM element per memory cycle for level _0_0_3_2
ramulator.average_serving_requests_0_0_3_2            0.020075                                      # The average of read and write requests that are served in this DRAM element per memory cycle for level _0_0_3_2
         ramulator.active_cycles_0_0_3_3              170537                                      # Total active cycles for level _0_0_3_3
           ramulator.busy_cycles_0_0_3_3              170537                                      # (All-bank refresh only. busy cycles only include refresh time in rank level) The sum of cycles that the DRAM part is active or under refresh for level _0_0_3_3
      ramulator.serving_requests_0_0_3_3              230933                                      # The sum of read and write requests that are served in this DRAM element per memory cycle for level _0_0_3_3
ramulator.average_serving_requests_0_0_3_3            0.018013                                      # The average of read and write requests that are served in this DRAM element per memory cycle for level _0_0_3_3
      ramulator.read_transaction_bytes_0             9787264                                      # The total byte of read transaction per channel
     ramulator.write_transaction_bytes_0             4100736                                      # The total byte of write transaction per channel
       ramulator.row_hits_channel_0_core              186839                                      # Number of row hits per channel per core
     ramulator.row_misses_channel_0_core                7821                                      # Number of row misses per channel per core
  ramulator.row_conflicts_channel_0_core               22340                                      # Number of row conflicts per channel per core
  ramulator.read_row_hits_channel_0_core              134081                                      # Number of row hits for read requests per channel per core
                                     [0]            134081.0                                      # 
ramulator.read_row_misses_channel_0_core                5254                                      # Number of row misses for read requests per channel per core
                                     [0]              5254.0                                      # 
ramulator.read_row_conflicts_channel_0_core               13591                                      # Number of row conflicts for read requests per channel per core
                                     [0]             13591.0                                      # 
 ramulator.write_row_hits_channel_0_core               52758                                      # Number of row hits for write requests per channel per core
                                     [0]             52758.0                                      # 
ramulator.write_row_misses_channel_0_core                2567                                      # Number of row misses for write requests per channel per core
                                     [0]              2567.0                                      # 
ramulator.write_row_conflicts_channel_0_core                8749                                      # Number of row conflicts for write requests per channel per core
                                     [0]              8749.0                                      # 
      ramulator.useless_activates_0_core                  96                                      # Number of useless activations. E.g, ACT -> PRE w/o RD or WR
            ramulator.read_latency_avg_0          130.312290                                      # The average memory latency cycles (in memory time domain) per request for all read requests in this channel
            ramulator.read_latency_sum_0            19929310                                      # The memory latency cycles (in memory time domain) sum for all read requests in this channel
        ramulator.req_queue_length_avg_0           12.421713                                      # Average of read and write queue length per memory cycle per channel.
        ramulator.req_queue_length_sum_0           159247249                                      # Sum of read and write queue length per memory cycle per channel.
   ramulator.read_req_queue_length_avg_0            1.529514                                      # Read queue length average per memory cycle per channel.
   ramulator.read_req_queue_length_sum_0            19608474                                      # Read queue length sum per memory cycle per channel.
  ramulator.write_req_queue_length_avg_0           10.892199                                      # Write queue length average per memory cycle per channel.
  ramulator.write_req_queue_length_sum_0           139638775                                      # Write queue length sum per memory cycle per channel.
              ramulator.record_read_hits                 0.0                                      # record read hit count for this core when it reaches request limit or to the end
                                     [0]                 0.0                                      # 
            ramulator.record_read_misses                 0.0                                      # record_read_miss count for this core when it reaches request limit or to the end
                                     [0]                 0.0                                      # 
         ramulator.record_read_conflicts                 0.0                                      # record read conflict count for this core when it reaches request limit or to the end
                                     [0]                 0.0                                      # 
             ramulator.record_write_hits                 0.0                                      # record write hit count for this core when it reaches request limit or to the end
                                     [0]                 0.0                                      # 
           ramulator.record_write_misses                 0.0                                      # record write miss count for this core when it reaches request limit or to the end
                                     [0]                 0.0                                      # 
        ramulator.record_write_conflicts                 0.0                                      # record write conflict for this core when it reaches request limit or to the end
                                     [0]                 0.0                                      # 
                 ramulator.dram_capacity          8589934592                                      # Number of bytes in simulated DRAM
                   ramulator.dram_cycles            12820072                                      # Number of DRAM cycles simulated
             ramulator.incoming_requests              217015                                      # Number of incoming requests to DRAM
                 ramulator.read_requests              152935                                      # Number of incoming read requests to DRAM per core
                                     [0]            152935.0                                      # 
                ramulator.write_requests               64080                                      # Number of incoming write requests to DRAM per core
                                     [0]             64080.0                                      # 
       ramulator.ramulator_active_cycles             2479015                                      # The total number of cycles that the DRAM part is active (serving R/W)
 ramulator.incoming_requests_per_channel            217015.0                                      # Number of incoming requests to each DRAM channel
                                     [0]            217015.0                                      # 
ramulator.incoming_read_reqs_per_channel            152935.0                                      # Number of incoming read requests to each DRAM channel
                                     [0]            152935.0                                      # 
     ramulator.physical_page_replacement                   0                                      # The number of times that physical page replacement happens.
             ramulator.maximum_bandwidth         19200000000                                      # The theoretical maximum bandwidth (Bps)
          ramulator.in_queue_req_num_sum           159247249                                      # Sum of read/write queue length
     ramulator.in_queue_read_req_num_sum            19608474                                      # Sum of read queue length
    ramulator.in_queue_write_req_num_sum           139638775                                      # Sum of write queue length
          ramulator.in_queue_req_num_avg           12.421713                                      # Average of read/write queue length per memory cycle
     ramulator.in_queue_read_req_num_avg            1.529514                                      # Average of read queue length per memory cycle
    ramulator.in_queue_write_req_num_avg           10.892199                                      # Average of write queue length per memory cycle
          ramulator.record_read_requests                 0.0                                      # record read requests for this core when it reaches request limit or to the end
                                     [0]                 0.0                                      # 
         ramulator.record_write_requests                 0.0                                      # record write requests for this core when it reaches request limit or to the end
                                     [0]                 0.0                                      # 
