               ramulator.active_cycles_0            23505965                                      # Total active cycles for level _0
                 ramulator.busy_cycles_0            23505965                                      # (All-bank refresh only. busy cycles only include refresh time in rank level) The sum of cycles that the DRAM part is active or under refresh for level _0
            ramulator.serving_requests_0            56844043                                      # The sum of read and write requests that are served in this DRAM element per memory cycle for level _0
    ramulator.average_serving_requests_0            1.818913                                      # The average of read and write requests that are served in this DRAM element per memory cycle for level _0
             ramulator.active_cycles_0_0            23505965                                      # Total active cycles for level _0_0
               ramulator.busy_cycles_0_0            23994425                                      # (All-bank refresh only. busy cycles only include refresh time in rank level) The sum of cycles that the DRAM part is active or under refresh for level _0_0
          ramulator.serving_requests_0_0            56844043                                      # The sum of read and write requests that are served in this DRAM element per memory cycle for level _0_0
  ramulator.average_serving_requests_0_0            1.818913                                      # The average of read and write requests that are served in this DRAM element per memory cycle for level _0_0
           ramulator.active_cycles_0_0_0            10715881                                      # Total active cycles for level _0_0_0
             ramulator.busy_cycles_0_0_0            10715881                                      # (All-bank refresh only. busy cycles only include refresh time in rank level) The sum of cycles that the DRAM part is active or under refresh for level _0_0_0
        ramulator.serving_requests_0_0_0            14690559                                      # The sum of read and write requests that are served in this DRAM element per memory cycle for level _0_0_0
ramulator.average_serving_requests_0_0_0            0.470073                                      # The average of read and write requests that are served in this DRAM element per memory cycle for level _0_0_0
         ramulator.active_cycles_0_0_0_0             3335530                                      # Total active cycles for level _0_0_0_0
           ramulator.busy_cycles_0_0_0_0             3335530                                      # (All-bank refresh only. busy cycles only include refresh time in rank level) The sum of cycles that the DRAM part is active or under refresh for level _0_0_0_0
      ramulator.serving_requests_0_0_0_0             3567846                                      # The sum of read and write requests that are served in this DRAM element per memory cycle for level _0_0_0_0
ramulator.average_serving_requests_0_0_0_0            0.114165                                      # The average of read and write requests that are served in this DRAM element per memory cycle for level _0_0_0_0
         ramulator.active_cycles_0_0_0_1             3638908                                      # Total active cycles for level _0_0_0_1
           ramulator.busy_cycles_0_0_0_1             3638908                                      # (All-bank refresh only. busy cycles only include refresh time in rank level) The sum of cycles that the DRAM part is active or under refresh for level _0_0_0_1
      ramulator.serving_requests_0_0_0_1             3889897                                      # The sum of read and write requests that are served in this DRAM element per memory cycle for level _0_0_0_1
ramulator.average_serving_requests_0_0_0_1            0.124470                                      # The average of read and write requests that are served in this DRAM element per memory cycle for level _0_0_0_1
         ramulator.active_cycles_0_0_0_2             3222284                                      # Total active cycles for level _0_0_0_2
           ramulator.busy_cycles_0_0_0_2             3222284                                      # (All-bank refresh only. busy cycles only include refresh time in rank level) The sum of cycles that the DRAM part is active or under refresh for level _0_0_0_2
      ramulator.serving_requests_0_0_0_2             3453142                                      # The sum of read and write requests that are served in this DRAM element per memory cycle for level _0_0_0_2
ramulator.average_serving_requests_0_0_0_2            0.110495                                      # The average of read and write requests that are served in this DRAM element per memory cycle for level _0_0_0_2
         ramulator.active_cycles_0_0_0_3             3515010                                      # Total active cycles for level _0_0_0_3
           ramulator.busy_cycles_0_0_0_3             3515010                                      # (All-bank refresh only. busy cycles only include refresh time in rank level) The sum of cycles that the DRAM part is active or under refresh for level _0_0_0_3
      ramulator.serving_requests_0_0_0_3             3779674                                      # The sum of read and write requests that are served in this DRAM element per memory cycle for level _0_0_0_3
ramulator.average_serving_requests_0_0_0_3            0.120943                                      # The average of read and write requests that are served in this DRAM element per memory cycle for level _0_0_0_3
           ramulator.active_cycles_0_0_1            10182892                                      # Total active cycles for level _0_0_1
             ramulator.busy_cycles_0_0_1            10182892                                      # (All-bank refresh only. busy cycles only include refresh time in rank level) The sum of cycles that the DRAM part is active or under refresh for level _0_0_1
        ramulator.serving_requests_0_0_1            13715561                                      # The sum of read and write requests that are served in this DRAM element per memory cycle for level _0_0_1
ramulator.average_serving_requests_0_0_1            0.438875                                      # The average of read and write requests that are served in this DRAM element per memory cycle for level _0_0_1
         ramulator.active_cycles_0_0_1_0             2992243                                      # Total active cycles for level _0_0_1_0
           ramulator.busy_cycles_0_0_1_0             2992243                                      # (All-bank refresh only. busy cycles only include refresh time in rank level) The sum of cycles that the DRAM part is active or under refresh for level _0_0_1_0
      ramulator.serving_requests_0_0_1_0             3199739                                      # The sum of read and write requests that are served in this DRAM element per memory cycle for level _0_0_1_0
ramulator.average_serving_requests_0_0_1_0            0.102386                                      # The average of read and write requests that are served in this DRAM element per memory cycle for level _0_0_1_0
         ramulator.active_cycles_0_0_1_1             3214011                                      # Total active cycles for level _0_0_1_1
           ramulator.busy_cycles_0_0_1_1             3214011                                      # (All-bank refresh only. busy cycles only include refresh time in rank level) The sum of cycles that the DRAM part is active or under refresh for level _0_0_1_1
      ramulator.serving_requests_0_0_1_1             3442255                                      # The sum of read and write requests that are served in this DRAM element per memory cycle for level _0_0_1_1
ramulator.average_serving_requests_0_0_1_1            0.110146                                      # The average of read and write requests that are served in this DRAM element per memory cycle for level _0_0_1_1
         ramulator.active_cycles_0_0_1_2             3314989                                      # Total active cycles for level _0_0_1_2
           ramulator.busy_cycles_0_0_1_2             3314989                                      # (All-bank refresh only. busy cycles only include refresh time in rank level) The sum of cycles that the DRAM part is active or under refresh for level _0_0_1_2
      ramulator.serving_requests_0_0_1_2             3557730                                      # The sum of read and write requests that are served in this DRAM element per memory cycle for level _0_0_1_2
ramulator.average_serving_requests_0_0_1_2            0.113841                                      # The average of read and write requests that are served in this DRAM element per memory cycle for level _0_0_1_2
         ramulator.active_cycles_0_0_1_3             3276516                                      # Total active cycles for level _0_0_1_3
           ramulator.busy_cycles_0_0_1_3             3276516                                      # (All-bank refresh only. busy cycles only include refresh time in rank level) The sum of cycles that the DRAM part is active or under refresh for level _0_0_1_3
      ramulator.serving_requests_0_0_1_3             3515781                                      # The sum of read and write requests that are served in this DRAM element per memory cycle for level _0_0_1_3
ramulator.average_serving_requests_0_0_1_3            0.112499                                      # The average of read and write requests that are served in this DRAM element per memory cycle for level _0_0_1_3
           ramulator.active_cycles_0_0_2            10705736                                      # Total active cycles for level _0_0_2
             ramulator.busy_cycles_0_0_2            10705736                                      # (All-bank refresh only. busy cycles only include refresh time in rank level) The sum of cycles that the DRAM part is active or under refresh for level _0_0_2
        ramulator.serving_requests_0_0_2            14538002                                      # The sum of read and write requests that are served in this DRAM element per memory cycle for level _0_0_2
ramulator.average_serving_requests_0_0_2            0.465191                                      # The average of read and write requests that are served in this DRAM element per memory cycle for level _0_0_2
         ramulator.active_cycles_0_0_2_0             3058253                                      # Total active cycles for level _0_0_2_0
           ramulator.busy_cycles_0_0_2_0             3058253                                      # (All-bank refresh only. busy cycles only include refresh time in rank level) The sum of cycles that the DRAM part is active or under refresh for level _0_0_2_0
      ramulator.serving_requests_0_0_2_0             3281869                                      # The sum of read and write requests that are served in this DRAM element per memory cycle for level _0_0_2_0
ramulator.average_serving_requests_0_0_2_0            0.105014                                      # The average of read and write requests that are served in this DRAM element per memory cycle for level _0_0_2_0
         ramulator.active_cycles_0_0_2_1             3396529                                      # Total active cycles for level _0_0_2_1
           ramulator.busy_cycles_0_0_2_1             3396529                                      # (All-bank refresh only. busy cycles only include refresh time in rank level) The sum of cycles that the DRAM part is active or under refresh for level _0_0_2_1
      ramulator.serving_requests_0_0_2_1             3640818                                      # The sum of read and write requests that are served in this DRAM element per memory cycle for level _0_0_2_1
ramulator.average_serving_requests_0_0_2_1            0.116500                                      # The average of read and write requests that are served in this DRAM element per memory cycle for level _0_0_2_1
         ramulator.active_cycles_0_0_2_2             3569522                                      # Total active cycles for level _0_0_2_2
           ramulator.busy_cycles_0_0_2_2             3569522                                      # (All-bank refresh only. busy cycles only include refresh time in rank level) The sum of cycles that the DRAM part is active or under refresh for level _0_0_2_2
      ramulator.serving_requests_0_0_2_2             3820061                                      # The sum of read and write requests that are served in this DRAM element per memory cycle for level _0_0_2_2
ramulator.average_serving_requests_0_0_2_2            0.122235                                      # The average of read and write requests that are served in this DRAM element per memory cycle for level _0_0_2_2
         ramulator.active_cycles_0_0_2_3             3540107                                      # Total active cycles for level _0_0_2_3
           ramulator.busy_cycles_0_0_2_3             3540107                                      # (All-bank refresh only. busy cycles only include refresh time in rank level) The sum of cycles that the DRAM part is active or under refresh for level _0_0_2_3
      ramulator.serving_requests_0_0_2_3             3795230                                      # The sum of read and write requests that are served in this DRAM element per memory cycle for level _0_0_2_3
ramulator.average_serving_requests_0_0_2_3            0.121441                                      # The average of read and write requests that are served in this DRAM element per memory cycle for level _0_0_2_3
           ramulator.active_cycles_0_0_3            10273076                                      # Total active cycles for level _0_0_3
             ramulator.busy_cycles_0_0_3            10273076                                      # (All-bank refresh only. busy cycles only include refresh time in rank level) The sum of cycles that the DRAM part is active or under refresh for level _0_0_3
        ramulator.serving_requests_0_0_3            13899882                                      # The sum of read and write requests that are served in this DRAM element per memory cycle for level _0_0_3
ramulator.average_serving_requests_0_0_3            0.444773                                      # The average of read and write requests that are served in this DRAM element per memory cycle for level _0_0_3
         ramulator.active_cycles_0_0_3_0             3317346                                      # Total active cycles for level _0_0_3_0
           ramulator.busy_cycles_0_0_3_0             3317346                                      # (All-bank refresh only. busy cycles only include refresh time in rank level) The sum of cycles that the DRAM part is active or under refresh for level _0_0_3_0
      ramulator.serving_requests_0_0_3_0             3556234                                      # The sum of read and write requests that are served in this DRAM element per memory cycle for level _0_0_3_0
ramulator.average_serving_requests_0_0_3_0            0.113793                                      # The average of read and write requests that are served in this DRAM element per memory cycle for level _0_0_3_0
         ramulator.active_cycles_0_0_3_1             3177478                                      # Total active cycles for level _0_0_3_1
           ramulator.busy_cycles_0_0_3_1             3177478                                      # (All-bank refresh only. busy cycles only include refresh time in rank level) The sum of cycles that the DRAM part is active or under refresh for level _0_0_3_1
      ramulator.serving_requests_0_0_3_1             3412480                                      # The sum of read and write requests that are served in this DRAM element per memory cycle for level _0_0_3_1
ramulator.average_serving_requests_0_0_3_1            0.109194                                      # The average of read and write requests that are served in this DRAM element per memory cycle for level _0_0_3_1
         ramulator.active_cycles_0_0_3_2             3332041                                      # Total active cycles for level _0_0_3_2
           ramulator.busy_cycles_0_0_3_2             3332041                                      # (All-bank refresh only. busy cycles only include refresh time in rank level) The sum of cycles that the DRAM part is active or under refresh for level _0_0_3_2
      ramulator.serving_requests_0_0_3_2             3578647                                      # The sum of read and write requests that are served in this DRAM element per memory cycle for level _0_0_3_2
ramulator.average_serving_requests_0_0_3_2            0.114511                                      # The average of read and write requests that are served in this DRAM element per memory cycle for level _0_0_3_2
         ramulator.active_cycles_0_0_3_3             3140699                                      # Total active cycles for level _0_0_3_3
           ramulator.busy_cycles_0_0_3_3             3140699                                      # (All-bank refresh only. busy cycles only include refresh time in rank level) The sum of cycles that the DRAM part is active or under refresh for level _0_0_3_3
      ramulator.serving_requests_0_0_3_3             3352521                                      # The sum of read and write requests that are served in this DRAM element per memory cycle for level _0_0_3_3
ramulator.average_serving_requests_0_0_3_3            0.107275                                      # The average of read and write requests that are served in this DRAM element per memory cycle for level _0_0_3_3
      ramulator.read_transaction_bytes_0            37839360                                      # The total byte of read transaction per channel
     ramulator.write_transaction_bytes_0            18089088                                      # The total byte of write transaction per channel
       ramulator.row_hits_channel_0_core              360176                                      # Number of row hits per channel per core
     ramulator.row_misses_channel_0_core               56663                                      # Number of row misses per channel per core
  ramulator.row_conflicts_channel_0_core              457043                                      # Number of row conflicts per channel per core
  ramulator.read_row_hits_channel_0_core              340279                                      # Number of row hits for read requests per channel per core
                                     [0]            340279.0                                      # 
ramulator.read_row_misses_channel_0_core               34717                                      # Number of row misses for read requests per channel per core
                                     [0]             34717.0                                      # 
ramulator.read_row_conflicts_channel_0_core              216244                                      # Number of row conflicts for read requests per channel per core
                                     [0]            216244.0                                      # 
 ramulator.write_row_hits_channel_0_core               19897                                      # Number of row hits for write requests per channel per core
                                     [0]             19897.0                                      # 
ramulator.write_row_misses_channel_0_core               21946                                      # Number of row misses for write requests per channel per core
                                     [0]             21946.0                                      # 
ramulator.write_row_conflicts_channel_0_core              240799                                      # Number of row conflicts for write requests per channel per core
                                     [0]            240799.0                                      # 
      ramulator.useless_activates_0_core                  81                                      # Number of useless activations. E.g, ACT -> PRE w/o RD or WR
            ramulator.read_latency_avg_0           54.767163                                      # The average memory latency cycles (in memory time domain) per request for all read requests in this channel
            ramulator.read_latency_sum_0            32390231                                      # The memory latency cycles (in memory time domain) sum for all read requests in this channel
        ramulator.req_queue_length_avg_0           15.260533                                      # Average of read and write queue length per memory cycle per channel.
        ramulator.req_queue_length_sum_0           476916976                                      # Sum of read and write queue length per memory cycle per channel.
   ramulator.read_req_queue_length_avg_0            0.905457                                      # Read queue length average per memory cycle per channel.
   ramulator.read_req_queue_length_sum_0            28297043                                      # Read queue length sum per memory cycle per channel.
  ramulator.write_req_queue_length_avg_0           14.355076                                      # Write queue length average per memory cycle per channel.
  ramulator.write_req_queue_length_sum_0           448619933                                      # Write queue length sum per memory cycle per channel.
              ramulator.record_read_hits                 0.0                                      # record read hit count for this core when it reaches request limit or to the end
                                     [0]                 0.0                                      # 
            ramulator.record_read_misses                 0.0                                      # record_read_miss count for this core when it reaches request limit or to the end
                                     [0]                 0.0                                      # 
         ramulator.record_read_conflicts                 0.0                                      # record read conflict count for this core when it reaches request limit or to the end
                                     [0]                 0.0                                      # 
             ramulator.record_write_hits                 0.0                                      # record write hit count for this core when it reaches request limit or to the end
                                     [0]                 0.0                                      # 
           ramulator.record_write_misses                 0.0                                      # record write miss count for this core when it reaches request limit or to the end
                                     [0]                 0.0                                      # 
        ramulator.record_write_conflicts                 0.0                                      # record write conflict for this core when it reaches request limit or to the end
                                     [0]                 0.0                                      # 
                 ramulator.dram_capacity          8589934592                                      # Number of bytes in simulated DRAM
                   ramulator.dram_cycles            31251659                                      # Number of DRAM cycles simulated
             ramulator.incoming_requests              874063                                      # Number of incoming requests to DRAM
                 ramulator.read_requests              591417                                      # Number of incoming read requests to DRAM per core
                                     [0]            591417.0                                      # 
                ramulator.write_requests              282646                                      # Number of incoming write requests to DRAM per core
                                     [0]            282646.0                                      # 
       ramulator.ramulator_active_cycles            23506224                                      # The total number of cycles that the DRAM part is active (serving R/W)
 ramulator.incoming_requests_per_channel            874063.0                                      # Number of incoming requests to each DRAM channel
                                     [0]            874063.0                                      # 
ramulator.incoming_read_reqs_per_channel            591417.0                                      # Number of incoming read requests to each DRAM channel
                                     [0]            591417.0                                      # 
     ramulator.physical_page_replacement                   0                                      # The number of times that physical page replacement happens.
             ramulator.maximum_bandwidth         19200000000                                      # The theoretical maximum bandwidth (Bps)
          ramulator.in_queue_req_num_sum           476916976                                      # Sum of read/write queue length
     ramulator.in_queue_read_req_num_sum            28297043                                      # Sum of read queue length
    ramulator.in_queue_write_req_num_sum           448619933                                      # Sum of write queue length
          ramulator.in_queue_req_num_avg           15.260533                                      # Average of read/write queue length per memory cycle
     ramulator.in_queue_read_req_num_avg            0.905457                                      # Average of read queue length per memory cycle
    ramulator.in_queue_write_req_num_avg           14.355076                                      # Average of write queue length per memory cycle
          ramulator.record_read_requests                 0.0                                      # record read requests for this core when it reaches request limit or to the end
                                     [0]                 0.0                                      # 
         ramulator.record_write_requests                 0.0                                      # record write requests for this core when it reaches request limit or to the end
                                     [0]                 0.0                                      # 
