/* -*- Mode: c -*- */
####################################################################################################
Core 0
####################################################################################################
Cumulative:        Cycles: 83337724              Instructions: 100000000             IPC: 1.19994

DCACHE_PREF_HIT                                      0                              0              

IFETCH_WB_FIRST_SCHEDULE                             0         -nan%                0         -nan%
PREFETCH_LAST_SCHEDULE                               0         -nan%                0         -nan%
DEMAND_PASS_PREF_SCHEDULE                            0         -nan%                0         -nan%
DEMAND_PASS_LOW_OP_SCHEDULE                          0         -nan%                0         -nan%
DEMAND_LAST_SCHEDULE                                 0         -nan%                0         -nan%
                                                     0         -nan%                0         -nan%
                                                  -nan         -nan              -nan         -nan

SEND_MISS_REQ_QUEUE                             591417                         591417              

L1_DATA_EVICT                                   575158                         575158              

STREAM_BUFFER_REQ                                    0                              0              

PREF_SEND_TO_MEM_REQ                                 0         -nan%                0         -nan%
PREF_SEND_TO_MEM_REQ_FAIL                            0         -nan%                0         -nan%
                                                     0         -nan%                0         -nan%
                                                  -nan         -nan              -nan         -nan

HIT_TRAIN_STREAM                                 84777       14.532%            84777       14.532%
MISS_TRAIN_STREAM                               498622       85.468%           498622       85.468%
                                                583399      100.000%           583399      100.000%
                                                  0.85         0.80              0.85         0.80

STREAM_TRAIN_CREATE                             243643                         243643              

MEM_REQ_MISS_HWP_PREF_Q                              0         -nan%                0         -nan%
MEM_REQ_MISS_SW_PREF_Q                               0         -nan%                0         -nan%
MEM_REQ_MISS_IFETCH_Q                                0         -nan%                0         -nan%
MEM_REQ_MISS_DFETCH_Q                                0         -nan%                0         -nan%
MEM_REQ_MISS_DSTORE_Q                                0         -nan%                0         -nan%
MEM_REQ_MISS_DPRF_Q                                  0         -nan%                0         -nan%
MEM_REQ_MISS_WB_Q                                    0         -nan%                0         -nan%
                                                     0         -nan%                0         -nan%
                                                  -nan         -nan              -nan         -nan

PREF_HIT_BY_DEMAND_IFETCH                            0         -nan%                0         -nan%
PREF_HIT_BY_DEMAND_DFETCH                            0         -nan%                0         -nan%
PREF_HIT_BY_DEMAND_DSTORE                            0         -nan%                0         -nan%
PREF_HIT_BY_DEMAND_IPREF                             0         -nan%                0         -nan%
PREF_HIT_BY_DEMAND_DPRF                              0         -nan%                0         -nan%
PREF_HIT_BY_DEMAND_WB                                0         -nan%                0         -nan%
PREF_HIT_BY_PREF                                     0         -nan%                0         -nan%
                                                     0         -nan%                0         -nan%
                                                  -nan         -nan              -nan         -nan

PREF_HIT_DEMAND_IFETCH                               0         -nan%                0         -nan%
PREF_HIT_DEMAND_DFETCH                               0         -nan%                0         -nan%
PREF_HIT_DEMAND_DSTORE                               0         -nan%                0         -nan%
PREF_HIT_DEMAND_IPREF                                0         -nan%                0         -nan%
PREF_HIT_DEMAND_DPRF                                 0         -nan%                0         -nan%
PREF_HIT_DEMAND_WB                                   0         -nan%                0         -nan%
                                                     0         -nan%                0         -nan%
                                                  -nan         -nan              -nan         -nan

PREF_L1_FILL                                         0         -nan%                0         -nan%
DEMAND_L1_FILL                                       0         -nan%                0         -nan%
                                                     0         -nan%                0         -nan%
                                                  -nan         -nan              -nan         -nan

TOUCH_L1_REPLACE                                     0        0.000%                0        0.000%
NO_TOUCH_L1_REPLACE                             575158      100.000%           575158      100.000%
                                                575158      100.000%           575158      100.000%
                                                  1.00         1.00              1.00         1.00

PREF_REQ_QUE_FULL                                    0                              0              

STREAM_REQ_QUEUE_HIT_BY_DEMAND                       0                              0              

L2HIT_STREAM_PREF_REQ_QUE_FULL                       0                              0              

L2HIT_HIT_TRAIN_STREAM                               0         -nan%                0         -nan%
L2HIT_MISS_TRAIN_STREAM                              0         -nan%                0         -nan%
                                                     0         -nan%                0         -nan%
                                                  -nan         -nan              -nan         -nan

L2HIT_STREAM_TRAIN_CREATE                            0                              0              

L2HIT_STREAM_BUFFER_REQ                              0                              0              

L2HIT_STREAM_PREF_DCACHE_HIT                         0         -nan%                0         -nan%
L2HIT_STREAM_PREF_DCACHE_INSERT                      0         -nan%                0         -nan%
L2HIT_STREAM_L2_MISS                                 0         -nan%                0         -nan%
                                                     0         -nan%                0         -nan%
                                                  -nan         -nan              -nan         -nan

L2HIT_STREAM_DCACHE_PORT_FULL                        0                              0              

L2HIT_STREAM_PREF_L1_PORT_FULL                       0                              0              

L2HIT_TRAIN_HIT_DEMAND                               0         -nan%                0         -nan%
L2HIT_TRAIN_MISS_REQ                                 0         -nan%                0         -nan%
                                                     0         -nan%                0         -nan%
                                                  -nan         -nan              -nan         -nan

L2HIT_TRAIN_FILTER_MISS                              0         -nan%                0         -nan%
L2HIT_TRAIN_FILTER_HIT                               0         -nan%                0         -nan%
                                                     0         -nan%                0         -nan%
                                                  -nan         -nan              -nan         -nan

L2HIT_PREF_REQ_DCACHE_HIT                            0         -nan%                0         -nan%
L2HIT_PREF_REQ_DCACHE_MISS                           0         -nan%                0         -nan%
                                                     0         -nan%                0         -nan%
                                                  -nan         -nan              -nan         -nan

L2HIT_L2SEND_Q_FULL                                  0         -nan%                0         -nan%
L2HIT_L2SEND_Q_ENTER                                 0         -nan%                0         -nan%
                                                     0         -nan%                0         -nan%
                                                  -nan         -nan              -nan         -nan

L2HIT_MEM_REQ                                        0                              0              

REMOVE_REDUNDANT_STREAM_STAT                         0                              0              

REPLACE_OLD_STREAM                              243627                         243627              

REQ_SEND_QUEUE_STALL                                 0                              0              

STREAM_ENTER_RA                                      0                              0              

CORE_STREAM_LENGTH_0                             11164       36.340%            11164       36.340%
CORE_STREAM_LENGTH_10                            15360       49.998%            15360       49.998%
CORE_STREAM_LENGTH_20                             3448       11.224%             3448       11.224%
CORE_STREAM_LENGTH_30                              479        1.559%              479        1.559%
CORE_STREAM_LENGTH_40                              176        0.573%              176        0.573%
CORE_STREAM_LENGTH_50                               41        0.133%               41        0.133%
CORE_STREAM_LENGTH_60                               12        0.039%               12        0.039%
CORE_STREAM_LENGTH_70                                5        0.016%                5        0.016%
CORE_STREAM_LENGTH_80                                2        0.007%                2        0.007%
CORE_STREAM_LENGTH_90                                7        0.023%                7        0.023%
CORE_STREAM_LENGTH_100_P                            27        0.088%               27        0.088%
                                                 30721      100.000%            30721      100.000%
                                                  0.82         0.66              0.82         0.66

CORE_CUM_STREAM_LENGTH_0                         67428       17.374%            67428       17.374%
CORE_CUM_STREAM_LENGTH_10                       210310       54.191%           210310       54.191%
CORE_CUM_STREAM_LENGTH_20                        77849       20.060%            77849       20.060%
CORE_CUM_STREAM_LENGTH_30                        15556        4.008%            15556        4.008%
CORE_CUM_STREAM_LENGTH_40                         7729        1.992%             7729        1.992%
CORE_CUM_STREAM_LENGTH_50                         2175        0.560%             2175        0.560%
CORE_CUM_STREAM_LENGTH_60                          764        0.197%              764        0.197%
CORE_CUM_STREAM_LENGTH_70                          375        0.097%              375        0.097%
CORE_CUM_STREAM_LENGTH_80                          166        0.043%              166        0.043%
CORE_CUM_STREAM_LENGTH_90                          664        0.171%              664        0.171%
CORE_CUM_STREAM_LENGTH_100_P                      5074        1.307%             5074        1.307%
                                                388090      100.000%           388090      100.000%
                                                  1.34         1.29              1.34         1.29

CORE_STREAM_TRAIN_HITS_0                         26652       86.755%            26652       86.755%
CORE_STREAM_TRAIN_HITS_10                         3927       12.783%             3927       12.783%
CORE_STREAM_TRAIN_HITS_20                           56        0.182%               56        0.182%
CORE_STREAM_TRAIN_HITS_30                           22        0.072%               22        0.072%
CORE_STREAM_TRAIN_HITS_40                           24        0.078%               24        0.078%
CORE_STREAM_TRAIN_HITS_50                            5        0.016%                5        0.016%
CORE_STREAM_TRAIN_HITS_60                            8        0.026%                8        0.026%
CORE_STREAM_TRAIN_HITS_70                            3        0.010%                3        0.010%
CORE_STREAM_TRAIN_HITS_80                            0        0.000%                0        0.000%
CORE_STREAM_TRAIN_HITS_90                            3        0.010%                3        0.010%
CORE_STREAM_TRAIN_HITS_100_P                        21        0.068%               21        0.068%
                                                 30721      100.000%            30721      100.000%
                                                  0.15         0.46              0.15         0.46

CORE_CUM_STREAM_TRAIN_HITS_0                    155262       74.767%           155262       74.767%
CORE_CUM_STREAM_TRAIN_HITS_10                    44186       21.278%            44186       21.278%
CORE_CUM_STREAM_TRAIN_HITS_20                     1281        0.617%             1281        0.617%
CORE_CUM_STREAM_TRAIN_HITS_30                      773        0.372%              773        0.372%
CORE_CUM_STREAM_TRAIN_HITS_40                     1068        0.514%             1068        0.514%
CORE_CUM_STREAM_TRAIN_HITS_50                      269        0.130%              269        0.130%
CORE_CUM_STREAM_TRAIN_HITS_60                      506        0.244%              506        0.244%
CORE_CUM_STREAM_TRAIN_HITS_70                      225        0.108%              225        0.108%
CORE_CUM_STREAM_TRAIN_HITS_80                        0        0.000%                0        0.000%
CORE_CUM_STREAM_TRAIN_HITS_90                      281        0.135%              281        0.135%
CORE_CUM_STREAM_TRAIN_HITS_100_P                  3810        1.835%             3810        1.835%
                                                207661      100.000%           207661      100.000%
                                                  0.48         1.44              0.48         1.44

CORE_STREAM_TRAIN_CREATE                        243643                         243643              



