               ramulator.active_cycles_0            23148789                                      # Total active cycles for level _0
                 ramulator.busy_cycles_0            23148789                                      # (All-bank refresh only. busy cycles only include refresh time in rank level) The sum of cycles that the DRAM part is active or under refresh for level _0
            ramulator.serving_requests_0            56343572                                      # The sum of read and write requests that are served in this DRAM element per memory cycle for level _0
    ramulator.average_serving_requests_0            1.815120                                      # The average of read and write requests that are served in this DRAM element per memory cycle for level _0
             ramulator.active_cycles_0_0            23148789                                      # Total active cycles for level _0_0
               ramulator.busy_cycles_0_0            23655309                                      # (All-bank refresh only. busy cycles only include refresh time in rank level) The sum of cycles that the DRAM part is active or under refresh for level _0_0
          ramulator.serving_requests_0_0            56343572                                      # The sum of read and write requests that are served in this DRAM element per memory cycle for level _0_0
  ramulator.average_serving_requests_0_0            1.815120                                      # The average of read and write requests that are served in this DRAM element per memory cycle for level _0_0
           ramulator.active_cycles_0_0_0            10889021                                      # Total active cycles for level _0_0_0
             ramulator.busy_cycles_0_0_0            10889021                                      # (All-bank refresh only. busy cycles only include refresh time in rank level) The sum of cycles that the DRAM part is active or under refresh for level _0_0_0
        ramulator.serving_requests_0_0_0            14721418                                      # The sum of read and write requests that are served in this DRAM element per memory cycle for level _0_0_0
ramulator.average_serving_requests_0_0_0            0.474254                                      # The average of read and write requests that are served in this DRAM element per memory cycle for level _0_0_0
         ramulator.active_cycles_0_0_0_0             3230923                                      # Total active cycles for level _0_0_0_0
           ramulator.busy_cycles_0_0_0_0             3230923                                      # (All-bank refresh only. busy cycles only include refresh time in rank level) The sum of cycles that the DRAM part is active or under refresh for level _0_0_0_0
      ramulator.serving_requests_0_0_0_0             3453379                                      # The sum of read and write requests that are served in this DRAM element per memory cycle for level _0_0_0_0
ramulator.average_serving_requests_0_0_0_0            0.111251                                      # The average of read and write requests that are served in this DRAM element per memory cycle for level _0_0_0_0
         ramulator.active_cycles_0_0_0_1             3663936                                      # Total active cycles for level _0_0_0_1
           ramulator.busy_cycles_0_0_0_1             3663936                                      # (All-bank refresh only. busy cycles only include refresh time in rank level) The sum of cycles that the DRAM part is active or under refresh for level _0_0_0_1
      ramulator.serving_requests_0_0_0_1             3906460                                      # The sum of read and write requests that are served in this DRAM element per memory cycle for level _0_0_0_1
ramulator.average_serving_requests_0_0_0_1            0.125847                                      # The average of read and write requests that are served in this DRAM element per memory cycle for level _0_0_0_1
         ramulator.active_cycles_0_0_0_2             3216748                                      # Total active cycles for level _0_0_0_2
           ramulator.busy_cycles_0_0_0_2             3216748                                      # (All-bank refresh only. busy cycles only include refresh time in rank level) The sum of cycles that the DRAM part is active or under refresh for level _0_0_0_2
      ramulator.serving_requests_0_0_0_2             3439110                                      # The sum of read and write requests that are served in this DRAM element per memory cycle for level _0_0_0_2
ramulator.average_serving_requests_0_0_0_2            0.110792                                      # The average of read and write requests that are served in this DRAM element per memory cycle for level _0_0_0_2
         ramulator.active_cycles_0_0_0_3             3668480                                      # Total active cycles for level _0_0_0_3
           ramulator.busy_cycles_0_0_0_3             3668480                                      # (All-bank refresh only. busy cycles only include refresh time in rank level) The sum of cycles that the DRAM part is active or under refresh for level _0_0_0_3
      ramulator.serving_requests_0_0_0_3             3922469                                      # The sum of read and write requests that are served in this DRAM element per memory cycle for level _0_0_0_3
ramulator.average_serving_requests_0_0_0_3            0.126363                                      # The average of read and write requests that are served in this DRAM element per memory cycle for level _0_0_0_3
           ramulator.active_cycles_0_0_1            10085311                                      # Total active cycles for level _0_0_1
             ramulator.busy_cycles_0_0_1            10085311                                      # (All-bank refresh only. busy cycles only include refresh time in rank level) The sum of cycles that the DRAM part is active or under refresh for level _0_0_1
        ramulator.serving_requests_0_0_1            13699682                                      # The sum of read and write requests that are served in this DRAM element per memory cycle for level _0_0_1
ramulator.average_serving_requests_0_0_1            0.441338                                      # The average of read and write requests that are served in this DRAM element per memory cycle for level _0_0_1
         ramulator.active_cycles_0_0_1_0             2863995                                      # Total active cycles for level _0_0_1_0
           ramulator.busy_cycles_0_0_1_0             2863995                                      # (All-bank refresh only. busy cycles only include refresh time in rank level) The sum of cycles that the DRAM part is active or under refresh for level _0_0_1_0
      ramulator.serving_requests_0_0_1_0             3063602                                      # The sum of read and write requests that are served in this DRAM element per memory cycle for level _0_0_1_0
ramulator.average_serving_requests_0_0_1_0            0.098695                                      # The average of read and write requests that are served in this DRAM element per memory cycle for level _0_0_1_0
         ramulator.active_cycles_0_0_1_1             3336246                                      # Total active cycles for level _0_0_1_1
           ramulator.busy_cycles_0_0_1_1             3336246                                      # (All-bank refresh only. busy cycles only include refresh time in rank level) The sum of cycles that the DRAM part is active or under refresh for level _0_0_1_1
      ramulator.serving_requests_0_0_1_1             3565077                                      # The sum of read and write requests that are served in this DRAM element per memory cycle for level _0_0_1_1
ramulator.average_serving_requests_0_0_1_1            0.114850                                      # The average of read and write requests that are served in this DRAM element per memory cycle for level _0_0_1_1
         ramulator.active_cycles_0_0_1_2             3316384                                      # Total active cycles for level _0_0_1_2
           ramulator.busy_cycles_0_0_1_2             3316384                                      # (All-bank refresh only. busy cycles only include refresh time in rank level) The sum of cycles that the DRAM part is active or under refresh for level _0_0_1_2
      ramulator.serving_requests_0_0_1_2             3561350                                      # The sum of read and write requests that are served in this DRAM element per memory cycle for level _0_0_1_2
ramulator.average_serving_requests_0_0_1_2            0.114730                                      # The average of read and write requests that are served in this DRAM element per memory cycle for level _0_0_1_2
         ramulator.active_cycles_0_0_1_3             3273928                                      # Total active cycles for level _0_0_1_3
           ramulator.busy_cycles_0_0_1_3             3273928                                      # (All-bank refresh only. busy cycles only include refresh time in rank level) The sum of cycles that the DRAM part is active or under refresh for level _0_0_1_3
      ramulator.serving_requests_0_0_1_3             3509653                                      # The sum of read and write requests that are served in this DRAM element per memory cycle for level _0_0_1_3
ramulator.average_serving_requests_0_0_1_3            0.113064                                      # The average of read and write requests that are served in this DRAM element per memory cycle for level _0_0_1_3
           ramulator.active_cycles_0_0_2            10353765                                      # Total active cycles for level _0_0_2
             ramulator.busy_cycles_0_0_2            10353765                                      # (All-bank refresh only. busy cycles only include refresh time in rank level) The sum of cycles that the DRAM part is active or under refresh for level _0_0_2
        ramulator.serving_requests_0_0_2            14082822                                      # The sum of read and write requests that are served in this DRAM element per memory cycle for level _0_0_2
ramulator.average_serving_requests_0_0_2            0.453681                                      # The average of read and write requests that are served in this DRAM element per memory cycle for level _0_0_2
         ramulator.active_cycles_0_0_2_0             3115533                                      # Total active cycles for level _0_0_2_0
           ramulator.busy_cycles_0_0_2_0             3115533                                      # (All-bank refresh only. busy cycles only include refresh time in rank level) The sum of cycles that the DRAM part is active or under refresh for level _0_0_2_0
      ramulator.serving_requests_0_0_2_0             3336526                                      # The sum of read and write requests that are served in this DRAM element per memory cycle for level _0_0_2_0
ramulator.average_serving_requests_0_0_2_0            0.107487                                      # The average of read and write requests that are served in this DRAM element per memory cycle for level _0_0_2_0
         ramulator.active_cycles_0_0_2_1             3424465                                      # Total active cycles for level _0_0_2_1
           ramulator.busy_cycles_0_0_2_1             3424465                                      # (All-bank refresh only. busy cycles only include refresh time in rank level) The sum of cycles that the DRAM part is active or under refresh for level _0_0_2_1
      ramulator.serving_requests_0_0_2_1             3668567                                      # The sum of read and write requests that are served in this DRAM element per memory cycle for level _0_0_2_1
ramulator.average_serving_requests_0_0_2_1            0.118184                                      # The average of read and write requests that are served in this DRAM element per memory cycle for level _0_0_2_1
         ramulator.active_cycles_0_0_2_2             3249220                                      # Total active cycles for level _0_0_2_2
           ramulator.busy_cycles_0_0_2_2             3249220                                      # (All-bank refresh only. busy cycles only include refresh time in rank level) The sum of cycles that the DRAM part is active or under refresh for level _0_0_2_2
      ramulator.serving_requests_0_0_2_2             3481665                                      # The sum of read and write requests that are served in this DRAM element per memory cycle for level _0_0_2_2
ramulator.average_serving_requests_0_0_2_2            0.112163                                      # The average of read and write requests that are served in this DRAM element per memory cycle for level _0_0_2_2
         ramulator.active_cycles_0_0_2_3             3349892                                      # Total active cycles for level _0_0_2_3
           ramulator.busy_cycles_0_0_2_3             3349892                                      # (All-bank refresh only. busy cycles only include refresh time in rank level) The sum of cycles that the DRAM part is active or under refresh for level _0_0_2_3
      ramulator.serving_requests_0_0_2_3             3596064                                      # The sum of read and write requests that are served in this DRAM element per memory cycle for level _0_0_2_3
ramulator.average_serving_requests_0_0_2_3            0.115848                                      # The average of read and write requests that are served in this DRAM element per memory cycle for level _0_0_2_3
           ramulator.active_cycles_0_0_3            10181058                                      # Total active cycles for level _0_0_3
             ramulator.busy_cycles_0_0_3            10181058                                      # (All-bank refresh only. busy cycles only include refresh time in rank level) The sum of cycles that the DRAM part is active or under refresh for level _0_0_3
        ramulator.serving_requests_0_0_3            13839621                                      # The sum of read and write requests that are served in this DRAM element per memory cycle for level _0_0_3
ramulator.average_serving_requests_0_0_3            0.445846                                      # The average of read and write requests that are served in this DRAM element per memory cycle for level _0_0_3
         ramulator.active_cycles_0_0_3_0             3222630                                      # Total active cycles for level _0_0_3_0
           ramulator.busy_cycles_0_0_3_0             3222630                                      # (All-bank refresh only. busy cycles only include refresh time in rank level) The sum of cycles that the DRAM part is active or under refresh for level _0_0_3_0
      ramulator.serving_requests_0_0_3_0             3458763                                      # The sum of read and write requests that are served in this DRAM element per memory cycle for level _0_0_3_0
ramulator.average_serving_requests_0_0_3_0            0.111425                                      # The average of read and write requests that are served in this DRAM element per memory cycle for level _0_0_3_0
         ramulator.active_cycles_0_0_3_1             3329650                                      # Total active cycles for level _0_0_3_1
           ramulator.busy_cycles_0_0_3_1             3329650                                      # (All-bank refresh only. busy cycles only include refresh time in rank level) The sum of cycles that the DRAM part is active or under refresh for level _0_0_3_1
      ramulator.serving_requests_0_0_3_1             3559447                                      # The sum of read and write requests that are served in this DRAM element per memory cycle for level _0_0_3_1
ramulator.average_serving_requests_0_0_3_1            0.114668                                      # The average of read and write requests that are served in this DRAM element per memory cycle for level _0_0_3_1
         ramulator.active_cycles_0_0_3_2             3253963                                      # Total active cycles for level _0_0_3_2
           ramulator.busy_cycles_0_0_3_2             3253963                                      # (All-bank refresh only. busy cycles only include refresh time in rank level) The sum of cycles that the DRAM part is active or under refresh for level _0_0_3_2
      ramulator.serving_requests_0_0_3_2             3484679                                      # The sum of read and write requests that are served in this DRAM element per memory cycle for level _0_0_3_2
ramulator.average_serving_requests_0_0_3_2            0.112260                                      # The average of read and write requests that are served in this DRAM element per memory cycle for level _0_0_3_2
         ramulator.active_cycles_0_0_3_3             3129889                                      # Total active cycles for level _0_0_3_3
           ramulator.busy_cycles_0_0_3_3             3129889                                      # (All-bank refresh only. busy cycles only include refresh time in rank level) The sum of cycles that the DRAM part is active or under refresh for level _0_0_3_3
      ramulator.serving_requests_0_0_3_3             3336652                                      # The sum of read and write requests that are served in this DRAM element per memory cycle for level _0_0_3_3
ramulator.average_serving_requests_0_0_3_3            0.107491                                      # The average of read and write requests that are served in this DRAM element per memory cycle for level _0_0_3_3
      ramulator.read_transaction_bytes_0            37578176                                      # The total byte of read transaction per channel
     ramulator.write_transaction_bytes_0            17981696                                      # The total byte of write transaction per channel
       ramulator.row_hits_channel_0_core              354442                                      # Number of row hits per channel per core
     ramulator.row_misses_channel_0_core               56197                                      # Number of row misses per channel per core
  ramulator.row_conflicts_channel_0_core              457484                                      # Number of row conflicts per channel per core
  ramulator.read_row_hits_channel_0_core              335219                                      # Number of row hits for read requests per channel per core
                                     [0]            335219.0                                      # 
ramulator.read_row_misses_channel_0_core               34696                                      # Number of row misses for read requests per channel per core
                                     [0]             34696.0                                      # 
ramulator.read_row_conflicts_channel_0_core              217244                                      # Number of row conflicts for read requests per channel per core
                                     [0]            217244.0                                      # 
 ramulator.write_row_hits_channel_0_core               19223                                      # Number of row hits for write requests per channel per core
                                     [0]             19223.0                                      # 
ramulator.write_row_misses_channel_0_core               21501                                      # Number of row misses for write requests per channel per core
                                     [0]             21501.0                                      # 
ramulator.write_row_conflicts_channel_0_core              240240                                      # Number of row conflicts for write requests per channel per core
                                     [0]            240240.0                                      # 
      ramulator.useless_activates_0_core                  75                                      # Number of useless activations. E.g, ACT -> PRE w/o RD or WR
            ramulator.read_latency_avg_0           54.123015                                      # The average memory latency cycles (in memory time domain) per request for all read requests in this channel
            ramulator.read_latency_sum_0            31789532                                      # The memory latency cycles (in memory time domain) sum for all read requests in this channel
        ramulator.req_queue_length_avg_0           15.173939                                      # Average of read and write queue length per memory cycle per channel.
        ramulator.req_queue_length_sum_0           471017747                                      # Sum of read and write queue length per memory cycle per channel.
   ramulator.read_req_queue_length_avg_0            0.891696                                      # Read queue length average per memory cycle per channel.
   ramulator.read_req_queue_length_sum_0            27679329                                      # Read queue length sum per memory cycle per channel.
  ramulator.write_req_queue_length_avg_0           14.282243                                      # Write queue length average per memory cycle per channel.
  ramulator.write_req_queue_length_sum_0           443338418                                      # Write queue length sum per memory cycle per channel.
              ramulator.record_read_hits                 0.0                                      # record read hit count for this core when it reaches request limit or to the end
                                     [0]                 0.0                                      # 
            ramulator.record_read_misses                 0.0                                      # record_read_miss count for this core when it reaches request limit or to the end
                                     [0]                 0.0                                      # 
         ramulator.record_read_conflicts                 0.0                                      # record read conflict count for this core when it reaches request limit or to the end
                                     [0]                 0.0                                      # 
             ramulator.record_write_hits                 0.0                                      # record write hit count for this core when it reaches request limit or to the end
                                     [0]                 0.0                                      # 
           ramulator.record_write_misses                 0.0                                      # record write miss count for this core when it reaches request limit or to the end
                                     [0]                 0.0                                      # 
        ramulator.record_write_conflicts                 0.0                                      # record write conflict for this core when it reaches request limit or to the end
                                     [0]                 0.0                                      # 
                 ramulator.dram_capacity          8589934592                                      # Number of bytes in simulated DRAM
                   ramulator.dram_cycles            31041232                                      # Number of DRAM cycles simulated
             ramulator.incoming_requests              868327                                      # Number of incoming requests to DRAM
                 ramulator.read_requests              587357                                      # Number of incoming read requests to DRAM per core
                                     [0]            587357.0                                      # 
                ramulator.write_requests              280970                                      # Number of incoming write requests to DRAM per core
                                     [0]            280970.0                                      # 
       ramulator.ramulator_active_cycles            23149016                                      # The total number of cycles that the DRAM part is active (serving R/W)
 ramulator.incoming_requests_per_channel            868327.0                                      # Number of incoming requests to each DRAM channel
                                     [0]            868327.0                                      # 
ramulator.incoming_read_reqs_per_channel            587357.0                                      # Number of incoming read requests to each DRAM channel
                                     [0]            587357.0                                      # 
     ramulator.physical_page_replacement                   0                                      # The number of times that physical page replacement happens.
             ramulator.maximum_bandwidth         19200000000                                      # The theoretical maximum bandwidth (Bps)
          ramulator.in_queue_req_num_sum           471017747                                      # Sum of read/write queue length
     ramulator.in_queue_read_req_num_sum            27679329                                      # Sum of read queue length
    ramulator.in_queue_write_req_num_sum           443338418                                      # Sum of write queue length
          ramulator.in_queue_req_num_avg           15.173939                                      # Average of read/write queue length per memory cycle
     ramulator.in_queue_read_req_num_avg            0.891696                                      # Average of read queue length per memory cycle
    ramulator.in_queue_write_req_num_avg           14.282243                                      # Average of write queue length per memory cycle
          ramulator.record_read_requests                 0.0                                      # record read requests for this core when it reaches request limit or to the end
                                     [0]                 0.0                                      # 
         ramulator.record_write_requests                 0.0                                      # record write requests for this core when it reaches request limit or to the end
                                     [0]                 0.0                                      # 
