               ramulator.active_cycles_0            23667892                                      # Total active cycles for level _0
                 ramulator.busy_cycles_0            23667892                                      # (All-bank refresh only. busy cycles only include refresh time in rank level) The sum of cycles that the DRAM part is active or under refresh for level _0
            ramulator.serving_requests_0            56784166                                      # The sum of read and write requests that are served in this DRAM element per memory cycle for level _0
    ramulator.average_serving_requests_0            1.811925                                      # The average of read and write requests that are served in this DRAM element per memory cycle for level _0
             ramulator.active_cycles_0_0            23667892                                      # Total active cycles for level _0_0
               ramulator.busy_cycles_0_0            24153832                                      # (All-bank refresh only. busy cycles only include refresh time in rank level) The sum of cycles that the DRAM part is active or under refresh for level _0_0
          ramulator.serving_requests_0_0            56784166                                      # The sum of read and write requests that are served in this DRAM element per memory cycle for level _0_0
  ramulator.average_serving_requests_0_0            1.811925                                      # The average of read and write requests that are served in this DRAM element per memory cycle for level _0_0
           ramulator.active_cycles_0_0_0            10782765                                      # Total active cycles for level _0_0_0
             ramulator.busy_cycles_0_0_0            10782765                                      # (All-bank refresh only. busy cycles only include refresh time in rank level) The sum of cycles that the DRAM part is active or under refresh for level _0_0_0
        ramulator.serving_requests_0_0_0            14677629                                      # The sum of read and write requests that are served in this DRAM element per memory cycle for level _0_0_0
ramulator.average_serving_requests_0_0_0            0.468348                                      # The average of read and write requests that are served in this DRAM element per memory cycle for level _0_0_0
         ramulator.active_cycles_0_0_0_0             3373848                                      # Total active cycles for level _0_0_0_0
           ramulator.busy_cycles_0_0_0_0             3373848                                      # (All-bank refresh only. busy cycles only include refresh time in rank level) The sum of cycles that the DRAM part is active or under refresh for level _0_0_0_0
      ramulator.serving_requests_0_0_0_0             3605350                                      # The sum of read and write requests that are served in this DRAM element per memory cycle for level _0_0_0_0
ramulator.average_serving_requests_0_0_0_0            0.115043                                      # The average of read and write requests that are served in this DRAM element per memory cycle for level _0_0_0_0
         ramulator.active_cycles_0_0_0_1             3455616                                      # Total active cycles for level _0_0_0_1
           ramulator.busy_cycles_0_0_0_1             3455616                                      # (All-bank refresh only. busy cycles only include refresh time in rank level) The sum of cycles that the DRAM part is active or under refresh for level _0_0_0_1
      ramulator.serving_requests_0_0_0_1             3700706                                      # The sum of read and write requests that are served in this DRAM element per memory cycle for level _0_0_0_1
ramulator.average_serving_requests_0_0_0_1            0.118086                                      # The average of read and write requests that are served in this DRAM element per memory cycle for level _0_0_0_1
         ramulator.active_cycles_0_0_0_2             3259049                                      # Total active cycles for level _0_0_0_2
           ramulator.busy_cycles_0_0_0_2             3259049                                      # (All-bank refresh only. busy cycles only include refresh time in rank level) The sum of cycles that the DRAM part is active or under refresh for level _0_0_0_2
      ramulator.serving_requests_0_0_0_2             3486788                                      # The sum of read and write requests that are served in this DRAM element per memory cycle for level _0_0_0_2
ramulator.average_serving_requests_0_0_0_2            0.111260                                      # The average of read and write requests that are served in this DRAM element per memory cycle for level _0_0_0_2
         ramulator.active_cycles_0_0_0_3             3623255                                      # Total active cycles for level _0_0_0_3
           ramulator.busy_cycles_0_0_0_3             3623255                                      # (All-bank refresh only. busy cycles only include refresh time in rank level) The sum of cycles that the DRAM part is active or under refresh for level _0_0_0_3
      ramulator.serving_requests_0_0_0_3             3884785                                      # The sum of read and write requests that are served in this DRAM element per memory cycle for level _0_0_0_3
ramulator.average_serving_requests_0_0_0_3            0.123960                                      # The average of read and write requests that are served in this DRAM element per memory cycle for level _0_0_0_3
           ramulator.active_cycles_0_0_1            10181739                                      # Total active cycles for level _0_0_1
             ramulator.busy_cycles_0_0_1            10181739                                      # (All-bank refresh only. busy cycles only include refresh time in rank level) The sum of cycles that the DRAM part is active or under refresh for level _0_0_1
        ramulator.serving_requests_0_0_1            13728018                                      # The sum of read and write requests that are served in this DRAM element per memory cycle for level _0_0_1
ramulator.average_serving_requests_0_0_1            0.438047                                      # The average of read and write requests that are served in this DRAM element per memory cycle for level _0_0_1
         ramulator.active_cycles_0_0_1_0             3009804                                      # Total active cycles for level _0_0_1_0
           ramulator.busy_cycles_0_0_1_0             3009804                                      # (All-bank refresh only. busy cycles only include refresh time in rank level) The sum of cycles that the DRAM part is active or under refresh for level _0_0_1_0
      ramulator.serving_requests_0_0_1_0             3210045                                      # The sum of read and write requests that are served in this DRAM element per memory cycle for level _0_0_1_0
ramulator.average_serving_requests_0_0_1_0            0.102429                                      # The average of read and write requests that are served in this DRAM element per memory cycle for level _0_0_1_0
         ramulator.active_cycles_0_0_1_1             3216586                                      # Total active cycles for level _0_0_1_1
           ramulator.busy_cycles_0_0_1_1             3216586                                      # (All-bank refresh only. busy cycles only include refresh time in rank level) The sum of cycles that the DRAM part is active or under refresh for level _0_0_1_1
      ramulator.serving_requests_0_0_1_1             3446746                                      # The sum of read and write requests that are served in this DRAM element per memory cycle for level _0_0_1_1
ramulator.average_serving_requests_0_0_1_1            0.109982                                      # The average of read and write requests that are served in this DRAM element per memory cycle for level _0_0_1_1
         ramulator.active_cycles_0_0_1_2             3278721                                      # Total active cycles for level _0_0_1_2
           ramulator.busy_cycles_0_0_1_2             3278721                                      # (All-bank refresh only. busy cycles only include refresh time in rank level) The sum of cycles that the DRAM part is active or under refresh for level _0_0_1_2
      ramulator.serving_requests_0_0_1_2             3526156                                      # The sum of read and write requests that are served in this DRAM element per memory cycle for level _0_0_1_2
ramulator.average_serving_requests_0_0_1_2            0.112516                                      # The average of read and write requests that are served in this DRAM element per memory cycle for level _0_0_1_2
         ramulator.active_cycles_0_0_1_3             3303088                                      # Total active cycles for level _0_0_1_3
           ramulator.busy_cycles_0_0_1_3             3303088                                      # (All-bank refresh only. busy cycles only include refresh time in rank level) The sum of cycles that the DRAM part is active or under refresh for level _0_0_1_3
      ramulator.serving_requests_0_0_1_3             3545071                                      # The sum of read and write requests that are served in this DRAM element per memory cycle for level _0_0_1_3
ramulator.average_serving_requests_0_0_1_3            0.113120                                      # The average of read and write requests that are served in this DRAM element per memory cycle for level _0_0_1_3
           ramulator.active_cycles_0_0_2            10476571                                      # Total active cycles for level _0_0_2
             ramulator.busy_cycles_0_0_2            10476571                                      # (All-bank refresh only. busy cycles only include refresh time in rank level) The sum of cycles that the DRAM part is active or under refresh for level _0_0_2
        ramulator.serving_requests_0_0_2            14319968                                      # The sum of read and write requests that are served in this DRAM element per memory cycle for level _0_0_2
ramulator.average_serving_requests_0_0_2            0.456936                                      # The average of read and write requests that are served in this DRAM element per memory cycle for level _0_0_2
         ramulator.active_cycles_0_0_2_0             3123095                                      # Total active cycles for level _0_0_2_0
           ramulator.busy_cycles_0_0_2_0             3123095                                      # (All-bank refresh only. busy cycles only include refresh time in rank level) The sum of cycles that the DRAM part is active or under refresh for level _0_0_2_0
      ramulator.serving_requests_0_0_2_0             3348159                                      # The sum of read and write requests that are served in this DRAM element per memory cycle for level _0_0_2_0
ramulator.average_serving_requests_0_0_2_0            0.106836                                      # The average of read and write requests that are served in this DRAM element per memory cycle for level _0_0_2_0
         ramulator.active_cycles_0_0_2_1             3444482                                      # Total active cycles for level _0_0_2_1
           ramulator.busy_cycles_0_0_2_1             3444482                                      # (All-bank refresh only. busy cycles only include refresh time in rank level) The sum of cycles that the DRAM part is active or under refresh for level _0_0_2_1
      ramulator.serving_requests_0_0_2_1             3691983                                      # The sum of read and write requests that are served in this DRAM element per memory cycle for level _0_0_2_1
ramulator.average_serving_requests_0_0_2_1            0.117807                                      # The average of read and write requests that are served in this DRAM element per memory cycle for level _0_0_2_1
         ramulator.active_cycles_0_0_2_2             3363576                                      # Total active cycles for level _0_0_2_2
           ramulator.busy_cycles_0_0_2_2             3363576                                      # (All-bank refresh only. busy cycles only include refresh time in rank level) The sum of cycles that the DRAM part is active or under refresh for level _0_0_2_2
      ramulator.serving_requests_0_0_2_2             3605607                                      # The sum of read and write requests that are served in this DRAM element per memory cycle for level _0_0_2_2
ramulator.average_serving_requests_0_0_2_2            0.115051                                      # The average of read and write requests that are served in this DRAM element per memory cycle for level _0_0_2_2
         ramulator.active_cycles_0_0_2_3             3419617                                      # Total active cycles for level _0_0_2_3
           ramulator.busy_cycles_0_0_2_3             3419617                                      # (All-bank refresh only. busy cycles only include refresh time in rank level) The sum of cycles that the DRAM part is active or under refresh for level _0_0_2_3
      ramulator.serving_requests_0_0_2_3             3674219                                      # The sum of read and write requests that are served in this DRAM element per memory cycle for level _0_0_2_3
ramulator.average_serving_requests_0_0_2_3            0.117241                                      # The average of read and write requests that are served in this DRAM element per memory cycle for level _0_0_2_3
           ramulator.active_cycles_0_0_3            10438426                                      # Total active cycles for level _0_0_3
             ramulator.busy_cycles_0_0_3            10438426                                      # (All-bank refresh only. busy cycles only include refresh time in rank level) The sum of cycles that the DRAM part is active or under refresh for level _0_0_3
        ramulator.serving_requests_0_0_3            14058551                                      # The sum of read and write requests that are served in this DRAM element per memory cycle for level _0_0_3
ramulator.average_serving_requests_0_0_3            0.448594                                      # The average of read and write requests that are served in this DRAM element per memory cycle for level _0_0_3
         ramulator.active_cycles_0_0_3_0             3308478                                      # Total active cycles for level _0_0_3_0
           ramulator.busy_cycles_0_0_3_0             3308478                                      # (All-bank refresh only. busy cycles only include refresh time in rank level) The sum of cycles that the DRAM part is active or under refresh for level _0_0_3_0
      ramulator.serving_requests_0_0_3_0             3539365                                      # The sum of read and write requests that are served in this DRAM element per memory cycle for level _0_0_3_0
ramulator.average_serving_requests_0_0_3_0            0.112938                                      # The average of read and write requests that are served in this DRAM element per memory cycle for level _0_0_3_0
         ramulator.active_cycles_0_0_3_1             3309960                                      # Total active cycles for level _0_0_3_1
           ramulator.busy_cycles_0_0_3_1             3309960                                      # (All-bank refresh only. busy cycles only include refresh time in rank level) The sum of cycles that the DRAM part is active or under refresh for level _0_0_3_1
      ramulator.serving_requests_0_0_3_1             3541267                                      # The sum of read and write requests that are served in this DRAM element per memory cycle for level _0_0_3_1
ramulator.average_serving_requests_0_0_3_1            0.112998                                      # The average of read and write requests that are served in this DRAM element per memory cycle for level _0_0_3_1
         ramulator.active_cycles_0_0_3_2             3272955                                      # Total active cycles for level _0_0_3_2
           ramulator.busy_cycles_0_0_3_2             3272955                                      # (All-bank refresh only. busy cycles only include refresh time in rank level) The sum of cycles that the DRAM part is active or under refresh for level _0_0_3_2
      ramulator.serving_requests_0_0_3_2             3508945                                      # The sum of read and write requests that are served in this DRAM element per memory cycle for level _0_0_3_2
ramulator.average_serving_requests_0_0_3_2            0.111967                                      # The average of read and write requests that are served in this DRAM element per memory cycle for level _0_0_3_2
         ramulator.active_cycles_0_0_3_3             3253598                                      # Total active cycles for level _0_0_3_3
           ramulator.busy_cycles_0_0_3_3             3253598                                      # (All-bank refresh only. busy cycles only include refresh time in rank level) The sum of cycles that the DRAM part is active or under refresh for level _0_0_3_3
      ramulator.serving_requests_0_0_3_3             3468974                                      # The sum of read and write requests that are served in this DRAM element per memory cycle for level _0_0_3_3
ramulator.average_serving_requests_0_0_3_3            0.110691                                      # The average of read and write requests that are served in this DRAM element per memory cycle for level _0_0_3_3
      ramulator.read_transaction_bytes_0            37752064                                      # The total byte of read transaction per channel
     ramulator.write_transaction_bytes_0            18022848                                      # The total byte of write transaction per channel
       ramulator.row_hits_channel_0_core              359091                                      # Number of row hits per channel per core
     ramulator.row_misses_channel_0_core               56612                                      # Number of row misses per channel per core
  ramulator.row_conflicts_channel_0_core              455780                                      # Number of row conflicts per channel per core
  ramulator.read_row_hits_channel_0_core              339186                                      # Number of row hits for read requests per channel per core
                                     [0]            339186.0                                      # 
ramulator.read_row_misses_channel_0_core               34852                                      # Number of row misses for read requests per channel per core
                                     [0]             34852.0                                      # 
ramulator.read_row_conflicts_channel_0_core              215838                                      # Number of row conflicts for read requests per channel per core
                                     [0]            215838.0                                      # 
 ramulator.write_row_hits_channel_0_core               19905                                      # Number of row hits for write requests per channel per core
                                     [0]             19905.0                                      # 
ramulator.write_row_misses_channel_0_core               21760                                      # Number of row misses for write requests per channel per core
                                     [0]             21760.0                                      # 
ramulator.write_row_conflicts_channel_0_core              239942                                      # Number of row conflicts for write requests per channel per core
                                     [0]            239942.0                                      # 
      ramulator.useless_activates_0_core                  98                                      # Number of useless activations. E.g, ACT -> PRE w/o RD or WR
            ramulator.read_latency_avg_0           54.494475                                      # The average memory latency cycles (in memory time domain) per request for all read requests in this channel
            ramulator.read_latency_sum_0            32156209                                      # The memory latency cycles (in memory time domain) sum for all read requests in this channel
        ramulator.req_queue_length_avg_0           15.130099                                      # Average of read and write queue length per memory cycle per channel.
        ramulator.req_queue_length_sum_0           474164336                                      # Sum of read and write queue length per memory cycle per channel.
   ramulator.read_req_queue_length_avg_0            0.895555                                      # Read queue length average per memory cycle per channel.
   ramulator.read_req_queue_length_sum_0            28065938                                      # Read queue length sum per memory cycle per channel.
  ramulator.write_req_queue_length_avg_0           14.234544                                      # Write queue length average per memory cycle per channel.
  ramulator.write_req_queue_length_sum_0           446098398                                      # Write queue length sum per memory cycle per channel.
              ramulator.record_read_hits                 0.0                                      # record read hit count for this core when it reaches request limit or to the end
                                     [0]                 0.0                                      # 
            ramulator.record_read_misses                 0.0                                      # record_read_miss count for this core when it reaches request limit or to the end
                                     [0]                 0.0                                      # 
         ramulator.record_read_conflicts                 0.0                                      # record read conflict count for this core when it reaches request limit or to the end
                                     [0]                 0.0                                      # 
             ramulator.record_write_hits                 0.0                                      # record write hit count for this core when it reaches request limit or to the end
                                     [0]                 0.0                                      # 
           ramulator.record_write_misses                 0.0                                      # record write miss count for this core when it reaches request limit or to the end
                                     [0]                 0.0                                      # 
        ramulator.record_write_conflicts                 0.0                                      # record write conflict for this core when it reaches request limit or to the end
                                     [0]                 0.0                                      # 
                 ramulator.dram_capacity          8589934592                                      # Number of bytes in simulated DRAM
                   ramulator.dram_cycles            31339142                                      # Number of DRAM cycles simulated
             ramulator.incoming_requests              871712                                      # Number of incoming requests to DRAM
                 ramulator.read_requests              590082                                      # Number of incoming read requests to DRAM per core
                                     [0]            590082.0                                      # 
                ramulator.write_requests              281630                                      # Number of incoming write requests to DRAM per core
                                     [0]            281630.0                                      # 
       ramulator.ramulator_active_cycles            23667892                                      # The total number of cycles that the DRAM part is active (serving R/W)
 ramulator.incoming_requests_per_channel            871712.0                                      # Number of incoming requests to each DRAM channel
                                     [0]            871712.0                                      # 
ramulator.incoming_read_reqs_per_channel            590082.0                                      # Number of incoming read requests to each DRAM channel
                                     [0]            590082.0                                      # 
     ramulator.physical_page_replacement                   0                                      # The number of times that physical page replacement happens.
             ramulator.maximum_bandwidth         19200000000                                      # The theoretical maximum bandwidth (Bps)
          ramulator.in_queue_req_num_sum           474164336                                      # Sum of read/write queue length
     ramulator.in_queue_read_req_num_sum            28065938                                      # Sum of read queue length
    ramulator.in_queue_write_req_num_sum           446098398                                      # Sum of write queue length
          ramulator.in_queue_req_num_avg           15.130099                                      # Average of read/write queue length per memory cycle
     ramulator.in_queue_read_req_num_avg            0.895555                                      # Average of read queue length per memory cycle
    ramulator.in_queue_write_req_num_avg           14.234544                                      # Average of write queue length per memory cycle
          ramulator.record_read_requests                 0.0                                      # record read requests for this core when it reaches request limit or to the end
                                     [0]                 0.0                                      # 
         ramulator.record_write_requests                 0.0                                      # record write requests for this core when it reaches request limit or to the end
                                     [0]                 0.0                                      # 
