/* -*- Mode: c -*- */
####################################################################################################
Core 0
####################################################################################################
Cumulative:        Cycles: 34737960              Instructions: 100000000             IPC: 2.87870

EXECUTION_TIME                           10855612500000                  10855612500000              

NODE_CYCLE                                    34737960                       34737960              

NODE_INST_COUNT                              100000000                      100000000              

NODE_UOP_COUNT                               110907477                      110907477              

FULL_WINDOW_STALL                              9612091       27.670%          9612091       27.670%

FULL_WINDOW_MEM_OP                             3417403       51.888%          3417403       51.888%
FULL_WINDOW_FP_OP                              3082465       46.803%          3082465       46.803%
FULL_WINDOW_OTHER_OP                             86236        1.309%            86236        1.309%
                                               6586104      100.000%          6586104      100.000%
                                                  0.49         0.39              0.49         0.39

RET_BLOCKED_DC_MISS                            1987794        5.722%          1987794        5.722%

RET_BLOCKED_L1_MISS                            1860094        5.355%          1860094        5.355%

RET_BLOCKED_L1_MISS_BW_PREF                     478918        1.379%           478918        1.379%

RET_BLOCKED_L1_ACCESS                           151155        0.435%           151155        0.435%

RET_BLOCKED_MEM_STALL                          1983050        5.709%          1983050        5.709%

RET_BLOCKED_OFFCHIP_DEMAND                           0        0.000%                0        0.000%

OP_ISSUED                                    110907485                      110907485              

OP_RETIRED                                   110907477                      110907477              

REPLAY_SIGNALED                                      0                              0              

REPLAY_COUNTED                                       0                              0              

OFF_CRITICAL_PATH                                    0         -nan%                0         -nan%
ON_CRITICAL_PATH                                     0         -nan%                0         -nan%
                                                     0         -nan%                0         -nan%
                                                  -nan         -nan              -nan         -nan

LD_NO_DEPENDENTS                                545621        2.173%           545621        2.173%
LD_DEPENDENTS                                 24564520       97.827%         24564520       97.827%
                                              25110141      100.000%         25110141      100.000%
                                                  0.98         0.97              0.98         0.97

LD_EXEC_CYCLES_0                                     0        0.000%                0        0.000%
LD_EXEC_CYCLES_1                                     0        0.000%                0        0.000%
LD_EXEC_CYCLES_2                                     0        0.000%                0        0.000%
LD_EXEC_CYCLES_3                              12636080       70.953%         12636080       70.953%
LD_EXEC_CYCLES_4                               5173057       29.047%          5173057       29.047%
                                              17809137      100.000%         17809137      100.000%
                                                  3.29         1.83              3.29         1.83

FU_BUSY_0                                     28446151                       28446151              

FU_BUSY_1                                     24512797                       24512797              

FU_BUSY_2                                     21837421                       21837421              

FU_BUSY_3                                     17108706                       17108706              

FU_BUSY_4                                     14303094                       14303094              

FU_BUSY_5                                     12558087                       12558087              

FU_BUSY_6                                     10661385                       10661385              

FU_BUSY_7                                      9097532                        9097532              

FU_BUSY_8                                            0                              0              

FU_BUSY_9                                            0                              0              

FU_BUSY_10                                           0                              0              

FU_BUSY_11                                           0                              0              

FU_BUSY_12                                           0                              0              

FU_BUSY_13                                           0                              0              

FU_BUSY_14                                           0                              0              

FU_BUSY_15                                           0                              0              

FU_BUSY_16                                           0                              0              

FU_BUSY_17                                           0                              0              

FU_BUSY_18                                           0                              0              

FU_BUSY_19                                           0                              0              

FU_BUSY_20                                           0                              0              

FU_BUSY_21                                           0                              0              

FU_BUSY_22                                           0                              0              

FU_BUSY_23                                           0                              0              

FU_BUSY_24                                           0                              0              

FU_BUSY_25                                           0                              0              

FU_BUSY_26                                           0                              0              

FU_BUSY_27                                           0                              0              

FU_BUSY_28                                           0                              0              

FU_BUSY_29                                           0                              0              

FU_BUSY_30                                           0                              0              

FU_BUSY_31                                           0                              0              

OP_WAIT_0                                     75169942                       75169942              

OP_WAIT_1                                     16525147                       16525147              

OP_WAIT_2                                      4452969                        4452969              

OP_WAIT_3                                      2007910                        2007910              

OP_WAIT_4                                      1601219                        1601219              

OP_WAIT_5                                      1087097                        1087097              

OP_WAIT_6                                       798490                         798490              

OP_WAIT_7                                      1721981                        1721981              

OP_WAIT_8                                      1641417                        1641417              

OP_WAIT_9                                      1041771                        1041771              

OP_WAIT_10                                     2225614                        2225614              

OP_WAIT_11                                      682063                         682063              

OP_WAIT_12                                      602338                         602338              

OP_WAIT_13                                      255441                         255441              

OP_WAIT_14                                      229240                         229240              

OP_WAIT_15                                      120801                         120801              

OP_WAIT_16                                      100999                         100999              

OP_WAIT_17                                       87083                          87083              

OP_WAIT_18                                       66204                          66204              

OP_WAIT_19                                       35569                          35569              

OP_WAIT_20                                       31778                          31778              

OP_WAIT_21                                       20624                          20624              

OP_WAIT_22                                       16633                          16633              

OP_WAIT_23                                       20802                          20802              

OP_WAIT_24                                       18417                          18417              

OP_WAIT_25                                       19810                          19810              

OP_WAIT_26                                       50087                          50087              

OP_WAIT_27                                       34318                          34318              

OP_WAIT_28                                       14888                          14888              

OP_WAIT_29                                        3762                           3762              

OP_WAIT_30                                        8711                           8711              

OP_WAIT_31                                      214352                         214352              

ROW_SIZE_0                                    10704371                       10704371              

ROW_SIZE_1                                     2030593                        2030593              

ROW_SIZE_2                                     1450794                        1450794              

ROW_SIZE_3                                     1207081                        1207081              

ROW_SIZE_4                                     1479580                        1479580              

ROW_SIZE_5                                      383843                         383843              

ROW_SIZE_6                                    15752753                       15752753              

ROW_SIZE_7                                           0                              0              

ROW_SIZE_8                                           0                              0              

ROW_SIZE_9                                           0                              0              

ROW_SIZE_10                                          0                              0              

ROW_SIZE_11                                          0                              0              

ROW_SIZE_12                                          0                              0              

ROW_SIZE_13                                          0                              0              

ROW_SIZE_14                                          0                              0              

ROW_SIZE_15                                          0                              0              

ROW_SIZE_16                                          0                              0              

ROW_SIZE_17                                          0                              0              

ROW_SIZE_18                                          0                              0              

ROW_SIZE_19                                          0                              0              

ROW_SIZE_20                                          0                              0              

ROW_SIZE_21                                          0                              0              

ROW_SIZE_22                                          0                              0              

ROW_SIZE_23                                          0                              0              

ROW_SIZE_24                                          0                              0              

ROW_SIZE_25                                          0                              0              

ROW_SIZE_26                                          0                              0              

ROW_SIZE_27                                          0                              0              

ROW_SIZE_28                                          0                              0              

ROW_SIZE_29                                          0                              0              

ROW_SIZE_30                                          0                              0              

ROW_SIZE_31                                          0                              0              

RET_OP_EXEC_COUNT_0                                  0        0.000%                0        0.000%
RET_OP_EXEC_COUNT_1                          110907477      100.000%        110907477      100.000%
RET_OP_EXEC_COUNT_2                                  0        0.000%                0        0.000%
RET_OP_EXEC_COUNT_3                                  0        0.000%                0        0.000%
RET_OP_EXEC_COUNT_4                                  0        0.000%                0        0.000%
RET_OP_EXEC_COUNT_5                                  0        0.000%                0        0.000%
RET_OP_EXEC_COUNT_6                                  0        0.000%                0        0.000%
RET_OP_EXEC_COUNT_7                                  0        0.000%                0        0.000%
RET_OP_EXEC_COUNT_8                                  0        0.000%                0        0.000%
RET_OP_EXEC_COUNT_9                                  0        0.000%                0        0.000%
RET_OP_EXEC_COUNT_10                                 0        0.000%                0        0.000%
RET_OP_EXEC_COUNT_11                                 0        0.000%                0        0.000%
RET_OP_EXEC_COUNT_12                                 0        0.000%                0        0.000%
RET_OP_EXEC_COUNT_13                                 0        0.000%                0        0.000%
RET_OP_EXEC_COUNT_14                                 0        0.000%                0        0.000%
RET_OP_EXEC_COUNT_15                                 0        0.000%                0        0.000%
RET_OP_EXEC_COUNT_16                                 0        0.000%                0        0.000%
RET_OP_EXEC_COUNT_17                                 0        0.000%                0        0.000%
RET_OP_EXEC_COUNT_18                                 0        0.000%                0        0.000%
RET_OP_EXEC_COUNT_19                                 0        0.000%                0        0.000%
RET_OP_EXEC_COUNT_20                                 0        0.000%                0        0.000%
RET_OP_EXEC_COUNT_21                                 0        0.000%                0        0.000%
RET_OP_EXEC_COUNT_22                                 0        0.000%                0        0.000%
RET_OP_EXEC_COUNT_23                                 0        0.000%                0        0.000%
RET_OP_EXEC_COUNT_24                                 0        0.000%                0        0.000%
RET_OP_EXEC_COUNT_25                                 0        0.000%                0        0.000%
RET_OP_EXEC_COUNT_26                                 0        0.000%                0        0.000%
RET_OP_EXEC_COUNT_27                                 0        0.000%                0        0.000%
RET_OP_EXEC_COUNT_28                                 0        0.000%                0        0.000%
RET_OP_EXEC_COUNT_29                                 0        0.000%                0        0.000%
RET_OP_EXEC_COUNT_30                                 0        0.000%                0        0.000%
RET_OP_EXEC_COUNT_31                                 0        0.000%                0        0.000%
RET_OP_EXEC_COUNT_32                                 0        0.000%                0        0.000%
                                             110907477      100.000%        110907477      100.000%
                                                  1.00         0.00              1.00         0.00

RET_STALL_LENGTH_0                           110901840       99.995%        110901840       99.995%
RET_STALL_LENGTH_100                              3363        0.003%             3363        0.003%
RET_STALL_LENGTH_200                               233        0.000%              233        0.000%
RET_STALL_LENGTH_300                               471        0.000%              471        0.000%
RET_STALL_LENGTH_400                               636        0.001%              636        0.001%
RET_STALL_LENGTH_500                               331        0.000%              331        0.000%
RET_STALL_LENGTH_600                               230        0.000%              230        0.000%
RET_STALL_LENGTH_700                               124        0.000%              124        0.000%
RET_STALL_LENGTH_800                                59        0.000%               59        0.000%
RET_STALL_LENGTH_900                                28        0.000%               28        0.000%
RET_STALL_LENGTH_1000                               15        0.000%               15        0.000%
RET_STALL_LENGTH_1100                               23        0.000%               23        0.000%
RET_STALL_LENGTH_1200                               65        0.000%               65        0.000%
RET_STALL_LENGTH_1300                               10        0.000%               10        0.000%
RET_STALL_LENGTH_1400                                7        0.000%                7        0.000%
RET_STALL_LENGTH_1500                                7        0.000%                7        0.000%
RET_STALL_LENGTH_1600                               15        0.000%               15        0.000%
RET_STALL_LENGTH_1700                               10        0.000%               10        0.000%
RET_STALL_LENGTH_1800                                6        0.000%                6        0.000%
RET_STALL_LENGTH_1900                                2        0.000%                2        0.000%
RET_STALL_LENGTH_2000                                2        0.000%                2        0.000%
RET_STALL_LENGTH_2100                                0        0.000%                0        0.000%
RET_STALL_LENGTH_2200                                0        0.000%                0        0.000%
RET_STALL_LENGTH_2300                                0        0.000%                0        0.000%
RET_STALL_LENGTH_2400                                0        0.000%                0        0.000%
RET_STALL_LENGTH_2500                                0        0.000%                0        0.000%
RET_STALL_LENGTH_2600                                0        0.000%                0        0.000%
RET_STALL_LENGTH_2700                                0        0.000%                0        0.000%
RET_STALL_LENGTH_2800                                0        0.000%                0        0.000%
RET_STALL_LENGTH_2900                                0        0.000%                0        0.000%
RET_STALL_LENGTH_3000                                0        0.000%                0        0.000%
RET_STALL_LENGTH_3100                                0        0.000%                0        0.000%
RET_STALL_LENGTH_3200                                0        0.000%                0        0.000%
RET_STALL_LENGTH_3300                                0        0.000%                0        0.000%
RET_STALL_LENGTH_3400                                0        0.000%                0        0.000%
RET_STALL_LENGTH_3500                                0        0.000%                0        0.000%
RET_STALL_LENGTH_3600                                0        0.000%                0        0.000%
RET_STALL_LENGTH_3700                                0        0.000%                0        0.000%
RET_STALL_LENGTH_3800                                0        0.000%                0        0.000%
RET_STALL_LENGTH_3900                                0        0.000%                0        0.000%
RET_STALL_LENGTH_4000                                0        0.000%                0        0.000%
RET_STALL_LENGTH_4100                                0        0.000%                0        0.000%
RET_STALL_LENGTH_4200                                0        0.000%                0        0.000%
RET_STALL_LENGTH_4300                                0        0.000%                0        0.000%
RET_STALL_LENGTH_4400                                0        0.000%                0        0.000%
RET_STALL_LENGTH_4500                                0        0.000%                0        0.000%
RET_STALL_LENGTH_4600                                0        0.000%                0        0.000%
RET_STALL_LENGTH_4700                                0        0.000%                0        0.000%
RET_STALL_LENGTH_4800                                0        0.000%                0        0.000%
RET_STALL_LENGTH_4900                                0        0.000%                0        0.000%
RET_STALL_LENGTH_5000                                0        0.000%                0        0.000%
                                             110907477      100.000%        110907477      100.000%
                                                  0.00         0.03              0.00         0.03

MEM_BLOCK_LENGTH_0                                7414       82.497%             7414       82.497%
MEM_BLOCK_LENGTH_100                               336        3.739%              336        3.739%
MEM_BLOCK_LENGTH_200                               121        1.346%              121        1.346%
MEM_BLOCK_LENGTH_300                               172        1.914%              172        1.914%
MEM_BLOCK_LENGTH_400                               187        2.081%              187        2.081%
MEM_BLOCK_LENGTH_500                               128        1.424%              128        1.424%
MEM_BLOCK_LENGTH_600                               125        1.391%              125        1.391%
MEM_BLOCK_LENGTH_700                               123        1.369%              123        1.369%
MEM_BLOCK_LENGTH_800                                96        1.068%               96        1.068%
MEM_BLOCK_LENGTH_900                                54        0.601%               54        0.601%
MEM_BLOCK_LENGTH_1000                               47        0.523%               47        0.523%
MEM_BLOCK_LENGTH_1100                               26        0.289%               26        0.289%
MEM_BLOCK_LENGTH_1200                               32        0.356%               32        0.356%
MEM_BLOCK_LENGTH_1300                               20        0.223%               20        0.223%
MEM_BLOCK_LENGTH_1400                               16        0.178%               16        0.178%
MEM_BLOCK_LENGTH_1500                               13        0.145%               13        0.145%
MEM_BLOCK_LENGTH_1600                               18        0.200%               18        0.200%
MEM_BLOCK_LENGTH_1700                                7        0.078%                7        0.078%
MEM_BLOCK_LENGTH_1800                               17        0.189%               17        0.189%
MEM_BLOCK_LENGTH_1900                                8        0.089%                8        0.089%
MEM_BLOCK_LENGTH_2000                                3        0.033%                3        0.033%
MEM_BLOCK_LENGTH_2100                                3        0.033%                3        0.033%
MEM_BLOCK_LENGTH_2200                                6        0.067%                6        0.067%
MEM_BLOCK_LENGTH_2300                                1        0.011%                1        0.011%
MEM_BLOCK_LENGTH_2400                                2        0.022%                2        0.022%
MEM_BLOCK_LENGTH_2500                                1        0.011%                1        0.011%
MEM_BLOCK_LENGTH_2600                                1        0.011%                1        0.011%
MEM_BLOCK_LENGTH_2700                                1        0.011%                1        0.011%
MEM_BLOCK_LENGTH_2800                                2        0.022%                2        0.022%
MEM_BLOCK_LENGTH_2900                                0        0.000%                0        0.000%
MEM_BLOCK_LENGTH_3000                                1        0.011%                1        0.011%
MEM_BLOCK_LENGTH_3100                                3        0.033%                3        0.033%
MEM_BLOCK_LENGTH_3200                                1        0.011%                1        0.011%
MEM_BLOCK_LENGTH_3300                                0        0.000%                0        0.000%
MEM_BLOCK_LENGTH_3400                                0        0.000%                0        0.000%
MEM_BLOCK_LENGTH_3500                                0        0.000%                0        0.000%
MEM_BLOCK_LENGTH_3600                                0        0.000%                0        0.000%
MEM_BLOCK_LENGTH_3700                                0        0.000%                0        0.000%
MEM_BLOCK_LENGTH_3800                                0        0.000%                0        0.000%
MEM_BLOCK_LENGTH_3900                                1        0.011%                1        0.011%
MEM_BLOCK_LENGTH_4000                                0        0.000%                0        0.000%
MEM_BLOCK_LENGTH_4100                                0        0.000%                0        0.000%
MEM_BLOCK_LENGTH_4200                                0        0.000%                0        0.000%
MEM_BLOCK_LENGTH_4300                                0        0.000%                0        0.000%
MEM_BLOCK_LENGTH_4400                                0        0.000%                0        0.000%
MEM_BLOCK_LENGTH_4500                                0        0.000%                0        0.000%
MEM_BLOCK_LENGTH_4600                                0        0.000%                0        0.000%
MEM_BLOCK_LENGTH_4700                                0        0.000%                0        0.000%
MEM_BLOCK_LENGTH_4800                                0        0.000%                0        0.000%
MEM_BLOCK_LENGTH_4900                                0        0.000%                0        0.000%
MEM_BLOCK_LENGTH_5000                                1        0.011%                1        0.011%
                                                  8987      100.000%             8987      100.000%
                                                  0.97         2.80              0.97         2.80

FUS_BUSY_ON_PATH                             138525173        3.9877        138525173        3.9877

FUS_BUSY_OFF_PATH                                    0        0.0000                0        0.0000

FU_BUSY_MEM_STALL                             27616137        0.7950         27616137        0.7950

FUS_EMPTY                                    139378507        4.0123        139378507        4.0123

CHIP_UTILIZATION                                     0        0.0000                0        0.0000

CYCLES_UNDER_MEM_REQ                                 0                              0              

CYCLES_UNDER_NO_MEM_REQ                              0                              0              

CYCLES_UNDER_CRITICAL_MEM_REQ                        0                              0              

CYCLES_UNDER_NONCRITICAL_MEM_REQ                     0                              0              

CHIP_UTILIZATION_UNDER_MEM_REQ                       0          -nan                0          -nan

CHIP_UTILIZATION_UNDER_NO_MEM_REQ                    0          -nan                0          -nan

CHIP_UTILIZATION_UNDER_CRITICAL_MEM_REQ              0          -nan                0          -nan

CHIP_UTILIZATION_UNDER_NONCRITICAL_MEM_REQ             0          -nan                0          -nan

CYCLES_NOT_WAITING_FOR_OFF_CHIP                      0        0.0000                0        0.0000

FUS_BUSY_NOT_WAITING_FOR_OFF_CHIP                    0          -nan                0          -nan

CYCLES_WAITING_FOR_OFF_CHIP                          0        0.0000                0        0.0000

FUS_BUSY_WAITING_FOR_OFF_CHIP                        0          -nan                0          -nan

TOTAL_OFF_CHIP_DELAYS_LEFT                           0                              0              

WRONG_IO_SCHED                                       0                              0              

DVFS_CONFIG_SWITCH                                   0                              0              



