               ramulator.active_cycles_0             2226572                                      # Total active cycles for level _0
                 ramulator.busy_cycles_0             2226572                                      # (All-bank refresh only. busy cycles only include refresh time in rank level) The sum of cycles that the DRAM part is active or under refresh for level _0
            ramulator.serving_requests_0             4737496                                      # The sum of read and write requests that are served in this DRAM element per memory cycle for level _0
    ramulator.average_serving_requests_0            0.369846                                      # The average of read and write requests that are served in this DRAM element per memory cycle for level _0
             ramulator.active_cycles_0_0             2226572                                      # Total active cycles for level _0_0
               ramulator.busy_cycles_0_0             2760812                                      # (All-bank refresh only. busy cycles only include refresh time in rank level) The sum of cycles that the DRAM part is active or under refresh for level _0_0
          ramulator.serving_requests_0_0             4737496                                      # The sum of read and write requests that are served in this DRAM element per memory cycle for level _0_0
  ramulator.average_serving_requests_0_0            0.369846                                      # The average of read and write requests that are served in this DRAM element per memory cycle for level _0_0
           ramulator.active_cycles_0_0_0              861889                                      # Total active cycles for level _0_0_0
             ramulator.busy_cycles_0_0_0              861889                                      # (All-bank refresh only. busy cycles only include refresh time in rank level) The sum of cycles that the DRAM part is active or under refresh for level _0_0_0
        ramulator.serving_requests_0_0_0             1299226                                      # The sum of read and write requests that are served in this DRAM element per memory cycle for level _0_0_0
ramulator.average_serving_requests_0_0_0            0.101428                                      # The average of read and write requests that are served in this DRAM element per memory cycle for level _0_0_0
         ramulator.active_cycles_0_0_0_0              226892                                      # Total active cycles for level _0_0_0_0
           ramulator.busy_cycles_0_0_0_0              226892                                      # (All-bank refresh only. busy cycles only include refresh time in rank level) The sum of cycles that the DRAM part is active or under refresh for level _0_0_0_0
      ramulator.serving_requests_0_0_0_0              300141                                      # The sum of read and write requests that are served in this DRAM element per memory cycle for level _0_0_0_0
ramulator.average_serving_requests_0_0_0_0            0.023431                                      # The average of read and write requests that are served in this DRAM element per memory cycle for level _0_0_0_0
         ramulator.active_cycles_0_0_0_1              250454                                      # Total active cycles for level _0_0_0_1
           ramulator.busy_cycles_0_0_0_1              250454                                      # (All-bank refresh only. busy cycles only include refresh time in rank level) The sum of cycles that the DRAM part is active or under refresh for level _0_0_0_1
      ramulator.serving_requests_0_0_0_1              336244                                      # The sum of read and write requests that are served in this DRAM element per memory cycle for level _0_0_0_1
ramulator.average_serving_requests_0_0_0_1            0.026250                                      # The average of read and write requests that are served in this DRAM element per memory cycle for level _0_0_0_1
         ramulator.active_cycles_0_0_0_2              231285                                      # Total active cycles for level _0_0_0_2
           ramulator.busy_cycles_0_0_0_2              231285                                      # (All-bank refresh only. busy cycles only include refresh time in rank level) The sum of cycles that the DRAM part is active or under refresh for level _0_0_0_2
      ramulator.serving_requests_0_0_0_2              304621                                      # The sum of read and write requests that are served in this DRAM element per memory cycle for level _0_0_0_2
ramulator.average_serving_requests_0_0_0_2            0.023781                                      # The average of read and write requests that are served in this DRAM element per memory cycle for level _0_0_0_2
         ramulator.active_cycles_0_0_0_3              266981                                      # Total active cycles for level _0_0_0_3
           ramulator.busy_cycles_0_0_0_3              266981                                      # (All-bank refresh only. busy cycles only include refresh time in rank level) The sum of cycles that the DRAM part is active or under refresh for level _0_0_0_3
      ramulator.serving_requests_0_0_0_3              358220                                      # The sum of read and write requests that are served in this DRAM element per memory cycle for level _0_0_0_3
ramulator.average_serving_requests_0_0_0_3            0.027965                                      # The average of read and write requests that are served in this DRAM element per memory cycle for level _0_0_0_3
           ramulator.active_cycles_0_0_1              816031                                      # Total active cycles for level _0_0_1
             ramulator.busy_cycles_0_0_1              816031                                      # (All-bank refresh only. busy cycles only include refresh time in rank level) The sum of cycles that the DRAM part is active or under refresh for level _0_0_1
        ramulator.serving_requests_0_0_1             1199577                                      # The sum of read and write requests that are served in this DRAM element per memory cycle for level _0_0_1
ramulator.average_serving_requests_0_0_1            0.093648                                      # The average of read and write requests that are served in this DRAM element per memory cycle for level _0_0_1
         ramulator.active_cycles_0_0_1_0              220312                                      # Total active cycles for level _0_0_1_0
           ramulator.busy_cycles_0_0_1_0              220312                                      # (All-bank refresh only. busy cycles only include refresh time in rank level) The sum of cycles that the DRAM part is active or under refresh for level _0_0_1_0
      ramulator.serving_requests_0_0_1_0              289662                                      # The sum of read and write requests that are served in this DRAM element per memory cycle for level _0_0_1_0
ramulator.average_serving_requests_0_0_1_0            0.022613                                      # The average of read and write requests that are served in this DRAM element per memory cycle for level _0_0_1_0
         ramulator.active_cycles_0_0_1_1              208478                                      # Total active cycles for level _0_0_1_1
           ramulator.busy_cycles_0_0_1_1              208478                                      # (All-bank refresh only. busy cycles only include refresh time in rank level) The sum of cycles that the DRAM part is active or under refresh for level _0_0_1_1
      ramulator.serving_requests_0_0_1_1              273191                                      # The sum of read and write requests that are served in this DRAM element per memory cycle for level _0_0_1_1
ramulator.average_serving_requests_0_0_1_1            0.021327                                      # The average of read and write requests that are served in this DRAM element per memory cycle for level _0_0_1_1
         ramulator.active_cycles_0_0_1_2              295614                                      # Total active cycles for level _0_0_1_2
           ramulator.busy_cycles_0_0_1_2              295614                                      # (All-bank refresh only. busy cycles only include refresh time in rank level) The sum of cycles that the DRAM part is active or under refresh for level _0_0_1_2
      ramulator.serving_requests_0_0_1_2              376551                                      # The sum of read and write requests that are served in this DRAM element per memory cycle for level _0_0_1_2
ramulator.average_serving_requests_0_0_1_2            0.029396                                      # The average of read and write requests that are served in this DRAM element per memory cycle for level _0_0_1_2
         ramulator.active_cycles_0_0_1_3              201319                                      # Total active cycles for level _0_0_1_3
           ramulator.busy_cycles_0_0_1_3              201319                                      # (All-bank refresh only. busy cycles only include refresh time in rank level) The sum of cycles that the DRAM part is active or under refresh for level _0_0_1_3
      ramulator.serving_requests_0_0_1_3              260173                                      # The sum of read and write requests that are served in this DRAM element per memory cycle for level _0_0_1_3
ramulator.average_serving_requests_0_0_1_3            0.020311                                      # The average of read and write requests that are served in this DRAM element per memory cycle for level _0_0_1_3
           ramulator.active_cycles_0_0_2              808131                                      # Total active cycles for level _0_0_2
             ramulator.busy_cycles_0_0_2              808131                                      # (All-bank refresh only. busy cycles only include refresh time in rank level) The sum of cycles that the DRAM part is active or under refresh for level _0_0_2
        ramulator.serving_requests_0_0_2             1187392                                      # The sum of read and write requests that are served in this DRAM element per memory cycle for level _0_0_2
ramulator.average_serving_requests_0_0_2            0.092697                                      # The average of read and write requests that are served in this DRAM element per memory cycle for level _0_0_2
         ramulator.active_cycles_0_0_2_0              259717                                      # Total active cycles for level _0_0_2_0
           ramulator.busy_cycles_0_0_2_0              259717                                      # (All-bank refresh only. busy cycles only include refresh time in rank level) The sum of cycles that the DRAM part is active or under refresh for level _0_0_2_0
      ramulator.serving_requests_0_0_2_0              332285                                      # The sum of read and write requests that are served in this DRAM element per memory cycle for level _0_0_2_0
ramulator.average_serving_requests_0_0_2_0            0.025941                                      # The average of read and write requests that are served in this DRAM element per memory cycle for level _0_0_2_0
         ramulator.active_cycles_0_0_2_1              227874                                      # Total active cycles for level _0_0_2_1
           ramulator.busy_cycles_0_0_2_1              227874                                      # (All-bank refresh only. busy cycles only include refresh time in rank level) The sum of cycles that the DRAM part is active or under refresh for level _0_0_2_1
      ramulator.serving_requests_0_0_2_1              304120                                      # The sum of read and write requests that are served in this DRAM element per memory cycle for level _0_0_2_1
ramulator.average_serving_requests_0_0_2_1            0.023742                                      # The average of read and write requests that are served in this DRAM element per memory cycle for level _0_0_2_1
         ramulator.active_cycles_0_0_2_2              235771                                      # Total active cycles for level _0_0_2_2
           ramulator.busy_cycles_0_0_2_2              235771                                      # (All-bank refresh only. busy cycles only include refresh time in rank level) The sum of cycles that the DRAM part is active or under refresh for level _0_0_2_2
      ramulator.serving_requests_0_0_2_2              320313                                      # The sum of read and write requests that are served in this DRAM element per memory cycle for level _0_0_2_2
ramulator.average_serving_requests_0_0_2_2            0.025006                                      # The average of read and write requests that are served in this DRAM element per memory cycle for level _0_0_2_2
         ramulator.active_cycles_0_0_2_3              178678                                      # Total active cycles for level _0_0_2_3
           ramulator.busy_cycles_0_0_2_3              178678                                      # (All-bank refresh only. busy cycles only include refresh time in rank level) The sum of cycles that the DRAM part is active or under refresh for level _0_0_2_3
      ramulator.serving_requests_0_0_2_3              230674                                      # The sum of read and write requests that are served in this DRAM element per memory cycle for level _0_0_2_3
ramulator.average_serving_requests_0_0_2_3            0.018008                                      # The average of read and write requests that are served in this DRAM element per memory cycle for level _0_0_2_3
           ramulator.active_cycles_0_0_3              721264                                      # Total active cycles for level _0_0_3
             ramulator.busy_cycles_0_0_3              721264                                      # (All-bank refresh only. busy cycles only include refresh time in rank level) The sum of cycles that the DRAM part is active or under refresh for level _0_0_3
        ramulator.serving_requests_0_0_3             1051301                                      # The sum of read and write requests that are served in this DRAM element per memory cycle for level _0_0_3
ramulator.average_serving_requests_0_0_3            0.082073                                      # The average of read and write requests that are served in this DRAM element per memory cycle for level _0_0_3
         ramulator.active_cycles_0_0_3_0              208650                                      # Total active cycles for level _0_0_3_0
           ramulator.busy_cycles_0_0_3_0              208650                                      # (All-bank refresh only. busy cycles only include refresh time in rank level) The sum of cycles that the DRAM part is active or under refresh for level _0_0_3_0
      ramulator.serving_requests_0_0_3_0              272888                                      # The sum of read and write requests that are served in this DRAM element per memory cycle for level _0_0_3_0
ramulator.average_serving_requests_0_0_3_0            0.021304                                      # The average of read and write requests that are served in this DRAM element per memory cycle for level _0_0_3_0
         ramulator.active_cycles_0_0_3_1              212981                                      # Total active cycles for level _0_0_3_1
           ramulator.busy_cycles_0_0_3_1              212981                                      # (All-bank refresh only. busy cycles only include refresh time in rank level) The sum of cycles that the DRAM part is active or under refresh for level _0_0_3_1
      ramulator.serving_requests_0_0_3_1              280122                                      # The sum of read and write requests that are served in this DRAM element per memory cycle for level _0_0_3_1
ramulator.average_serving_requests_0_0_3_1            0.021868                                      # The average of read and write requests that are served in this DRAM element per memory cycle for level _0_0_3_1
         ramulator.active_cycles_0_0_3_2              188578                                      # Total active cycles for level _0_0_3_2
           ramulator.busy_cycles_0_0_3_2              188578                                      # (All-bank refresh only. busy cycles only include refresh time in rank level) The sum of cycles that the DRAM part is active or under refresh for level _0_0_3_2
      ramulator.serving_requests_0_0_3_2              245678                                      # The sum of read and write requests that are served in this DRAM element per memory cycle for level _0_0_3_2
ramulator.average_serving_requests_0_0_3_2            0.019180                                      # The average of read and write requests that are served in this DRAM element per memory cycle for level _0_0_3_2
         ramulator.active_cycles_0_0_3_3              191411                                      # Total active cycles for level _0_0_3_3
           ramulator.busy_cycles_0_0_3_3              191411                                      # (All-bank refresh only. busy cycles only include refresh time in rank level) The sum of cycles that the DRAM part is active or under refresh for level _0_0_3_3
      ramulator.serving_requests_0_0_3_3              252613                                      # The sum of read and write requests that are served in this DRAM element per memory cycle for level _0_0_3_3
ramulator.average_serving_requests_0_0_3_3            0.019721                                      # The average of read and write requests that are served in this DRAM element per memory cycle for level _0_0_3_3
      ramulator.read_transaction_bytes_0             9778944                                      # The total byte of read transaction per channel
     ramulator.write_transaction_bytes_0             4100928                                      # The total byte of write transaction per channel
       ramulator.row_hits_channel_0_core              186749                                      # Number of row hits per channel per core
     ramulator.row_misses_channel_0_core                7799                                      # Number of row misses per channel per core
  ramulator.row_conflicts_channel_0_core               22325                                      # Number of row conflicts per channel per core
  ramulator.read_row_hits_channel_0_core              134023                                      # Number of row hits for read requests per channel per core
                                     [0]            134023.0                                      # 
ramulator.read_row_misses_channel_0_core                5263                                      # Number of row misses for read requests per channel per core
                                     [0]              5263.0                                      # 
ramulator.read_row_conflicts_channel_0_core               13510                                      # Number of row conflicts for read requests per channel per core
                                     [0]             13510.0                                      # 
 ramulator.write_row_hits_channel_0_core               52726                                      # Number of row hits for write requests per channel per core
                                     [0]             52726.0                                      # 
ramulator.write_row_misses_channel_0_core                2536                                      # Number of row misses for write requests per channel per core
                                     [0]              2536.0                                      # 
ramulator.write_row_conflicts_channel_0_core                8815                                      # Number of row conflicts for write requests per channel per core
                                     [0]              8815.0                                      # 
      ramulator.useless_activates_0_core                 101                                      # Number of useless activations. E.g, ACT -> PRE w/o RD or WR
            ramulator.read_latency_avg_0          130.138884                                      # The average memory latency cycles (in memory time domain) per request for all read requests in this channel
            ramulator.read_latency_sum_0            19886653                                      # The memory latency cycles (in memory time domain) sum for all read requests in this channel
        ramulator.req_queue_length_avg_0           12.996273                                      # Average of read and write queue length per memory cycle per channel.
        ramulator.req_queue_length_sum_0           166474329                                      # Sum of read and write queue length per memory cycle per channel.
   ramulator.read_req_queue_length_avg_0            1.527625                                      # Read queue length average per memory cycle per channel.
   ramulator.read_req_queue_length_sum_0            19567940                                      # Read queue length sum per memory cycle per channel.
  ramulator.write_req_queue_length_avg_0           11.468648                                      # Write queue length average per memory cycle per channel.
  ramulator.write_req_queue_length_sum_0           146906389                                      # Write queue length sum per memory cycle per channel.
              ramulator.record_read_hits                 0.0                                      # record read hit count for this core when it reaches request limit or to the end
                                     [0]                 0.0                                      # 
            ramulator.record_read_misses                 0.0                                      # record_read_miss count for this core when it reaches request limit or to the end
                                     [0]                 0.0                                      # 
         ramulator.record_read_conflicts                 0.0                                      # record read conflict count for this core when it reaches request limit or to the end
                                     [0]                 0.0                                      # 
             ramulator.record_write_hits                 0.0                                      # record write hit count for this core when it reaches request limit or to the end
                                     [0]                 0.0                                      # 
           ramulator.record_write_misses                 0.0                                      # record write miss count for this core when it reaches request limit or to the end
                                     [0]                 0.0                                      # 
        ramulator.record_write_conflicts                 0.0                                      # record write conflict for this core when it reaches request limit or to the end
                                     [0]                 0.0                                      # 
                 ramulator.dram_capacity          8589934592                                      # Number of bytes in simulated DRAM
                   ramulator.dram_cycles            12809390                                      # Number of DRAM cycles simulated
             ramulator.incoming_requests              216888                                      # Number of incoming requests to DRAM
                 ramulator.read_requests              152811                                      # Number of incoming read requests to DRAM per core
                                     [0]            152811.0                                      # 
                ramulator.write_requests               64077                                      # Number of incoming write requests to DRAM per core
                                     [0]             64077.0                                      # 
       ramulator.ramulator_active_cycles             2226572                                      # The total number of cycles that the DRAM part is active (serving R/W)
 ramulator.incoming_requests_per_channel            216888.0                                      # Number of incoming requests to each DRAM channel
                                     [0]            216888.0                                      # 
ramulator.incoming_read_reqs_per_channel            152811.0                                      # Number of incoming read requests to each DRAM channel
                                     [0]            152811.0                                      # 
     ramulator.physical_page_replacement                   0                                      # The number of times that physical page replacement happens.
             ramulator.maximum_bandwidth         19200000000                                      # The theoretical maximum bandwidth (Bps)
          ramulator.in_queue_req_num_sum           166474329                                      # Sum of read/write queue length
     ramulator.in_queue_read_req_num_sum            19567940                                      # Sum of read queue length
    ramulator.in_queue_write_req_num_sum           146906389                                      # Sum of write queue length
          ramulator.in_queue_req_num_avg           12.996273                                      # Average of read/write queue length per memory cycle
     ramulator.in_queue_read_req_num_avg            1.527625                                      # Average of read queue length per memory cycle
    ramulator.in_queue_write_req_num_avg           11.468648                                      # Average of write queue length per memory cycle
          ramulator.record_read_requests                 0.0                                      # record read requests for this core when it reaches request limit or to the end
                                     [0]                 0.0                                      # 
         ramulator.record_write_requests                 0.0                                      # record write requests for this core when it reaches request limit or to the end
                                     [0]                 0.0                                      # 
